make  check-recursive
make[1]: Entering directory '/sources/texinfo-7.2'
Making check in gnulib/lib
make[2]: Entering directory '/sources/texinfo-7.2/gnulib/lib'
make  check-recursive
make[3]: Entering directory '/sources/texinfo-7.2/gnulib/lib'
make[4]: Entering directory '/sources/texinfo-7.2/gnulib/lib'
make[4]: Nothing to be done for 'check-am'.
make[4]: Leaving directory '/sources/texinfo-7.2/gnulib/lib'
make[3]: Leaving directory '/sources/texinfo-7.2/gnulib/lib'
make[2]: Leaving directory '/sources/texinfo-7.2/gnulib/lib'
Making check in info
make[2]: Entering directory '/sources/texinfo-7.2/info'
make  check-am
make[3]: Entering directory '/sources/texinfo-7.2/info'
make  pseudotty
make[4]: Entering directory '/sources/texinfo-7.2/info'
gcc -DHAVE_CONFIG_H -I. -I..  -I.. -I../gnulib/lib -I../gnulib/lib -DLOCALEDIR=\"/usr/share/locale\" -DINFODIR=\"/usr/share/info\" -DINFODIR2=\"/usr/share/info\" -DSYSCONFDIR=\"/usr/etc\"   -g -O2 -MT pseudotty.o -MD -MP -MF .deps/pseudotty.Tpo -c -o pseudotty.o pseudotty.c
mv -f .deps/pseudotty.Tpo .deps/pseudotty.Po
gcc  -g -O2   -o pseudotty pseudotty.o ../gnulib/lib/libgnu.a -lncurses         
make[4]: Leaving directory '/sources/texinfo-7.2/info'
make  check-TESTS
make[4]: Entering directory '/sources/texinfo-7.2/info'
make[5]: Entering directory '/sources/texinfo-7.2/info'
PASS: t/file-node.sh
PASS: t/file-index-colons.sh
PASS: t/file-node-with-dot.sh
PASS: t/file-file-with-dot.sh
PASS: t/file-index.sh
PASS: t/file-nodes.sh
PASS: t/file.sh
PASS: t/no-file.sh
PASS: t/split.sh
PASS: t/node-no-file.sh
PASS: t/relative-path.sh
PASS: t/file-relative-path.sh
PASS: t/dir.sh
PASS: t/dir-file.sh
PASS: t/dir-file-sloppily.sh
PASS: t/dir-nondir.sh
PASS: t/dir-no-file.sh
PASS: t/dir-file-menu.sh
PASS: t/dir-file-no-menu.sh
PASS: t/dir-file-node.sh
PASS: t/dir-file-index.sh
PASS: t/dir-3-menus.sh
PASS: t/where-dir-file.sh
PASS: t/dir-menus-sloppily.sh
PASS: t/dir-dangling-entry.sh
PASS: t/spec-no-node.sh
PASS: t/spec-file-node.sh
PASS: t/spec-menu.sh
PASS: t/help.sh
PASS: t/index-paren.sh
PASS: t/empty.sh
PASS: t/anchor-positions.sh
PASS: t/all-only.sh
PASS: t/body-start.sh
PASS: t/adjust-anchors.sh
PASS: t/close-window-after-search.sh
PASS: t/c-u-m-x-scroll-forward.sh
PASS: t/dir-entry-to-subdir.sh
PASS: t/dir-merge.sh
PASS: t/echo-area-no-completions.sh
PASS: t/empty-infopath.sh
PASS: t/end-of-line.sh
PASS: t/gc-split.sh
PASS: t/goal-column.sh
PASS: t/goto-quoted.sh
PASS: t/inc-sea-bs.sh
PASS: t/inc-sea-forward-nonregex.sh
PASS: t/inc-sea-forward.sh
PASS: t/index-apropos.sh
PASS: t/inc-sea-insensitive.sh
PASS: t/index-completing.sh
PASS: t/index-long-nodeline.sh
PASS: t/index-search.sh
PASS: t/inc-sea-history.sh
PASS: t/index.sh
PASS: t/last-no-history.sh
PASS: t/last-node-not-top-level.sh
PASS: t/malformed-split.sh
PASS: t/menu-sequence.sh
PASS: t/multiple-completions.sh
PASS: t/no-index.sh
PASS: t/next-quoted.sh
PASS: t/quoted-label-as-target.sh
PASS: t/quoted-label-and-target.sh
PASS: t/quoted-manual-in-label.sh
PASS: t/quoted-manual-in-target.sh
PASS: t/quoted-target.sh
PASS: t/relative-reference.sh
PASS: t/recode-C-locale.sh
PASS: t/search-after-tag.sh
PASS: t/search-empty.sh
PASS: t/search-skip-screen.sh
PASS: t/search-split-after-index.sh
PASS: t/split-file-menu.sh
PASS: t/split-footnotes.sh
PASS: t/split-index.sh
PASS: t/star-note-non-whitespace.sh
PASS: t/tab-argument.sh
PASS: t/tab-no-xref.sh
PASS: t/tab.sh
PASS: t/tab-skip-node.sh
PASS: t/window-split-dir.sh
PASS: t/replace-viewed.sh
PASS: t/xref-across-lines.sh
PASS: t/xref-across-lines-2.sh
PASS: t/xref-to-anchor.sh
PASS: t/resize-in-completions.sh
============================================================================
Testsuite summary for GNU Texinfo 7.2
============================================================================
# TOTAL: 87
# PASS:  87
# SKIP:  0
# XFAIL: 0
# FAIL:  0
# XPASS: 0
# ERROR: 0
============================================================================
make[5]: Leaving directory '/sources/texinfo-7.2/info'
make[4]: Leaving directory '/sources/texinfo-7.2/info'
make[3]: Leaving directory '/sources/texinfo-7.2/info'
make[2]: Leaving directory '/sources/texinfo-7.2/info'
Making check in install-info
make[2]: Entering directory '/sources/texinfo-7.2/install-info'
Making check in .
make[3]: Entering directory '/sources/texinfo-7.2/install-info'
make[3]: Nothing to be done for 'check-am'.
make[3]: Leaving directory '/sources/texinfo-7.2/install-info'
Making check in tests
make[3]: Entering directory '/sources/texinfo-7.2/install-info/tests'
make  check-TESTS
make[4]: Entering directory '/sources/texinfo-7.2/install-info/tests'
make[5]: Entering directory '/sources/texinfo-7.2/install-info/tests'
PASS: ii-0003-test
PASS: ii-0002-test
PASS: ii-0007-test
PASS: ii-0006-test
PASS: ii-0004-test
PASS: ii-0005-test
PASS: ii-0001-test
PASS: ii-0009-test
PASS: ii-0013-test
PASS: ii-0008-test
PASS: ii-0010-test
PASS: ii-0011-test
PASS: ii-0014-test
PASS: ii-0012-test
PASS: ii-0016-test
PASS: ii-0015-test
PASS: ii-0020-test
PASS: ii-0017-test
PASS: ii-0019-test
PASS: ii-0018-test
PASS: ii-0021-test
PASS: ii-0023-test
PASS: ii-0024-test
PASS: ii-0022-test
PASS: ii-0026-test
PASS: ii-0027-test
PASS: ii-0025-test
PASS: ii-0028-test
PASS: ii-0029-test
PASS: ii-0031-test
PASS: ii-0030-test
PASS: ii-0032-test
PASS: ii-0033-test
PASS: ii-0034-test
PASS: ii-0035-test
PASS: ii-0037-test
PASS: ii-0036-test
PASS: ii-0038-test
PASS: ii-0039-test
PASS: ii-0040-test
PASS: ii-0042-test
PASS: ii-0041-test
PASS: ii-0044-test
PASS: ii-0046-test
PASS: ii-0043-test
PASS: ii-0047-test
PASS: ii-0045-test
PASS: ii-0048-test
PASS: ii-0049-test
PASS: ii-0051-test
PASS: ii-0053-test
PASS: ii-0052-test
PASS: ii-0054-test
PASS: ii-0055-test
PASS: ii-0050-test
PASS: ii-0056-test
PASS: ii-0057-test
PASS: ii-0059-test
PASS: ii-0060-test
PASS: ii-0058-test
============================================================================
Testsuite summary for GNU Texinfo 7.2
============================================================================
# TOTAL: 60
# PASS:  60
# SKIP:  0
# XFAIL: 0
# FAIL:  0
# XPASS: 0
# ERROR: 0
============================================================================
make[5]: Leaving directory '/sources/texinfo-7.2/install-info/tests'
make[4]: Leaving directory '/sources/texinfo-7.2/install-info/tests'
make[3]: Leaving directory '/sources/texinfo-7.2/install-info/tests'
make[2]: Leaving directory '/sources/texinfo-7.2/install-info'
Making check in po
make[2]: Entering directory '/sources/texinfo-7.2/po'
make[2]: Nothing to be done for 'check'.
make[2]: Leaving directory '/sources/texinfo-7.2/po'
Making check in po_document
make[2]: Entering directory '/sources/texinfo-7.2/po_document'
make[2]: Nothing to be done for 'check'.
make[2]: Leaving directory '/sources/texinfo-7.2/po_document'
Making check in tp
make[2]: Entering directory '/sources/texinfo-7.2/tp'
Making check in Texinfo/XS
make[3]: Entering directory '/sources/texinfo-7.2/tp/Texinfo/XS'
make  check-recursive
make[4]: Entering directory '/sources/texinfo-7.2/tp/Texinfo/XS'
Making check in gnulib/lib
make[5]: Entering directory '/sources/texinfo-7.2/tp/Texinfo/XS/gnulib/lib'
make  check-recursive
make[6]: Entering directory '/sources/texinfo-7.2/tp/Texinfo/XS/gnulib/lib'
make[7]: Entering directory '/sources/texinfo-7.2/tp/Texinfo/XS/gnulib/lib'
make[7]: Nothing to be done for 'check-am'.
make[7]: Leaving directory '/sources/texinfo-7.2/tp/Texinfo/XS/gnulib/lib'
make[6]: Leaving directory '/sources/texinfo-7.2/tp/Texinfo/XS/gnulib/lib'
make[5]: Leaving directory '/sources/texinfo-7.2/tp/Texinfo/XS/gnulib/lib'
make[5]: Entering directory '/sources/texinfo-7.2/tp/Texinfo/XS'
make[5]: Leaving directory '/sources/texinfo-7.2/tp/Texinfo/XS'
make[4]: Leaving directory '/sources/texinfo-7.2/tp/Texinfo/XS'
make[3]: Leaving directory '/sources/texinfo-7.2/tp/Texinfo/XS'
Making check in .
make[3]: Entering directory '/sources/texinfo-7.2/tp'
make  check-TESTS
make[4]: Entering directory '/sources/texinfo-7.2/tp'
make[5]: Entering directory '/sources/texinfo-7.2/tp'
============================================================================
Testsuite summary for GNU Texinfo 7.2
============================================================================
# TOTAL: 0
# PASS:  0
# SKIP:  0
# XFAIL: 0
# FAIL:  0
# XPASS: 0
# ERROR: 0
============================================================================
make[5]: Leaving directory '/sources/texinfo-7.2/tp'
make[4]: Leaving directory '/sources/texinfo-7.2/tp'
make[3]: Leaving directory '/sources/texinfo-7.2/tp'
Making check in tests
make[3]: Entering directory '/sources/texinfo-7.2/tp/tests'
Making check in .
make[4]: Entering directory '/sources/texinfo-7.2/tp/tests'
make  input_file_names_recoded_stamp.txt non_ascii_extracted_stamp.txt
make[5]: Entering directory '/sources/texinfo-7.2/tp/tests'
mkdir -p built_input ; if /usr/bin/perl ./../maintain/copy_change_file_name_encoding.pl ./input/included_latin1.texi built_input ; then echo 'OK' > input_file_names_recoded_stamp.txt ; else echo 'FAILED' > input_file_names_recoded_stamp.txt ; fi
rm -rf built_input/non_ascii && mkdir -p built_input/non_ascii && \
cd built_input && \
tar xmf "/sources/texinfo-7.2/tp/tests/input/non_ascii.tar" && \
echo OK > ../non_ascii_extracted_stamp.txt
make[5]: Leaving directory '/sources/texinfo-7.2/tp/tests'
make  check-TESTS
make[5]: Entering directory '/sources/texinfo-7.2/tp/tests'
make[6]: Entering directory '/sources/texinfo-7.2/tp/tests'
PASS: test_scripts/formatting_split_nocopying_split_dev_null.sh
PASS: test_scripts/formatting_defcondx_Dbar.sh
PASS: test_scripts/formatting_simplest_test_css.sh
PASS: test_scripts/formatting_defcondx_Ubar.sh
PASS: test_scripts/formatting_cpp_lines.sh
PASS: test_scripts/formatting_no_content.sh
PASS: test_scripts/formatting_documentlanguage_cmdline.sh
PASS: test_scripts/formatting_no_content_separate.sh
PASS: test_scripts/formatting_indices_in_begin_tables_lists_latex.sh
PASS: test_scripts/formatting_no_content_do_contents_separate.sh
PASS: test_scripts/formatting_no_content_do_contents.sh
PASS: test_scripts/formatting_no_content_inline.sh
PASS: test_scripts/formatting_no_content_do_contents_inline.sh
PASS: test_scripts/formatting_indices_in_begin_tables_lists.sh
PASS: test_scripts/formatting_formatting_customizations_input_raw_text.sh
PASS: test_scripts/formatting_info_extension_warning.sh
PASS: test_scripts/formatting_reuse_macro_expand_file.sh
PASS: test_scripts/formatting_index_entries_relate_to_item.sh
PASS: test_scripts/formatting_js_license_reuse_output_file.sh
PASS: test_scripts/encoded_non_ascii_command_line.sh
PASS: test_scripts/encoded_non_ascii_test_epub.sh
PASS: test_scripts/encoded_non_ascii_test_rawtext.sh
PASS: test_scripts/encoded_non_ascii_no_setfilename_test_rawtext.sh
PASS: test_scripts/encoded_non_ascii_test_info.sh
PASS: test_scripts/encoded_non_ascii_test_latex.sh
PASS: test_scripts/encoded_manual_include_accented_file_name_latin1.sh
PASS: test_scripts/encoded_manual_include_accented_file_name_latin1_explicit_encoding.sh
PASS: test_scripts/encoded_manual_include_accented_file_name_latin1_use_locale_encoding.sh
PASS: test_scripts/encoded_verbatiminclude_names_latin1_rawtext.sh
PASS: test_scripts/encoded_verbatiminclude_names_latin1_html.sh
PASS: test_scripts/encoded_verbatiminclude_names_latin1_explicit_encoding_rawtext.sh
PASS: test_scripts/encoded_verbatiminclude_names_latin1_html_explicit_encoding.sh
PASS: test_scripts/nested_formats_texi_nested_formats.sh
PASS: test_scripts/nested_formats_nested_group.sh
PASS: test_scripts/nested_formats_nested_itemize.sh
PASS: test_scripts/nested_formats_nested_table.sh
PASS: test_scripts/nested_formats_nested_flushright.sh
PASS: test_scripts/nested_formats_nested_menu.sh
PASS: test_scripts/nested_formats_nested_multitable.sh
PASS: test_scripts/nested_formats_nested_cartouche.sh
PASS: test_scripts/customization_texi_ignore_and_comments.sh
PASS: test_scripts/nested_formats_nested_enumerate.sh
PASS: test_scripts/customization_ignore_and_comments_output.sh
PASS: test_scripts/nested_formats_nested_deffn.sh
PASS: test_scripts/customization_test_redefine_need.sh
PASS: test_scripts/nested_formats_nested_quotation.sh
PASS: test_scripts/nested_formats_nested_example.sh
PASS: test_scripts/customization_sectioning_directions.sh
PASS: test_scripts/customization_sectioning_without_anchors.sh
PASS: test_scripts/customization_sectioning_directions_split_chapter.sh
PASS: test_scripts/customization_double_contents_book.sh
PASS: test_scripts/customization_double_contents_after_title_book.sh
PASS: test_scripts/customization_double_contents_after_title_book_chapter.sh
PASS: test_scripts/customization_simplest_stage_handler_undef_return.sh
PASS: test_scripts/customization_simplest_stage_handler_bad_return.sh
PASS: test_scripts/coverage_formatting_macro_expand.sh
PASS: test_scripts/coverage_formatting_info.sh
PASS: test_scripts/coverage_formatting_plaintext.sh
PASS: test_scripts/coverage_formatting_docbook.sh
PASS: test_scripts/coverage_formatting_xml.sh
PASS: test_scripts/coverage_formatting_latex.sh
PASS: test_scripts/coverage_formatting_html_no_split.sh
PASS: test_scripts/coverage_formatting_textcontent.sh
PASS: test_scripts/coverage_formatting_rawtext.sh
PASS: test_scripts/coverage_formatting_epub.sh
PASS: test_scripts/coverage_formatting_html32.sh
PASS: test_scripts/coverage_formatting_xhtml.sh
PASS: test_scripts/coverage_formatting_chm.sh
PASS: test_scripts/coverage_formatting_regions.sh
PASS: test_scripts/layout_formatting_texi2html.sh
PASS: test_scripts/layout_formatting_texi2html_nodes.sh
PASS: test_scripts/layout_formatting_info_ascii_punctuation.sh
PASS: test_scripts/layout_formatting_info_disable_encoding.sh
PASS: test_scripts/layout_formatting_plaintext_ascii_punctuation.sh
PASS: test_scripts/layout_formatting_sort_element_counts.sh
PASS: test_scripts/layout_formatting_mathjax.sh
PASS: test_scripts/layout_formatting_numerical_entities.sh
PASS: test_scripts/layout_formatting_weird_quotes.sh
PASS: test_scripts/layout_formatting_enable_encoding.sh
SKIP: test_scripts/tex_html_block_EOL_tex.sh
SKIP: test_scripts/tex_html_simplest_httex.sh
SKIP: test_scripts/tex_html_tex_notex.sh
SKIP: test_scripts/tex_html_tex.sh
SKIP: test_scripts/tex_html_tex_l2h_latex.sh
SKIP: test_scripts/tex_html_tex_l2h_tex_latex.sh
SKIP: test_scripts/tex_html_tex_httex.sh
SKIP: test_scripts/tex_html_tex_httex_latex.sh
SKIP: test_scripts/tex_html_tex_httex_latex_math.sh
SKIP: test_scripts/tex_html_tex_httex_tex_latex.sh
SKIP: test_scripts/tex_html_tex_httex_tex_latex_math.sh
PASS: test_scripts/layout_formatting_exotic.sh
SKIP: test_scripts/tex_html_tex_accents_httex.sh
SKIP: test_scripts/tex_html_tex_accents_l2h.sh
SKIP: test_scripts/tex_html_tex_gdef_l2h.sh
SKIP: test_scripts/tex_html_tex_gdef_httex.sh
SKIP: test_scripts/tex_html_tex_mathjax.sh
SKIP: test_scripts/tex_html_tex_gdef_mathjax.sh
SKIP: test_scripts/tex_html_tex_complex_httex.sh
SKIP: test_scripts/tex_html_tex_complex_l2h.sh
SKIP: test_scripts/tex_html_tex_eqalign_httex.sh
SKIP: test_scripts/tex_html_tex_eqalign_l2h.sh
SKIP: test_scripts/tex_html_math_not_closed.sh
SKIP: test_scripts/tex_html_tex_not_closed.sh
SKIP: test_scripts/tex_html_tex_in_copying.sh
SKIP: test_scripts/tex_html_tex_encoded_utf8_l2h.sh
SKIP: test_scripts/tex_html_tex_encoded_utf8_httex.sh
SKIP: test_scripts/tex_html_tex_encoded_latin1_l2h.sh
SKIP: test_scripts/tex_html_tex_encoded_latin1_httex.sh
SKIP: test_scripts/tex_html_formatting_singular.sh
SKIP: test_scripts/other_highlight_syntax_example.sh
SKIP: test_scripts/other_highlight_syntax_example_pygments.sh
SKIP: test_scripts/other_highlight_syntax_example_highlight.sh
SKIP: test_scripts/other_highlight_syntax_example_default_language.sh
SKIP: test_scripts/other_highlight_syntax_example_latin9.sh
SKIP: test_scripts/other_index_collation_test_plaintext.sh
SKIP: test_scripts/other_index_collation_test_collation_language.sh
SKIP: test_scripts/other_index_collation_test_collation_locale_en.sh
SKIP: test_scripts/other_index_collation_test_collation_locale_en_US.sh
SKIP: test_scripts/other_index_collation_test_collation_locale_sv.sh
SKIP: test_scripts/other_index_collation_test_documentlanguage_collation.sh
PASS: test_scripts/layout_formatting_inline_css.sh
PASS: test_scripts/layout_formatting_fr.sh
PASS: test_scripts/layout_formatting_fr_info.sh
PASS: test_scripts/layout_formatting_fr_icons.sh
PASS: test_scripts/layout_formatting_epub_nodes.sh
============================================================================
Testsuite summary for GNU Texinfo 7.2
============================================================================
# TOTAL: 125
# PASS:  85
# SKIP:  40
# XFAIL: 0
# FAIL:  0
# XPASS: 0
# ERROR: 0
============================================================================
make[6]: Leaving directory '/sources/texinfo-7.2/tp/tests'
make[5]: Leaving directory '/sources/texinfo-7.2/tp/tests'
make[4]: Leaving directory '/sources/texinfo-7.2/tp/tests'
Making check in many_input_files
make[4]: Entering directory '/sources/texinfo-7.2/tp/tests/many_input_files'
make  check-TESTS
make[5]: Entering directory '/sources/texinfo-7.2/tp/tests/many_input_files'
make[6]: Entering directory '/sources/texinfo-7.2/tp/tests/many_input_files'
SKIP: tex_l2h.sh
SKIP: tex_t4ht.sh
PASS: first_file_not_found.sh
PASS: output_dir_file_non_ascii.sh
PASS: output_dir_non_ascii.sh
SKIP: tex_t4ht_output_dir_non_ascii.sh
SKIP: tex_l2h_output_dir_non_ascii.sh
PASS: input_dir_non_ascii.sh
PASS: for_nbspaces_different_encodings.sh
PASS: different_languages_gen_master_menu.sh
PASS: different_encodings.sh
============================================================================
Testsuite summary for GNU Texinfo 7.2
============================================================================
# TOTAL: 11
# PASS:  7
# SKIP:  4
# XFAIL: 0
# FAIL:  0
# XPASS: 0
# ERROR: 0
============================================================================
make[6]: Leaving directory '/sources/texinfo-7.2/tp/tests/many_input_files'
make[5]: Leaving directory '/sources/texinfo-7.2/tp/tests/many_input_files'
make[4]: Leaving directory '/sources/texinfo-7.2/tp/tests/many_input_files'
make[3]: Leaving directory '/sources/texinfo-7.2/tp/tests'
make[2]: Leaving directory '/sources/texinfo-7.2/tp'
Making check in Pod-Simple-Texinfo
make[2]: Entering directory '/sources/texinfo-7.2/Pod-Simple-Texinfo'
make  check-TESTS
make[3]: Entering directory '/sources/texinfo-7.2/Pod-Simple-Texinfo'
make[4]: Entering directory '/sources/texinfo-7.2/Pod-Simple-Texinfo'
PASS: test_scripts/test_ref_to_unknown.sh
PASS: test_scripts/test_empty_head2.sh
PASS: t/Pod-Simple-Texinfo.t 1
PASS: t/Pod-Simple-Texinfo.t 2 - index in head
PASS: t/Pod-Simple-Texinfo.t 3 - index in head node
PASS: t/Pod-Simple-Texinfo.t 4 - protected characters
PASS: t/Pod-Simple-Texinfo.t 5 - index in paragaph
PASS: t/Pod-Simple-Texinfo.t 6 - index in item-text
PASS: t/Pod-Simple-Texinfo.t 7 - ref in item
PASS: t/Pod-Simple-Texinfo.t 8 - double ref
PASS: t/Pod-Simple-Texinfo.t 9 - head with new line
PASS: t/Pod-Simple-Texinfo.t 10 - ref in section
PASS: t/Pod-Simple-Texinfo.t 11 - duplicate anchors ref
PASS: t/Pod-Simple-Texinfo.t 12 - comma in head1
PASS: t/Pod-Simple-Texinfo.t 13 - comma in refs
PASS: t/Pod-Simple-Texinfo.t 14 - node beginning with a parenthesis
PASS: t/Pod-Simple-Texinfo.t 15 - colon and dot in node name
PASS: t/Pod-Simple-Texinfo.t 16 - code in reference
PASS: t/Pod-Simple-Texinfo.t 17 - link to external module
PASS: t/Pod-Simple-Texinfo.t 18 - link to external module external pod as url
PASS: t/Pod-Simple-Texinfo.t 19 - cpp lines
PASS: t/Pod-Simple-Texinfo.t 20 - cpp lines in verbatim
PASS: t/Pod-Simple-Texinfo.t 21 - cpp lines in formats
PASS: t/Pod-Simple-Texinfo.t 22 - protected -
PASS: t/Pod-Simple-Texinfo.t 23 - protected - external pod as url
PASS: t/Pod-Simple-Texinfo.t 24 - end of line in L
PASS: t/Pod-Simple-Texinfo.t 25 - end of line in L external pod as url
PASS: t/Pod-Simple-Texinfo.t 26 - empty head2
PASS: test_scripts/manual_sectioning_gap_test.sh
============================================================================
Testsuite summary for GNU Texinfo 7.2
============================================================================
# TOTAL: 29
# PASS:  29
# SKIP:  0
# XFAIL: 0
# FAIL:  0
# XPASS: 0
# ERROR: 0
============================================================================
make[4]: Leaving directory '/sources/texinfo-7.2/Pod-Simple-Texinfo'
make[3]: Leaving directory '/sources/texinfo-7.2/Pod-Simple-Texinfo'
make[2]: Leaving directory '/sources/texinfo-7.2/Pod-Simple-Texinfo'
Making check in texindex
make[2]: Entering directory '/sources/texinfo-7.2/texindex'
make  check-TESTS
make[3]: Entering directory '/sources/texinfo-7.2/texindex'
make[4]: Entering directory '/sources/texinfo-7.2/texindex'
PASS: tests/ti-helpversion.sh
============================================================================
Testsuite summary for GNU Texinfo 7.2
============================================================================
# TOTAL: 1
# PASS:  1
# SKIP:  0
# XFAIL: 0
# FAIL:  0
# XPASS: 0
# ERROR: 0
============================================================================
make[4]: Leaving directory '/sources/texinfo-7.2/texindex'
make[3]: Leaving directory '/sources/texinfo-7.2/texindex'
make[2]: Leaving directory '/sources/texinfo-7.2/texindex'
Making check in util
make[2]: Entering directory '/sources/texinfo-7.2/util'
make  check-TESTS
make[3]: Entering directory '/sources/texinfo-7.2/util'
make[4]: Entering directory '/sources/texinfo-7.2/util'
PASS: tests/texi2dvi_helpversion.sh
============================================================================
Testsuite summary for GNU Texinfo 7.2
============================================================================
# TOTAL: 1
# PASS:  1
# SKIP:  0
# XFAIL: 0
# FAIL:  0
# XPASS: 0
# ERROR: 0
============================================================================
make[4]: Leaving directory '/sources/texinfo-7.2/util'
make[3]: Leaving directory '/sources/texinfo-7.2/util'
make[2]: Leaving directory '/sources/texinfo-7.2/util'
Making check in doc
make[2]: Entering directory '/sources/texinfo-7.2/doc'
Making check in tp_api
make[3]: Entering directory '/sources/texinfo-7.2/doc/tp_api'
make  check-am
make[4]: Entering directory '/sources/texinfo-7.2/doc/tp_api'
make[4]: Nothing to be done for 'check-am'.
make[4]: Leaving directory '/sources/texinfo-7.2/doc/tp_api'
make[3]: Leaving directory '/sources/texinfo-7.2/doc/tp_api'
Making check in refcard
make[3]: Entering directory '/sources/texinfo-7.2/doc/refcard'
make[3]: Nothing to be done for 'check'.
make[3]: Leaving directory '/sources/texinfo-7.2/doc/refcard'
make[3]: Entering directory '/sources/texinfo-7.2/doc'
make[3]: Nothing to be done for 'check-am'.
make[3]: Leaving directory '/sources/texinfo-7.2/doc'
make[2]: Leaving directory '/sources/texinfo-7.2/doc'
Making check in man
make[2]: Entering directory '/sources/texinfo-7.2/man'
make[2]: Nothing to be done for 'check'.
make[2]: Leaving directory '/sources/texinfo-7.2/man'
Making check in js
make[2]: Entering directory '/sources/texinfo-7.2/js'
make[2]: Nothing to be done for 'check'.
make[2]: Leaving directory '/sources/texinfo-7.2/js'
make[2]: Entering directory '/sources/texinfo-7.2'
make[2]: Leaving directory '/sources/texinfo-7.2'
make[1]: Leaving directory '/sources/texinfo-7.2'
