checking for a BSD-compatible install... /usr/bin/install -c
checking whether build environment is sane... yes
checking for a race-free mkdir -p... /usr/bin/mkdir -p
checking for gawk... gawk
checking whether make sets $(MAKE)... yes
checking whether make supports nested variables... yes
checking how to create a pax tar archive... gnutar
checking whether make supports nested variables... (cached) yes
checking whether make supports the include directive... yes (GNU style)
checking for gcc... gcc
checking whether the C compiler works... yes
checking for C compiler default output file name... a.out
checking for suffix of executables... 
checking whether we are cross compiling... no
checking for suffix of object files... o
checking whether the compiler supports GNU C... yes
checking whether gcc accepts -g... yes
checking for gcc option to enable C11 features... none needed
checking whether gcc understands -c and -o together... yes
checking dependency style of gcc... gcc3
checking for stdio.h... yes
checking for stdlib.h... yes
checking for string.h... yes
checking for inttypes.h... yes
checking for stdint.h... yes
checking for strings.h... yes
checking for sys/stat.h... yes
checking for sys/types.h... yes
checking for unistd.h... yes
checking for wchar.h... yes
checking for minix/config.h... no
checking for vfork.h... no
checking for sys/param.h... yes
checking whether it is safe to define __EXTENSIONS__... yes
checking whether _XOPEN_SOURCE should be defined... no
checking for gcc option to enable large file support... none needed
checking for gawk... (cached) gawk
checking for gcc... (cached) gcc
checking whether the compiler supports GNU C... (cached) yes
checking whether gcc accepts -g... (cached) yes
checking for gcc option to enable C11 features... (cached) none needed
checking whether gcc understands -c and -o together... (cached) yes
checking dependency style of gcc... (cached) gcc3
checking how to run the C preprocessor... gcc -std=gnu99 -E
checking whether ln -s works... yes
checking for pkg-config... /usr/bin/pkg-config
checking pkg-config is at least version 0.9.0... yes
checking whether make sets $(MAKE)... (cached) yes
checking whether NLS is requested... yes
checking for po4a... no
checking for sys/mkdev.h... no
checking for sys/sysmacros.h... yes
checking for arpa/inet.h... yes
checking for fcntl.h... yes
checking for float.h... yes
checking for langinfo.h... yes
checking for libintl.h... yes
checking for limits.h... yes
checking for locale.h... yes
checking for ncursesw/ncurses.h... no
checking for stdint.h... (cached) yes
checking for stdio_ext.h... yes
checking for stdlib.h... (cached) yes
checking for string.h... (cached) yes
checking for sys/file.h... yes
checking for sys/ioctl.h... yes
checking for sys/param.h... (cached) yes
checking for sys/time.h... yes
checking for termios.h... yes
checking for unistd.h... (cached) yes
checking for utmp.h... yes
checking for utmpx.h... yes
checking for values.h... yes
checking for wchar.h... (cached) yes
checking for wctype.h... yes
checking for _Bool... yes
checking for stdbool.h that conforms to C99 or later... yes
checking for uid_t... yes
checking for gid_t... yes
checking for inline... inline
checking for int32_t... yes
checking for pid_t... yes
checking for C/C++ restrict keyword... __restrict__
checking for size_t... yes
checking for ssize_t... yes
checking for struct stat.st_rdev... yes
checking for siginfo_t.si_int... yes
checking for gcc -std=gnu99 options needed to detect all undeclared functions... none needed
checking whether __UT_HOSTSIZE is declared... yes
checking build system type... x86_64-pc-linux-gnu
checking host system type... x86_64-pc-linux-gnu
checking how to print strings... printf
checking for a sed that does not truncate output... /usr/bin/sed
checking for grep that handles long lines and -e... /usr/bin/grep
checking for egrep... /usr/bin/grep -E
checking for fgrep... /usr/bin/grep -F
checking for ld used by gcc -std=gnu99... /usr/x86_64-pc-linux-gnu/bin/ld
checking if the linker (/usr/x86_64-pc-linux-gnu/bin/ld) is GNU ld... yes
checking for BSD- or MS-compatible name lister (nm)... /usr/bin/nm -B
checking the name lister (/usr/bin/nm -B) interface... BSD nm
checking the maximum length of command line arguments... 1572864
checking how to convert x86_64-pc-linux-gnu file names to x86_64-pc-linux-gnu format... func_convert_file_noop
checking how to convert x86_64-pc-linux-gnu file names to toolchain format... func_convert_file_noop
checking for /usr/x86_64-pc-linux-gnu/bin/ld option to reload object files... -r
checking for file... file
checking for objdump... objdump
checking how to recognize dependent libraries... pass_all
checking for dlltool... no
checking how to associate runtime and link libraries... printf %s\n
checking for ar... ar
checking for archiver @FILE support... @
checking for strip... strip
checking for ranlib... ranlib
checking command to parse /usr/bin/nm -B output from gcc -std=gnu99 object... ok
checking for sysroot... no
checking for a working dd... /usr/bin/dd
checking how to truncate binary pipes... /usr/bin/dd bs=4096 count=1
checking for mt... no
checking if : is a manifest tool... no
checking for dlfcn.h... yes
checking for objdir... .libs
checking if gcc -std=gnu99 supports -fno-rtti -fno-exceptions... no
checking for gcc -std=gnu99 option to produce PIC... -fPIC -DPIC
checking if gcc -std=gnu99 PIC flag -fPIC -DPIC works... yes
checking if gcc -std=gnu99 static flag -static works... yes
checking if gcc -std=gnu99 supports -c -o file.o... yes
checking if gcc -std=gnu99 supports -c -o file.o... (cached) yes
checking whether the gcc -std=gnu99 linker (/usr/x86_64-pc-linux-gnu/bin/ld -m elf_x86_64) supports shared libraries... yes
checking whether -lc should be explicitly linked in... no
checking dynamic linker characteristics... GNU/Linux ld.so
checking how to hardcode library paths into programs... immediate
checking whether stripping libraries is possible... yes
checking if libtool supports shared libraries... yes
checking whether to build shared libraries... yes
checking whether to build static libraries... no
checking for error_at_line... yes
checking for fork... yes
checking for vfork... yes
checking for getpagesize... yes
checking for working fork... yes
checking for working vfork... (cached) yes
checking for GNU libc compatible malloc... yes
checking whether mbrtowc and mbstate_t are properly declared... yes
checking for working mmap... yes
checking for GNU libc compatible realloc... yes
checking for working strcoll... yes
checking for working strtod... yes
checking for msgfmt... /usr/bin/msgfmt
checking for gmsgfmt... /usr/bin/msgfmt
checking for xgettext... /usr/bin/xgettext
checking for msgmerge... /usr/bin/msgmerge
checking for ld used by GCC... /usr/x86_64-pc-linux-gnu/bin/ld -m elf_x86_64
checking if the linker (/usr/x86_64-pc-linux-gnu/bin/ld -m elf_x86_64) is GNU ld... yes
checking for shared library run path origin... done
checking whether NLS is requested... yes
checking for GNU gettext in libc... yes
checking whether to use NLS... yes
checking where the gettext function comes from... libc
checking for error.h... yes
checking for stdio_ext.h... (cached) yes
checking for __progname... yes
checking whether program_invocation_name is defined... yes
checking whether program_invocation_short_name is defined... yes
checking for ncursesw... yes
checking for pidfd_open()... no
checking for __NR_pidfd_open... yes
checking for library containing dlopen... none required
checking for __fpending... yes
checking for alarm... yes
checking for atexit... yes
checking for dup2... yes
checking for clock_gettime... yes
checking for gethostname... yes
checking for getpagesize... (cached) yes
checking for gettimeofday... yes
checking for iswprint... yes
checking for memchr... yes
checking for memmove... yes
checking for memset... yes
checking for mkdir... yes
checking for nl_langinfo... yes
checking for putenv... yes
checking for regcomp... yes
checking for rpmatch... yes
checking for select... yes
checking for setlocale... yes
checking for sigabbrev_np... yes
checking for strcasecmp... yes
checking for strchr... yes
checking for strcspn... yes
checking for strdup... yes
checking for strerror... yes
checking for strncasecmp... yes
checking for strndup... yes
checking for strpbrk... yes
checking for strrchr... yes
checking for strspn... yes
checking for strstr... yes
checking for strtol... yes
checking for strtoul... yes
checking for strverscmp... yes
checking for utmpname... yes
checking for wcwidth... yes
checking that generated files are newer than configure... done
configure: creating ./config.status
config.status: creating Makefile
config.status: creating local/Makefile
config.status: creating po-man/Makefile
config.status: creating po/Makefile.in
config.status: creating library/libproc2.pc
config.status: creating testsuite/Makefile
config.status: creating config.h
config.status: executing depfiles commands
config.status: executing libtool commands
config.status: executing default-1 commands
config.status: creating po/POTFILES
config.status: creating po/Makefile
