Making install in po
make[1]: Entering directory '/sources/gdbm-1.26/po'
installing da.gmo as /usr/share/locale/da/LC_MESSAGES/gdbm.mo
installing de.gmo as /usr/share/locale/de/LC_MESSAGES/gdbm.mo
installing eo.gmo as /usr/share/locale/eo/LC_MESSAGES/gdbm.mo
installing es.gmo as /usr/share/locale/es/LC_MESSAGES/gdbm.mo
installing fi.gmo as /usr/share/locale/fi/LC_MESSAGES/gdbm.mo
installing fr.gmo as /usr/share/locale/fr/LC_MESSAGES/gdbm.mo
installing ja.gmo as /usr/share/locale/ja/LC_MESSAGES/gdbm.mo
installing ka.gmo as /usr/share/locale/ka/LC_MESSAGES/gdbm.mo
installing pl.gmo as /usr/share/locale/pl/LC_MESSAGES/gdbm.mo
installing pt_BR.gmo as /usr/share/locale/pt_BR/LC_MESSAGES/gdbm.mo
installing ro.gmo as /usr/share/locale/ro/LC_MESSAGES/gdbm.mo
installing ru.gmo as /usr/share/locale/ru/LC_MESSAGES/gdbm.mo
installing sr.gmo as /usr/share/locale/sr/LC_MESSAGES/gdbm.mo
installing sv.gmo as /usr/share/locale/sv/LC_MESSAGES/gdbm.mo
installing uk.gmo as /usr/share/locale/uk/LC_MESSAGES/gdbm.mo
installing vi.gmo as /usr/share/locale/vi/LC_MESSAGES/gdbm.mo
if test "gdbm" = "gettext-tools"; then \
  /usr/bin/mkdir -p /usr/share/gettext/po; \
  for file in Makefile.in.in remove-potcdate.sin quot.sed boldquot.sed en@quot.header en@boldquot.header insert-header.sin Rules-quot   Makevars.template; do \
    /usr/bin/install -c -m 644 ./$file \
		    /usr/share/gettext/po/$file; \
  done; \
  for file in Makevars; do \
    rm -f /usr/share/gettext/po/$file; \
  done; \
else \
  : ; \
fi
make[1]: Leaving directory '/sources/gdbm-1.26/po'
Making install in src
make[1]: Entering directory '/sources/gdbm-1.26/src'
make  install-am
make[2]: Entering directory '/sources/gdbm-1.26/src'
make[3]: Entering directory '/sources/gdbm-1.26/src'
 /usr/bin/mkdir -p '/usr/lib'
 /usr/bin/mkdir -p '/usr/include'
 /bin/sh ../libtool   --mode=install /usr/bin/install -c   libgdbm.la '/usr/lib'
 /usr/bin/install -c -m 644 gdbm.h '/usr/include'
libtool: install: /usr/bin/install -c .libs/libgdbm.so.6.0.0 /usr/lib/libgdbm.so.6.0.0
libtool: install: (cd /usr/lib && { ln -s -f libgdbm.so.6.0.0 libgdbm.so.6 || { rm -f libgdbm.so.6 && ln -s libgdbm.so.6.0.0 libgdbm.so.6; }; })
libtool: install: (cd /usr/lib && { ln -s -f libgdbm.so.6.0.0 libgdbm.so || { rm -f libgdbm.so && ln -s libgdbm.so.6.0.0 libgdbm.so; }; })
libtool: install: /usr/bin/install -c .libs/libgdbm.lai /usr/lib/libgdbm.la
libtool: finish: PATH="/usr/bin:/usr/sbin:/sbin" ldconfig -n /usr/lib
----------------------------------------------------------------------
Libraries have been installed in:
   /usr/lib

If you ever happen to want to link against installed libraries
in a given directory, LIBDIR, you must either use libtool, and
specify the full pathname of the library, or use the '-LLIBDIR'
flag during linking and do at least one of the following:
   - add LIBDIR to the 'LD_LIBRARY_PATH' environment variable
     during execution
   - add LIBDIR to the 'LD_RUN_PATH' environment variable
     during linking
   - use the '-Wl,-rpath -Wl,LIBDIR' linker flag
   - have your system administrator add LIBDIR to '/etc/ld.so.conf'

See any operating system documentation about shared libraries for
more information, such as the ld(1) and ld.so(8) manual pages.
----------------------------------------------------------------------
make[3]: Leaving directory '/sources/gdbm-1.26/src'
make[2]: Leaving directory '/sources/gdbm-1.26/src'
make[1]: Leaving directory '/sources/gdbm-1.26/src'
Making install in tools
make[1]: Entering directory '/sources/gdbm-1.26/tools'
make  install-am
make[2]: Entering directory '/sources/gdbm-1.26/tools'
make[3]: Entering directory '/sources/gdbm-1.26/tools'
make[3]: Nothing to be done for 'install-data-am'.
 /usr/bin/mkdir -p '/usr/bin'
  /bin/sh ../libtool   --mode=install /usr/bin/install -c gdbmtool gdbm_load gdbm_dump '/usr/bin'
libtool: install: /usr/bin/install -c .libs/gdbmtool /usr/bin/gdbmtool
libtool: install: /usr/bin/install -c .libs/gdbm_load /usr/bin/gdbm_load
libtool: install: /usr/bin/install -c .libs/gdbm_dump /usr/bin/gdbm_dump
make[3]: Leaving directory '/sources/gdbm-1.26/tools'
make[2]: Leaving directory '/sources/gdbm-1.26/tools'
make[1]: Leaving directory '/sources/gdbm-1.26/tools'
Making install in doc
make[1]: Entering directory '/sources/gdbm-1.26/doc'
make[2]: Entering directory '/sources/gdbm-1.26/doc'
make[2]: Nothing to be done for 'install-exec-am'.
 /usr/bin/mkdir -p '/usr/share/man/man1'
 /usr/bin/mkdir -p '/usr/share/man/man3'
 /usr/bin/mkdir -p '/usr/share/info'
 /usr/bin/install -c -m 644 gdbm_dump.1 gdbm_load.1 gdbmtool.1 '/usr/share/man/man1'
 /usr/bin/install -c -m 644 gdbm.3 '/usr/share/man/man3'
 /usr/bin/install -c -m 644 ./gdbm.info '/usr/share/info'
 install-info --info-dir='/usr/share/info' '/usr/share/info/gdbm.info'
make[2]: Leaving directory '/sources/gdbm-1.26/doc'
make[1]: Leaving directory '/sources/gdbm-1.26/doc'
Making install in compat
make[1]: Entering directory '/sources/gdbm-1.26/compat'
make[2]: Entering directory '/sources/gdbm-1.26/compat'
 /usr/bin/mkdir -p '/usr/lib'
 /usr/bin/mkdir -p '/usr/include'
 /bin/sh ../libtool   --mode=install /usr/bin/install -c   libgdbm_compat.la '/usr/lib'
 /usr/bin/install -c -m 644 dbm.h ndbm.h '/usr/include'
libtool: warning: relinking 'libgdbm_compat.la'
libtool: install: (cd /sources/gdbm-1.26/compat; /bin/sh "/sources/gdbm-1.26/libtool"  --silent --tag CC --mode=relink gcc -g -O2 -version-info 4:0:0 -o libgdbm_compat.la -rpath /usr/lib dbminit.lo delete.lo fetch.lo store.lo seq.lo close.lo dbmopen.lo dbmdelete.lo dbmerr.lo dbmfetch.lo dbmstore.lo dbmseq.lo dbmclose.lo dbmdirfno.lo dbmpagfno.lo dbmrdonly.lo ../src/libgdbm.la )
libtool: install: /usr/bin/install -c .libs/libgdbm_compat.so.4.0.0T /usr/lib/libgdbm_compat.so.4.0.0
libtool: install: (cd /usr/lib && { ln -s -f libgdbm_compat.so.4.0.0 libgdbm_compat.so.4 || { rm -f libgdbm_compat.so.4 && ln -s libgdbm_compat.so.4.0.0 libgdbm_compat.so.4; }; })
libtool: install: (cd /usr/lib && { ln -s -f libgdbm_compat.so.4.0.0 libgdbm_compat.so || { rm -f libgdbm_compat.so && ln -s libgdbm_compat.so.4.0.0 libgdbm_compat.so; }; })
libtool: install: /usr/bin/install -c .libs/libgdbm_compat.lai /usr/lib/libgdbm_compat.la
libtool: finish: PATH="/usr/bin:/usr/sbin:/sbin" ldconfig -n /usr/lib
----------------------------------------------------------------------
Libraries have been installed in:
   /usr/lib

If you ever happen to want to link against installed libraries
in a given directory, LIBDIR, you must either use libtool, and
specify the full pathname of the library, or use the '-LLIBDIR'
flag during linking and do at least one of the following:
   - add LIBDIR to the 'LD_LIBRARY_PATH' environment variable
     during execution
   - add LIBDIR to the 'LD_RUN_PATH' environment variable
     during linking
   - use the '-Wl,-rpath -Wl,LIBDIR' linker flag
   - have your system administrator add LIBDIR to '/etc/ld.so.conf'

See any operating system documentation about shared libraries for
more information, such as the ld(1) and ld.so(8) manual pages.
----------------------------------------------------------------------
make[2]: Leaving directory '/sources/gdbm-1.26/compat'
make[1]: Leaving directory '/sources/gdbm-1.26/compat'
Making install in tests
make[1]: Entering directory '/sources/gdbm-1.26/tests'
Making install in dejagnu
make[2]: Entering directory '/sources/gdbm-1.26/tests/dejagnu'
make[3]: Entering directory '/sources/gdbm-1.26/tests/dejagnu'
make[3]: Nothing to be done for 'install-exec-am'.
make[3]: Nothing to be done for 'install-data-am'.
make[3]: Leaving directory '/sources/gdbm-1.26/tests/dejagnu'
make[2]: Leaving directory '/sources/gdbm-1.26/tests/dejagnu'
make[2]: Entering directory '/sources/gdbm-1.26/tests'
make[3]: Entering directory '/sources/gdbm-1.26/tests'
make[3]: Nothing to be done for 'install-exec-am'.
make[3]: Nothing to be done for 'install-data-am'.
make[3]: Leaving directory '/sources/gdbm-1.26/tests'
make[2]: Leaving directory '/sources/gdbm-1.26/tests'
make[1]: Leaving directory '/sources/gdbm-1.26/tests'
make[1]: Entering directory '/sources/gdbm-1.26'
make[2]: Entering directory '/sources/gdbm-1.26'
make[2]: Nothing to be done for 'install-exec-am'.
make[2]: Nothing to be done for 'install-data-am'.
make[2]: Leaving directory '/sources/gdbm-1.26'
make[1]: Leaving directory '/sources/gdbm-1.26'
