  GEN      public-submodule-commit
make  check-recursive
make[1]: Entering directory '/sources/inetutils-2.6'
Making check in lib
make[2]: Entering directory '/sources/inetutils-2.6/lib'
make  check-recursive
make[3]: Entering directory '/sources/inetutils-2.6/lib'
make[4]: Entering directory '/sources/inetutils-2.6/lib'
make[4]: Nothing to be done for 'check-am'.
make[4]: Leaving directory '/sources/inetutils-2.6/lib'
make[3]: Leaving directory '/sources/inetutils-2.6/lib'
make[2]: Leaving directory '/sources/inetutils-2.6/lib'
Making check in libinetutils
make[2]: Entering directory '/sources/inetutils-2.6/libinetutils'
make[2]: Nothing to be done for 'check'.
make[2]: Leaving directory '/sources/inetutils-2.6/libinetutils'
Making check in libtelnet
make[2]: Entering directory '/sources/inetutils-2.6/libtelnet'
make[2]: Nothing to be done for 'check'.
make[2]: Leaving directory '/sources/inetutils-2.6/libtelnet'
Making check in libicmp
make[2]: Entering directory '/sources/inetutils-2.6/libicmp'
make[2]: Nothing to be done for 'check'.
make[2]: Leaving directory '/sources/inetutils-2.6/libicmp'
Making check in libls
make[2]: Entering directory '/sources/inetutils-2.6/libls'
make[2]: Nothing to be done for 'check'.
make[2]: Leaving directory '/sources/inetutils-2.6/libls'
Making check in src
make[2]: Entering directory '/sources/inetutils-2.6/src'
make[2]: Nothing to be done for 'check'.
make[2]: Leaving directory '/sources/inetutils-2.6/src'
Making check in telnet
make[2]: Entering directory '/sources/inetutils-2.6/telnet'
make[2]: Nothing to be done for 'check'.
make[2]: Leaving directory '/sources/inetutils-2.6/telnet'
Making check in telnetd
make[2]: Entering directory '/sources/inetutils-2.6/telnetd'
make[2]: Nothing to be done for 'check'.
make[2]: Leaving directory '/sources/inetutils-2.6/telnetd'
Making check in ftp
make[2]: Entering directory '/sources/inetutils-2.6/ftp'
make[2]: Nothing to be done for 'check'.
make[2]: Leaving directory '/sources/inetutils-2.6/ftp'
Making check in ftpd
make[2]: Entering directory '/sources/inetutils-2.6/ftpd'
make[2]: Nothing to be done for 'check'.
make[2]: Leaving directory '/sources/inetutils-2.6/ftpd'
Making check in talk
make[2]: Entering directory '/sources/inetutils-2.6/talk'
make[2]: Nothing to be done for 'check'.
make[2]: Leaving directory '/sources/inetutils-2.6/talk'
Making check in talkd
make[2]: Entering directory '/sources/inetutils-2.6/talkd'
make[2]: Nothing to be done for 'check'.
make[2]: Leaving directory '/sources/inetutils-2.6/talkd'
Making check in whois
make[2]: Entering directory '/sources/inetutils-2.6/whois'
make  check-am
make[3]: Entering directory '/sources/inetutils-2.6/whois'
make[3]: Nothing to be done for 'check-am'.
make[3]: Leaving directory '/sources/inetutils-2.6/whois'
make[2]: Leaving directory '/sources/inetutils-2.6/whois'
Making check in ping
make[2]: Entering directory '/sources/inetutils-2.6/ping'
make[2]: Nothing to be done for 'check'.
make[2]: Leaving directory '/sources/inetutils-2.6/ping'
Making check in ifconfig
make[2]: Entering directory '/sources/inetutils-2.6/ifconfig'
Making check in system
make[3]: Entering directory '/sources/inetutils-2.6/ifconfig/system'
make[3]: Nothing to be done for 'check'.
make[3]: Leaving directory '/sources/inetutils-2.6/ifconfig/system'
make[3]: Entering directory '/sources/inetutils-2.6/ifconfig'
make[3]: Nothing to be done for 'check-am'.
make[3]: Leaving directory '/sources/inetutils-2.6/ifconfig'
make[2]: Leaving directory '/sources/inetutils-2.6/ifconfig'
Making check in doc
make[2]: Entering directory '/sources/inetutils-2.6/doc'
make[2]: Nothing to be done for 'check'.
make[2]: Leaving directory '/sources/inetutils-2.6/doc'
Making check in man
make[2]: Entering directory '/sources/inetutils-2.6/man'
make[2]: Nothing to be done for 'check'.
make[2]: Leaving directory '/sources/inetutils-2.6/man'
Making check in tests
make[2]: Entering directory '/sources/inetutils-2.6/tests'
make  check-am
make[3]: Entering directory '/sources/inetutils-2.6/tests'
make  localhost readutmp runtime-ipv6 test-snprintf waitdaemon  \
  utmp.sh libls.sh ping-localhost.sh traceroute-localhost.sh    ftp-parser.sh ftp-regressions.sh   hostname.sh dnsdomainname.sh ifconfig.sh
make[4]: Entering directory '/sources/inetutils-2.6/tests'
make[4]: Nothing to be done for 'utmp.sh'.
make[4]: Nothing to be done for 'libls.sh'.
make[4]: Nothing to be done for 'ping-localhost.sh'.
make[4]: Nothing to be done for 'traceroute-localhost.sh'.
make[4]: Nothing to be done for 'ftp-parser.sh'.
make[4]: Nothing to be done for 'ftp-regressions.sh'.
make[4]: Nothing to be done for 'hostname.sh'.
  CC       localhost.o
make[4]: Nothing to be done for 'dnsdomainname.sh'.
make[4]: Nothing to be done for 'ifconfig.sh'.
  CC       readutmp.o
  CC       runtime-ipv6.o
  CC       test-snprintf.o
  CC       waitdaemon.o
  CCLD     test-snprintf
  CCLD     localhost
  CCLD     waitdaemon
  CCLD     runtime-ipv6
  CCLD     readutmp
make[4]: Leaving directory '/sources/inetutils-2.6/tests'
make  check-TESTS
make[4]: Entering directory '/sources/inetutils-2.6/tests'
make[5]: Entering directory '/sources/inetutils-2.6/tests'
PASS: localhost
SKIP: test-snprintf
PASS: waitdaemon
PASS: utmp.sh
PASS: traceroute-localhost.sh
PASS: ping-localhost.sh
PASS: dnsdomainname.sh
PASS: hostname.sh
PASS: ftp-regressions.sh
PASS: ifconfig.sh
PASS: ftp-parser.sh
PASS: libls.sh
============================================================================
Testsuite summary for GNU inetutils 2.6
============================================================================
# TOTAL: 12
# PASS:  11
# SKIP:  1
# XFAIL: 0
# FAIL:  0
# XPASS: 0
# ERROR: 0
============================================================================
make[5]: Leaving directory '/sources/inetutils-2.6/tests'
make[4]: Leaving directory '/sources/inetutils-2.6/tests'
make[3]: Leaving directory '/sources/inetutils-2.6/tests'
make[2]: Leaving directory '/sources/inetutils-2.6/tests'
make[2]: Entering directory '/sources/inetutils-2.6'
make[2]: Leaving directory '/sources/inetutils-2.6'
make[1]: Leaving directory '/sources/inetutils-2.6'
