make  all-recursive
make[1]: Entering directory '/sources/inetutils-2.6'
Making all in lib
make[2]: Entering directory '/sources/inetutils-2.6/lib'
  GEN      alloca.h
  GEN      arpa/inet.h
  GEN      ctype.h
  GEN      error.h
  GEN      dirent.h
  GEN      fcntl.h
  GEN      getopt.h
  GEN      getopt-cdefs.h
  GEN      malloc/dynarray.gl.h
  GEN      malloc/dynarray-skeleton.gl.h
  GEN      malloc/scratch_buffer.gl.h
  GEN      glob-libc.gl.h
  GEN      inttypes.h
  GEN      langinfo.h
  GEN      limits.h
  GEN      locale.h
  GEN      netdb.h
  GEN      obstack.h
  GEN      poll.h
  GEN      pthread.h
  GEN      pty.h
  GEN      sched.h
  GEN      signal.h
  GEN      stddef.h
  GEN      stdio.h
  GEN      stdlib.h
  GEN      string.h
  GEN      strings.h
  GEN      sys/ioctl.h
  GEN      sys/random.h
  GEN      sys/select.h
  GEN      sys/socket.h
  GEN      sys/stat.h
  GEN      sys/time.h
  GEN      sys/types.h
  GEN      sys/uio.h
  GEN      termios.h
  GEN      time.h
  GEN      uchar.h
  GEN      unicase.h
  GEN      unictype.h
  GEN      uninorm.h
  GEN      unistd.h
  GEN      unistr.h
  GEN      unitypes.h
  GEN      utmp.h
  GEN      wchar.h
  GEN      wctype.h
make  all-recursive
make[3]: Entering directory '/sources/inetutils-2.6/lib'
make[4]: Entering directory '/sources/inetutils-2.6/lib'
  CC       libgnu_a-argp-ba.o
  CC       libgnu_a-argp-eexst.o
  CC       libgnu_a-argp-fmtstream.o
  CC       libgnu_a-argp-fs-xinl.o
  CC       libgnu_a-argp-help.o
  CC       libgnu_a-argp-pin.o
  CC       libgnu_a-argp-parse.o
  CC       libgnu_a-argp-pv.o
  CC       libgnu_a-argp-pvh.o
  CC       libgnu_a-argp-xinl.o
  CC       libgnu_a-argp-version-etc.o
  CC       libgnu_a-arpa_inet.o
  CC       libgnu_a-openat-proc.o
  CC       libgnu_a-basename-lgpl.o
  CC       libgnu_a-bitrotate.o
  CC       libgnu_a-btoc32.o
  CC       libgnu_a-btowc.o
  CC       libgnu_a-c32_apply_type_test.o
  CC       libgnu_a-c32_get_type_test.o
  CC       libgnu_a-c32isalnum.o
  CC       libgnu_a-c32isalpha.o
  CC       libgnu_a-c32iscntrl.o
  CC       libgnu_a-c32isblank.o
  CC       libgnu_a-c32isdigit.o
  CC       libgnu_a-c32isgraph.o
  CC       libgnu_a-c32islower.o
  CC       libgnu_a-c32isprint.o
  CC       libgnu_a-c32ispunct.o
  CC       libgnu_a-c32isspace.o
  CC       libgnu_a-c32isupper.o
  CC       libgnu_a-c32isxdigit.o
  CC       libgnu_a-c32tolower.o
  CC       libgnu_a-chdir-long.o
  CC       libgnu_a-cloexec.o
  CC       libgnu_a-cycle-check.o
  CC       libgnu_a-dirname-lgpl.o
  CC       libgnu_a-stripslash.o
  CC       libgnu_a-exitfail.o
  CC       libgnu_a-fcntl.o
  CC       libgnu_a-creat-safer.o
  CC       libgnu_a-open-safer.o
  CC       libgnu_a-fd-hook.o
  CC       libgnu_a-filemode.o
  CC       libgnu_a-filenamecat-lgpl.o
  CC       libgnu_a-fts.o
  CC       libgnu_a-getopt.o
  CC       libgnu_a-getopt1.o
  CC       libgnu_a-getprogname.o
  CC       libgnu_a-gettime.o
  CC       libgnu_a-getugroups.o
  CC       libgnu_a-hard-locale.o
  CC       libgnu_a-hash.o
  CC       libgnu_a-i-ring.o
  CC       libgnu_a-ialloc.o
  CC       libgnu_a-imaxtostr.o
  CC       libgnu_a-inttostr.o
  CC       libgnu_a-offtostr.o
  CC       libgnu_a-uinttostr.o
  CC       libgnu_a-umaxtostr.o
  CC       libgnu_a-ioctl.o
  CC       libgnu_a-localcharset.o
  CC       libgnu_a-malloca.o
  CC       libgnu_a-mbrtoc32.o
  CC       libgnu_a-mbrtowc.o
  CC       libgnu_a-mbsrtoc32s.o
  CC       libgnu_a-mbsrtowcs.o
  CC       libgnu_a-mbszero.o
  CC       libgnu_a-memset_explicit.o
  CC       libgnu_a-mgetgroups.o
  CC       libgnu_a-obstack.o
  CC       glthread/libgnu_a-once.o
  CC       libgnu_a-openat-die.o
  CC       libgnu_a-opendirat.o
  CC       libgnu_a-progname.o
  CC       libgnu_a-read-file.o
  CC       libgnu_a-readutmp.o
  CC       libgnu_a-realloc.o
  CC       libgnu_a-reallocarray.o
  CC       libgnu_a-same-inode.o
  CC       libgnu_a-save-cwd.o
  CC       libgnu_a-setlocale_null.o
  CC       libgnu_a-setlocale_null-unlocked.o
  CC       libgnu_a-sockets.o
  CC       libgnu_a-stat-time.o
  CC       libgnu_a-stdlib.o
  CC       libgnu_a-strnlen1.o
  CC       libgnu_a-sys_socket.o
  CC       libgnu_a-tempname.o
  CC       glthread/libgnu_a-threadlib.o
  CC       libgnu_a-timespec.o
  CC       libgnu_a-timespec-add.o
  CC       libgnu_a-timespec-sub.o
  CC       libgnu_a-unistd.o
  CC       libgnu_a-dup-safer.o
  CC       libgnu_a-fd-safer.o
  CC       libgnu_a-pipe-safer.o
  CC       libgnu_a-vaszprintf.o
  CC       libgnu_a-aszprintf.o
  CC       libgnu_a-version-etc.o
  CC       libgnu_a-version-etc-fsf.o
  CC       libgnu_a-vsnzprintf.o
  CC       libgnu_a-wctype-h.o
  CC       libgnu_a-xmalloc.o
  CC       libgnu_a-xalloc-die.o
  CC       libgnu_a-xgetcwd.o
  CC       libgnu_a-xgetdomainname.o
  CC       libgnu_a-xgethostname.o
  CC       libgnu_a-xsize.o
  CC       libgnu_a-xstrtoimax.o
  CC       libgnu_a-xstrtol.o
  CC       libgnu_a-xstrtoul.o
  CC       libgnu_a-xvasprintf.o
  CC       libgnu_a-xasprintf.o
  CC       asnprintf.o
  CC       mbsrtoc32s-state.o
  CC       mbsrtowcs-state.o
  CC       printf-args.o
  CC       printf-parse.o
  CC       vasnprintf.o
  CC       malloc/libgnu_a-dynarray_at_failure.o
  CC       malloc/libgnu_a-dynarray_emplace_enlarge.o
  CC       malloc/libgnu_a-dynarray_finalize.o
  CC       malloc/libgnu_a-dynarray_resize.o
  CC       malloc/libgnu_a-dynarray_resize_clear.o
  CC       malloc/libgnu_a-scratch_buffer_grow.o
  CC       malloc/libgnu_a-scratch_buffer_grow_preserve.o
  CC       malloc/libgnu_a-scratch_buffer_set_array_size.o
  CC       glthread/libgnu_a-lock.o
  CC       unicase/libgnu_a-tolower.o
  CC       unictype/libgnu_a-ctype_alnum.o
  CC       unictype/libgnu_a-ctype_alpha.o
  CC       unictype/libgnu_a-ctype_blank.o
  CC       unictype/libgnu_a-ctype_cntrl.o
  CC       unictype/libgnu_a-ctype_digit.o
  CC       unictype/libgnu_a-ctype_graph.o
  CC       unictype/libgnu_a-ctype_lower.o
  CC       unictype/libgnu_a-ctype_print.o
  CC       unictype/libgnu_a-ctype_punct.o
  CC       unictype/libgnu_a-ctype_space.o
  CC       unictype/libgnu_a-ctype_upper.o
  CC       unictype/libgnu_a-ctype_xdigit.o
  CC       unistr/libgnu_a-u32-chr.o
  CC       unistr/libgnu_a-u32-cpy.o
  CC       unistr/libgnu_a-u32-pcpy.o
  CC       unistr/libgnu_a-u32-strcat.o
  CC       unistr/libgnu_a-u32-strlen.o
  AR       libgnu.a
make[4]: Leaving directory '/sources/inetutils-2.6/lib'
make[3]: Leaving directory '/sources/inetutils-2.6/lib'
make[2]: Leaving directory '/sources/inetutils-2.6/lib'
Making all in libinetutils
make[2]: Entering directory '/sources/inetutils-2.6/libinetutils'
  CC       argcv.o
  CC       cleansess.o
  CC       daemon.o
  CC       defauthors.o
  CC       kcmd.o
  CC       if_index.o
  CC       kerberos5.o
  CC       krcmd.o
  CC       localhost.o
  CC       logwtmpko.o
  CC       setsig.o
  CC       shishi.o
  CC       tftpsubs.o
  CC       ttymsg.o
  CC       utmp_init.o
  CC       utmp_logout.o
  AR       libinetutils.a
make[2]: Leaving directory '/sources/inetutils-2.6/libinetutils'
Making all in libtelnet
make[2]: Entering directory '/sources/inetutils-2.6/libtelnet'
  CC       auth.o
  CC       enc_des.o
  CC       genget.o
  CC       forward.o
  CC       encrypt.o
  CC       kerberos.o
  CC       kerberos5.o
  CC       misc.o
  CC       read_passwd.o
  CC       shishi.o
  AR       libtelnet.a
make[2]: Leaving directory '/sources/inetutils-2.6/libtelnet'
Making all in libicmp
make[2]: Entering directory '/sources/inetutils-2.6/libicmp'
  CC       icmp_echo.o
  CC       icmp_timestamp.o
  CC       icmp_address.o
  CC       icmp_cksum.o
  AR       libicmp.a
make[2]: Leaving directory '/sources/inetutils-2.6/libicmp'
Making all in libls
make[2]: Entering directory '/sources/inetutils-2.6/libls'
  CC       cmp.o
  CC       stat_flags.o
  CC       ls.o
  CC       print.o
  CC       util.o
  AR       libls.a
make[2]: Leaving directory '/sources/inetutils-2.6/libls'
Making all in src
make[2]: Entering directory '/sources/inetutils-2.6/src'
  CC       hostname.o
  CC       dnsdomainname.o
  CC       tftp.o
  CC       traceroute.o
  CCLD     dnsdomainname
  CCLD     hostname
  CCLD     traceroute
  CCLD     tftp
make[2]: Leaving directory '/sources/inetutils-2.6/src'
Making all in telnet
make[2]: Entering directory '/sources/inetutils-2.6/telnet'
  CC       authenc.o
  CC       commands.o
  CC       main.o
  CC       network.o
  CC       ring.o
  CC       sys_bsd.o
  CC       telnet.o
  CC       terminal.o
  CC       tn3270.o
  CC       utilities.o
  CCLD     telnet
make[2]: Leaving directory '/sources/inetutils-2.6/telnet'
Making all in telnetd
make[2]: Entering directory '/sources/inetutils-2.6/telnetd'
make[2]: Nothing to be done for 'all'.
make[2]: Leaving directory '/sources/inetutils-2.6/telnetd'
Making all in ftp
make[2]: Entering directory '/sources/inetutils-2.6/ftp'
  CC       cmds.o
  CC       cmdtab.o
  CC       domacro.o
  CC       ftp.o
  CC       main.o
  CC       ruserpass.o
  CCLD     ftp
make[2]: Leaving directory '/sources/inetutils-2.6/ftp'
Making all in ftpd
make[2]: Entering directory '/sources/inetutils-2.6/ftpd'
make[2]: Nothing to be done for 'all'.
make[2]: Leaving directory '/sources/inetutils-2.6/ftpd'
Making all in talk
make[2]: Entering directory '/sources/inetutils-2.6/talk'
  CC       ctl.o
  CC       ctl_transact.o
  CC       display.o
  CC       get_names.o
  CC       get_addrs.o
  CC       init_disp.o
  CC       invite.o
  CC       io.o
  CC       look_up.o
  CC       msgs.o
  CC       talk.o
  CCLD     talk
make[2]: Leaving directory '/sources/inetutils-2.6/talk'
Making all in talkd
make[2]: Entering directory '/sources/inetutils-2.6/talkd'
make[2]: Nothing to be done for 'all'.
make[2]: Leaving directory '/sources/inetutils-2.6/talkd'
Making all in whois
make[2]: Entering directory '/sources/inetutils-2.6/whois'
make  all-am
make[3]: Entering directory '/sources/inetutils-2.6/whois'
make[3]: Nothing to be done for 'all-am'.
make[3]: Leaving directory '/sources/inetutils-2.6/whois'
make[2]: Leaving directory '/sources/inetutils-2.6/whois'
Making all in ping
make[2]: Entering directory '/sources/inetutils-2.6/ping'
  CC       ping_common.o
  CC       ping.o
  CC       ping_echo.o
  CC       ping_address.o
  CC       ping_timestamp.o
  CC       ping_router.o
  CC       libping.o
  CC       ping6.o
  CCLD     ping
  CCLD     ping6
make[2]: Leaving directory '/sources/inetutils-2.6/ping'
Making all in ifconfig
make[2]: Entering directory '/sources/inetutils-2.6/ifconfig'
Making all in system
make[3]: Entering directory '/sources/inetutils-2.6/ifconfig/system'
make[3]: Nothing to be done for 'all'.
make[3]: Leaving directory '/sources/inetutils-2.6/ifconfig/system'
make[3]: Entering directory '/sources/inetutils-2.6/ifconfig'
  CC       ifconfig.o
  CC       flags.o
  CC       changeif.o
  CC       options.o
  CC       printif.o
  CC       system.o
  CCLD     ifconfig
make[3]: Leaving directory '/sources/inetutils-2.6/ifconfig'
make[2]: Leaving directory '/sources/inetutils-2.6/ifconfig'
Making all in doc
make[2]: Entering directory '/sources/inetutils-2.6/doc'
make[2]: Nothing to be done for 'all'.
make[2]: Leaving directory '/sources/inetutils-2.6/doc'
Making all in man
make[2]: Entering directory '/sources/inetutils-2.6/man'
make[2]: Nothing to be done for 'all'.
make[2]: Leaving directory '/sources/inetutils-2.6/man'
Making all in tests
make[2]: Entering directory '/sources/inetutils-2.6/tests'
sed -e 's,[@]GREP[@],/usr/bin/grep,g' -e 's,[@]EGREP[@],/usr/bin/grep -E,g' -e 's,[@]FGREP[@],/usr/bin/grep -F,g' -e 's,[@]SED[@],/usr/bin/sed,g' -e 's,[@]DD[@],/usr/bin/dd,g' -e 's,[@]MKTEMP[@],/usr/bin/mktemp,g' -e 's,[@]NETSTAT[@],netstat,g' -e 's,[@]TARGET[@],127.0.0.1,g' -e 's,[@]TARGET6[@],::1,g' -e 's,[@]TEST_IPV4[@],auto,g' -e 's,[@]TEST_IPV6[@],auto,g' < ./tools.sh.in > tools.sh
make  all-am
make[3]: Entering directory '/sources/inetutils-2.6/tests'
  CC       identify.o
  CC       ls.o
  CCLD     ls
  CCLD     identify
make[3]: Leaving directory '/sources/inetutils-2.6/tests'
make[2]: Leaving directory '/sources/inetutils-2.6/tests'
make[2]: Entering directory '/sources/inetutils-2.6'
make[2]: Leaving directory '/sources/inetutils-2.6'
make[1]: Leaving directory '/sources/inetutils-2.6'
