Making check in doc
make[1]: Entering directory '/sources/tar-1.35/doc'
make[1]: Nothing to be done for 'check'.
make[1]: Leaving directory '/sources/tar-1.35/doc'
Making check in gnu
make[1]: Entering directory '/sources/tar-1.35/gnu'
make  check-recursive
make[2]: Entering directory '/sources/tar-1.35/gnu'
make[3]: Entering directory '/sources/tar-1.35/gnu'
make[3]: Nothing to be done for 'check-am'.
make[3]: Leaving directory '/sources/tar-1.35/gnu'
make[2]: Leaving directory '/sources/tar-1.35/gnu'
make[1]: Leaving directory '/sources/tar-1.35/gnu'
Making check in lib
make[1]: Entering directory '/sources/tar-1.35/lib'
make  check-am
make[2]: Entering directory '/sources/tar-1.35/lib'
make[2]: Nothing to be done for 'check-am'.
make[2]: Leaving directory '/sources/tar-1.35/lib'
make[1]: Leaving directory '/sources/tar-1.35/lib'
Making check in rmt
make[1]: Entering directory '/sources/tar-1.35/rmt'
make[1]: Nothing to be done for 'check'.
make[1]: Leaving directory '/sources/tar-1.35/rmt'
Making check in src
make[1]: Entering directory '/sources/tar-1.35/src'
make[1]: Nothing to be done for 'check'.
make[1]: Leaving directory '/sources/tar-1.35/src'
Making check in scripts
make[1]: Entering directory '/sources/tar-1.35/scripts'
make[1]: Nothing to be done for 'check'.
make[1]: Leaving directory '/sources/tar-1.35/scripts'
Making check in po
make[1]: Entering directory '/sources/tar-1.35/po'
make[1]: Nothing to be done for 'check'.
make[1]: Leaving directory '/sources/tar-1.35/po'
Making check in tests
make[1]: Entering directory '/sources/tar-1.35/tests'
make  genfile checkseekhole ckmtime
make[2]: Entering directory '/sources/tar-1.35/tests'
  CC       genfile.o
  CC       argcv.o
  CC       checkseekhole.o
  CC       ckmtime.o
  CCLD     checkseekhole
  CCLD     ckmtime
  CCLD     genfile
make[2]: Leaving directory '/sources/tar-1.35/tests'
make  check-local
make[2]: Entering directory '/sources/tar-1.35/tests'
/bin/sh ./testsuite -j7
## ------------------------ ##
## GNU tar 1.35 test suite. ##
## ------------------------ ##

  1: tar version                                     ok
  3: mixing options                                  ok
  6: occurrence compatibility                        ok
  4: interspersed options                            ok
  7: occurrence compatibility                        ok
  5: TAR_OPTIONS with string arguments               ok
  8: --verify compatibility                          ok
 10: --pax-option compatibility                      ok
  9: compress option compatibility                   ok
 11: --pax-option compatibility                      ok
 12: checkpoint defaults                             ok
 13: checkpoint interval                             ok
 14: dot action                                      ok
 15: dot action (compatibility syntax)               ok
 16: dot action and interval                         ok
 21: compress: lzop                                  skipped (testsuite.at:247)
 20: compress: lzip                                  skipped (testsuite.at:246)
 17: compress: gzip                                  ok
 18: compress: bzip2                                 ok
 19: compress: xz                                    ok
 24: Directory                                       ok
 23: Exclude                                         ok
  2: decompressing from stdin                        ok
 25: Several options                                 ok
 27: multiple file lists                             ok
 28: nested file lists                               ok
 29: recursive file lists                            ok
 22: compress: zstd                                  ok
 32: -C in file lists                                ok
 33: empty entries                                   ok
 34: 0-separated file without -0                     ok
 35: --null enables verbatim reading                 ok
 36: empty file                                      ok
 26: The --add-file option                           ok
 37: entries with missing newlines                   ok
 31: toggle --recursion (not) from -T                ok
 30: files-from & recurse: toggle                    ok
 42: gzip                                            ok
 40: tar --index-file=FILE --file=-                  ok
 38: recursive extraction from --files-from          ok
 41: tar cvf -                                       ok
 39: trailing slash in --files-from                  ok
 43: recurse                                         ok
 44: recurse: toggle                                 ok
 45: short records                                   ok
 50: appending files with long names                 ok
 49: append                                          ok
 47: working -C with --same-order                    ok
 48: multiple -C options                             ok
 52: append with name transformation                 ok
 56: transformations and GNU volume labels           ok
 51: append vs. create                               ok
 46: --numeric-owner basic tests                     ok
 53: append with verify                              ok
 57: transforming escaped delimiters on create       ok
 54: append after changed blocking                   ok
 59: exclude                                         ok
 55: transforming hard links on create               ok
 58: transforming hard link targets                  ok
 65: exclude: long files in pax archives             ok
 66: exclude: --exclude-backups option               ok
 60: exclude wildcards                               ok
 61: exclude: anchoring                              ok
 62: exclude: wildcards match slash                  ok
 63: exclude: case insensitive                       ok
 67: --exclude-tag option                            ok
 68: --exclude-tag option and --listed-incremental   ok
 69: --exclude-tag option in incremental pass        ok
 71: --exclude-tag-under and --listed-incremental    ok
 72: --exclude-tag-under option in incremental pass  ok
 74: --exclude-tag-all and --listed-incremental      ok
 75: --exclude-tag-all option in incremental pass    ok
 70: --exclude-tag-under option                      ok
 76: --exclude-vcs-ignores memory allocation         ok
 73: --exclude-tag-all option                        ok
 78: deleting a member after a big one               ok
 83: EOF detection                                   ok
 79: deleting a member from stdin archive            ok
 80: deleting members with long names                ok
 77: --exclude-vcs extract list compare              ok
 82: deleting non-existing member                    ok
 88: extracting selected members from pax            ok
 81: deleting a large last member                    ok
 84: extract over an existing directory              ok
 86: extraction loops                                ok
 85: extracting symlinks over an existing file       ok
 90: extracting symlinks to a read-only dir          skipped (extrac07.at:30)
 92: extracting even when . and .. are unreadable    skipped (extrac09.at:37)
 93: -C and delayed setting of metadata              ok
 87: extract + fnmatch                               ok
 95: extract dot permissions                         ok
 94: scarce file descriptors                         ok
 96: extract over symlinks                           ok
 97: extract -C symlink                              ok
 91: restoring mode on existing directory            ok
 98: extract parent mkdir failure                    skipped (extrac15.at:28)
 99: extract empty directory with -C                 ok
 89: mode of extracted directories                   ok
104: delay-directory-restore                         skipped (extrac21.at:33)
105: delay-directory-restore on reversed ordering    skipped (extrac22.at:29)
100: name matching/transformation ordering           ok
102: skip-old-files                                  ok
101: keep-old-files                                  ok
110: link mismatch                                   ok
107: --to-stdout                                     ok
109: extracting existing dir with --backup           ok
108: extract over parent dir that is dangling symlink ok
111: single-volume label                             ok
112: multi-volume label                              ok
106: --no-overwrite-dir                              ok
114: label with non-create option                    ok
115: label with non-create option                    ok
117: restore broken symlinks from incremental        ok
113: test-label option                               ok
121: incremental dump when the parent directory is unreadable skipped (listed03.at:27)
122: --listed-incremental and --one-file-system      ok
123: --listed-incremental and remounted directories  ok
103: keep-directory-symlink                          ok
124: renamed files in incrementals                   ok
126: incremental dumps with -C                       ok
119: --listed for individual files                   ok
125: proper icontents initialization                 ok
127: incremental dumps of nested directories         ok
128: incremental restores with -C                    ok
130: incremental with alternating -C                 ok
129: filename normalization                          ok
131: concatenated incremental archives (deletes)     ok
132: concatenated incremental archives (renames)     ok
133: file removed as we read it                      ok
134: toplevel file removed                           ok
116: incremental                                     ok
136: explicitly named directory removed before reading ok
135: directory removed before reading                ok
137: renamed dirs in incrementals                    ok
140: renamed directory containing subdirectories     ok
141: renamed subdirectories                          ok
142: chained renames                                 ok
144: ignfail                                         skipped (ignfail.at:26)
145: link count gt 2                                 ok
138: move between hierarchies                        ok
139: cyclic renames                                  ok
146: preserve hard links with --remove-files         ok
149: long names in V7 archives                       ok
150: long file names divisible by block size         ok
147: working -l with --remove-files                  ok
148: link count is 1 but multiple occurrences        ok
151: ustar: unsplittable file name                   ok
118: restoring timestamps from incremental           ok
152: ustar: unsplittable path name                   ok
154: old archives                                    ok
153: ustar: splitting long names                     ok
156: time: clamping mtime                            ok
157: multivolume dumps from pipes                    ok
158: skipping a straddling member                    ok
159: MV archive & long filenames                     ok
161: Restoring after an out of sync volume           ok
162: Multivolumes with L=record_size                 ok
163: volumes split at an extended header             skipped (multiv07.at:31)
164: multivolume header creation                     ok
166: file start at the beginning of a posix volume   ok
167: --owner and --group                             ok
165: bad next volume                                 ok
168: --owner-map and --group-map                     ok
143: changed file types in incrementals              ok
169: sparse files                                    ok
170: extracting sparse file over a pipe              ok
172: storing long sparse file names                  ok
155: time: tricky time stamps                        ok
175: sparse files with unicode names                 ok
176: sparse files in MV archives                     ok
177: sparse files in PAX MV archives, v.0.0          ok
174: storing sparse file using seek method           ok
160: split directory members in a MV archive         ok
178: sparse files in PAX MV archives, v.0.1          ok
179: sparse files in PAX MV archives, v.1.0          ok
120: working --listed                                ok
183: update unchanged directories                    ok
184: update directories                              ok
185: update changed files                            ok
186: update with chdir                               ok
181: file truncated in sparse region while comparing ok
188: verify                                          ok
182: file truncated in data region while comparing   ok
187: update with wildcards                           ok
189: volume                                          ok
190: volume header size                              skipped (volsize.at:32)
192: short input files                               ok
180: sparse file truncated while archiving           ok
193: updating short archives                         ok
196: sigpipe handling                                ok
191: compressed format recognition                   ok
198: remove-files with compression                   skipped (remfiles01.at:32)
 64: exclude: lots of excludes                       ok
194: truncate                                        ok
197: compressor program failure                      ok
200: remove-files with symbolic links                ok
201: remove-files with -C:rel in -c/non-incr. mode   ok
199: remove-files with compression: grand-child      ok
202: remove-files with -C:rel in -c/incr. mode       ok
203: remove-files with -C:rel in -r mode             ok
204: remove-files with -C:rel,rel in -c/non-incr. mode ok
205: remove-files with -C:rel,rel in -c/incr. mode   ok
206: remove-files with -C:rel,rel in -r mode         ok
208: remove-files with -C:rel,abs in -c/incr. mode   ok
207: remove-files with -C:rel,abs in -c/non-incr. mode ok
209: remove-files with -C:rel,abs in -r mode         ok
210: remove-files with -C:abs,rel in -c/non-incr. mode ok
213: remove-files deleting two subdirs in -c/non-incr. mode ok
211: remove-files with -C:abs,rel in -c/incr. mode   ok
212: remove-files with -C:abs,rel in -r mode         ok
214: remove-files deleting two subdirs in -c/incr. mode ok
216: remove-files on full directory in -c/non-incr. mode ok
217: remove-files on full directory in -c/incr. mode ok
215: remove-files deleting two subdirs in -r mode    ok
218: remove-files on full directory in -r mode       ok
219: remove-files                                    ok
220: xattrs: basic functionality                     ok
223: xattrs: s/open/openat/ regression               ok
221: xattrs: change directory with -C option         ok
222: xattrs: trusted.* attributes                    ok
224: xattrs: keywords with '=' and '%'               ok
225: xattrs: exclude xattrs on create                ok
227: xattrs: xattrs and read-only files              ok
226: xattrs: xattrs and --skip-old-files             ok
231: selinux: basic store/restore                    skipped (selnx01.at:28)
232: acls/selinux: special files & fifos             skipped (selacl01.at:28)
228: acls: basic functionality                       ok
233: capabilities: binary store/restore              FAILED (capabs_raw01.at:28)
229: acls: work with -C                              ok
234: tar --one-top-level                             ok
235: tar --one-top-level --show-transformed          ok
236: tar --one-top-level --transform                 ok
239: gtarfail                                        skipped (gtarfail.at:26)
195: grow                                            ok
240: gtarfail2                                       skipped (gtarfail2.at:26)
237: tar --one-top-level --transform                 ok
241: multi-fail                                      skipped (multi-fail.at:26)
242: ustar-big-2g                                    skipped (ustar-big-2g.at:26)
243: ustar-big-8g                                    skipped (ustar-big-8g.at:26)
244: pax-big-10g                                     skipped (pax-big-10g.at:26)
238: tar --one-top-level restoring permissions       ok
230: acls: default ACLs                              ok
171: storing sparse files > 8G                       ok
173: listing sparse files bigger than 2^33 B         ok

## ------------- ##
## Test results. ##
## ------------- ##

ERROR: 224 tests were run,
1 failed unexpectedly.
20 tests were skipped.
## -------------------------- ##
## testsuite.log was created. ##
## -------------------------- ##

Please send `tests/testsuite.log' and all information you think might help:

   To: <bug-tar@gnu.org>
   Subject: [GNU tar 1.35] testsuite: 233 failed

You may investigate any problem if you feel able to do so, in which
case the test suite provides a good starting point.  Its output may
be found below `tests/testsuite.dir'.

make[2]: *** [Makefile:2347: check-local] Error 1
make[2]: Leaving directory '/sources/tar-1.35/tests'
make[1]: *** [Makefile:2193: check-am] Error 2
make[1]: Leaving directory '/sources/tar-1.35/tests'
make: *** [Makefile:1882: check-recursive] Error 1
