make -C libcap install
make[1]: Entering directory '/sources/libcap-2.76/libcap'
mkdir -p -m 0755 /usr/include/sys
mkdir -p -m 0755 /usr/lib/pkgconfig
mkdir -p -m 0755 /usr/lib
install -m 0644 include/sys/capability.h /usr/include/sys
install -m 0644 libcap.pc /usr/lib/pkgconfig/libcap.pc
make install-static-psx
make[2]: Entering directory '/sources/libcap-2.76/libcap'
mkdir -p -m 0755 /usr/include/sys
mkdir -p -m 0755 /usr/lib/pkgconfig
mkdir -p -m 0755 /usr/lib
install -m 0644 include/sys/psx_syscall.h /usr/include/sys
install -m 0644 libpsx.pc /usr/lib/pkgconfig/libpsx.pc
make[2]: Leaving directory '/sources/libcap-2.76/libcap'
make install-shared
make[2]: Entering directory '/sources/libcap-2.76/libcap'
mkdir -p -m 0755 /usr/include/sys
mkdir -p -m 0755 /usr/lib/pkgconfig
mkdir -p -m 0755 /usr/lib
install -m 0644 include/sys/capability.h /usr/include/sys
install -m 0644 libcap.pc /usr/lib/pkgconfig/libcap.pc
install -m 0755 libcap.so.2.76 /usr/lib/libcap.so.2.76
ln -sf libcap.so.2.76 /usr/lib/libcap.so.2
ln -sf libcap.so.2 /usr/lib/libcap.so
/sbin/ldconfig
make install-shared-psx
make[3]: Entering directory '/sources/libcap-2.76/libcap'
mkdir -p -m 0755 /usr/include/sys
mkdir -p -m 0755 /usr/lib/pkgconfig
mkdir -p -m 0755 /usr/lib
install -m 0644 include/sys/psx_syscall.h /usr/include/sys
install -m 0644 libpsx.pc /usr/lib/pkgconfig/libpsx.pc
install -m 0755 libpsx.so.2.76 /usr/lib/libpsx.so.2.76
ln -sf libpsx.so.2.76 /usr/lib/libpsx.so.2
ln -sf libpsx.so.2 /usr/lib/libpsx.so
/sbin/ldconfig
make[3]: Leaving directory '/sources/libcap-2.76/libcap'
make[2]: Leaving directory '/sources/libcap-2.76/libcap'
make[1]: Leaving directory '/sources/libcap-2.76/libcap'
make -C tests install
make[1]: Entering directory '/sources/libcap-2.76/tests'
nothing to install from tests
make[1]: Leaving directory '/sources/libcap-2.76/tests'
make -C progs install
make[1]: Entering directory '/sources/libcap-2.76/progs'
mkdir -p -m 0755 /usr/sbin
for p in getpcaps getcap setcap capsh ; do \
	install -m 0755 $p /usr/sbin ; \
done
make[1]: Leaving directory '/sources/libcap-2.76/progs'
make -C doc install
make[1]: Entering directory '/sources/libcap-2.76/doc'
mkdir -p -m 755 /usr/share/man/man1 /usr/share/man/man3 /usr/share/man/man5 /usr/share/man/man7 /usr/share/man/man8
for man in \
	/usr/share/man/man1 capsh.1 \
	/usr/share/man/man3 cap_init.3 cap_free.3 cap_dup.3 cap_clear.3 cap_clear_flag.3 cap_get_flag.3 cap_set_flag.3 cap_fill.3 cap_fill_flag.3 cap_max_bits.3 cap_compare.3 cap_get_proc.3 cap_get_pid.3 cap_set_proc.3 cap_get_file.3 cap_get_fd.3 cap_set_file.3 cap_set_fd.3 cap_set_nsowner.3 cap_get_nsowner.3 cap_copy_ext.3 cap_size.3 cap_copy_int.3 cap_mode.3 cap_copy_int_check.3 cap_set_syscall.3 cap_from_text.3 cap_to_text.3 cap_from_name.3 cap_to_name.3 capsetp.3 capgetp.3 libcap.3 cap_get_bound.3 cap_drop_bound.3 cap_get_mode.3 cap_set_mode.3 cap_mode_name.3 cap_get_secbits.3 cap_set_secbits.3 cap_setuid.3 cap_setgroups.3 cap_launch.3 cap_func_launcher.3 cap_launcher_callback.3 cap_launcher_set_chroot.3 cap_launcher_set_mode.3 cap_launcher_setgroups.3 cap_launcher_setuid.3 cap_launcher_set_iab.3 cap_new_launcher.3 cap_iab.3 cap_iab_init.3 cap_iab_dup.3 cap_iab_compare.3 cap_iab_get_proc.3 cap_iab_get_pid.3 cap_iab_set_proc.3 cap_iab_to_text.3 cap_iab_from_text.3 cap_iab_get_vector.3 cap_iab_set_vector.3 cap_iab_fill.3 cap_proc_root.3 cap_prctl.3 cap_prctlw.3 psx_syscall.3 psx_syscall3.3 psx_syscall6.3 psx_set_sensitivity.3 psx_load_syscalls.3 __psx_syscall.3 libpsx.3 \
	/usr/share/man/man5 capability.conf.5 \
	/usr/share/man/man7 cap_text_formats.7 \
	/usr/share/man/man8 getcap.8 setcap.8 getpcaps.8 captree.8 pam_cap.8 \
	; \
do \
	case $man in \
	/*)	sub=$man ; continue ;; \
	esac; \
	install -m 644 $man $sub ; \
done
make[1]: Leaving directory '/sources/libcap-2.76/doc'
