make -C libcap all
make[1]: Entering directory '/sources/libcap-2.76/libcap'
sed -e 's,@prefix@,/usr,' \
	-e 's,@exec_prefix@,/usr,' \
	-e 's,@libdir@,/usr/lib,' \
	-e 's,@includedir@,/usr/include,' \
	-e 's,@VERSION@,2.76,' \
	-e 's,@deps@,,' \
	libcap.pc.in >libcap.pc
=> making cap_names.list.h from /sources/libcap-2.76/libcap/../libcap/include/uapi/linux/capability.h
grep -E '^#define\s+CAP_([^\s]+)\s+[0-9]+\s*$' include/uapi/linux/capability.h | sed -e 's/^#define\s\+/{"/' -e 's/\s*$/},/' -e 's/\s\+/",/' -e 'y/ABCDEFGHIJKLMNOPQRSTUVWXYZ/abcdefghijklmnopqrstuvwxyz/' > cap_names.list.h
make libpsx.pc
make[2]: Entering directory '/sources/libcap-2.76/libcap'
gcc -O2 -Dlinux -Wall -Wwrite-strings -Wpointer-arith -Wcast-qual -Wcast-align -Wstrict-prototypes -Wmissing-prototypes -Wnested-externs -Winline -Wshadow -Wunreachable-code  -D_LARGEFILE64_SOURCE -D_FILE_OFFSET_BITS=64 -I/sources/libcap-2.76/libcap/../libcap/include/uapi -I/sources/libcap-2.76/libcap/../libcap/include _makenames.c -o _makenames
sed -e 's,@prefix@,/usr,' \
	-e 's,@exec_prefix@,/usr,' \
	-e 's,@libdir@,/usr/lib,' \
	-e 's,@includedir@,/usr/include,' \
	-e 's,@VERSION@,2.76,' \
	-e 's,@deps@,,' \
	libpsx.pc.in >libpsx.pc
make[2]: Leaving directory '/sources/libcap-2.76/libcap'
./_makenames > cap_names.h
gcc -O2  -Wall -Wwrite-strings -Wpointer-arith -Wcast-qual -Wcast-align -Wstrict-prototypes -Wmissing-prototypes -Wnested-externs -Winline -Wshadow -Wunreachable-code -fPIC -D_LIBPSX_PTHREAD_LINKAGE -Dlinux -D_LARGEFILE64_SOURCE -D_FILE_OFFSET_BITS=64 -I/sources/libcap-2.76/libcap/../libcap/include/uapi -I/sources/libcap-2.76/libcap/../libcap/include -c cap_alloc.c -o cap_alloc.o
gcc -O2  -Wall -Wwrite-strings -Wpointer-arith -Wcast-qual -Wcast-align -Wstrict-prototypes -Wmissing-prototypes -Wnested-externs -Winline -Wshadow -Wunreachable-code -fPIC -D_LIBPSX_PTHREAD_LINKAGE -Dlinux -D_LARGEFILE64_SOURCE -D_FILE_OFFSET_BITS=64 -I/sources/libcap-2.76/libcap/../libcap/include/uapi -I/sources/libcap-2.76/libcap/../libcap/include -c cap_proc.c -o cap_proc.o
gcc -O2  -Wall -Wwrite-strings -Wpointer-arith -Wcast-qual -Wcast-align -Wstrict-prototypes -Wmissing-prototypes -Wnested-externs -Winline -Wshadow -Wunreachable-code -fPIC -D_LIBPSX_PTHREAD_LINKAGE -Dlinux -D_LARGEFILE64_SOURCE -D_FILE_OFFSET_BITS=64 -I/sources/libcap-2.76/libcap/../libcap/include/uapi -I/sources/libcap-2.76/libcap/../libcap/include -c cap_extint.c -o cap_extint.o
gcc -O2  -Wall -Wwrite-strings -Wpointer-arith -Wcast-qual -Wcast-align -Wstrict-prototypes -Wmissing-prototypes -Wnested-externs -Winline -Wshadow -Wunreachable-code -fPIC -D_LIBPSX_PTHREAD_LINKAGE -Dlinux -D_LARGEFILE64_SOURCE -D_FILE_OFFSET_BITS=64 -I/sources/libcap-2.76/libcap/../libcap/include/uapi -I/sources/libcap-2.76/libcap/../libcap/include -c cap_flag.c -o cap_flag.o
gcc -O2  -Wall -Wwrite-strings -Wpointer-arith -Wcast-qual -Wcast-align -Wstrict-prototypes -Wmissing-prototypes -Wnested-externs -Winline -Wshadow -Wunreachable-code -fPIC -D_LIBPSX_PTHREAD_LINKAGE -Dlinux -D_LARGEFILE64_SOURCE -D_FILE_OFFSET_BITS=64 -I/sources/libcap-2.76/libcap/../libcap/include/uapi -I/sources/libcap-2.76/libcap/../libcap/include  -c cap_text.c -o cap_text.o
gcc -O2  -Wall -Wwrite-strings -Wpointer-arith -Wcast-qual -Wcast-align -Wstrict-prototypes -Wmissing-prototypes -Wnested-externs -Winline -Wshadow -Wunreachable-code -fPIC -D_LIBPSX_PTHREAD_LINKAGE -Dlinux -D_LARGEFILE64_SOURCE -D_FILE_OFFSET_BITS=64 -I/sources/libcap-2.76/libcap/../libcap/include/uapi -I/sources/libcap-2.76/libcap/../libcap/include -c cap_file.c -o cap_file.o
gcc -O2  -Wall -Wwrite-strings -Wpointer-arith -Wcast-qual -Wcast-align -Wstrict-prototypes -Wmissing-prototypes -Wnested-externs -Winline -Wshadow -Wunreachable-code -fPIC -D_LIBPSX_PTHREAD_LINKAGE -Dlinux -D_LARGEFILE64_SOURCE -D_FILE_OFFSET_BITS=64 -I/sources/libcap-2.76/libcap/../libcap/include/uapi -I/sources/libcap-2.76/libcap/../libcap/include -c cap_syscalls.c -o cap_syscalls.o
ar rcs libcap.a cap_alloc.o cap_proc.o cap_extint.o cap_flag.o cap_text.o cap_file.o cap_syscalls.o
ranlib libcap.a
make libcap.so
make[2]: Entering directory '/sources/libcap-2.76/libcap'
gcc -O2  -Wall -Wwrite-strings -Wpointer-arith -Wcast-qual -Wcast-align -Wstrict-prototypes -Wmissing-prototypes -Wnested-externs -Winline -Wshadow -Wunreachable-code -fPIC -D_LIBPSX_PTHREAD_LINKAGE -Dlinux -D_LARGEFILE64_SOURCE -D_FILE_OFFSET_BITS=64 -I/sources/libcap-2.76/libcap/../libcap/include/uapi -I/sources/libcap-2.76/libcap/../libcap/include  empty.c -o empty
objcopy --dump-section .interp=loader.txt empty /dev/null
gcc -O2  -Wall -Wwrite-strings -Wpointer-arith -Wcast-qual -Wcast-align -Wstrict-prototypes -Wmissing-prototypes -Wnested-externs -Winline -Wshadow -Wunreachable-code -fPIC -D_LIBPSX_PTHREAD_LINKAGE -Dlinux -D_LARGEFILE64_SOURCE -D_FILE_OFFSET_BITS=64 -I/sources/libcap-2.76/libcap/../libcap/include/uapi -I/sources/libcap-2.76/libcap/../libcap/include -DLIBRARY_VERSION=\"libcap-2.76\" -DSHARED_LOADER=\"/lib64/ld-linux-x86-64.so.2\" -include ./libcap.h -c execable.c -o cap_magic.o
gcc -Wl,-x -shared -Wl,-shared -O2  -Wall -Wwrite-strings -Wpointer-arith -Wcast-qual -Wcast-align -Wstrict-prototypes -Wmissing-prototypes -Wnested-externs -Winline -Wshadow -Wunreachable-code -fPIC -D_LIBPSX_PTHREAD_LINKAGE  -Wl,-soname,libcap.so.2 -o libcap.so.2.76 cap_alloc.o cap_proc.o cap_extint.o cap_flag.o cap_text.o cap_file.o cap_syscalls.o cap_magic.o -Wl,-e,__so_start
ln -sf libcap.so.2.76 libcap.so.2
ln -sf libcap.so.2 libcap.so
make[2]: Leaving directory '/sources/libcap-2.76/libcap'
make libpsx.a
make[2]: Entering directory '/sources/libcap-2.76/libcap'
gcc -O2  -Wall -Wwrite-strings -Wpointer-arith -Wcast-qual -Wcast-align -Wstrict-prototypes -Wmissing-prototypes -Wnested-externs -Winline -Wshadow -Wunreachable-code -fPIC -D_LIBPSX_PTHREAD_LINKAGE -Dlinux -D_LARGEFILE64_SOURCE -D_FILE_OFFSET_BITS=64 -I/sources/libcap-2.76/libcap/../libcap/include/uapi -I/sources/libcap-2.76/libcap/../libcap/include -c ../psx/psx.c -o ../psx/psx.o
gcc -O2  -Wall -Wwrite-strings -Wpointer-arith -Wcast-qual -Wcast-align -Wstrict-prototypes -Wmissing-prototypes -Wnested-externs -Winline -Wshadow -Wunreachable-code -fPIC -D_LIBPSX_PTHREAD_LINKAGE -Dlinux -D_LARGEFILE64_SOURCE -D_FILE_OFFSET_BITS=64 -I/sources/libcap-2.76/libcap/../libcap/include/uapi -I/sources/libcap-2.76/libcap/../libcap/include -c ../psx/psx_calls.c -o ../psx/psx_calls.o
gcc -O2  -Wall -Wwrite-strings -Wpointer-arith -Wcast-qual -Wcast-align -Wstrict-prototypes -Wmissing-prototypes -Wnested-externs -Winline -Wshadow -Wunreachable-code -fPIC -D_LIBPSX_PTHREAD_LINKAGE -Dlinux -D_LARGEFILE64_SOURCE -D_FILE_OFFSET_BITS=64 -I/sources/libcap-2.76/libcap/../libcap/include/uapi -I/sources/libcap-2.76/libcap/../libcap/include -c ../psx/wrap/psx_wrap.c -o ../psx/wrap/psx_wrap.o
rm -f include/sys/psx_syscall.h
ln -s ../../../psx/psx_syscall.h include/sys/psx_syscall.h
ar rcs libpsx.a ../psx/psx.o ../psx/psx_calls.o ../psx/wrap/psx_wrap.o
ranlib libpsx.a
make[2]: Leaving directory '/sources/libcap-2.76/libcap'
make libpsx.so
make[2]: Entering directory '/sources/libcap-2.76/libcap'
gcc -O2  -Wall -Wwrite-strings -Wpointer-arith -Wcast-qual -Wcast-align -Wstrict-prototypes -Wmissing-prototypes -Wnested-externs -Winline -Wshadow -Wunreachable-code -fPIC -D_LIBPSX_PTHREAD_LINKAGE -Dlinux -D_LARGEFILE64_SOURCE -D_FILE_OFFSET_BITS=64 -I/sources/libcap-2.76/libcap/../libcap/include/uapi -I/sources/libcap-2.76/libcap/../libcap/include -DLIBRARY_VERSION=\"libpsx-2.76\" -DSHARED_LOADER=\"/lib64/ld-linux-x86-64.so.2\" -c psx_exec.c -o psx_magic.o
gcc -Wl,-x -shared -Wl,-shared -O2  -Wall -Wwrite-strings -Wpointer-arith -Wcast-qual -Wcast-align -Wstrict-prototypes -Wmissing-prototypes -Wnested-externs -Winline -Wshadow -Wunreachable-code -fPIC -D_LIBPSX_PTHREAD_LINKAGE  -Wl,-soname,libpsx.so.2 -o libpsx.so.2.76 ../psx/psx.o ../psx/psx_calls.o ../psx/wrap/psx_wrap.o psx_magic.o -Wl,-e,__so_start -lpthread
ln -sf libpsx.so.2.76 libpsx.so.2
ln -sf libpsx.so.2 libpsx.so
make[2]: Leaving directory '/sources/libcap-2.76/libcap'
make[1]: Leaving directory '/sources/libcap-2.76/libcap'
make -C tests all
make[1]: Entering directory '/sources/libcap-2.76/tests'
leave test building to test target
make[1]: Leaving directory '/sources/libcap-2.76/tests'
make -C progs all
make[1]: Entering directory '/sources/libcap-2.76/progs'
gcc -O2  -Wall -Wwrite-strings -Wpointer-arith -Wcast-qual -Wcast-align -Wstrict-prototypes -Wmissing-prototypes -Wnested-externs -Winline -Wshadow -Wunreachable-code -Dlinux -D_LARGEFILE64_SOURCE -D_FILE_OFFSET_BITS=64 -I/sources/libcap-2.76/progs/../libcap/include/uapi -I/sources/libcap-2.76/progs/../libcap/include -c getpcaps.c -o getpcaps.o
gcc -O2  -Wall -Wwrite-strings -Wpointer-arith -Wcast-qual -Wcast-align -Wstrict-prototypes -Wmissing-prototypes -Wnested-externs -Winline -Wshadow -Wunreachable-code -Dlinux -D_LARGEFILE64_SOURCE -D_FILE_OFFSET_BITS=64 -I/sources/libcap-2.76/progs/../libcap/include/uapi -I/sources/libcap-2.76/progs/../libcap/include -c getcap.c -o getcap.o
gcc -O2  -Wall -Wwrite-strings -Wpointer-arith -Wcast-qual -Wcast-align -Wstrict-prototypes -Wmissing-prototypes -Wnested-externs -Winline -Wshadow -Wunreachable-code -Dlinux -D_LARGEFILE64_SOURCE -D_FILE_OFFSET_BITS=64 -I/sources/libcap-2.76/progs/../libcap/include/uapi -I/sources/libcap-2.76/progs/../libcap/include -c setcap.c -o setcap.o
./mkcapshdoc.sh > capshdoc.c.cf
gcc -O2  -Wall -Wwrite-strings -Wpointer-arith -Wcast-qual -Wcast-align -Wstrict-prototypes -Wmissing-prototypes -Wnested-externs -Winline -Wshadow -Wunreachable-code  getcap.o -L/sources/libcap-2.76/progs/../libcap -lcap  -o getcap
gcc -O2  -Wall -Wwrite-strings -Wpointer-arith -Wcast-qual -Wcast-align -Wstrict-prototypes -Wmissing-prototypes -Wnested-externs -Winline -Wshadow -Wunreachable-code  getpcaps.o -L/sources/libcap-2.76/progs/../libcap -lcap  -o getpcaps
gcc -O2  -Wall -Wwrite-strings -Wpointer-arith -Wcast-qual -Wcast-align -Wstrict-prototypes -Wmissing-prototypes -Wnested-externs -Winline -Wshadow -Wunreachable-code  setcap.o -L/sources/libcap-2.76/progs/../libcap -lcap  -o setcap
diff -u capshdoc.c capshdoc.c.cf || (rm capshdoc.c.cf ; exit 1)
gcc -O2  -Wall -Wwrite-strings -Wpointer-arith -Wcast-qual -Wcast-align -Wstrict-prototypes -Wmissing-prototypes -Wnested-externs -Winline -Wshadow -Wunreachable-code -Dlinux -D_LARGEFILE64_SOURCE -D_FILE_OFFSET_BITS=64 -I/sources/libcap-2.76/progs/../libcap/include/uapi -I/sources/libcap-2.76/progs/../libcap/include   capsh.c capshdoc.c -L/sources/libcap-2.76/progs/../libcap -lcap  -o capsh
make[1]: Leaving directory '/sources/libcap-2.76/progs'
make -C doc all
make[1]: Entering directory '/sources/libcap-2.76/doc'
make[1]: Nothing to be done for 'all'.
make[1]: Leaving directory '/sources/libcap-2.76/doc'
