checking build system type... x86_64-pc-linux-gnu
checking host system type... x86_64-lfs-linux-gnu

Beginning configuration for bash-5.3-release for x86_64-lfs-linux-gnu

checking for x86_64-lfs-linux-gnu-gcc... x86_64-lfs-linux-gnu-gcc
checking whether the C compiler works... yes
checking for C compiler default output file name... a.out
checking for suffix of executables... 
checking whether we are cross compiling... yes
checking for suffix of object files... o
checking whether the compiler supports GNU C... yes
checking whether x86_64-lfs-linux-gnu-gcc accepts -g... yes
checking for x86_64-lfs-linux-gnu-gcc option to enable C11 features... none needed
checking for stdio.h... yes
checking for stdlib.h... yes
checking for string.h... yes
checking for inttypes.h... yes
checking for stdint.h... yes
checking for strings.h... yes
checking for sys/stat.h... yes
checking for sys/types.h... yes
checking for unistd.h... yes
checking for wchar.h... yes
checking for minix/config.h... no
checking for stdbool.h... yes
checking for sys/param.h... yes
checking for threads.h... yes
checking for xlocale.h... no
checking for sys/time.h... yes
checking whether it is safe to define __EXTENSIONS__... yes
checking whether _XOPEN_SOURCE should be defined... no
checking for x86_64-lfs-linux-gnu-gcc option to enable large file support... none needed
checking for a BSD-compatible install... /usr/bin/install -c
checking for x86_64-lfs-linux-gnu-ar... x86_64-lfs-linux-gnu-ar
checking for x86_64-lfs-linux-gnu-ranlib... x86_64-lfs-linux-gnu-ranlib
checking for bison... bison -y
checking whether make sets $(MAKE)... yes
checking for x86_64-lfs-linux-gnu-strip... x86_64-lfs-linux-gnu-strip
checking for an ANSI C-conforming const... yes
checking for inline... inline
checking whether byte ordering is bigendian... no
checking for long double... yes
checking whether char is unsigned... no
checking for working volatile... yes
checking for C/C++ restrict keyword... __restrict__
checking for bool, true, false... yes
checking for a race-free mkdir -p... /usr/bin/mkdir -p
checking for a sed that does not truncate output... /usr/bin/sed
checking whether NLS is requested... yes
checking for msgfmt... no
checking for gmsgfmt... :
checking for xgettext... no
checking for msgmerge... no
checking how to run the C preprocessor... x86_64-lfs-linux-gnu-gcc -E
checking for egrep -e... /usr/bin/grep -E
checking whether we are using the GNU C Library 2 or newer... yes
checking whether the -Werror option is usable... yes
checking for simple visibility declarations... yes
checking for size_t... yes
checking for stdint.h... yes
checking for working alloca.h... yes
checking for alloca... yes
checking for getpagesize... yes
checking for symlink... yes
checking for uselocale... yes
checking for vprintf... yes
checking for alarm... yes
checking for fpurge... no
checking for __fpurge... yes
checking for snprintf... yes
checking for vsnprintf... yes
checking for working mmap... yes
checking whether integer division by zero raises SIGFPE... guessing yes
checking for inttypes.h... yes
checking for unsigned long long int... yes
checking whether imported symbols can be declared weak... guessing yes
checking for pthread.h... yes
checking for pthread_kill in -lpthread... yes
checking whether POSIX threads API is available... yes
checking for multithread API to use... posix
checking for pthread_rwlock_t... yes
checking whether pthread_rwlock_rdlock prefers a writer to a reader... guessing no
checking for x86_64-lfs-linux-gnu-gcc options needed to detect all undeclared functions... none needed
checking for ld used by x86_64-lfs-linux-gnu-gcc... /mnt/lfs/tools/x86_64-lfs-linux-gnu/bin/ld
checking if the linker (/mnt/lfs/tools/x86_64-lfs-linux-gnu/bin/ld) is GNU ld... yes
checking for shared library run path origin... done
checking 32-bit host C ABI... no
checking for ELF binary format... yes
checking for the common suffixes of directories in the library search path... lib,lib,lib64
checking for iconv... yes
checking for working iconv... guessing yes
checking whether iconv is compatible with its POSIX signature... yes
checking for inttypes.h... (cached) yes
checking for unistd.h... (cached) yes
checking for sys/param.h... (cached) yes
checking for getcwd... yes
checking for getegid... yes
checking for geteuid... yes
checking for getgid... yes
checking for getuid... yes
checking for mempcpy... yes
checking for munmap... yes
checking for stpcpy... yes
checking for strcasecmp... yes
checking for tsearch... yes
checking for __fsetlocking... yes
checking whether feof_unlocked is declared... yes
checking whether fgets_unlocked is declared... yes
checking for localeconv... yes
checking for bison... bison
checking for bison 3.0 or newer... 3.8.2, ok
checking for long long int... yes
checking for wchar_t... yes
checking for wint_t... yes
checking whether wint_t is large enough... yes
checking for intmax_t... yes
checking whether printf() supports POSIX/XSI format strings... guessing yes
checking for stdint.h... (cached) yes
checking for SIZE_MAX... yes
checking for stdint.h... (cached) yes
checking for working fcntl.h... cross-compiling
checking whether uselocale works... guessing yes
checking for fake locale system (OpenBSD)... guessing no
checking for Solaris 11.4 locale system... no
checking for getlocalename_l... no
checking for CFPreferencesCopyAppValue... no
checking for CFLocaleCopyPreferredLanguages... no
checking for flexible array member... yes
checking for x86_64-lfs-linux-gnu-ar... (cached) x86_64-lfs-linux-gnu-ar
checking for ptrdiff_t... yes
checking for features.h... yes
checking for stddef.h... yes
checking for stdlib.h... (cached) yes
checking for string.h... (cached) yes
checking for asprintf... yes
checking for wprintf... yes
checking for newlocale... yes
checking for putenv... yes
checking for setenv... yes
checking for snprintf... (cached) yes
checking for strnlen... yes
checking for uselocale... (cached) yes
checking for wcslen... yes
checking for wcsnlen... yes
checking for mbrtowc... yes
checking for wcrtomb... yes
checking whether _snprintf is declared... no
checking whether _snwprintf is declared... no
checking whether getc_unlocked is declared... yes
checking for nl_langinfo and CODESET... yes
checking for LC_MESSAGES... yes
checking for CFPreferencesCopyAppValue... (cached) no
checking for CFLocaleCopyPreferredLanguages... (cached) no
checking whether included gettext is requested... no
checking for GNU gettext in libc... yes
checking whether to use NLS... yes
checking where the gettext function comes from... libc
checking for dirent.h that defines DIR... yes
checking for library containing opendir... none required
checking for sys/mkdev.h... no
checking for sys/sysmacros.h... yes
checking for inttypes.h... (cached) yes
checking for unistd.h... (cached) yes
checking for stdlib.h... (cached) yes
checking for varargs.h... no
checking for limits.h... yes
checking for string.h... (cached) yes
checking for memory.h... yes
checking for locale.h... yes
checking for termcap.h... yes
checking for termio.h... no
checking for termios.h... yes
checking for dlfcn.h... yes
checking for stddef.h... (cached) yes
checking for stdint.h... (cached) yes
checking for netdb.h... yes
checking for pwd.h... yes
checking for grp.h... yes
checking for strings.h... (cached) yes
checking for stdckdint.h... yes
checking for regex.h... yes
checking for syslog.h... yes
checking for ulimit.h... yes
checking for sys/pte.h... no
checking for sys/stream.h... no
checking for sys/select.h... yes
checking for sys/file.h... yes
checking for sys/ioctl.h... yes
checking for sys/mman.h... yes
checking for sys/param.h... (cached) yes
checking for sys/random.h... yes
checking for sys/socket.h... yes
checking for sys/stat.h... (cached) yes
checking for sys/time.h... (cached) yes
checking for sys/times.h... yes
checking for sys/types.h... (cached) yes
checking for sys/wait.h... yes
checking for netinet/in.h... yes
checking for arpa/inet.h... yes
checking for sys/ptem.h... no
checking for sys/resource.h... yes
checking for working alloca.h... (cached) yes
checking for alloca... (cached) yes
checking for uid_t... yes
checking for gid_t... yes
checking for working chown... yes
checking whether getpgrp requires zero arguments... yes
checking for working strcoll... yes
checking for __setostype... no
checking for wait3... yes
checking for mkfifo... yes
checking for dup2... yes
checking for eaccess... yes
checking for fcntl... yes
checking for getdtablesize... yes
checking for getentropy... yes
checking for getgroups... yes
checking for gethostname... yes
checking for getpagesize... (cached) yes
checking for getpeername... yes
checking for getrandom... yes
checking for getrlimit... yes
checking for getrusage... yes
checking for gettimeofday... yes
checking for kill... yes
checking for killpg... yes
checking for lstat... yes
checking for nanosleep... yes
checking for pselect... yes
checking for readlink... yes
checking for select... yes
checking for setdtablesize... no
checking for setitimer... yes
checking for statfs... yes
checking for tcgetpgrp... yes
checking for uname... yes
checking for ulimit... yes
checking for waitpid... yes
checking for rename... yes
checking for bcopy... yes
checking for bzero... yes
checking for clock_gettime... yes
checking for confstr... yes
checking for faccessat... yes
checking for fnmatch... yes
checking for getaddrinfo... yes
checking for gethostbyname... yes
checking for getservbyname... yes
checking for getservent... yes
checking for inet_aton... yes
checking for imaxdiv... yes
checking for memmove... yes
checking for pathconf... yes
checking for putenv... (cached) yes
checking for raise... yes
checking for random... yes
checking for regcomp... yes
checking for regexec... yes
checking for setenv... (cached) yes
checking for setlinebuf... yes
checking for setlocale... yes
checking for setvbuf... yes
checking for siginterrupt... yes
checking for strchr... yes
checking for sysconf... yes
checking for syslog... yes
checking for tcgetattr... yes
checking for tcgetwinsize... no
checking for tcsetwinsize... no
checking for times... yes
checking for ttyname... yes
checking for tzset... yes
checking for unsetenv... yes
checking for vasprintf... yes
checking for asprintf... (cached) yes
checking for isascii... yes
checking for isblank... yes
checking for isgraph... yes
checking for isprint... yes
checking for isspace... yes
checking for isxdigit... yes
checking for getpwent... yes
checking for getpwnam... yes
checking for getpwuid... yes
checking for mkstemp... yes
checking for mkdtemp... yes
checking for arc4random... yes
checking for strlcat... yes
checking for memfd_create... yes
checking for shm_open... yes
checking for shm_mkstemp... no
checking for getcwd... (cached) yes
checking for memset... yes
checking for strcasecmp... (cached) yes
checking for strcasestr... yes
checking for strerror... yes
checking for strftime... yes
checking for strnlen... (cached) yes
checking for strpbrk... yes
checking for strstr... yes
checking for strtod... yes
checking for strtol... yes
checking for strtoul... yes
checking for strtoll... yes
checking for strtoull... yes
checking for strtoumax... yes
checking for dprintf... yes
checking for strdup... yes
checking for strlcpy... yes
checking for reallocarray... yes
checking for libaudit.h... no
checking whether AUDIT_USER_TTY is declared... yes
checking whether confstr is declared... yes
checking whether printf is declared... yes
checking whether brk is declared... yes
checking whether sbrk is declared... yes
checking whether setregid is declared... yes
checking whether strcpy is declared... yes
checking whether strsignal is declared... yes
checking for setresuid... yes
checking for setresgid... yes
checking whether strtold is declared... yes
checking for broken strtold... no
checking whether strtol is declared... yes
checking whether strtoll is declared... yes
checking whether strtoul is declared... yes
checking whether strtoull is declared... yes
checking whether strtoumax is declared... yes
checking for working mktime... no
checking for argz.h... yes
checking for errno.h... yes
checking for fcntl.h... yes
checking for malloc.h... yes
checking for stdio_ext.h... yes
checking for working mmap... (cached) yes
checking for __argz_count... yes
checking for __argz_next... yes
checking for __argz_stringify... yes
checking for dcgettext... yes
checking for locale_charset... no
checking for mempcpy... (cached) yes
checking for munmap... (cached) yes
checking for mremap... yes
checking for stpcpy... (cached) yes
checking for strcspn... yes
checking for wctype.h... yes
checking for wchar.h... (cached) yes
checking for langinfo.h... yes
checking for mbstr.h... no
checking for mbrlen... yes
checking for mbscasecmp... no
checking for mbscmp... no
checking for mbsncmp... no
checking for mbsnrtowcs... yes
checking for mbsrtowcs... yes
checking for mbschr... no
checking for wcrtomb... (cached) yes
checking for wcscoll... yes
checking for wcsdup... yes
checking for wcwidth... yes
checking for wctype... yes
checking for wcsnrtombs... yes
checking for wcswidth... yes
checking whether mbrtowc and mbstate_t are properly declared... (cached) yes
checking for iswlower... yes
checking for iswupper... yes
checking for towlower... yes
checking for towupper... yes
checking for iswctype... yes
checking for wchar_t in wchar.h... yes
checking for wctype_t in wctype.h... yes
checking for wint_t in wctype.h... yes
checking for wcwidth broken with unicode combining characters... no
checking for locale_charset... (cached) no
checking size of wchar_t... 4
checking for dlopen in -ldl... yes
checking for dlopen... yes
checking for dlclose... yes
checking for dlsym... yes
checking type of array argument to getgroups... gid_t
checking for off_t... yes
checking for mode_t... yes
checking for uid_t... (cached) yes
checking for gid_t... (cached) yes
checking for pid_t... yes
checking for size_t... (cached) yes
checking for intptr_t... yes
checking for uintptr_t... yes
checking for ssize_t... yes
checking for time_t... yes
checking for long long int... (cached) yes
checking for unsigned long long int... (cached) yes
checking for sig_atomic_t in signal.h... yes
checking size of char... 1
checking size of short... 2
checking size of int... 4
checking size of long... 8
checking size of char *... 8
checking size of size_t... 8
checking size of double... 8
checking size of long long... 8
checking for bits16_t... no
checking for u_bits16_t... no
checking for bits32_t... no
checking for u_bits32_t... no
checking for bits64_t... no
checking for ptrdiff_t... (cached) yes
checking whether stat file-mode macros are broken... no
checking whether #! works in shell scripts... yes
checking whether strchrnul works... no
checking if dup2 fails to clear the close-on-exec flag... configure: WARNING: cannot check dup2 if cross compiling -- defaulting to no
no
checking whether pgrps need synchronization... configure: WARNING: cannot check pgrp synchronization if cross compiling -- defaulting to no
no
checking for type of signal functions... posix
checking for sys_errlist and sys_nerr... yes
checking whether sys_siglist is declared... no
checking for sys_siglist in system C library... configure: WARNING: cannot check for sys_siglist if cross compiling -- defaulting to no
no
checking for _sys_siglist in signal.h or unistd.h... no
checking for _sys_siglist in system C library... configure: WARNING: cannot check for _sys_siglist if cross compiling -- defaulting to no
no
checking for clock_t... yes
checking for sigset_t... yes
checking for socklen_t... yes
checking for quad_t... yes
checking for type of struct rlimit fields... rlim_t
checking for intmax_t... yes
checking for uintmax_t... yes
checking size of intmax_t... 8
checking for struct termios.c_line... yes
checking for struct termio.c_line... no
checking for struct dirent.d_ino... yes
checking for struct dirent.d_fileno... yes
checking for struct dirent.d_namlen... no
checking for d_type member in directory struct... yes
checking for struct winsize in sys/ioctl.h and termios.h... sys/ioctl.h
checking for struct timeval in sys/time.h and time.h... yes
checking for struct stat.st_blocks... yes
checking whether struct tm is in sys/time.h or time.h... time.h
checking for struct tm.tm_zone... yes
checking for struct timezone in sys/time.h and time.h... yes
checking for offset of exit status in return status from wait... configure: WARNING: cannot check WEXITSTATUS offset if cross compiling -- defaulting to 0
0
checking for struct timespec in <time.h>... yes
checking for struct stat.st_atim.tv_nsec... yes
checking whether struct stat.st_atim is of type struct timespec... yes
checking for sbrk... yes
checking for working sbrk... configure: WARNING: cannot check working sbrk if cross-compiling
yes
checking for brk... no
checking for the existence of strsignal... yes
checking if opendir() opens non-directories... configure: WARNING: cannot check opendir if cross compiling -- defaulting to no
no
checking whether ulimit can substitute for getdtablesize... configure: WARNING: cannot check ulimit if cross compiling -- defaulting to no
no
checking whether fpurge is declared... no
checking to see if getenv can be redefined... configure: WARNING: cannot check getenv redefinition if cross compiling -- defaulting to yes
yes
checking if getcwd() will dynamically allocate memory with 0 size... configure: WARNING: cannot check whether getcwd allocates memory when cross-compiling -- defaulting to no
no
checking for presence of POSIX-style sigsetjmp/siglongjmp... configure: WARNING: cannot check for sigsetjmp/siglongjmp if cross-compiling -- defaulting to yes
present
checking whether or not strcoll and strcmp differ... configure: WARNING: cannot check strcoll if cross compiling -- defaulting to no
no
checking for standard-conformant snprintf... configure: WARNING: cannot check standard snprintf if cross-compiling
yes
checking for standard-conformant vsnprintf... configure: WARNING: cannot check standard vsnprintf if cross-compiling
yes
checking for strtoimax... yes
checking whether strtoimax is declared... yes
checking whether clearerr_unlocked is declared... yes
checking whether feof_unlocked is declared... (cached) yes
checking whether ferror_unlocked is declared... yes
checking whether fflush_unlocked is declared... yes
checking whether fgets_unlocked is declared... (cached) yes
checking whether fputc_unlocked is declared... yes
checking whether fputs_unlocked is declared... yes
checking whether fread_unlocked is declared... yes
checking whether fwrite_unlocked is declared... yes
checking whether getc_unlocked is declared... (cached) yes
checking whether getchar_unlocked is declared... yes
checking whether putc_unlocked is declared... yes
checking whether putchar_unlocked is declared... yes
checking for standard-conformant putenv declaration... yes
checking for standard-conformant unsetenv declaration... yes
checking for printf floating point output in hex notation... configure: WARNING: cannot check printf if cross compiling -- defaulting to no
no
checking whether fnmatch can be used to check bracket equivalence classes... configure: WARNING: cannot check fnmatch if cross compiling -- defaulting to no
no
checking if signal handlers must be reinstalled when invoked... configure: WARNING: cannot check signal handling if cross compiling -- defaulting to no
no
checking for presence of necessary job control definitions... present
checking for presence of named pipes... configure: WARNING: cannot check for named pipes if cross-compiling -- defaulting to missing
missing
checking whether termios.h defines TIOCGWINSZ... no
checking whether sys/ioctl.h defines TIOCGWINSZ... yes
checking for TIOCSTAT in sys/ioctl.h... no
checking for FIONREAD in sys/ioctl.h... yes
checking whether WCONTINUED flag to waitpid is unavailable or available but broken... configure: WARNING: cannot check WCONTINUED if cross compiling -- defaulting to no
no
checking for speed_t in sys/types.h... no
checking whether getpw functions are declared in pwd.h... yes
checking for unusable real-time signals due to large values... configure: WARNING: cannot check real-time signals if cross compiling -- defaulting to yes
yes
checking for tgetent... no
checking for tgetent in -ltermcap... no
checking for tgetent in -ltinfo... no
checking for tgetent in -lcurses... no
checking for tgetent in -lncursesw... yes
checking which library has the termcap functions... using libncursesw
checking whether /dev/fd is available... standard
checking whether /dev/stdin stdout stderr are available... present
checking for default mail directory... /var/mail
checking shared object configuration for loadable builtins... supported
configure: creating ./config.status
config.status: creating Makefile
config.status: creating builtins/Makefile
config.status: creating lib/readline/Makefile
config.status: creating lib/glob/Makefile
config.status: creating lib/intl/Makefile
config.status: creating lib/malloc/Makefile
config.status: creating lib/sh/Makefile
config.status: creating lib/termcap/Makefile
config.status: creating lib/tilde/Makefile
config.status: creating doc/Makefile
config.status: creating support/Makefile
config.status: creating po/Makefile.in
config.status: creating examples/loadables/Makefile
config.status: creating examples/loadables/Makefile.inc
config.status: creating examples/loadables/Makefile.sample
config.status: creating examples/loadables/perl/Makefile
config.status: creating support/bash.pc
config.status: creating support/bashbug.sh
config.status: creating config.h
config.status: creating buildconf.h
config.status: executing po-directories commands
config.status: creating po/POTFILES
config.status: creating po/Makefile
config.status: executing stamp-h commands
