rm -f mksignames.o
rm -f buildsignames.o
rm -f unwind_prot.o
rm -f mksyntax
gcc -DPROGRAM='"bash"' -DCONF_HOSTTYPE='"x86_64"' -DCONF_OSTYPE='"linux-gnu"' -DCONF_MACHTYPE='"x86_64-lfs-linux-gnu"' -DCONF_VENDOR='"lfs"' -DLOCALEDIR='"/usr/share/locale"' -DPACKAGE='"bash"' -DSHELL -DHAVE_CONFIG_H   -I.  -I. -I./include -I./lib  -Wno-parentheses -Wno-format-security  -g -DCROSS_COMPILING -DBUILDTOOL -c ./support/mksignames.c
gcc -DPROGRAM='"bash"' -DCONF_HOSTTYPE='"x86_64"' -DCONF_OSTYPE='"linux-gnu"' -DCONF_MACHTYPE='"x86_64-lfs-linux-gnu"' -DCONF_VENDOR='"lfs"' -DLOCALEDIR='"/usr/share/locale"' -DPACKAGE='"bash"' -DSHELL -DHAVE_CONFIG_H   -I.  -I. -I./include -I./lib  -Wno-parentheses -Wno-format-security  -g -DCROSS_COMPILING -DBUILDTOOL -o buildsignames.o -c ./support/signames.c
x86_64-lfs-linux-gnu-gcc  -DPROGRAM='"bash"' -DCONF_HOSTTYPE='"x86_64"' -DCONF_OSTYPE='"linux-gnu"' -DCONF_MACHTYPE='"x86_64-lfs-linux-gnu"' -DCONF_VENDOR='"lfs"' -DLOCALEDIR='"/usr/share/locale"' -DPACKAGE='"bash"' -DSHELL -DHAVE_CONFIG_H   -I.  -I. -I./include -I./lib  -Wno-parentheses -Wno-format-security   -g -O2 -c unwind_prot.c
gcc -DPROGRAM='"bash"' -DCONF_HOSTTYPE='"x86_64"' -DCONF_OSTYPE='"linux-gnu"' -DCONF_MACHTYPE='"x86_64-lfs-linux-gnu"' -DCONF_VENDOR='"lfs"' -DLOCALEDIR='"/usr/share/locale"' -DPACKAGE='"bash"' -DSHELL -DHAVE_CONFIG_H   -I.  -I. -I./include -I./lib  -Wno-parentheses -Wno-format-security  -g -DCROSS_COMPILING -rdynamic -g -DCROSS_COMPILING -o mksyntax ./mksyntax.c 
rm -f alias.o
make[1]: Entering directory '/mnt/lfs/sources/bash-5.3/builtins'
rm -f mkbuiltins.o
x86_64-lfs-linux-gnu-gcc  -DPROGRAM='"bash"' -DCONF_HOSTTYPE='"x86_64"' -DCONF_OSTYPE='"linux-gnu"' -DCONF_MACHTYPE='"x86_64-lfs-linux-gnu"' -DCONF_VENDOR='"lfs"' -DLOCALEDIR='"/usr/share/locale"' -DPACKAGE='"bash"' -DSHELL -DHAVE_CONFIG_H   -I.  -I. -I./include -I./lib  -Wno-parentheses -Wno-format-security   -g -O2 -c alias.c
gcc -c  -DHAVE_CONFIG_H -DSHELL -I. -I..  -I.. -I../include -I../lib -I.  -Wno-parentheses -Wno-format-security   -g -DCROSS_COMPILING mkbuiltins.c
rm -f xmalloc.o
x86_64-lfs-linux-gnu-gcc  -DPROGRAM='"bash"' -DCONF_HOSTTYPE='"x86_64"' -DCONF_OSTYPE='"linux-gnu"' -DCONF_MACHTYPE='"x86_64-lfs-linux-gnu"' -DCONF_VENDOR='"lfs"' -DLOCALEDIR='"/usr/share/locale"' -DPACKAGE='"bash"' -DSHELL -DHAVE_CONFIG_H   -I.  -I. -I./include -I./lib  -Wno-parentheses -Wno-format-security   -g -O2 -c xmalloc.c
rm -f signames.o
x86_64-lfs-linux-gnu-gcc  -DPROGRAM='"bash"' -DCONF_HOSTTYPE='"x86_64"' -DCONF_OSTYPE='"linux-gnu"' -DCONF_MACHTYPE='"x86_64-lfs-linux-gnu"' -DCONF_VENDOR='"lfs"' -DLOCALEDIR='"/usr/share/locale"' -DPACKAGE='"bash"' -DSHELL -DHAVE_CONFIG_H   -I.  -I. -I./include -I./lib  -Wno-parentheses -Wno-format-security   -g -O2 -c ./support/signames.c
make[1]: Entering directory '/mnt/lfs/sources/bash-5.3/support'
rm -f man2html.o
gcc -c  -DHAVE_CONFIG_H -DSHELL -I/mnt/lfs/sources/bash-5.3 -I.. -Wno-parentheses -Wno-format-security   -g man2html.c
rm -f shell.o
x86_64-lfs-linux-gnu-gcc  -DPROGRAM='"bash"' -DCONF_HOSTTYPE='"x86_64"' -DCONF_OSTYPE='"linux-gnu"' -DCONF_MACHTYPE='"x86_64-lfs-linux-gnu"' -DCONF_VENDOR='"lfs"' -DLOCALEDIR='"/usr/share/locale"' -DPACKAGE='"bash"' -DSHELL -DHAVE_CONFIG_H   -I.  -I. -I./include -I./lib  -Wno-parentheses -Wno-format-security   -g -O2 -c shell.c
rm -f eval.o
x86_64-lfs-linux-gnu-gcc  -DPROGRAM='"bash"' -DCONF_HOSTTYPE='"x86_64"' -DCONF_OSTYPE='"linux-gnu"' -DCONF_MACHTYPE='"x86_64-lfs-linux-gnu"' -DCONF_VENDOR='"lfs"' -DLOCALEDIR='"/usr/share/locale"' -DPACKAGE='"bash"' -DSHELL -DHAVE_CONFIG_H   -I.  -I. -I./include -I./lib  -Wno-parentheses -Wno-format-security   -g -O2 -c eval.c
gcc -rdynamic -g -DCROSS_COMPILING -o mkbuiltins mkbuiltins.o 
rm -f general.o
x86_64-lfs-linux-gnu-gcc  -DPROGRAM='"bash"' -DCONF_HOSTTYPE='"x86_64"' -DCONF_OSTYPE='"linux-gnu"' -DCONF_MACHTYPE='"x86_64-lfs-linux-gnu"' -DCONF_VENDOR='"lfs"' -DLOCALEDIR='"/usr/share/locale"' -DPACKAGE='"bash"' -DSHELL -DHAVE_CONFIG_H   -I.  -I. -I./include -I./lib  -Wno-parentheses -Wno-format-security   -g -O2 -c general.c
make[1]: Leaving directory '/mnt/lfs/sources/bash-5.3/builtins'
rm -f make_cmd.o
x86_64-lfs-linux-gnu-gcc  -DPROGRAM='"bash"' -DCONF_HOSTTYPE='"x86_64"' -DCONF_OSTYPE='"linux-gnu"' -DCONF_MACHTYPE='"x86_64-lfs-linux-gnu"' -DCONF_VENDOR='"lfs"' -DLOCALEDIR='"/usr/share/locale"' -DPACKAGE='"bash"' -DSHELL -DHAVE_CONFIG_H   -I.  -I. -I./include -I./lib  -Wno-parentheses -Wno-format-security   -g -O2 -c make_cmd.c
rm -f print_cmd.o
x86_64-lfs-linux-gnu-gcc  -DPROGRAM='"bash"' -DCONF_HOSTTYPE='"x86_64"' -DCONF_OSTYPE='"linux-gnu"' -DCONF_MACHTYPE='"x86_64-lfs-linux-gnu"' -DCONF_VENDOR='"lfs"' -DLOCALEDIR='"/usr/share/locale"' -DPACKAGE='"bash"' -DSHELL -DHAVE_CONFIG_H   -I.  -I. -I./include -I./lib  -Wno-parentheses -Wno-format-security   -g -O2 -c print_cmd.c
rm -f dispose_cmd.o
x86_64-lfs-linux-gnu-gcc  -DPROGRAM='"bash"' -DCONF_HOSTTYPE='"x86_64"' -DCONF_OSTYPE='"linux-gnu"' -DCONF_MACHTYPE='"x86_64-lfs-linux-gnu"' -DCONF_VENDOR='"lfs"' -DLOCALEDIR='"/usr/share/locale"' -DPACKAGE='"bash"' -DSHELL -DHAVE_CONFIG_H   -I.  -I. -I./include -I./lib  -Wno-parentheses -Wno-format-security   -g -O2 -c dispose_cmd.c
rm -f variables.o
x86_64-lfs-linux-gnu-gcc  -DPROGRAM='"bash"' -DCONF_HOSTTYPE='"x86_64"' -DCONF_OSTYPE='"linux-gnu"' -DCONF_MACHTYPE='"x86_64-lfs-linux-gnu"' -DCONF_VENDOR='"lfs"' -DLOCALEDIR='"/usr/share/locale"' -DPACKAGE='"bash"' -DSHELL -DHAVE_CONFIG_H   -I.  -I. -I./include -I./lib  -Wno-parentheses -Wno-format-security   -g -O2 -c variables.c
gcc -rdynamic -g man2html.o -o man2html -ldl 		
make[1]: Leaving directory '/mnt/lfs/sources/bash-5.3/support'
rm -f copy_cmd.o
x86_64-lfs-linux-gnu-gcc  -DPROGRAM='"bash"' -DCONF_HOSTTYPE='"x86_64"' -DCONF_OSTYPE='"linux-gnu"' -DCONF_MACHTYPE='"x86_64-lfs-linux-gnu"' -DCONF_VENDOR='"lfs"' -DLOCALEDIR='"/usr/share/locale"' -DPACKAGE='"bash"' -DSHELL -DHAVE_CONFIG_H   -I.  -I. -I./include -I./lib  -Wno-parentheses -Wno-format-security   -g -O2 -c copy_cmd.c
rm -f error.o
x86_64-lfs-linux-gnu-gcc  -DPROGRAM='"bash"' -DCONF_HOSTTYPE='"x86_64"' -DCONF_OSTYPE='"linux-gnu"' -DCONF_MACHTYPE='"x86_64-lfs-linux-gnu"' -DCONF_VENDOR='"lfs"' -DLOCALEDIR='"/usr/share/locale"' -DPACKAGE='"bash"' -DSHELL -DHAVE_CONFIG_H   -I.  -I. -I./include -I./lib  -Wno-parentheses -Wno-format-security   -g -O2 -c error.c
rm -f expr.o
x86_64-lfs-linux-gnu-gcc  -DPROGRAM='"bash"' -DCONF_HOSTTYPE='"x86_64"' -DCONF_OSTYPE='"linux-gnu"' -DCONF_MACHTYPE='"x86_64-lfs-linux-gnu"' -DCONF_VENDOR='"lfs"' -DLOCALEDIR='"/usr/share/locale"' -DPACKAGE='"bash"' -DSHELL -DHAVE_CONFIG_H   -I.  -I. -I./include -I./lib  -Wno-parentheses -Wno-format-security   -g -O2 -c expr.c
rm -f flags.o
rm -f jobs.o
x86_64-lfs-linux-gnu-gcc  -DPROGRAM='"bash"' -DCONF_HOSTTYPE='"x86_64"' -DCONF_OSTYPE='"linux-gnu"' -DCONF_MACHTYPE='"x86_64-lfs-linux-gnu"' -DCONF_VENDOR='"lfs"' -DLOCALEDIR='"/usr/share/locale"' -DPACKAGE='"bash"' -DSHELL -DHAVE_CONFIG_H   -I.  -I. -I./include -I./lib  -Wno-parentheses -Wno-format-security   -g -O2 -c flags.c
x86_64-lfs-linux-gnu-gcc  -DPROGRAM='"bash"' -DCONF_HOSTTYPE='"x86_64"' -DCONF_OSTYPE='"linux-gnu"' -DCONF_MACHTYPE='"x86_64-lfs-linux-gnu"' -DCONF_VENDOR='"lfs"' -DLOCALEDIR='"/usr/share/locale"' -DPACKAGE='"bash"' -DSHELL -DHAVE_CONFIG_H   -I.  -I. -I./include -I./lib  -Wno-parentheses -Wno-format-security   -g -O2 -c jobs.c
rm -f subst.o
x86_64-lfs-linux-gnu-gcc  -DPROGRAM='"bash"' -DCONF_HOSTTYPE='"x86_64"' -DCONF_OSTYPE='"linux-gnu"' -DCONF_MACHTYPE='"x86_64-lfs-linux-gnu"' -DCONF_VENDOR='"lfs"' -DLOCALEDIR='"/usr/share/locale"' -DPACKAGE='"bash"' -DSHELL -DHAVE_CONFIG_H   -I.  -I. -I./include -I./lib  -Wno-parentheses -Wno-format-security   -g -O2 -c subst.c
rm -f hashcmd.o
x86_64-lfs-linux-gnu-gcc  -DPROGRAM='"bash"' -DCONF_HOSTTYPE='"x86_64"' -DCONF_OSTYPE='"linux-gnu"' -DCONF_MACHTYPE='"x86_64-lfs-linux-gnu"' -DCONF_VENDOR='"lfs"' -DLOCALEDIR='"/usr/share/locale"' -DPACKAGE='"bash"' -DSHELL -DHAVE_CONFIG_H   -I.  -I. -I./include -I./lib  -Wno-parentheses -Wno-format-security   -g -O2 -c hashcmd.c
rm -f hashlib.o
x86_64-lfs-linux-gnu-gcc  -DPROGRAM='"bash"' -DCONF_HOSTTYPE='"x86_64"' -DCONF_OSTYPE='"linux-gnu"' -DCONF_MACHTYPE='"x86_64-lfs-linux-gnu"' -DCONF_VENDOR='"lfs"' -DLOCALEDIR='"/usr/share/locale"' -DPACKAGE='"bash"' -DSHELL -DHAVE_CONFIG_H   -I.  -I. -I./include -I./lib  -Wno-parentheses -Wno-format-security   -g -O2 -c hashlib.c
rm -f mailcheck.o
x86_64-lfs-linux-gnu-gcc  -DPROGRAM='"bash"' -DCONF_HOSTTYPE='"x86_64"' -DCONF_OSTYPE='"linux-gnu"' -DCONF_MACHTYPE='"x86_64-lfs-linux-gnu"' -DCONF_VENDOR='"lfs"' -DLOCALEDIR='"/usr/share/locale"' -DPACKAGE='"bash"' -DSHELL -DHAVE_CONFIG_H   -I.  -I. -I./include -I./lib  -Wno-parentheses -Wno-format-security   -g -O2 -c mailcheck.c
rm -f mksignames
gcc -DPROGRAM='"bash"' -DCONF_HOSTTYPE='"x86_64"' -DCONF_OSTYPE='"linux-gnu"' -DCONF_MACHTYPE='"x86_64-lfs-linux-gnu"' -DCONF_VENDOR='"lfs"' -DLOCALEDIR='"/usr/share/locale"' -DPACKAGE='"bash"' -DSHELL -DHAVE_CONFIG_H   -I.  -I. -I./include -I./lib  -Wno-parentheses -Wno-format-security  -g -DCROSS_COMPILING -rdynamic -g -DCROSS_COMPILING -o mksignames mksignames.o buildsignames.o 
rm -f input.o
x86_64-lfs-linux-gnu-gcc  -DPROGRAM='"bash"' -DCONF_HOSTTYPE='"x86_64"' -DCONF_OSTYPE='"linux-gnu"' -DCONF_MACHTYPE='"x86_64-lfs-linux-gnu"' -DCONF_VENDOR='"lfs"' -DLOCALEDIR='"/usr/share/locale"' -DPACKAGE='"bash"' -DSHELL -DHAVE_CONFIG_H   -I.  -I. -I./include -I./lib  -Wno-parentheses -Wno-format-security   -g -O2 -c input.c
rm -f pathexp.o
x86_64-lfs-linux-gnu-gcc  -DPROGRAM='"bash"' -DCONF_HOSTTYPE='"x86_64"' -DCONF_OSTYPE='"linux-gnu"' -DCONF_MACHTYPE='"x86_64-lfs-linux-gnu"' -DCONF_VENDOR='"lfs"' -DLOCALEDIR='"/usr/share/locale"' -DPACKAGE='"bash"' -DSHELL -DHAVE_CONFIG_H   -I.  -I. -I./include -I./lib  -Wno-parentheses -Wno-format-security   -g -O2 -c pathexp.c
rm -f sig.o
x86_64-lfs-linux-gnu-gcc  -DPROGRAM='"bash"' -DCONF_HOSTTYPE='"x86_64"' -DCONF_OSTYPE='"linux-gnu"' -DCONF_MACHTYPE='"x86_64-lfs-linux-gnu"' -DCONF_VENDOR='"lfs"' -DLOCALEDIR='"/usr/share/locale"' -DPACKAGE='"bash"' -DSHELL -DHAVE_CONFIG_H   -I.  -I. -I./include -I./lib  -Wno-parentheses -Wno-format-security   -g -O2 -c sig.c
rm -f test.o
x86_64-lfs-linux-gnu-gcc  -DPROGRAM='"bash"' -DCONF_HOSTTYPE='"x86_64"' -DCONF_OSTYPE='"linux-gnu"' -DCONF_MACHTYPE='"x86_64-lfs-linux-gnu"' -DCONF_VENDOR='"lfs"' -DLOCALEDIR='"/usr/share/locale"' -DPACKAGE='"bash"' -DSHELL -DHAVE_CONFIG_H   -I.  -I. -I./include -I./lib  -Wno-parentheses -Wno-format-security   -g -O2 -c test.c
rm -f syntax.c
./mksyntax -o syntax.c
rm -f array.o
x86_64-lfs-linux-gnu-gcc  -DPROGRAM='"bash"' -DCONF_HOSTTYPE='"x86_64"' -DCONF_OSTYPE='"linux-gnu"' -DCONF_MACHTYPE='"x86_64-lfs-linux-gnu"' -DCONF_VENDOR='"lfs"' -DLOCALEDIR='"/usr/share/locale"' -DPACKAGE='"bash"' -DSHELL -DHAVE_CONFIG_H   -I.  -I. -I./include -I./lib  -Wno-parentheses -Wno-format-security   -g -O2 -c array.c
rm -f arrayfunc.o
x86_64-lfs-linux-gnu-gcc  -DPROGRAM='"bash"' -DCONF_HOSTTYPE='"x86_64"' -DCONF_OSTYPE='"linux-gnu"' -DCONF_MACHTYPE='"x86_64-lfs-linux-gnu"' -DCONF_VENDOR='"lfs"' -DLOCALEDIR='"/usr/share/locale"' -DPACKAGE='"bash"' -DSHELL -DHAVE_CONFIG_H   -I.  -I. -I./include -I./lib  -Wno-parentheses -Wno-format-security   -g -O2 -c arrayfunc.c
rm -f assoc.o
x86_64-lfs-linux-gnu-gcc  -DPROGRAM='"bash"' -DCONF_HOSTTYPE='"x86_64"' -DCONF_OSTYPE='"linux-gnu"' -DCONF_MACHTYPE='"x86_64-lfs-linux-gnu"' -DCONF_VENDOR='"lfs"' -DLOCALEDIR='"/usr/share/locale"' -DPACKAGE='"bash"' -DSHELL -DHAVE_CONFIG_H   -I.  -I. -I./include -I./lib  -Wno-parentheses -Wno-format-security   -g -O2 -c assoc.c
rm -f braces.o
x86_64-lfs-linux-gnu-gcc  -DPROGRAM='"bash"' -DCONF_HOSTTYPE='"x86_64"' -DCONF_OSTYPE='"linux-gnu"' -DCONF_MACHTYPE='"x86_64-lfs-linux-gnu"' -DCONF_VENDOR='"lfs"' -DLOCALEDIR='"/usr/share/locale"' -DPACKAGE='"bash"' -DSHELL -DHAVE_CONFIG_H   -I.  -I. -I./include -I./lib  -Wno-parentheses -Wno-format-security   -g -O2 -c braces.c
rm -f bracecomp.o
x86_64-lfs-linux-gnu-gcc  -DPROGRAM='"bash"' -DCONF_HOSTTYPE='"x86_64"' -DCONF_OSTYPE='"linux-gnu"' -DCONF_MACHTYPE='"x86_64-lfs-linux-gnu"' -DCONF_VENDOR='"lfs"' -DLOCALEDIR='"/usr/share/locale"' -DPACKAGE='"bash"' -DSHELL -DHAVE_CONFIG_H   -I.  -I. -I./include -I./lib  -Wno-parentheses -Wno-format-security   -g -O2 -c bracecomp.c
rm -f bashhist.o
x86_64-lfs-linux-gnu-gcc  -DPROGRAM='"bash"' -DCONF_HOSTTYPE='"x86_64"' -DCONF_OSTYPE='"linux-gnu"' -DCONF_MACHTYPE='"x86_64-lfs-linux-gnu"' -DCONF_VENDOR='"lfs"' -DLOCALEDIR='"/usr/share/locale"' -DPACKAGE='"bash"' -DSHELL -DHAVE_CONFIG_H   -I.  -I. -I./include -I./lib  -Wno-parentheses -Wno-format-security   -g -O2 -c bashhist.c
rm -f bashline.o
x86_64-lfs-linux-gnu-gcc  -DPROGRAM='"bash"' -DCONF_HOSTTYPE='"x86_64"' -DCONF_OSTYPE='"linux-gnu"' -DCONF_MACHTYPE='"x86_64-lfs-linux-gnu"' -DCONF_VENDOR='"lfs"' -DLOCALEDIR='"/usr/share/locale"' -DPACKAGE='"bash"' -DSHELL -DHAVE_CONFIG_H   -I.  -I. -I./include -I./lib  -Wno-parentheses -Wno-format-security   -g -O2 -c bashline.c
rm -f list.o
x86_64-lfs-linux-gnu-gcc  -DPROGRAM='"bash"' -DCONF_HOSTTYPE='"x86_64"' -DCONF_OSTYPE='"linux-gnu"' -DCONF_MACHTYPE='"x86_64-lfs-linux-gnu"' -DCONF_VENDOR='"lfs"' -DLOCALEDIR='"/usr/share/locale"' -DPACKAGE='"bash"' -DSHELL -DHAVE_CONFIG_H   -I.  -I. -I./include -I./lib  -Wno-parentheses -Wno-format-security   -g -O2 -c list.c
rm -f stringlib.o
x86_64-lfs-linux-gnu-gcc  -DPROGRAM='"bash"' -DCONF_HOSTTYPE='"x86_64"' -DCONF_OSTYPE='"linux-gnu"' -DCONF_MACHTYPE='"x86_64-lfs-linux-gnu"' -DCONF_VENDOR='"lfs"' -DLOCALEDIR='"/usr/share/locale"' -DPACKAGE='"bash"' -DSHELL -DHAVE_CONFIG_H   -I.  -I. -I./include -I./lib  -Wno-parentheses -Wno-format-security   -g -O2 -c stringlib.c
rm -f locale.o
x86_64-lfs-linux-gnu-gcc  -DPROGRAM='"bash"' -DCONF_HOSTTYPE='"x86_64"' -DCONF_OSTYPE='"linux-gnu"' -DCONF_MACHTYPE='"x86_64-lfs-linux-gnu"' -DCONF_VENDOR='"lfs"' -DLOCALEDIR='"/usr/share/locale"' -DPACKAGE='"bash"' -DSHELL -DHAVE_CONFIG_H   -I.  -I. -I./include -I./lib  -Wno-parentheses -Wno-format-security   -g -O2 -c locale.c
rm -f findcmd.o
x86_64-lfs-linux-gnu-gcc  -DPROGRAM='"bash"' -DCONF_HOSTTYPE='"x86_64"' -DCONF_OSTYPE='"linux-gnu"' -DCONF_MACHTYPE='"x86_64-lfs-linux-gnu"' -DCONF_VENDOR='"lfs"' -DLOCALEDIR='"/usr/share/locale"' -DPACKAGE='"bash"' -DSHELL -DHAVE_CONFIG_H   -I.  -I. -I./include -I./lib  -Wno-parentheses -Wno-format-security   -g -O2 -c findcmd.c
make[1]: Entering directory '/mnt/lfs/sources/bash-5.3/builtins'
rm -f builtins.o
x86_64-lfs-linux-gnu-gcc -c   -DHAVE_CONFIG_H -DSHELL -I. -I..  -I.. -I../include -I../lib -I.  -Wno-parentheses -Wno-format-security   -g -O2 builtins.c
rm -f pcomplete.o
rm -f alias.o
x86_64-lfs-linux-gnu-gcc  -DPROGRAM='"bash"' -DCONF_HOSTTYPE='"x86_64"' -DCONF_OSTYPE='"linux-gnu"' -DCONF_MACHTYPE='"x86_64-lfs-linux-gnu"' -DCONF_VENDOR='"lfs"' -DLOCALEDIR='"/usr/share/locale"' -DPACKAGE='"bash"' -DSHELL -DHAVE_CONFIG_H   -I.  -I. -I./include -I./lib  -Wno-parentheses -Wno-format-security   -g -O2 -c pcomplete.c
./mkbuiltins -D . alias.def
x86_64-lfs-linux-gnu-gcc -c   -DHAVE_CONFIG_H -DSHELL -I. -I..  -I.. -I../include -I../lib -I.  -Wno-parentheses -Wno-format-security   -g -O2 alias.c || ( rm -f alias.c ; exit 1 )
rm -f pcomplib.o
x86_64-lfs-linux-gnu-gcc  -DPROGRAM='"bash"' -DCONF_HOSTTYPE='"x86_64"' -DCONF_OSTYPE='"linux-gnu"' -DCONF_MACHTYPE='"x86_64-lfs-linux-gnu"' -DCONF_VENDOR='"lfs"' -DLOCALEDIR='"/usr/share/locale"' -DPACKAGE='"bash"' -DSHELL -DHAVE_CONFIG_H   -I.  -I. -I./include -I./lib  -Wno-parentheses -Wno-format-security   -g -O2 -c pcomplib.c
rm -f syntax.o
x86_64-lfs-linux-gnu-gcc  -DPROGRAM='"bash"' -DCONF_HOSTTYPE='"x86_64"' -DCONF_OSTYPE='"linux-gnu"' -DCONF_MACHTYPE='"x86_64-lfs-linux-gnu"' -DCONF_VENDOR='"lfs"' -DLOCALEDIR='"/usr/share/locale"' -DPACKAGE='"bash"' -DSHELL -DHAVE_CONFIG_H   -I.  -I. -I./include -I./lib  -Wno-parentheses -Wno-format-security   -g -O2 -c syntax.c
rm -f bind.o
./mkbuiltins -D . bind.def
x86_64-lfs-linux-gnu-gcc -c   -DHAVE_CONFIG_H -DSHELL -I. -I..  -I.. -I../include -I../lib -I.  -Wno-parentheses -Wno-format-security   -g -O2 bind.c || ( rm -f bind.c ; exit 1 )
rm -f break.o
rm -f alias.c
./mkbuiltins -D . break.def
rm -f builtin.o
x86_64-lfs-linux-gnu-gcc -c   -DHAVE_CONFIG_H -DSHELL -I. -I..  -I.. -I../include -I../lib -I.  -Wno-parentheses -Wno-format-security   -g -O2 break.c || ( rm -f break.c ; exit 1 )
./mkbuiltins -D . builtin.def
x86_64-lfs-linux-gnu-gcc -c   -DHAVE_CONFIG_H -DSHELL -I. -I..  -I.. -I../include -I../lib -I.  -Wno-parentheses -Wno-format-security   -g -O2 builtin.c || ( rm -f builtin.c ; exit 1 )
rm -f caller.o
./mkbuiltins -D . caller.def
x86_64-lfs-linux-gnu-gcc -c   -DHAVE_CONFIG_H -DSHELL -I. -I..  -I.. -I../include -I../lib -I.  -Wno-parentheses -Wno-format-security   -g -O2 caller.c || ( rm -f caller.c ; exit 1 )
rm -f builtin.c
rm -f execute_cmd.o
x86_64-lfs-linux-gnu-gcc  -DPROGRAM='"bash"' -DCONF_HOSTTYPE='"x86_64"' -DCONF_OSTYPE='"linux-gnu"' -DCONF_MACHTYPE='"x86_64-lfs-linux-gnu"' -DCONF_VENDOR='"lfs"' -DLOCALEDIR='"/usr/share/locale"' -DPACKAGE='"bash"' -DSHELL -DHAVE_CONFIG_H   -I.  -I. -I./include -I./lib  -Wno-parentheses -Wno-format-security   -g -O2 -c execute_cmd.c
rm -f break.c
rm -f lsignames.h
./mksignames lsignames.h
/bin/sh ./support/mkversion.sh -b -S . -s release -d 5.3 -o newversion.h \
	&& mv newversion.h version.h
rm -f caller.c
rm -f cd.o
if cmp -s lsignames.h signames.h ; then :; else rm -f signames.h ; cp lsignames.h signames.h ; fi
./mkbuiltins -D . cd.def
x86_64-lfs-linux-gnu-gcc -c   -DHAVE_CONFIG_H -DSHELL -I. -I..  -I.. -I../include -I../lib -I.  -Wno-parentheses -Wno-format-security   -g -O2 cd.c || ( rm -f cd.c ; exit 1 )
rm -f bind.c
rm -f colon.o
rm -f version.o
./mkbuiltins -D . colon.def
x86_64-lfs-linux-gnu-gcc  -DPROGRAM='"bash"' -DCONF_HOSTTYPE='"x86_64"' -DCONF_OSTYPE='"linux-gnu"' -DCONF_MACHTYPE='"x86_64-lfs-linux-gnu"' -DCONF_VENDOR='"lfs"' -DLOCALEDIR='"/usr/share/locale"' -DPACKAGE='"bash"' -DSHELL -DHAVE_CONFIG_H   -I.  -I. -I./include -I./lib  -Wno-parentheses -Wno-format-security   -g -O2 -c version.c
x86_64-lfs-linux-gnu-gcc -c   -DHAVE_CONFIG_H -DSHELL -I. -I..  -I.. -I../include -I../lib -I.  -Wno-parentheses -Wno-format-security   -g -O2 colon.c || ( rm -f colon.c ; exit 1 )
rm -f command.o
./mkbuiltins -D . command.def
x86_64-lfs-linux-gnu-gcc -c   -DHAVE_CONFIG_H -DSHELL -I. -I..  -I.. -I../include -I../lib -I.  -Wno-parentheses -Wno-format-security   -g -O2 command.c || ( rm -f command.c ; exit 1 )
rm -f colon.c
gcc -DPROGRAM='"bash"' -DCONF_HOSTTYPE='"x86_64"' -DCONF_OSTYPE='"linux-gnu"' -DCONF_MACHTYPE='"x86_64-lfs-linux-gnu"' -DCONF_VENDOR='"lfs"' -DLOCALEDIR='"/usr/share/locale"' -DPACKAGE='"bash"' -DSHELL -DHAVE_CONFIG_H   -I.  -I. -I./include -I./lib  -Wno-parentheses -Wno-format-security  -g -DCROSS_COMPILING -DBUILDTOOL -c -o buildversion.o ./version.c
rm -f trap.o
x86_64-lfs-linux-gnu-gcc  -DPROGRAM='"bash"' -DCONF_HOSTTYPE='"x86_64"' -DCONF_OSTYPE='"linux-gnu"' -DCONF_MACHTYPE='"x86_64-lfs-linux-gnu"' -DCONF_VENDOR='"lfs"' -DLOCALEDIR='"/usr/share/locale"' -DPACKAGE='"bash"' -DSHELL -DHAVE_CONFIG_H   -I.  -I. -I./include -I./lib  -Wno-parentheses -Wno-format-security   -g -O2 -c trap.c
rm -f common.o
x86_64-lfs-linux-gnu-gcc -c   -DHAVE_CONFIG_H -DSHELL -I. -I..  -I.. -I../include -I../lib -I.  -Wno-parentheses -Wno-format-security   -g -O2 common.c
rm -f cd.c
rm -f declare.o
./mkbuiltins -D . declare.def
x86_64-lfs-linux-gnu-gcc -c   -DHAVE_CONFIG_H -DSHELL -I. -I..  -I.. -I../include -I../lib -I.  -Wno-parentheses -Wno-format-security   -g -O2 declare.c || ( rm -f declare.c ; exit 1 )
rm -f command.c
rm -f echo.o
./mkbuiltins -D . echo.def
x86_64-lfs-linux-gnu-gcc -c   -DHAVE_CONFIG_H -DSHELL -I. -I..  -I.. -I../include -I../lib -I.  -Wno-parentheses -Wno-format-security   -g -O2 echo.c || ( rm -f echo.c ; exit 1 )
rm -f echo.c
rm -f enable.o
./mkbuiltins -D . enable.def
x86_64-lfs-linux-gnu-gcc -c   -DHAVE_CONFIG_H -DSHELL -I. -I..  -I.. -I../include -I../lib -I.  -Wno-parentheses -Wno-format-security   -g -O2 enable.c || ( rm -f enable.c ; exit 1 )
rm -f eval.o
./mkbuiltins -D . eval.def
x86_64-lfs-linux-gnu-gcc -c   -DHAVE_CONFIG_H -DSHELL -I. -I..  -I.. -I../include -I../lib -I.  -Wno-parentheses -Wno-format-security   -g -O2 eval.c || ( rm -f eval.c ; exit 1 )
rm -f enable.c
rm -f evalfile.o
x86_64-lfs-linux-gnu-gcc -c   -DHAVE_CONFIG_H -DSHELL -I. -I..  -I.. -I../include -I../lib -I.  -Wno-parentheses -Wno-format-security   -g -O2 evalfile.c
rm -f evalstring.o
x86_64-lfs-linux-gnu-gcc -c   -DHAVE_CONFIG_H -DSHELL -I. -I..  -I.. -I../include -I../lib -I.  -Wno-parentheses -Wno-format-security   -g -O2 evalstring.c
gcc -DPROGRAM='"bash"' -DCONF_HOSTTYPE='"x86_64"' -DCONF_OSTYPE='"linux-gnu"' -DCONF_MACHTYPE='"x86_64-lfs-linux-gnu"' -DCONF_VENDOR='"lfs"' -DLOCALEDIR='"/usr/share/locale"' -DPACKAGE='"bash"' -DSHELL -DHAVE_CONFIG_H   -I.  -I. -I./include -I./lib  -Wno-parentheses -Wno-format-security  -g -DCROSS_COMPILING -rdynamic -g -DCROSS_COMPILING -o bashversion ./support/bashversion.c buildversion.o 
rm -f declare.c
rm -f exec.o
./mkbuiltins -D . exec.def
rm -f eval.c
x86_64-lfs-linux-gnu-gcc -c   -DHAVE_CONFIG_H -DSHELL -I. -I..  -I.. -I../include -I../lib -I.  -Wno-parentheses -Wno-format-security   -g -O2 exec.c || ( rm -f exec.c ; exit 1 )
rm -f exit.o
./mkbuiltins -D . exit.def
x86_64-lfs-linux-gnu-gcc -c   -DHAVE_CONFIG_H -DSHELL -I. -I..  -I.. -I../include -I../lib -I.  -Wno-parentheses -Wno-format-security   -g -O2 exit.c || ( rm -f exit.c ; exit 1 )
rm -f fc.o
./mkbuiltins -D . fc.def
x86_64-lfs-linux-gnu-gcc -c   -DHAVE_CONFIG_H -DSHELL -I. -I..  -I.. -I../include -I../lib -I.  -Wno-parentheses -Wno-format-security   -g -O2 fc.c || ( rm -f fc.c ; exit 1 )
rm -f exec.c
rm -f exit.c
rm -f fg_bg.o

./mkbuiltins -D . fg_bg.def
x86_64-lfs-linux-gnu-gcc -c   -DHAVE_CONFIG_H -DSHELL -I. -I..  -I.. -I../include -I../lib -I.  -Wno-parentheses -Wno-format-security   -g -O2 fg_bg.c || ( rm -f fg_bg.c ; exit 1 )
	  ***********************************************************
	  *                                                         *
	  * GNU bash, version 5.3.0(1)-release (x86_64-lfs-linux-gnu)
	  *                                                         *
rm -f hash.o
./mkbuiltins -D . hash.def
	  ***********************************************************
x86_64-lfs-linux-gnu-gcc -c   -DHAVE_CONFIG_H -DSHELL -I. -I..  -I.. -I../include -I../lib -I.  -Wno-parentheses -Wno-format-security   -g -O2 hash.c || ( rm -f hash.c ; exit 1 )

rm -f help.o
./mkbuiltins -D . help.def
x86_64-lfs-linux-gnu-gcc -c   -DHAVE_CONFIG_H -DSHELL -I. -I..  -I.. -I../include -I../lib -I.  -Wno-parentheses -Wno-format-security   -g -O2 help.c || ( rm -f help.c ; exit 1 )
making lib/glob/libglob.a in ./lib/glob
make[1]: Entering directory '/mnt/lfs/sources/bash-5.3/lib/glob'
rm -f glob.o
x86_64-lfs-linux-gnu-gcc -c  -DHAVE_CONFIG_H -DSHELL -I. -I../.. -I../.. -I../../include -I../../lib  -Wno-parentheses -Wno-format-security  -g -O2  glob.c
rm -f fg_bg.c
rm -f strmatch.o
x86_64-lfs-linux-gnu-gcc -c  -DHAVE_CONFIG_H -DSHELL -I. -I../.. -I../.. -I../../include -I../../lib  -Wno-parentheses -Wno-format-security  -g -O2  strmatch.c
rm -f hash.c
making lib/sh/libsh.a in ./lib/sh
make[1]: Entering directory '/mnt/lfs/sources/bash-5.3/lib/sh'
x86_64-lfs-linux-gnu-gcc -c   -I. -I../.. -I../.. -I../../lib -I../../include -I.  -DHAVE_CONFIG_H -DSHELL  -Wno-parentheses -Wno-format-security -g -O2   clktck.c
rm -f fc.c
rm -f smatch.o
rm -f history.o
x86_64-lfs-linux-gnu-gcc -c  -DHAVE_CONFIG_H -DSHELL -I. -I../.. -I../.. -I../../include -I../../lib  -Wno-parentheses -Wno-format-security  -g -O2  smatch.c
./mkbuiltins -D . history.def
x86_64-lfs-linux-gnu-gcc -c   -DHAVE_CONFIG_H -DSHELL -I. -I..  -I.. -I../include -I../lib -I.  -Wno-parentheses -Wno-format-security   -g -O2 history.c || ( rm -f history.c ; exit 1 )
x86_64-lfs-linux-gnu-gcc -c   -I. -I../.. -I../.. -I../../lib -I../../include -I.  -DHAVE_CONFIG_H -DSHELL  -Wno-parentheses -Wno-format-security -g -O2   clock.c
rm -f help.c
making lib/readline/libreadline.a in ./lib/readline
make[1]: Entering directory '/mnt/lfs/sources/bash-5.3/lib/readline'
rm -f readline.o
x86_64-lfs-linux-gnu-gcc -c -DHAVE_CONFIG_H -DSHELL   -I. -I/mnt/lfs/sources/bash-5.3 -I../.. -I../../lib -Wno-parentheses -Wno-format-security  -g -O2  readline.c
x86_64-lfs-linux-gnu-gcc -c   -I. -I../.. -I../.. -I../../lib -I../../include -I.  -DHAVE_CONFIG_H -DSHELL  -Wno-parentheses -Wno-format-security -g -O2   getenv.c
rm -f history.c
rm -f jobs.o
./mkbuiltins -D . jobs.def
x86_64-lfs-linux-gnu-gcc -c   -DHAVE_CONFIG_H -DSHELL -I. -I..  -I.. -I../include -I../lib -I.  -Wno-parentheses -Wno-format-security   -g -O2 jobs.c || ( rm -f jobs.c ; exit 1 )
x86_64-lfs-linux-gnu-gcc -c   -I. -I../.. -I../.. -I../../lib -I../../include -I.  -DHAVE_CONFIG_H -DSHELL  -Wno-parentheses -Wno-format-security -g -O2   oslib.c
rm -f xmbsrtowcs.o
x86_64-lfs-linux-gnu-gcc -c  -DHAVE_CONFIG_H -DSHELL -I. -I../.. -I../.. -I../../include -I../../lib  -Wno-parentheses -Wno-format-security  -g -O2  xmbsrtowcs.c
rm -f vi_mode.o
x86_64-lfs-linux-gnu-gcc -c -DHAVE_CONFIG_H -DSHELL   -I. -I/mnt/lfs/sources/bash-5.3 -I../.. -I../../lib -Wno-parentheses -Wno-format-security  -g -O2  vi_mode.c
x86_64-lfs-linux-gnu-gcc -c   -I. -I../.. -I../.. -I../../lib -I../../include -I.  -DHAVE_CONFIG_H -DSHELL  -Wno-parentheses -Wno-format-security -g -O2   setlinebuf.c
rm -f jobs.c
rm -f kill.o
./mkbuiltins -D . kill.def
x86_64-lfs-linux-gnu-gcc -c   -DHAVE_CONFIG_H -DSHELL -I. -I..  -I.. -I../include -I../lib -I.  -Wno-parentheses -Wno-format-security   -g -O2 kill.c || ( rm -f kill.c ; exit 1 )
rm -f funmap.o
x86_64-lfs-linux-gnu-gcc -c -DHAVE_CONFIG_H -DSHELL   -I. -I/mnt/lfs/sources/bash-5.3 -I../.. -I../../lib -Wno-parentheses -Wno-format-security  -g -O2  funmap.c
x86_64-lfs-linux-gnu-gcc -c   -I. -I../.. -I../.. -I../../lib -I../../include -I.  -DHAVE_CONFIG_H -DSHELL  -Wno-parentheses -Wno-format-security -g -O2   strnlen.c
rm -f keymaps.o
x86_64-lfs-linux-gnu-gcc -c -DHAVE_CONFIG_H -DSHELL   -I. -I/mnt/lfs/sources/bash-5.3 -I../.. -I../../lib -Wno-parentheses -Wno-format-security  -g -O2  keymaps.c
x86_64-lfs-linux-gnu-gcc -c   -I. -I../.. -I../.. -I../../lib -I../../include -I.  -DHAVE_CONFIG_H -DSHELL  -Wno-parentheses -Wno-format-security -g -O2   itos.c
making lib/tilde/libtilde.a in ./lib/tilde
make[1]: Entering directory '/mnt/lfs/sources/bash-5.3/lib/tilde'
x86_64-lfs-linux-gnu-gcc -c  -DHAVE_CONFIG_H -DSHELL  -I. -I../.. -I../.. -I../../include -I../../lib -Wno-parentheses -Wno-format-security  -g -O2  tilde.c
rm -f kill.c
rm -f let.o
./mkbuiltins -D . let.def
x86_64-lfs-linux-gnu-gcc -c   -DHAVE_CONFIG_H -DSHELL -I. -I..  -I.. -I../include -I../lib -I.  -Wno-parentheses -Wno-format-security   -g -O2 let.c || ( rm -f let.c ; exit 1 )
x86_64-lfs-linux-gnu-gcc -c   -I. -I../.. -I../.. -I../../lib -I../../include -I.  -DHAVE_CONFIG_H -DSHELL  -Wno-parentheses -Wno-format-security -g -O2   zread.c
rm -f y.tab.o
x86_64-lfs-linux-gnu-gcc  -DPROGRAM='"bash"' -DCONF_HOSTTYPE='"x86_64"' -DCONF_OSTYPE='"linux-gnu"' -DCONF_MACHTYPE='"x86_64-lfs-linux-gnu"' -DCONF_VENDOR='"lfs"' -DLOCALEDIR='"/usr/share/locale"' -DPACKAGE='"bash"' -DSHELL -DHAVE_CONFIG_H   -I.  -I. -I./include -I./lib  -Wno-parentheses -Wno-format-security   -g -O2 -c y.tab.c
rm -f let.c
rm -f mapfile.o
./mkbuiltins -D . mapfile.def
x86_64-lfs-linux-gnu-gcc -c   -DHAVE_CONFIG_H -DSHELL -I. -I..  -I.. -I../include -I../lib -I.  -Wno-parentheses -Wno-format-security   -g -O2 mapfile.c || ( rm -f mapfile.c ; exit 1 )
rm -f libtilde.a
x86_64-lfs-linux-gnu-ar cr libtilde.a tilde.o
test -n "x86_64-lfs-linux-gnu-ranlib" && x86_64-lfs-linux-gnu-ranlib libtilde.a
x86_64-lfs-linux-gnu-gcc -c   -I. -I../.. -I../.. -I../../lib -I../../include -I.  -DHAVE_CONFIG_H -DSHELL  -Wno-parentheses -Wno-format-security -g -O2   zwrite.c
make[1]: Leaving directory '/mnt/lfs/sources/bash-5.3/lib/tilde'
x86_64-lfs-linux-gnu-gcc -c   -I. -I../.. -I../.. -I../../lib -I../../include -I.  -DHAVE_CONFIG_H -DSHELL  -Wno-parentheses -Wno-format-security -g -O2   shtty.c
x86_64-lfs-linux-gnu-gcc -c   -I. -I../.. -I../.. -I../../lib -I../../include -I.  -DHAVE_CONFIG_H -DSHELL  -Wno-parentheses -Wno-format-security -g -O2   shmatch.c
rm -f gmisc.o
x86_64-lfs-linux-gnu-gcc -c  -DHAVE_CONFIG_H -DSHELL -I. -I../.. -I../.. -I../../include -I../../lib  -Wno-parentheses -Wno-format-security  -g -O2  gmisc.c
rm -f mapfile.c
rm -f pushd.o
./mkbuiltins -D . pushd.def
x86_64-lfs-linux-gnu-gcc -c   -DHAVE_CONFIG_H -DSHELL -I. -I..  -I.. -I../include -I../lib -I.  -Wno-parentheses -Wno-format-security   -g -O2 pushd.c || ( rm -f pushd.c ; exit 1 )
x86_64-lfs-linux-gnu-gcc -c   -I. -I../.. -I../.. -I../../lib -I../../include -I.  -DHAVE_CONFIG_H -DSHELL  -Wno-parentheses -Wno-format-security -g -O2   eaccess.c
rm -f parens.o
x86_64-lfs-linux-gnu-gcc -c -DHAVE_CONFIG_H -DSHELL   -I. -I/mnt/lfs/sources/bash-5.3 -I../.. -I../../lib -Wno-parentheses -Wno-format-security  -g -O2  parens.c
rm -f search.o
x86_64-lfs-linux-gnu-gcc -c -DHAVE_CONFIG_H -DSHELL   -I. -I/mnt/lfs/sources/bash-5.3 -I../.. -I../../lib -Wno-parentheses -Wno-format-security  -g -O2  search.c
x86_64-lfs-linux-gnu-gcc -c   -I. -I../.. -I../.. -I../../lib -I../../include -I.  -DHAVE_CONFIG_H -DSHELL  -Wno-parentheses -Wno-format-security -g -O2   netconn.c
rm -f -f libglob.a
x86_64-lfs-linux-gnu-ar cr libglob.a glob.o strmatch.o smatch.o xmbsrtowcs.o gmisc.o
test -n "x86_64-lfs-linux-gnu-ranlib" && x86_64-lfs-linux-gnu-ranlib libglob.a
rm -f read.o
./mkbuiltins -D . read.def
x86_64-lfs-linux-gnu-gcc -c   -DHAVE_CONFIG_H -DSHELL -I. -I..  -I.. -I../include -I../lib -I.  -Wno-parentheses -Wno-format-security   -g -O2 read.c || ( rm -f read.c ; exit 1 )
make[1]: Leaving directory '/mnt/lfs/sources/bash-5.3/lib/glob'
rm -f return.o
./mkbuiltins -D . return.def
x86_64-lfs-linux-gnu-gcc -c   -DHAVE_CONFIG_H -DSHELL -I. -I..  -I.. -I../include -I../lib -I.  -Wno-parentheses -Wno-format-security   -g -O2 return.c || ( rm -f return.c ; exit 1 )
x86_64-lfs-linux-gnu-gcc -c   -I. -I../.. -I../.. -I../../lib -I../../include -I.  -DHAVE_CONFIG_H -DSHELL  -Wno-parentheses -Wno-format-security -g -O2   netopen.c
rm -f set.o
./mkbuiltins -D . set.def
x86_64-lfs-linux-gnu-gcc -c   -DHAVE_CONFIG_H -DSHELL -I. -I..  -I.. -I../include -I../lib -I.  -Wno-parentheses -Wno-format-security   -g -O2 set.c || ( rm -f set.c ; exit 1 )
rm -f pushd.c
x86_64-lfs-linux-gnu-gcc -c   -I. -I../.. -I../.. -I../../lib -I../../include -I.  -DHAVE_CONFIG_H -DSHELL  -Wno-parentheses -Wno-format-security -g -O2   timeval.c
rm -f return.c
rm -f setattr.o
./mkbuiltins -D . setattr.def
x86_64-lfs-linux-gnu-gcc -c   -DHAVE_CONFIG_H -DSHELL -I. -I..  -I.. -I../include -I../lib -I.  -Wno-parentheses -Wno-format-security   -g -O2 setattr.c || ( rm -f setattr.c ; exit 1 )
rm -f rltty.o
x86_64-lfs-linux-gnu-gcc -c -DHAVE_CONFIG_H -DSHELL   -I. -I/mnt/lfs/sources/bash-5.3 -I../.. -I../../lib -Wno-parentheses -Wno-format-security  -g -O2  rltty.c
x86_64-lfs-linux-gnu-gcc -c   -I. -I../.. -I../.. -I../../lib -I../../include -I.  -DHAVE_CONFIG_H -DSHELL  -Wno-parentheses -Wno-format-security -g -O2   makepath.c
rm -f complete.o
x86_64-lfs-linux-gnu-gcc -c -DHAVE_CONFIG_H -DSHELL   -I. -I/mnt/lfs/sources/bash-5.3 -I../.. -I../../lib -Wno-parentheses -Wno-format-security  -g -O2  complete.c
x86_64-lfs-linux-gnu-gcc -c   -I. -I../.. -I../.. -I../../lib -I../../include -I.  -DHAVE_CONFIG_H -DSHELL  -Wno-parentheses -Wno-format-security -g -O2   pathcanon.c
rm -f bind.o
x86_64-lfs-linux-gnu-gcc -c -DHAVE_CONFIG_H -DSHELL   -I. -I/mnt/lfs/sources/bash-5.3 -I../.. -I../../lib -Wno-parentheses -Wno-format-security  -g -O2  bind.c
rm -f setattr.c
x86_64-lfs-linux-gnu-gcc -c   -I. -I../.. -I../.. -I../../lib -I../../include -I.  -DHAVE_CONFIG_H -DSHELL  -Wno-parentheses -Wno-format-security -g -O2   pathphys.c
rm -f set.c
rm -f isearch.o
x86_64-lfs-linux-gnu-gcc -c -DHAVE_CONFIG_H -DSHELL   -I. -I/mnt/lfs/sources/bash-5.3 -I../.. -I../../lib -Wno-parentheses -Wno-format-security  -g -O2  isearch.c
rm -f shift.o
./mkbuiltins -D . shift.def
x86_64-lfs-linux-gnu-gcc -c   -DHAVE_CONFIG_H -DSHELL -I. -I..  -I.. -I../include -I../lib -I.  -Wno-parentheses -Wno-format-security   -g -O2 shift.c || ( rm -f shift.c ; exit 1 )
rm -f read.c
rm -f display.o
x86_64-lfs-linux-gnu-gcc -c -DHAVE_CONFIG_H -DSHELL   -I. -I/mnt/lfs/sources/bash-5.3 -I../.. -I../../lib -Wno-parentheses -Wno-format-security  -g -O2  display.c
x86_64-lfs-linux-gnu-gcc -c   -I. -I../.. -I../.. -I../../lib -I../../include -I.  -DHAVE_CONFIG_H -DSHELL  -Wno-parentheses -Wno-format-security -g -O2   tmpfile.c
rm -f shift.c
rm -f source.o
./mkbuiltins -D . source.def
x86_64-lfs-linux-gnu-gcc -c   -DHAVE_CONFIG_H -DSHELL -I. -I..  -I.. -I../include -I../lib -I.  -Wno-parentheses -Wno-format-security   -g -O2 source.c || ( rm -f source.c ; exit 1 )
x86_64-lfs-linux-gnu-gcc -c   -I. -I../.. -I../.. -I../../lib -I../../include -I.  -DHAVE_CONFIG_H -DSHELL  -Wno-parentheses -Wno-format-security -g -O2   stringlist.c
x86_64-lfs-linux-gnu-gcc -c   -I. -I../.. -I../.. -I../../lib -I../../include -I.  -DHAVE_CONFIG_H -DSHELL  -Wno-parentheses -Wno-format-security -g -O2   stringvec.c
rm -f source.c
rm -f suspend.o
./mkbuiltins -D . suspend.def
x86_64-lfs-linux-gnu-gcc -c   -DHAVE_CONFIG_H -DSHELL -I. -I..  -I.. -I../include -I../lib -I.  -Wno-parentheses -Wno-format-security   -g -O2 suspend.c || ( rm -f suspend.c ; exit 1 )
rm -f suspend.c
rm -f test.o
./mkbuiltins -D . test.def
x86_64-lfs-linux-gnu-gcc -c   -DHAVE_CONFIG_H -DSHELL -I. -I..  -I.. -I../include -I../lib -I.  -Wno-parentheses -Wno-format-security   -g -O2 test.c || ( rm -f test.c ; exit 1 )
rm -f times.o
./mkbuiltins -D . times.def
x86_64-lfs-linux-gnu-gcc -c   -DHAVE_CONFIG_H -DSHELL -I. -I..  -I.. -I../include -I../lib -I.  -Wno-parentheses -Wno-format-security   -g -O2 times.c || ( rm -f times.c ; exit 1 )
rm -f trap.o
./mkbuiltins -D . trap.def
x86_64-lfs-linux-gnu-gcc -c   -DHAVE_CONFIG_H -DSHELL -I. -I..  -I.. -I../include -I../lib -I.  -Wno-parentheses -Wno-format-security   -g -O2 trap.c || ( rm -f trap.c ; exit 1 )
x86_64-lfs-linux-gnu-gcc -c   -I. -I../.. -I../.. -I../../lib -I../../include -I.  -DHAVE_CONFIG_H -DSHELL  -Wno-parentheses -Wno-format-security -g -O2   spell.c
rm -f test.c
x86_64-lfs-linux-gnu-gcc -c   -I. -I../.. -I../.. -I../../lib -I../../include -I.  -DHAVE_CONFIG_H -DSHELL  -Wno-parentheses -Wno-format-security -g -O2   shquote.c
rm -f times.c
rm -f signals.o
x86_64-lfs-linux-gnu-gcc -c -DHAVE_CONFIG_H -DSHELL   -I. -I/mnt/lfs/sources/bash-5.3 -I../.. -I../../lib -Wno-parentheses -Wno-format-security  -g -O2  signals.c
rm -f type.o
./mkbuiltins -D . type.def
x86_64-lfs-linux-gnu-gcc -c   -DHAVE_CONFIG_H -DSHELL -I. -I..  -I.. -I../include -I../lib -I.  -Wno-parentheses -Wno-format-security   -g -O2 type.c || ( rm -f type.c ; exit 1 )
rm -f trap.c
x86_64-lfs-linux-gnu-gcc -c   -I. -I../.. -I../.. -I../../lib -I../../include -I.  -DHAVE_CONFIG_H -DSHELL  -Wno-parentheses -Wno-format-security -g -O2   strtrans.c
gcc  -DHAVE_CONFIG_H -DSHELL -I. -I..  -I.. -I../include -I../lib -I.  -Wno-parentheses -Wno-format-security   -g -DCROSS_COMPILING -rdynamic -g -DCROSS_COMPILING -o psize.aux ./psize.c
rm -f umask.o
./mkbuiltins -D . umask.def
x86_64-lfs-linux-gnu-gcc -c   -DHAVE_CONFIG_H -DSHELL -I. -I..  -I.. -I../include -I../lib -I.  -Wno-parentheses -Wno-format-security   -g -O2 umask.c || ( rm -f umask.c ; exit 1 )
rm -f wait.o
./mkbuiltins -D . wait.def
x86_64-lfs-linux-gnu-gcc -c   -DHAVE_CONFIG_H -DSHELL -I. -I..  -I.. -I../include -I../lib -I.  -Wno-parentheses -Wno-format-security   -g -O2 wait.c || ( rm -f wait.c ; exit 1 )
rm -f util.o
x86_64-lfs-linux-gnu-gcc -c -DHAVE_CONFIG_H -DSHELL   -I. -I/mnt/lfs/sources/bash-5.3 -I../.. -I../../lib -Wno-parentheses -Wno-format-security  -g -O2  util.c
rm -f type.c
rm -f getopts.o
./mkbuiltins -D . getopts.def
x86_64-lfs-linux-gnu-gcc -c   -DHAVE_CONFIG_H -DSHELL -I. -I..  -I.. -I../include -I../lib -I.  -Wno-parentheses -Wno-format-security   -g -O2 getopts.c || ( rm -f getopts.c ; exit 1 )
x86_64-lfs-linux-gnu-gcc -c   -I. -I../.. -I../.. -I../../lib -I../../include -I.  -DHAVE_CONFIG_H -DSHELL  -Wno-parentheses -Wno-format-security -g -O2   snprintf.c
x86_64-lfs-linux-gnu-gcc -c   -I. -I../.. -I../.. -I../../lib -I../../include -I.  -DHAVE_CONFIG_H -DSHELL  -Wno-parentheses -Wno-format-security -g -O2   mailstat.c
rm -f wait.c
rm -f kill.o
rm -f umask.c
x86_64-lfs-linux-gnu-gcc -c -DHAVE_CONFIG_H -DSHELL   -I. -I/mnt/lfs/sources/bash-5.3 -I../.. -I../../lib -Wno-parentheses -Wno-format-security  -g -O2  kill.c
rm -f undo.o
x86_64-lfs-linux-gnu-gcc -c -DHAVE_CONFIG_H -DSHELL   -I. -I/mnt/lfs/sources/bash-5.3 -I../.. -I../../lib -Wno-parentheses -Wno-format-security  -g -O2  undo.c
rm -f getopts.c
rm -f shopt.o
./mkbuiltins -D . shopt.def
x86_64-lfs-linux-gnu-gcc -c   -DHAVE_CONFIG_H -DSHELL -I. -I..  -I.. -I../include -I../lib -I.  -Wno-parentheses -Wno-format-security   -g -O2 shopt.c || ( rm -f shopt.c ; exit 1 )
x86_64-lfs-linux-gnu-gcc -c   -I. -I../.. -I../.. -I../../lib -I../../include -I.  -DHAVE_CONFIG_H -DSHELL  -Wno-parentheses -Wno-format-security -g -O2   fmtulong.c
rm -f macro.o
x86_64-lfs-linux-gnu-gcc -c -DHAVE_CONFIG_H -DSHELL   -I. -I/mnt/lfs/sources/bash-5.3 -I../.. -I../../lib -Wno-parentheses -Wno-format-security  -g -O2  macro.c
rm -f printf.o
./mkbuiltins -D . printf.def
x86_64-lfs-linux-gnu-gcc -c   -DHAVE_CONFIG_H -DSHELL -I. -I..  -I.. -I../include -I../lib -I.  -Wno-parentheses -Wno-format-security   -g -O2 printf.c || ( rm -f printf.c ; exit 1 )
rm -f getopt.o
x86_64-lfs-linux-gnu-gcc -c   -DHAVE_CONFIG_H -DSHELL -I. -I..  -I.. -I../include -I../lib -I.  -Wno-parentheses -Wno-format-security   -g -O2 getopt.c
x86_64-lfs-linux-gnu-gcc -c   -I. -I../.. -I../.. -I../../lib -I../../include -I.  -DHAVE_CONFIG_H -DSHELL  -Wno-parentheses -Wno-format-security -g -O2   fmtullong.c
rm -f bashgetopt.o
x86_64-lfs-linux-gnu-gcc -c   -DHAVE_CONFIG_H -DSHELL -I. -I..  -I.. -I../include -I../lib -I.  -Wno-parentheses -Wno-format-security   -g -O2 bashgetopt.c
x86_64-lfs-linux-gnu-gcc -c   -I. -I../.. -I../.. -I../../lib -I../../include -I.  -DHAVE_CONFIG_H -DSHELL  -Wno-parentheses -Wno-format-security -g -O2   fmtumax.c
rm -f input.o
x86_64-lfs-linux-gnu-gcc -c -DHAVE_CONFIG_H -DSHELL   -I. -I/mnt/lfs/sources/bash-5.3 -I../.. -I../../lib -Wno-parentheses -Wno-format-security  -g -O2  input.c
rm -f shopt.c
rm -f callback.o
rm -f complete.o
x86_64-lfs-linux-gnu-gcc -c -DHAVE_CONFIG_H -DSHELL   -I. -I/mnt/lfs/sources/bash-5.3 -I../.. -I../../lib -Wno-parentheses -Wno-format-security  -g -O2  callback.c
./mkbuiltins -D . complete.def
x86_64-lfs-linux-gnu-gcc -c   -DHAVE_CONFIG_H -DSHELL -I. -I..  -I.. -I../include -I../lib -I.  -Wno-parentheses -Wno-format-security   -g -O2 complete.c || ( rm -f complete.c ; exit 1 )
x86_64-lfs-linux-gnu-gcc -c   -I. -I../.. -I../.. -I../../lib -I../../include -I.  -DHAVE_CONFIG_H -DSHELL  -Wno-parentheses -Wno-format-security -g -O2   zcatfd.c
rm -f terminal.o
x86_64-lfs-linux-gnu-gcc -c -DHAVE_CONFIG_H -DSHELL   -I. -I/mnt/lfs/sources/bash-5.3 -I../.. -I../../lib -Wno-parentheses -Wno-format-security  -g -O2  terminal.c
/bin/sh ./psize.sh > pipesize.h
x86_64-lfs-linux-gnu-gcc -c   -I. -I../.. -I../.. -I../../lib -I../../include -I.  -DHAVE_CONFIG_H -DSHELL  -Wno-parentheses -Wno-format-security -g -O2   zmapfd.c
rm -f text.o
x86_64-lfs-linux-gnu-gcc -c -DHAVE_CONFIG_H -DSHELL   -I. -I/mnt/lfs/sources/bash-5.3 -I../.. -I../../lib -Wno-parentheses -Wno-format-security  -g -O2  text.c
x86_64-lfs-linux-gnu-gcc -c   -I. -I../.. -I../.. -I../../lib -I../../include -I.  -DHAVE_CONFIG_H -DSHELL  -Wno-parentheses -Wno-format-security -g -O2   winsize.c
rm -f nls.o
x86_64-lfs-linux-gnu-gcc -c -DHAVE_CONFIG_H -DSHELL   -I. -I/mnt/lfs/sources/bash-5.3 -I../.. -I../../lib -Wno-parentheses -Wno-format-security  -g -O2  nls.c
x86_64-lfs-linux-gnu-gcc -c   -I. -I../.. -I../.. -I../../lib -I../../include -I.  -DHAVE_CONFIG_H -DSHELL  -Wno-parentheses -Wno-format-security -g -O2   wcsdup.c
rm -f complete.c
x86_64-lfs-linux-gnu-gcc -c   -I. -I../.. -I../.. -I../../lib -I../../include -I.  -DHAVE_CONFIG_H -DSHELL  -Wno-parentheses -Wno-format-security -g -O2   fpurge.c
rm -f misc.o
rm -f history.o
x86_64-lfs-linux-gnu-gcc -c -DHAVE_CONFIG_H -DSHELL   -I. -I/mnt/lfs/sources/bash-5.3 -I../.. -I../../lib -Wno-parentheses -Wno-format-security  -g -O2  misc.c
x86_64-lfs-linux-gnu-gcc -c -DHAVE_CONFIG_H -DSHELL   -I. -I/mnt/lfs/sources/bash-5.3 -I../.. -I../../lib -Wno-parentheses -Wno-format-security  -g -O2  history.c
x86_64-lfs-linux-gnu-gcc -c   -I. -I../.. -I../.. -I../../lib -I../../include -I.  -DHAVE_CONFIG_H -DSHELL  -Wno-parentheses -Wno-format-security -g -O2   zgetline.c
x86_64-lfs-linux-gnu-gcc -c   -I. -I../.. -I../.. -I../../lib -I../../include -I.  -DHAVE_CONFIG_H -DSHELL  -Wno-parentheses -Wno-format-security -g -O2   mbscmp.c
rm -f ulimit.o
./mkbuiltins -D . ulimit.def
x86_64-lfs-linux-gnu-gcc -c   -DHAVE_CONFIG_H -DSHELL -I. -I..  -I.. -I../include -I../lib -I.  -Wno-parentheses -Wno-format-security   -g -O2 ulimit.c || ( rm -f ulimit.c ; exit 1 )
rm -f histexpand.o
x86_64-lfs-linux-gnu-gcc -c -DHAVE_CONFIG_H -DSHELL   -I. -I/mnt/lfs/sources/bash-5.3 -I../.. -I../../lib -Wno-parentheses -Wno-format-security  -g -O2  histexpand.c
x86_64-lfs-linux-gnu-gcc -c   -I. -I../.. -I../.. -I../../lib -I../../include -I.  -DHAVE_CONFIG_H -DSHELL  -Wno-parentheses -Wno-format-security -g -O2   mbsncmp.c
x86_64-lfs-linux-gnu-gcc -c   -I. -I../.. -I../.. -I../../lib -I../../include -I.  -DHAVE_CONFIG_H -DSHELL  -Wno-parentheses -Wno-format-security -g -O2   uconvert.c
x86_64-lfs-linux-gnu-gcc -c   -I. -I../.. -I../.. -I../../lib -I../../include -I.  -DHAVE_CONFIG_H -DSHELL  -Wno-parentheses -Wno-format-security -g -O2   ufuncs.c
rm -f ulimit.c
x86_64-lfs-linux-gnu-gcc -c   -I. -I../.. -I../.. -I../../lib -I../../include -I.  -DHAVE_CONFIG_H -DSHELL  -Wno-parentheses -Wno-format-security -g -O2   casemod.c
rm -f histfile.o
x86_64-lfs-linux-gnu-gcc -c -DHAVE_CONFIG_H -DSHELL   -I. -I/mnt/lfs/sources/bash-5.3 -I../.. -I../../lib -Wno-parentheses -Wno-format-security  -g -O2  histfile.c
rm -f printf.c
rm -f libbuiltins.a
x86_64-lfs-linux-gnu-ar cr libbuiltins.a builtins.o alias.o bind.o break.o builtin.o caller.o cd.o colon.o command.o common.o declare.o echo.o enable.o eval.o evalfile.o evalstring.o exec.o exit.o fc.o fg_bg.o hash.o help.o history.o jobs.o kill.o let.o mapfile.o pushd.o read.o return.o set.o setattr.o shift.o source.o suspend.o test.o times.o trap.o type.o ulimit.o umask.o wait.o getopts.o shopt.o printf.o getopt.o bashgetopt.o complete.o
rm -f histsearch.o
x86_64-lfs-linux-gnu-gcc -c -DHAVE_CONFIG_H -DSHELL   -I. -I/mnt/lfs/sources/bash-5.3 -I../.. -I../../lib -Wno-parentheses -Wno-format-security  -g -O2  histsearch.c
x86_64-lfs-linux-gnu-gcc -c   -I. -I../.. -I../.. -I../../lib -I../../include -I.  -DHAVE_CONFIG_H -DSHELL  -Wno-parentheses -Wno-format-security -g -O2   input_avail.c
x86_64-lfs-linux-gnu-ranlib libbuiltins.a
x86_64-lfs-linux-gnu-gcc -c   -I. -I../.. -I../.. -I../../lib -I../../include -I.  -DHAVE_CONFIG_H -DSHELL  -Wno-parentheses -Wno-format-security -g -O2   mbscasecmp.c
make[1]: Leaving directory '/mnt/lfs/sources/bash-5.3/builtins'
x86_64-lfs-linux-gnu-gcc -c   -I. -I../.. -I../.. -I../../lib -I../../include -I.  -DHAVE_CONFIG_H -DSHELL  -Wno-parentheses -Wno-format-security -g -O2   fnxform.c
x86_64-lfs-linux-gnu-gcc -c   -I. -I../.. -I../.. -I../../lib -I../../include -I.  -DHAVE_CONFIG_H -DSHELL  -Wno-parentheses -Wno-format-security -g -O2   unicode.c
x86_64-lfs-linux-gnu-gcc -c   -I. -I../.. -I../.. -I../../lib -I../../include -I.  -DHAVE_CONFIG_H -DSHELL  -Wno-parentheses -Wno-format-security -g -O2   shmbchar.c
x86_64-lfs-linux-gnu-gcc -c   -I. -I../.. -I../.. -I../../lib -I../../include -I.  -DHAVE_CONFIG_H -DSHELL  -Wno-parentheses -Wno-format-security -g -O2   strvis.c
make[1]: Entering directory '/mnt/lfs/sources/bash-5.3/builtins'
make[1]: 'pipesize.h' is up to date.
make[1]: Leaving directory '/mnt/lfs/sources/bash-5.3/builtins'
x86_64-lfs-linux-gnu-gcc -c   -I. -I../.. -I../.. -I../../lib -I../../include -I.  -DHAVE_CONFIG_H -DSHELL  -Wno-parentheses -Wno-format-security -g -O2   strscpy.c
rm -f redir.o
x86_64-lfs-linux-gnu-gcc  -DPROGRAM='"bash"' -DCONF_HOSTTYPE='"x86_64"' -DCONF_OSTYPE='"linux-gnu"' -DCONF_MACHTYPE='"x86_64-lfs-linux-gnu"' -DCONF_VENDOR='"lfs"' -DLOCALEDIR='"/usr/share/locale"' -DPACKAGE='"bash"' -DSHELL -DHAVE_CONFIG_H   -I.  -I. -I./include -I./lib  -Wno-parentheses -Wno-format-security   -g -O2 -c redir.c
x86_64-lfs-linux-gnu-gcc -c   -I. -I../.. -I../.. -I../../lib -I../../include -I.  -DHAVE_CONFIG_H -DSHELL  -Wno-parentheses -Wno-format-security -g -O2   anonfile.c
rm -f shell.o
x86_64-lfs-linux-gnu-gcc -c -DHAVE_CONFIG_H -DSHELL   -I. -I/mnt/lfs/sources/bash-5.3 -I../.. -I../../lib -Wno-parentheses -Wno-format-security  -g -O2  shell.c
rm -f savestring.o
x86_64-lfs-linux-gnu-gcc -c -DHAVE_CONFIG_H -DSHELL   -I. -I/mnt/lfs/sources/bash-5.3 -I../.. -I../../lib -Wno-parentheses -Wno-format-security  -g -O2  savestring.c
rm -f mbutil.o
x86_64-lfs-linux-gnu-gcc -c -DHAVE_CONFIG_H -DSHELL   -I. -I/mnt/lfs/sources/bash-5.3 -I../.. -I../../lib -Wno-parentheses -Wno-format-security  -g -O2  mbutil.c
rm -f tilde.o
x86_64-lfs-linux-gnu-gcc -DHAVE_CONFIG_H -DSHELL   -I. -I/mnt/lfs/sources/bash-5.3 -I../.. -I../../lib -Wno-parentheses -Wno-format-security  -g -O2  -DREADLINE_LIBRARY -c ./tilde.c
x86_64-lfs-linux-gnu-gcc -c   -I. -I../.. -I../.. -I../../lib -I../../include -I.  -DHAVE_CONFIG_H -DSHELL  -Wno-parentheses -Wno-format-security -g -O2   compat.c
rm -f colors.o
rm -f parse-colors.o
x86_64-lfs-linux-gnu-gcc -c -DHAVE_CONFIG_H -DSHELL   -I. -I/mnt/lfs/sources/bash-5.3 -I../.. -I../../lib -Wno-parentheses -Wno-format-security  -g -O2  parse-colors.c
x86_64-lfs-linux-gnu-gcc -c -DHAVE_CONFIG_H -DSHELL   -I. -I/mnt/lfs/sources/bash-5.3 -I../.. -I../../lib -Wno-parentheses -Wno-format-security  -g -O2  colors.c
rm -f xmalloc.o
x86_64-lfs-linux-gnu-gcc -c -DHAVE_CONFIG_H -DSHELL   -I. -I/mnt/lfs/sources/bash-5.3 -I../.. -I../../lib -Wno-parentheses -Wno-format-security  -g -O2  xmalloc.c
x86_64-lfs-linux-gnu-gcc -c   -I. -I../.. -I../.. -I../../lib -I../../include -I.  -DHAVE_CONFIG_H -DSHELL  -Wno-parentheses -Wno-format-security -g -O2   utf8.c
x86_64-lfs-linux-gnu-gcc -c   -I. -I../.. -I../.. -I../../lib -I../../include -I.  -DHAVE_CONFIG_H -DSHELL  -Wno-parentheses -Wno-format-security -g -O2   random.c
rm -f xfree.o
x86_64-lfs-linux-gnu-gcc -c -DHAVE_CONFIG_H -DSHELL   -I. -I/mnt/lfs/sources/bash-5.3 -I../.. -I../../lib -Wno-parentheses -Wno-format-security  -g -O2  xfree.c
rm -f compat.o
x86_64-lfs-linux-gnu-gcc -c -DHAVE_CONFIG_H -DSHELL   -I. -I/mnt/lfs/sources/bash-5.3 -I../.. -I../../lib -Wno-parentheses -Wno-format-security  -g -O2  compat.c
x86_64-lfs-linux-gnu-gcc -c   -I. -I../.. -I../.. -I../../lib -I../../include -I.  -DHAVE_CONFIG_H -DSHELL  -Wno-parentheses -Wno-format-security -g -O2   gettimeofday.c
x86_64-lfs-linux-gnu-gcc -c   -I. -I../.. -I../.. -I../../lib -I../../include -I.  -DHAVE_CONFIG_H -DSHELL  -Wno-parentheses -Wno-format-security -g -O2   timers.c
x86_64-lfs-linux-gnu-gcc -c   -I. -I../.. -I../.. -I../../lib -I../../include -I.  -DHAVE_CONFIG_H -DSHELL  -Wno-parentheses -Wno-format-security -g -O2   wcsnwidth.c
x86_64-lfs-linux-gnu-gcc -c   -I. -I../.. -I../.. -I../../lib -I../../include -I.  -DHAVE_CONFIG_H -DSHELL  -Wno-parentheses -Wno-format-security -g -O2   mktime.c
x86_64-lfs-linux-gnu-gcc -c   -I. -I../.. -I../.. -I../../lib -I../../include -I.  -DHAVE_CONFIG_H -DSHELL  -Wno-parentheses -Wno-format-security -g -O2   mbschr.c
x86_64-lfs-linux-gnu-gcc -c   -I. -I../.. -I../.. -I../../lib -I../../include -I.  -DHAVE_CONFIG_H -DSHELL  -Wno-parentheses -Wno-format-security -g -O2   strchrnul.c
rm -f libreadline.a
x86_64-lfs-linux-gnu-ar cr libreadline.a readline.o vi_mode.o funmap.o keymaps.o parens.o search.o rltty.o complete.o bind.o isearch.o display.o signals.o util.o kill.o undo.o macro.o input.o callback.o terminal.o text.o nls.o misc.o history.o histexpand.o histfile.o histsearch.o shell.o savestring.o mbutil.o tilde.o colors.o parse-colors.o xmalloc.o xfree.o compat.o 
x86_64-lfs-linux-gnu-gcc -c   -I. -I../.. -I../.. -I../../lib -I../../include -I.  -DHAVE_CONFIG_H -DSHELL  -Wno-parentheses -Wno-format-security -g -O2   getcwd.c
test -n "x86_64-lfs-linux-gnu-ranlib" && x86_64-lfs-linux-gnu-ranlib libreadline.a
make[1]: Leaving directory '/mnt/lfs/sources/bash-5.3/lib/readline'
making lib/readline/libhistory.a in ./lib/readline
make[1]: Entering directory '/mnt/lfs/sources/bash-5.3/lib/readline'
rm -f libhistory.a
x86_64-lfs-linux-gnu-ar cr libhistory.a history.o histexpand.o histfile.o histsearch.o shell.o savestring.o mbutil.o xmalloc.o xfree.o
test -n "x86_64-lfs-linux-gnu-ranlib" && x86_64-lfs-linux-gnu-ranlib libhistory.a
make[1]: Leaving directory '/mnt/lfs/sources/bash-5.3/lib/readline'
rm -f libsh.a
x86_64-lfs-linux-gnu-ar cr libsh.a clktck.o clock.o getenv.o oslib.o setlinebuf.o strnlen.o itos.o zread.o zwrite.o shtty.o shmatch.o eaccess.o netconn.o netopen.o timeval.o makepath.o pathcanon.o pathphys.o tmpfile.o stringlist.o stringvec.o spell.o shquote.o strtrans.o snprintf.o mailstat.o fmtulong.o fmtullong.o fmtumax.o zcatfd.o zmapfd.o winsize.o wcsdup.o fpurge.o zgetline.o mbscmp.o mbsncmp.o uconvert.o ufuncs.o casemod.o input_avail.o mbscasecmp.o fnxform.o unicode.o shmbchar.o strvis.o strscpy.o anonfile.o compat.o utf8.o random.o gettimeofday.o timers.o wcsnwidth.o mktime.o mbschr.o strchrnul.o getcwd.o
test -n "x86_64-lfs-linux-gnu-ranlib" && x86_64-lfs-linux-gnu-ranlib libsh.a
make[1]: Leaving directory '/mnt/lfs/sources/bash-5.3/lib/sh'
rm -f bash
x86_64-lfs-linux-gnu-gcc -L./builtins -L./lib/readline -L./lib/readline -L./lib/glob -L./lib/tilde  -L./lib/sh  -rdynamic -g -O2   -o bash shell.o eval.o y.tab.o general.o make_cmd.o print_cmd.o dispose_cmd.o execute_cmd.o variables.o copy_cmd.o error.o expr.o flags.o jobs.o subst.o hashcmd.o hashlib.o mailcheck.o trap.o input.o unwind_prot.o pathexp.o sig.o test.o version.o alias.o array.o arrayfunc.o assoc.o braces.o bracecomp.o bashhist.o bashline.o  list.o stringlib.o locale.o findcmd.o redir.o pcomplete.o pcomplib.o syntax.o xmalloc.o signames.o -lbuiltins -lglob -lsh -lreadline -lhistory -lncursesw -ltilde     -ldl 
/mnt/lfs/tools/lib/gcc/x86_64-lfs-linux-gnu/15.2.0/../../../../x86_64-lfs-linux-gnu/bin/ld: ./lib/sh/libsh.a(tmpfile.o): in function `sh_mktmpname':
/mnt/lfs/sources/bash-5.3/lib/sh/tmpfile.c:173:(.text+0x172): warning: the use of `mktemp' is dangerous, better use `mkstemp' or `mkdtemp'
ls -l bash
-rwxr-xr-x 1 lfs lfs 4647520 Sep 20 20:03 bash
x86_64-lfs-linux-gnu-size bash
   text	   data	    bss	    dec	    hex	filename
1313790	  48748	  48176	1410714	 15869a	bash
