
XZ Utils 5.8.1

System type:
checking build system type... x86_64-pc-linux-gnu
checking host system type... x86_64-lfs-linux-gnu

Configure options:
checking if debugging code should be compiled... no
checking which encoders to build... lzma1 lzma2 delta x86 powerpc ia64 arm armthumb arm64 sparc riscv
checking which decoders to build... lzma1 lzma2 delta x86 powerpc ia64 arm armthumb arm64 sparc riscv
checking which match finders to build... hc3 hc4 bt2 bt3 bt4
checking which integrity checks to build... crc32 crc64 sha256
checking if external SHA-256 should be used... no
checking if MicroLZMA support should be built... yes
checking if .lz (lzip) decompression support should be built... yes
checking if assembler optimizations should be used... no
checking if small size is preferred over speed... no
checking if threading support is wanted... yes, posix
checking how much RAM to assume if the real amount is unknown... 128 MiB
checking if sandboxing should be used... maybe (autodetect)

checking for a shell that conforms to POSIX... /bin/sh

Initializing Automake:
checking for a BSD-compatible install... /usr/bin/install -c
checking whether sleep supports fractional seconds... yes
checking filesystem timestamp resolution... 0.01
checking whether build environment is sane... yes
checking for x86_64-lfs-linux-gnu-strip... x86_64-lfs-linux-gnu-strip
checking for a race-free mkdir -p... /usr/bin/mkdir -p
checking for gawk... gawk
checking whether make sets $(MAKE)... yes
checking whether make supports nested variables... yes
checking xargs -n works... yes
checking whether ln -s works... yes
checking whether make supports the include directive... yes (GNU style)
checking for x86_64-lfs-linux-gnu-gcc... x86_64-lfs-linux-gnu-gcc
checking whether the C compiler works... yes
checking for C compiler default output file name... a.out
checking for suffix of executables... 
checking whether we are cross compiling... yes
checking for suffix of object files... o
checking whether the compiler supports GNU C... yes
checking whether x86_64-lfs-linux-gnu-gcc accepts -g... yes
checking for x86_64-lfs-linux-gnu-gcc option to enable C11 features... none needed
checking whether x86_64-lfs-linux-gnu-gcc understands -c and -o together... yes
checking dependency style of x86_64-lfs-linux-gnu-gcc... gcc3
checking dependency style of x86_64-lfs-linux-gnu-gcc... gcc3
checking for stdio.h... yes
checking for stdlib.h... yes
checking for string.h... yes
checking for inttypes.h... yes
checking for stdint.h... yes
checking for strings.h... yes
checking for sys/stat.h... yes
checking for sys/types.h... yes
checking for unistd.h... yes
checking for wchar.h... yes
checking for minix/config.h... no
checking for sys/cdefs.h... yes
checking whether it is safe to define __EXTENSIONS__... yes
checking whether _XOPEN_SOURCE should be defined... no
checking if the -Werror option is usable... yes
checking for a sed that does not truncate output... /usr/bin/sed
checking how to run the C preprocessor... x86_64-lfs-linux-gnu-gcc -E
checking for egrep -e... /usr/bin/grep -E

POSIX threading support:
checking whether x86_64-lfs-linux-gnu-gcc is Clang... no
checking whether pthreads work with "-pthread" and "-lpthread"... yes
checking for joinable pthread attribute... PTHREAD_CREATE_JOINABLE
checking whether more special flags are required for pthreads... no
checking for PTHREAD_PRIO_INHERIT... yes
checking for pthread_condattr_setclock... yes

Initializing Libtool:
checking how to print strings... printf
checking for a sed that does not truncate output... (cached) /usr/bin/sed
checking for grep that handles long lines and -e... /usr/bin/grep
checking for egrep... /usr/bin/grep -E
checking for fgrep... /usr/bin/grep -F
checking for ld used by x86_64-lfs-linux-gnu-gcc... /mnt/lfs/tools/x86_64-lfs-linux-gnu/bin/ld
checking if the linker (/mnt/lfs/tools/x86_64-lfs-linux-gnu/bin/ld) is GNU ld... yes
checking for BSD- or MS-compatible name lister (nm)... /mnt/lfs/tools/bin/x86_64-lfs-linux-gnu-nm -B
checking the name lister (/mnt/lfs/tools/bin/x86_64-lfs-linux-gnu-nm -B) interface... BSD nm
checking the maximum length of command line arguments... 1572864
checking how to convert x86_64-pc-linux-gnu file names to x86_64-lfs-linux-gnu format... func_convert_file_noop
checking how to convert x86_64-pc-linux-gnu file names to toolchain format... func_convert_file_noop
checking for /mnt/lfs/tools/x86_64-lfs-linux-gnu/bin/ld option to reload object files... -r
checking for file... file
checking for x86_64-lfs-linux-gnu-objdump... x86_64-lfs-linux-gnu-objdump
checking how to recognize dependent libraries... pass_all
checking for x86_64-lfs-linux-gnu-dlltool... no
checking for dlltool... no
checking how to associate runtime and link libraries... printf %s\n
checking for x86_64-lfs-linux-gnu-ranlib... x86_64-lfs-linux-gnu-ranlib
checking for x86_64-lfs-linux-gnu-ar... x86_64-lfs-linux-gnu-ar
checking for archiver @FILE support... @
checking for x86_64-lfs-linux-gnu-strip... (cached) x86_64-lfs-linux-gnu-strip
checking command to parse /mnt/lfs/tools/bin/x86_64-lfs-linux-gnu-nm -B output from x86_64-lfs-linux-gnu-gcc object... ok
checking for sysroot... no
checking for a working dd... /usr/bin/dd
checking how to truncate binary pipes... /usr/bin/dd bs=4096 count=1
checking for x86_64-lfs-linux-gnu-mt... no
checking for mt... mt
configure: WARNING: using cross tools not prefixed with host triplet
checking if mt is a manifest tool... no
checking for dlfcn.h... yes
checking for objdir... .libs
checking if x86_64-lfs-linux-gnu-gcc supports -fno-rtti -fno-exceptions... no
checking for x86_64-lfs-linux-gnu-gcc option to produce PIC... -fPIC -DPIC
checking if x86_64-lfs-linux-gnu-gcc PIC flag -fPIC -DPIC works... yes
checking if x86_64-lfs-linux-gnu-gcc static flag -static works... yes
checking if x86_64-lfs-linux-gnu-gcc supports -c -o file.o... yes
checking if x86_64-lfs-linux-gnu-gcc supports -c -o file.o... (cached) yes
checking whether the x86_64-lfs-linux-gnu-gcc linker (/mnt/lfs/tools/x86_64-lfs-linux-gnu/bin/ld -m elf_x86_64) supports shared libraries... yes
checking whether -lc should be explicitly linked in... no
checking dynamic linker characteristics... GNU/Linux ld.so
checking how to hardcode library paths into programs... immediate
checking whether stripping libraries is possible... yes
checking if libtool supports shared libraries... yes
checking whether to build shared libraries... yes
checking whether to build static libraries... no
checking for x86_64-lfs-linux-gnu-windres... no
checking for windres... no
checking if library symbol versioning should be used... yes (linux)

Initializing gettext:
checking whether NLS is requested... yes
checking for msgfmt... no
checking for gmsgfmt... :
checking for xgettext... no
checking for msgmerge... no
checking for ld... /mnt/lfs/tools/x86_64-lfs-linux-gnu/bin/ld -m elf_x86_64
checking if the linker (/mnt/lfs/tools/x86_64-lfs-linux-gnu/bin/ld -m elf_x86_64) is GNU ld... yes
checking for shared library run path origin... done
checking 32-bit host C ABI... no
checking for ELF binary format... yes
checking for the common suffixes of directories in the library search path... lib,lib,lib64
checking for CFPreferencesCopyAppValue... no
checking for CFLocaleCopyPreferredLanguages... no
checking for GNU gettext in libc... yes
checking whether to use NLS... yes
checking where the gettext function comes from... libc

System headers and functions:
checking for immintrin.h... yes
checking for cpuid.h... yes
checking for _Bool... yes
checking for stdbool.h that conforms to C99 or later... yes
checking for uint8_t... yes
checking for uint16_t... yes
checking for int32_t... yes
checking for uint32_t... yes
checking for int64_t... yes
checking for uint64_t... yes
checking for uintptr_t... yes
checking size of size_t... 8
checking for struct stat.st_atim.tv_nsec... yes
checking for struct stat.st_atimespec.tv_nsec... no
checking for struct stat.st_atimensec... no
checking for struct stat.st_uatime... no
checking for struct stat.st_atim.st__tim.tv_nsec... no
checking for x86_64-lfs-linux-gnu-gcc option to enable large file support... none needed
checking whether byte ordering is bigendian... no
checking if __attribute__((__constructor__)) can be used... yes
checking for x86_64-lfs-linux-gnu-gcc options needed to detect all undeclared functions... none needed
checking for getopt.h... yes
checking for getopt_long... yes
checking whether optreset is declared... no
checking for library containing clock_gettime... none required
checking for clock_gettime... yes
checking whether CLOCK_MONOTONIC is declared... yes
checking for futimens... yes
checking for posix_fadvise... yes
checking whether program_invocation_name is declared... yes
checking if __builtin_bswap16/32/64 are supported... yes
checking if unaligned memory access should be used... yes
checking if unsafe type punning should be used... no
checking if __builtin_assume_aligned is supported... yes
checking for sys/param.h... yes
checking how to detect the amount of physical memory... sysconf
checking for sys/param.h... (cached) yes
checking how to detect the number of available CPU cores... sched_getaffinity
checking whether mbrtowc and mbstate_t are properly declared... yes
checking for wcwidth... yes
checking for vasprintf... yes
checking whether _mm_movemask_epi8 is declared... yes
checking if _mm_clmulepi64_si128 is usable... yes
checking if ARM64 CRC32 instruction is usable... no
checking if LoongArch CRC32 instructions are usable... no
checking for cap_rights_limit... no
checking for pledge... no
checking if Linux Landlock is usable... yes

GCC extensions:
checking whether the -Werror option is usable... yes
checking for simple visibility declarations... yes
checking if x86_64-lfs-linux-gnu-gcc accepts -Wall... yes
checking if x86_64-lfs-linux-gnu-gcc accepts -Wextra... yes
checking if x86_64-lfs-linux-gnu-gcc accepts -Wvla... yes
checking if x86_64-lfs-linux-gnu-gcc accepts -Wformat=2... yes
checking if x86_64-lfs-linux-gnu-gcc accepts -Winit-self... yes
checking if x86_64-lfs-linux-gnu-gcc accepts -Wmissing-include-dirs... yes
checking if x86_64-lfs-linux-gnu-gcc accepts -Wshift-overflow=2... yes
checking if x86_64-lfs-linux-gnu-gcc accepts -Wstrict-overflow=3... yes
checking if x86_64-lfs-linux-gnu-gcc accepts -Walloc-zero... yes
checking if x86_64-lfs-linux-gnu-gcc accepts -Wduplicated-cond... yes
checking if x86_64-lfs-linux-gnu-gcc accepts -Wfloat-equal... yes
checking if x86_64-lfs-linux-gnu-gcc accepts -Wundef... yes
checking if x86_64-lfs-linux-gnu-gcc accepts -Wshadow... yes
checking if x86_64-lfs-linux-gnu-gcc accepts -Wpointer-arith... yes
checking if x86_64-lfs-linux-gnu-gcc accepts -Wbad-function-cast... yes
checking if x86_64-lfs-linux-gnu-gcc accepts -Wwrite-strings... yes
checking if x86_64-lfs-linux-gnu-gcc accepts -Wdate-time... yes
checking if x86_64-lfs-linux-gnu-gcc accepts -Wsign-conversion... yes
checking if x86_64-lfs-linux-gnu-gcc accepts -Wfloat-conversion... yes
checking if x86_64-lfs-linux-gnu-gcc accepts -Wlogical-op... yes
checking if x86_64-lfs-linux-gnu-gcc accepts -Waggregate-return... yes
checking if x86_64-lfs-linux-gnu-gcc accepts -Wstrict-prototypes... yes
checking if x86_64-lfs-linux-gnu-gcc accepts -Wold-style-definition... yes
checking if x86_64-lfs-linux-gnu-gcc accepts -Wmissing-prototypes... yes
checking if x86_64-lfs-linux-gnu-gcc accepts -Wmissing-declarations... yes
checking if x86_64-lfs-linux-gnu-gcc accepts -Wredundant-decls... yes
checking if x86_64-lfs-linux-gnu-gcc accepts -Wimplicit-fallthrough... yes
checking if x86_64-lfs-linux-gnu-gcc accepts -Wimplicit-fallthrough=5... yes
checking if x86_64-lfs-linux-gnu-gcc accepts -Wc99-compat... no
checking if x86_64-lfs-linux-gnu-gcc accepts -Wc11-extensions... no
checking if x86_64-lfs-linux-gnu-gcc accepts -Wc2x-compat... no
checking if x86_64-lfs-linux-gnu-gcc accepts -Wc2x-extensions... no
checking if x86_64-lfs-linux-gnu-gcc accepts -Wpre-c2x-compat... no
checking if x86_64-lfs-linux-gnu-gcc accepts -Warray-bounds-pointer-arithmetic... no
checking if x86_64-lfs-linux-gnu-gcc accepts -Wassign-enum... no
checking if x86_64-lfs-linux-gnu-gcc accepts -Wconditional-uninitialized... no
checking if x86_64-lfs-linux-gnu-gcc accepts -Wdocumentation... no
checking if x86_64-lfs-linux-gnu-gcc accepts -Wduplicate-enum... no
checking if x86_64-lfs-linux-gnu-gcc accepts -Wempty-translation-unit... no
checking if x86_64-lfs-linux-gnu-gcc accepts -Wflexible-array-extensions... no
checking if x86_64-lfs-linux-gnu-gcc accepts -Wmissing-variable-declarations... yes
checking if x86_64-lfs-linux-gnu-gcc accepts -Wnewline-eof... no
checking if x86_64-lfs-linux-gnu-gcc accepts -Wshift-sign-overflow... no
checking if x86_64-lfs-linux-gnu-gcc accepts -Wstring-conversion... no

checking that generated files are newer than configure... done
configure: creating ./config.status
config.status: creating Makefile
config.status: creating po/Makefile.in
config.status: creating lib/Makefile
config.status: creating src/Makefile
config.status: creating src/liblzma/Makefile
config.status: creating src/liblzma/api/Makefile
config.status: creating src/xz/Makefile
config.status: creating src/xzdec/Makefile
config.status: creating src/lzmainfo/Makefile
config.status: creating src/scripts/Makefile
config.status: creating tests/Makefile
config.status: creating debug/Makefile
config.status: creating src/scripts/xzdiff
config.status: creating src/scripts/xzgrep
config.status: creating src/scripts/xzmore
config.status: creating src/scripts/xzless
config.status: creating config.h
config.status: executing depfiles commands
config.status: executing libtool commands
config.status: executing po-directories commands
config.status: creating po/POTFILES
config.status: creating po/Makefile
