make  install-recursive
make[1]: Entering directory '/sources/bison-3.8.2'
Making install in po
make[2]: Entering directory '/sources/bison-3.8.2/po'
installing bg.gmo as /usr/share/locale/bg/LC_MESSAGES/bison.mo
installing ca.gmo as /usr/share/locale/ca/LC_MESSAGES/bison.mo
installing da.gmo as /usr/share/locale/da/LC_MESSAGES/bison.mo
installing de.gmo as /usr/share/locale/de/LC_MESSAGES/bison.mo
installing el.gmo as /usr/share/locale/el/LC_MESSAGES/bison.mo
installing eo.gmo as /usr/share/locale/eo/LC_MESSAGES/bison.mo
installing es.gmo as /usr/share/locale/es/LC_MESSAGES/bison.mo
installing et.gmo as /usr/share/locale/et/LC_MESSAGES/bison.mo
installing fi.gmo as /usr/share/locale/fi/LC_MESSAGES/bison.mo
installing fr.gmo as /usr/share/locale/fr/LC_MESSAGES/bison.mo
installing ga.gmo as /usr/share/locale/ga/LC_MESSAGES/bison.mo
installing hr.gmo as /usr/share/locale/hr/LC_MESSAGES/bison.mo
installing id.gmo as /usr/share/locale/id/LC_MESSAGES/bison.mo
installing it.gmo as /usr/share/locale/it/LC_MESSAGES/bison.mo
installing ja.gmo as /usr/share/locale/ja/LC_MESSAGES/bison.mo
installing ms.gmo as /usr/share/locale/ms/LC_MESSAGES/bison.mo
installing nb.gmo as /usr/share/locale/nb/LC_MESSAGES/bison.mo
installing nl.gmo as /usr/share/locale/nl/LC_MESSAGES/bison.mo
installing pl.gmo as /usr/share/locale/pl/LC_MESSAGES/bison.mo
installing pt.gmo as /usr/share/locale/pt/LC_MESSAGES/bison.mo
installing pt_BR.gmo as /usr/share/locale/pt_BR/LC_MESSAGES/bison.mo
installing ro.gmo as /usr/share/locale/ro/LC_MESSAGES/bison.mo
installing ru.gmo as /usr/share/locale/ru/LC_MESSAGES/bison.mo
installing sr.gmo as /usr/share/locale/sr/LC_MESSAGES/bison.mo
installing sv.gmo as /usr/share/locale/sv/LC_MESSAGES/bison.mo
installing tr.gmo as /usr/share/locale/tr/LC_MESSAGES/bison.mo
installing uk.gmo as /usr/share/locale/uk/LC_MESSAGES/bison.mo
installing vi.gmo as /usr/share/locale/vi/LC_MESSAGES/bison.mo
installing zh_CN.gmo as /usr/share/locale/zh_CN/LC_MESSAGES/bison.mo
installing zh_TW.gmo as /usr/share/locale/zh_TW/LC_MESSAGES/bison.mo
if test "bison" = "gettext-tools"; then \
  /usr/bin/mkdir -p /usr/share/gettext/po; \
  for file in Makefile.in.in remove-potcdate.sin quot.sed boldquot.sed en@quot.header en@boldquot.header insert-header.sin Rules-quot   Makevars.template; do \
    /usr/bin/install -c -m 644 ./$file \
		    /usr/share/gettext/po/$file; \
  done; \
  for file in Makevars; do \
    rm -f /usr/share/gettext/po/$file; \
  done; \
else \
  : ; \
fi
make[2]: Leaving directory '/sources/bison-3.8.2/po'
Making install in runtime-po
make[2]: Entering directory '/sources/bison-3.8.2/runtime-po'
installing ast.gmo as /usr/share/locale/ast/LC_MESSAGES/bison-runtime.mo
installing bg.gmo as /usr/share/locale/bg/LC_MESSAGES/bison-runtime.mo
installing ca.gmo as /usr/share/locale/ca/LC_MESSAGES/bison-runtime.mo
installing da.gmo as /usr/share/locale/da/LC_MESSAGES/bison-runtime.mo
installing de.gmo as /usr/share/locale/de/LC_MESSAGES/bison-runtime.mo
installing el.gmo as /usr/share/locale/el/LC_MESSAGES/bison-runtime.mo
installing eo.gmo as /usr/share/locale/eo/LC_MESSAGES/bison-runtime.mo
installing es.gmo as /usr/share/locale/es/LC_MESSAGES/bison-runtime.mo
installing et.gmo as /usr/share/locale/et/LC_MESSAGES/bison-runtime.mo
installing fi.gmo as /usr/share/locale/fi/LC_MESSAGES/bison-runtime.mo
installing fr.gmo as /usr/share/locale/fr/LC_MESSAGES/bison-runtime.mo
installing ga.gmo as /usr/share/locale/ga/LC_MESSAGES/bison-runtime.mo
installing gl.gmo as /usr/share/locale/gl/LC_MESSAGES/bison-runtime.mo
installing hr.gmo as /usr/share/locale/hr/LC_MESSAGES/bison-runtime.mo
installing hu.gmo as /usr/share/locale/hu/LC_MESSAGES/bison-runtime.mo
installing ia.gmo as /usr/share/locale/ia/LC_MESSAGES/bison-runtime.mo
installing id.gmo as /usr/share/locale/id/LC_MESSAGES/bison-runtime.mo
installing it.gmo as /usr/share/locale/it/LC_MESSAGES/bison-runtime.mo
installing ja.gmo as /usr/share/locale/ja/LC_MESSAGES/bison-runtime.mo
installing ky.gmo as /usr/share/locale/ky/LC_MESSAGES/bison-runtime.mo
installing lt.gmo as /usr/share/locale/lt/LC_MESSAGES/bison-runtime.mo
installing lv.gmo as /usr/share/locale/lv/LC_MESSAGES/bison-runtime.mo
installing ms.gmo as /usr/share/locale/ms/LC_MESSAGES/bison-runtime.mo
installing nb.gmo as /usr/share/locale/nb/LC_MESSAGES/bison-runtime.mo
installing nl.gmo as /usr/share/locale/nl/LC_MESSAGES/bison-runtime.mo
installing pl.gmo as /usr/share/locale/pl/LC_MESSAGES/bison-runtime.mo
installing pt.gmo as /usr/share/locale/pt/LC_MESSAGES/bison-runtime.mo
installing pt_BR.gmo as /usr/share/locale/pt_BR/LC_MESSAGES/bison-runtime.mo
installing ro.gmo as /usr/share/locale/ro/LC_MESSAGES/bison-runtime.mo
installing ru.gmo as /usr/share/locale/ru/LC_MESSAGES/bison-runtime.mo
installing sl.gmo as /usr/share/locale/sl/LC_MESSAGES/bison-runtime.mo
installing sq.gmo as /usr/share/locale/sq/LC_MESSAGES/bison-runtime.mo
installing sr.gmo as /usr/share/locale/sr/LC_MESSAGES/bison-runtime.mo
installing sv.gmo as /usr/share/locale/sv/LC_MESSAGES/bison-runtime.mo
installing ta.gmo as /usr/share/locale/ta/LC_MESSAGES/bison-runtime.mo
installing th.gmo as /usr/share/locale/th/LC_MESSAGES/bison-runtime.mo
installing tr.gmo as /usr/share/locale/tr/LC_MESSAGES/bison-runtime.mo
installing uk.gmo as /usr/share/locale/uk/LC_MESSAGES/bison-runtime.mo
installing vi.gmo as /usr/share/locale/vi/LC_MESSAGES/bison-runtime.mo
installing zh_CN.gmo as /usr/share/locale/zh_CN/LC_MESSAGES/bison-runtime.mo
installing zh_TW.gmo as /usr/share/locale/zh_TW/LC_MESSAGES/bison-runtime.mo
if test "bison" = "gettext-tools"; then \
  /usr/bin/mkdir -p /usr/share/gettext/po; \
  for file in Makefile.in.in remove-potcdate.sin quot.sed boldquot.sed en@quot.header en@boldquot.header insert-header.sin Rules-quot   Makevars.template; do \
    /usr/bin/install -c -m 644 ./$file \
		    /usr/share/gettext/po/$file; \
  done; \
  for file in Makevars; do \
    rm -f /usr/share/gettext/po/$file; \
  done; \
else \
  : ; \
fi
make[2]: Leaving directory '/sources/bison-3.8.2/runtime-po'
Making install in gnulib-po
make[2]: Entering directory '/sources/bison-3.8.2/gnulib-po'
installing af.gmo as /usr/share/locale/af/LC_MESSAGES/bison-gnulib.mo
installing be.gmo as /usr/share/locale/be/LC_MESSAGES/bison-gnulib.mo
installing bg.gmo as /usr/share/locale/bg/LC_MESSAGES/bison-gnulib.mo
installing ca.gmo as /usr/share/locale/ca/LC_MESSAGES/bison-gnulib.mo
installing cs.gmo as /usr/share/locale/cs/LC_MESSAGES/bison-gnulib.mo
installing da.gmo as /usr/share/locale/da/LC_MESSAGES/bison-gnulib.mo
installing de.gmo as /usr/share/locale/de/LC_MESSAGES/bison-gnulib.mo
installing el.gmo as /usr/share/locale/el/LC_MESSAGES/bison-gnulib.mo
installing eo.gmo as /usr/share/locale/eo/LC_MESSAGES/bison-gnulib.mo
installing es.gmo as /usr/share/locale/es/LC_MESSAGES/bison-gnulib.mo
installing et.gmo as /usr/share/locale/et/LC_MESSAGES/bison-gnulib.mo
installing eu.gmo as /usr/share/locale/eu/LC_MESSAGES/bison-gnulib.mo
installing fi.gmo as /usr/share/locale/fi/LC_MESSAGES/bison-gnulib.mo
installing fr.gmo as /usr/share/locale/fr/LC_MESSAGES/bison-gnulib.mo
installing ga.gmo as /usr/share/locale/ga/LC_MESSAGES/bison-gnulib.mo
installing gl.gmo as /usr/share/locale/gl/LC_MESSAGES/bison-gnulib.mo
installing hu.gmo as /usr/share/locale/hu/LC_MESSAGES/bison-gnulib.mo
installing it.gmo as /usr/share/locale/it/LC_MESSAGES/bison-gnulib.mo
installing ja.gmo as /usr/share/locale/ja/LC_MESSAGES/bison-gnulib.mo
installing ko.gmo as /usr/share/locale/ko/LC_MESSAGES/bison-gnulib.mo
installing ms.gmo as /usr/share/locale/ms/LC_MESSAGES/bison-gnulib.mo
installing nb.gmo as /usr/share/locale/nb/LC_MESSAGES/bison-gnulib.mo
installing nl.gmo as /usr/share/locale/nl/LC_MESSAGES/bison-gnulib.mo
installing pl.gmo as /usr/share/locale/pl/LC_MESSAGES/bison-gnulib.mo
installing pt.gmo as /usr/share/locale/pt/LC_MESSAGES/bison-gnulib.mo
installing pt_BR.gmo as /usr/share/locale/pt_BR/LC_MESSAGES/bison-gnulib.mo
installing ro.gmo as /usr/share/locale/ro/LC_MESSAGES/bison-gnulib.mo
installing ru.gmo as /usr/share/locale/ru/LC_MESSAGES/bison-gnulib.mo
installing rw.gmo as /usr/share/locale/rw/LC_MESSAGES/bison-gnulib.mo
installing sk.gmo as /usr/share/locale/sk/LC_MESSAGES/bison-gnulib.mo
installing sl.gmo as /usr/share/locale/sl/LC_MESSAGES/bison-gnulib.mo
installing sr.gmo as /usr/share/locale/sr/LC_MESSAGES/bison-gnulib.mo
installing sv.gmo as /usr/share/locale/sv/LC_MESSAGES/bison-gnulib.mo
installing tr.gmo as /usr/share/locale/tr/LC_MESSAGES/bison-gnulib.mo
installing uk.gmo as /usr/share/locale/uk/LC_MESSAGES/bison-gnulib.mo
installing vi.gmo as /usr/share/locale/vi/LC_MESSAGES/bison-gnulib.mo
installing zh_CN.gmo as /usr/share/locale/zh_CN/LC_MESSAGES/bison-gnulib.mo
installing zh_TW.gmo as /usr/share/locale/zh_TW/LC_MESSAGES/bison-gnulib.mo
if test "bison" = "gettext-tools"; then \
  /usr/bin/mkdir -p /usr/share/gettext/po; \
  for file in Makefile.in.in remove-potcdate.sin quot.sed boldquot.sed en@quot.header en@boldquot.header insert-header.sin Rules-quot   Makevars.template; do \
    /usr/bin/install -c -m 644 ./$file \
		    /usr/share/gettext/po/$file; \
  done; \
  for file in Makevars; do \
    rm -f /usr/share/gettext/po/$file; \
  done; \
else \
  : ; \
fi
make[2]: Leaving directory '/sources/bison-3.8.2/gnulib-po'
Making install in .
make[2]: Entering directory '/sources/bison-3.8.2'
  GEN      doc/bison.help
make[3]: Entering directory '/sources/bison-3.8.2'
 /usr/bin/mkdir -p '/usr/bin'
 /usr/bin/mkdir -p '/usr/share/aclocal'
 /usr/bin/mkdir -p '/usr/share/doc/bison-3.8.2/examples/c++/calc++'
 /usr/bin/mkdir -p '/usr/share/doc/bison-3.8.2/examples/c++'
 /usr/bin/mkdir -p '/usr/share/doc/bison-3.8.2/examples/c/bistromathic'
 /usr/bin/mkdir -p '/usr/share/doc/bison-3.8.2/examples/c'
 /usr/bin/install -c src/yacc '/usr/bin'
 /usr/bin/install -c -m 644 examples/c++/simple.yy '/usr/share/doc/bison-3.8.2/examples/c++'
 /usr/bin/install -c -m 644 m4/bison-i18n.m4 '/usr/share/aclocal'
 /usr/bin/mkdir -p '/usr/share/doc/bison-3.8.2/examples/c/calc'
 /usr/bin/install -c -m 644 examples/c/README.md '/usr/share/doc/bison-3.8.2/examples/c'
 /usr/bin/install -c -m 644 examples/c++/calc++/driver.cc examples/c++/calc++/driver.hh examples/c++/calc++/scanner.ll examples/c++/calc++/calc++.cc examples/c++/calc++/parser.yy '/usr/share/doc/bison-3.8.2/examples/c++/calc++'
 /usr/bin/install -c -m 644 examples/c/bistromathic/parse.y examples/c/bistromathic/Makefile examples/c/bistromathic/README.md '/usr/share/doc/bison-3.8.2/examples/c/bistromathic'
 /usr/bin/mkdir -p '/usr/share/doc/bison-3.8.2/examples/d/calc'
 /usr/bin/mkdir -p '/usr/share/doc/bison-3.8.2/examples/c++/calc++'
 /usr/bin/mkdir -p '/usr/share/doc/bison-3.8.2/examples/c++'
 /usr/bin/install -c -m 644 examples/c/calc/calc.y examples/c/calc/Makefile examples/c/calc/README.md '/usr/share/doc/bison-3.8.2/examples/c/calc'
 /usr/bin/mkdir -p '/usr/share/doc/bison-3.8.2/examples/d'
 /usr/bin/mkdir -p '/usr/share/doc/bison-3.8.2'
 /usr/bin/mkdir -p '/usr/share/doc/bison-3.8.2/examples'
 /usr/bin/mkdir -p '/usr/share/doc/bison-3.8.2/examples/c/glr'
 /usr/bin/install -c -m 644 examples/c++/calc++/README.md examples/c++/calc++/Makefile '/usr/share/doc/bison-3.8.2/examples/c++/calc++'
 /usr/bin/install -c -m 644 AUTHORS COPYING NEWS README THANKS TODO '/usr/share/doc/bison-3.8.2'
 /usr/bin/install -c -m 644 examples/README.md '/usr/share/doc/bison-3.8.2/examples'
 /usr/bin/install -c -m 644 examples/d/calc/calc.y examples/d/calc/Makefile '/usr/share/doc/bison-3.8.2/examples/d/calc'
 /usr/bin/install -c -m 644 examples/c++/README.md examples/c++/Makefile examples/c++/variant.yy examples/c++/variant-11.yy '/usr/share/doc/bison-3.8.2/examples/c++'
 /usr/bin/install -c -m 644 examples/d/README.md '/usr/share/doc/bison-3.8.2/examples/d'
 /usr/bin/mkdir -p '/usr/share/doc/bison-3.8.2/examples/java'
 /usr/bin/install -c -m 644 examples/c/glr/c++-types.y examples/c/glr/Makefile examples/c/glr/README.md '/usr/share/doc/bison-3.8.2/examples/c/glr'
 /usr/bin/mkdir -p '/usr/share/doc/bison-3.8.2/examples/java/calc'
 /usr/bin/mkdir -p '/usr/share/doc/bison-3.8.2/examples/java/simple'
 /usr/bin/mkdir -p '/usr/share/doc/bison-3.8.2/examples/c/lexcalc'
 /usr/bin/mkdir -p '/usr/share/bison/m4sugar'
 /usr/bin/mkdir -p '/usr/share/doc/bison-3.8.2/examples/c/mfcalc'
 /usr/bin/install -c -m 644 examples/java/README.md '/usr/share/doc/bison-3.8.2/examples/java'
 /usr/bin/mkdir -p '/usr/share/bison'
 /usr/bin/install -c -m 644 examples/java/calc/Calc.y examples/java/calc/Makefile '/usr/share/doc/bison-3.8.2/examples/java/calc'
 /usr/bin/install -c -m 644 examples/c/lexcalc/parse.y examples/c/lexcalc/scan.l examples/c/lexcalc/Makefile examples/c/lexcalc/README.md '/usr/share/doc/bison-3.8.2/examples/c/lexcalc'
 /usr/bin/install -c -m 644 examples/java/simple/Calc.y examples/java/simple/Makefile '/usr/share/doc/bison-3.8.2/examples/java/simple'
 /usr/bin/install -c -m 644 examples/c/mfcalc/Makefile '/usr/share/doc/bison-3.8.2/examples/c/mfcalc'
 /usr/bin/install -c -m 644 data/m4sugar/foreach.m4 data/m4sugar/m4sugar.m4 '/usr/share/bison/m4sugar'
 /usr/bin/mkdir -p '/usr/share/doc/bison-3.8.2/examples/c/pushcalc'
 /usr/bin/install -c -m 644 data/README.md data/bison-default.css '/usr/share/bison'
 /usr/bin/mkdir -p '/usr/share/doc/bison-3.8.2/examples/c/reccalc'
 /usr/bin/mkdir -p '/usr/share/doc/bison-3.8.2/examples/c/rpcalc'
 /usr/bin/mkdir -p '/usr/share/doc/bison-3.8.2/examples/d/simple'
 /usr/bin/install -c -m 644 examples/c/pushcalc/calc.y examples/c/pushcalc/Makefile examples/c/pushcalc/README.md '/usr/share/doc/bison-3.8.2/examples/c/pushcalc'
 /usr/bin/mkdir -p '/usr/share/bison/skeletons'
 /usr/bin/install -c -m 644 examples/c/reccalc/parse.y examples/c/reccalc/scan.l examples/c/reccalc/Makefile examples/c/reccalc/README.md '/usr/share/doc/bison-3.8.2/examples/c/reccalc'
 /usr/bin/mkdir -p '/usr/share/bison/xslt'
 /usr/bin/mkdir -p '/usr/share/doc/bison-3.8.2/examples/c/mfcalc'
 /usr/bin/install -c -m 644 examples/c/rpcalc/Makefile '/usr/share/doc/bison-3.8.2/examples/c/rpcalc'
 /usr/bin/install -c -m 644 examples/d/simple/calc.y examples/d/simple/Makefile '/usr/share/doc/bison-3.8.2/examples/d/simple'
 /usr/bin/mkdir -p '/usr/share/doc/bison-3.8.2/examples/c/rpcalc'
 /usr/bin/install -c -m 644 data/skeletons/bison.m4 data/skeletons/c++-skel.m4 data/skeletons/c++.m4 data/skeletons/c-like.m4 data/skeletons/c-skel.m4 data/skeletons/c.m4 data/skeletons/glr.c data/skeletons/glr.cc data/skeletons/glr2.cc data/skeletons/java-skel.m4 data/skeletons/java.m4 data/skeletons/lalr1.cc data/skeletons/lalr1.java data/skeletons/location.cc data/skeletons/stack.hh data/skeletons/traceon.m4 data/skeletons/variant.hh data/skeletons/yacc.c data/skeletons/d-skel.m4 data/skeletons/d.m4 data/skeletons/lalr1.d '/usr/share/bison/skeletons'
 /usr/bin/mkdir -p '/usr/bin'
 /usr/bin/install -c -m 644 data/xslt/bison.xsl data/xslt/xml2dot.xsl data/xslt/xml2text.xsl data/xslt/xml2xhtml.xsl '/usr/share/bison/xslt'
 /usr/bin/install -c -m 644 examples/c/mfcalc/calc.h examples/c/mfcalc/mfcalc.y '/usr/share/doc/bison-3.8.2/examples/c/mfcalc'
 /usr/bin/mkdir -p '/usr/lib'
  GEN      doc/bison.help
 /usr/bin/install -c -m 644  lib/liby.a '/usr/lib'
 /usr/bin/install -c -m 644 examples/c/rpcalc/rpcalc.y '/usr/share/doc/bison-3.8.2/examples/c/rpcalc'
  /usr/bin/install -c src/bison '/usr/bin'
 ( cd '/usr/lib' && ranlib liby.a )
 /usr/bin/mkdir -p '/usr/share/man/man1'
 /usr/bin/mkdir -p '/usr/share/info'
 /usr/bin/install -c -m 644 ./doc/bison.1 doc/yacc.1 '/usr/share/man/man1'
 /usr/bin/install -c -m 644 ./doc/bison.info '/usr/share/info'
 install-info --info-dir='/usr/share/info' '/usr/share/info/bison.info'
make[3]: Leaving directory '/sources/bison-3.8.2'
make[2]: Leaving directory '/sources/bison-3.8.2'
make[1]: Leaving directory '/sources/bison-3.8.2'
