  LEX      examples/c/reccalc/scan.stamp
  GEN      lib/alloca.h
  GEN      lib/configmake.h
  GEN      lib/dirent.h
  GEN      lib/fcntl.h
  GEN      lib/iconv.h
  GEN      lib/inttypes.h
  GEN      lib/limits.h
  GEN      lib/locale.h
  GEN      lib/math.h
  GEN      lib/sched.h
  GEN      lib/malloc/scratch_buffer.gl.h
  GEN      lib/signal.h
  GEN      lib/spawn.h
  GEN      lib/stdbool.h
  GEN      lib/stdio.h
  GEN      lib/stdlib.h
  GEN      lib/string.h
  GEN      lib/sys/ioctl.h
  GEN      lib/sys/resource.h
  GEN      lib/sys/stat.h
  GEN      lib/sys/time.h
  GEN      lib/sys/times.h
  GEN      lib/sys/types.h
  GEN      lib/termios.h
  GEN      lib/sys/wait.h
  GEN      lib/time.h
  GEN      lib/unistr.h
  GEN      lib/unitypes.h
  GEN      lib/uniwidth.h
  GEN      lib/wchar.h
  GEN      lib/wctype.h
  GEN      lib/unistd.h
make  all-recursive
make[1]: Entering directory '/sources/bison-3.8.2'
Making all in po
make[2]: Entering directory '/sources/bison-3.8.2/po'
make[2]: Nothing to be done for 'all'.
make[2]: Leaving directory '/sources/bison-3.8.2/po'
Making all in runtime-po
make[2]: Entering directory '/sources/bison-3.8.2/runtime-po'
make[2]: Nothing to be done for 'all'.
make[2]: Leaving directory '/sources/bison-3.8.2/runtime-po'
Making all in gnulib-po
make[2]: Entering directory '/sources/bison-3.8.2/gnulib-po'
make[2]: Nothing to be done for 'all'.
make[2]: Leaving directory '/sources/bison-3.8.2/gnulib-po'
Making all in .
make[2]: Entering directory '/sources/bison-3.8.2'
  CC       lib/libbison_a-gl_map.o
  CC       lib/libbison_a-math.o
  CC       lib/libbison_a-mbchar.o
  CC       lib/libbison_a-mbfile.o
  CC       lib/libbison_a-gl_oset.o
  CC       lib/libbison_a-mbswidth.o
  CC       lib/libbison_a-pipe2.o
  CC       lib/libbison_a-pipe2-safer.o
  CC       lib/libbison_a-printf-frexp.o
  CC       lib/libbison_a-printf-frexpl.o
  CC       lib/libbison_a-progname.o
  CC       lib/libbison_a-quotearg.o
  CC       lib/libbison_a-gl_rbtree_oset.o
  CC       lib/libbison_a-gl_rbtreehash_list.o
  CC       lib/libbison_a-setlocale_null.o
  CC       lib/libbison_a-sig-handler.o
  CC       lib/libbison_a-spawn-pipe.o
  CC       lib/glthread/libbison_a-threadlib.o
  CC       lib/libbison_a-timespec.o
  CC       lib/libbison_a-timevar.o
  CC       lib/glthread/libbison_a-tls.o
  CC       lib/libbison_a-unicodeio.o
  CC       lib/libbison_a-unistd.o
  CC       lib/libbison_a-dup-safer.o
  CC       lib/libbison_a-fd-safer.o
  CC       lib/libbison_a-pipe-safer.o
  CC       lib/libbison_a-wait-process.o
  CC       lib/libbison_a-wctype-h.o
  CC       lib/libbison_a-xmalloc.o
  CC       lib/libbison_a-xalloc-die.o
  CC       lib/libbison_a-xconcat-filename.o
  CC       lib/libbison_a-xhash.o
  CC       lib/libbison_a-gl_xlist.o
  CC       lib/libbison_a-gl_xmap.o
  CC       lib/libbison_a-xmemdup0.o
  CC       lib/libbison_a-xreadlink.o
  CC       lib/libbison_a-xsize.o
  CC       lib/libbison_a-xstrndup.o
  CC       lib/libbison_a-get-errno.o
  CC       lib/libbison_a-path-join.o
  CC       lib/libbison_a-asnprintf.o
  CC       lib/libbison_a-fcntl.o
  CC       lib/libbison_a-getcwd.o
  CC       lib/libbison_a-mbrtowc.o
  CC       lib/libbison_a-obstack.o
  CC       lib/libbison_a-printf-args.o
  CC       lib/libbison_a-printf-parse.o
  CC       lib/libbison_a-spawn_faction_addchdir.o
  CC       lib/libbison_a-vasnprintf.o
  CC       lib/main.o
  CC       lib/yyerror.o
  CC       src/bison-AnnotationList.o
  CC       src/bison-InadequacyList.o
  CC       src/bison-Sbitset.o
  CC       src/bison-assoc.o
  CC       src/bison-closure.o
  CC       src/bison-complain.o
  CC       src/bison-conflicts.o
  CC       src/bison-counterexample.o
  CC       src/bison-derivation.o
  CC       src/bison-derives.o
  CC       src/bison-files.o
  CC       src/bison-fixits.o
  CC       src/bison-getargs.o
  CC       src/bison-glyphs.o
  CC       src/bison-gram.o
  CC       src/bison-graphviz.o
  CC       src/bison-ielr.o
  CC       src/bison-lalr.o
  CC       src/bison-location.o
  CC       src/bison-lr0.o
  CC       src/bison-lssi.o
  CC       src/bison-main.o
  CC       src/bison-muscle-tab.o
  CC       src/bison-named-ref.o
  CC       src/bison-nullable.o
  CC       src/bison-output.o
  CC       src/bison-parse-gram.o
  CC       src/bison-parse-simulation.o
  CC       src/bison-print-graph.o
  CC       src/bison-print-xml.o
  CC       src/bison-print.o
  CC       src/bison-reader.o
  CC       src/bison-reduce.o
  CC       src/bison-relation.o
  CC       src/bison-scan-code-c.o
  CC       src/bison-scan-gram-c.o
  CC       src/bison-scan-skel-c.o
  CC       src/bison-state.o
  CC       src/bison-state-item.o
  CC       src/bison-strversion.o
  CC       src/bison-symlist.o
  CC       src/bison-symtab.o
  CC       src/bison-tables.o
  CC       src/bison-uniqstr.o
  CC       lib/libbison_a-allocator.o
  CC       lib/libbison_a-areadlink.o
  CC       lib/libbison_a-argmatch.o
  CC       lib/libbison_a-gl_array_list.o
  CC       lib/libbison_a-basename-lgpl.o
  CC       lib/libbison_a-binary-io.o
  CC       lib/libbison_a-bitrotate.o
  CC       lib/libbison_a-bitset.o
  CC       lib/bitset/libbison_a-array.o
  CC       lib/bitset/libbison_a-stats.o
  CC       lib/bitset/libbison_a-table.o
  CC       lib/bitset/libbison_a-list.o
  CC       lib/bitset/libbison_a-vector.o
  CC       lib/libbison_a-bitsetv.o
  CC       lib/libbison_a-c-ctype.o
  CC       lib/libbison_a-c-strcasecmp.o
  CC       lib/libbison_a-c-strncasecmp.o
  CC       lib/libbison_a-canonicalize.o
  CC       lib/libbison_a-careadlinkat.o
  CC       lib/libbison_a-cloexec.o
  CC       lib/libbison_a-close-stream.o
lib/careadlinkat.c: In function 'careadlinkat':
lib/careadlinkat.c:178:5: warning: #warning "GCC might issue a bogus -Wreturn-local-addr warning here." [-Wcpp]
  178 |    #warning "GCC might issue a bogus -Wreturn-local-addr warning here."
      |     ^~~~~~~
lib/careadlinkat.c:179:5: warning: #warning "See <https://gcc.gnu.org/bugzilla/show_bug.cgi?id=93644>." [-Wcpp]
  179 |    #warning "See <https://gcc.gnu.org/bugzilla/show_bug.cgi?id=93644>."
      |     ^~~~~~~
lib/canonicalize.c: In function 'canonicalize_filename_mode':
lib/canonicalize.c:484:5: warning: #warning "GCC might issue a bogus -Wreturn-local-addr warning here." [-Wcpp]
  484 |    #warning "GCC might issue a bogus -Wreturn-local-addr warning here."
      |     ^~~~~~~
lib/canonicalize.c:485:5: warning: #warning "See <https://gcc.gnu.org/bugzilla/show_bug.cgi?id=93644>." [-Wcpp]
  485 |    #warning "See <https://gcc.gnu.org/bugzilla/show_bug.cgi?id=93644>."
      |     ^~~~~~~
lib/careadlinkat.c:182:10: warning: function may return address of local variable [-Wreturn-local-addr]
  182 |   return readlink_stk (fd, filename, buffer, buffer_size, alloc,
      |          ^~~~~~~~~~~~~~~~~~~~~~~~~~~~~~~~~~~~~~~~~~~~~~~~~~~~~~~
  183 |                        preadlinkat, stack_buf);
      |                        ~~~~~~~~~~~~~~~~~~~~~~~
lib/careadlinkat.c:181:8: note: declared here
  181 |   char stack_buf[STACK_BUF_SIZE];
      |        ^~~~~~~~~
  CC       lib/libbison_a-closeout.o
  CC       lib/libbison_a-concat-filename.o
  CC       lib/libbison_a-dirname.o
  CC       lib/libbison_a-basename.o
  CC       lib/libbison_a-dirname-lgpl.o
  CC       lib/libbison_a-stripslash.o
  CC       lib/libbison_a-execute.o
  CC       lib/libbison_a-exitfail.o
  CC       lib/libbison_a-fatal-signal.o
  CC       lib/libbison_a-dup-safer-flag.o
  CC       lib/libbison_a-fd-safer-flag.o
  CC       lib/libbison_a-file-set.o
  CC       lib/libbison_a-findprog-in.o
  CC       lib/libbison_a-fopen-safer.o
  CC       lib/libbison_a-fstrcmp.o
  CC       lib/libbison_a-gethrxtime.o
  CC       lib/libbison_a-xtime.o
  CC       lib/libbison_a-getprogname.o
  CC       lib/libbison_a-gettime.o
  CC       lib/libbison_a-hard-locale.o
  CC       lib/libbison_a-hash.o
  CC       lib/libbison_a-gl_hash_map.o
  CC       lib/libbison_a-hash-pjw.o
  CC       lib/libbison_a-hash-triple-simple.o
  CC       lib/libbison_a-ialloc.o
  CC       lib/libbison_a-integer_length.o
  CC       lib/libbison_a-integer_length_l.o
  CC       lib/libbison_a-gl_linked_list.o
  CC       lib/libbison_a-gl_list.o
  CC       lib/libbison_a-localcharset.o
  CC       lib/glthread/libbison_a-lock.o
  CC       lib/malloc/libbison_a-scratch_buffer_dupfree.o
  CC       lib/malloc/libbison_a-scratch_buffer_grow.o
  CC       lib/malloc/libbison_a-scratch_buffer_grow_preserve.o
  CC       lib/malloc/libbison_a-scratch_buffer_set_array_size.o
  CC       lib/unistr/libbison_a-u8-mbtoucr.o
  CC       lib/unistr/libbison_a-u8-uctomb.o
  CC       lib/unistr/libbison_a-u8-uctomb-aux.o
  CC       lib/uniwidth/libbison_a-width.o
  AR       lib/liby.a
  AR       lib/libbison.a
  CCLD     src/bison
  GEN      doc/bison.help
make[2]: Leaving directory '/sources/bison-3.8.2'
make[1]: Leaving directory '/sources/bison-3.8.2'
