checking for a BSD-compatible install... /usr/bin/install -c
checking whether sleep supports fractional seconds... true
checking the filesystem timestamp resolution... 0.2
checking whether build environment is sane... yes
checking for x86_64-lfs-linux-gnu-strip... x86_64-lfs-linux-gnu-strip
checking for a race-free mkdir -p... /usr/bin/mkdir -p
checking for gawk... gawk
checking whether make sets $(MAKE)... yes
checking whether make supports nested variables... yes
checking xargs -n works... yes
checking for x86_64-lfs-linux-gnu-gcc... x86_64-lfs-linux-gnu-gcc
checking whether the C compiler works... yes
checking for C compiler default output file name... a.out
checking for suffix of executables... 
checking whether we are cross compiling... yes
checking for suffix of object files... o
checking whether the compiler supports GNU C... yes
checking whether x86_64-lfs-linux-gnu-gcc accepts -g... yes
checking for x86_64-lfs-linux-gnu-gcc option to enable C11 features... unsupported
checking for x86_64-lfs-linux-gnu-gcc option to enable C99 features... unsupported
checking for x86_64-lfs-linux-gnu-gcc option to enable C89 features... none needed
checking whether x86_64-lfs-linux-gnu-gcc understands -c and -o together... yes
checking whether the compiler is clang... no
checking for compiler option needed when checking for declarations... none
checking whether make supports the include directive... yes (GNU style)
checking dependency style of x86_64-lfs-linux-gnu-gcc... gcc3
checking for stdio.h... yes
checking for stdlib.h... yes
checking for string.h... yes
checking for inttypes.h... yes
checking for stdint.h... yes
checking for strings.h... yes
checking for sys/stat.h... yes
checking for sys/types.h... yes
checking for unistd.h... yes
checking for wchar.h... yes
checking for minix/config.h... no
checking for sys/param.h... yes
checking for sys/socket.h... yes
checking for stdio_ext.h... yes
checking for threads.h... yes
checking for limits.h... yes
checking for langinfo.h... yes
checking for xlocale.h... no
checking for sys/mman.h... yes
checking for malloc.h... yes
checking for selinux/selinux.h... no
checking for sys/time.h... yes
checking for stdalign.h... yes
checking for stdbool.h... yes
checking for stdckdint.h... yes
checking for sys/random.h... yes
checking for features.h... yes
checking for crtdefs.h... no
checking for wctype.h... yes
checking for arpa/inet.h... yes
checking for dirent.h... yes
checking for netdb.h... yes
checking for netinet/in.h... yes
checking for sys/select.h... yes
checking for sys/wait.h... yes
checking for pthread.h... yes
checking for sys/cdefs.h... yes
checking for sys/ioctl.h... yes
checking for sys/uio.h... yes
checking for locale.h... yes
checking for errno.h... yes
checking for mcheck.h... yes
checking whether it is safe to define __EXTENSIONS__... yes
checking whether _XOPEN_SOURCE should be defined... no
checking build system type... x86_64-pc-linux-gnu
checking host system type... x86_64-lfs-linux-gnu
checking how to run the C preprocessor... x86_64-lfs-linux-gnu-gcc -E
checking for egrep -e... /usr/bin/grep -E
checking for Minix Amsterdam compiler... no
checking for x86_64-lfs-linux-gnu-ar... x86_64-lfs-linux-gnu-ar
checking for x86_64-lfs-linux-gnu-ranlib... x86_64-lfs-linux-gnu-ranlib
checking for special C compiler options needed for large files... no
checking for _FILE_OFFSET_BITS value needed for large files... no
checking for fchmod... yes
checking for btowc... yes
checking for canonicalize_file_name... yes
checking for faccessat... yes
checking for realpath... yes
checking for lstat... yes
checking for _set_invalid_parameter_handler... no
checking for fcntl... yes
checking for symlink... yes
checking for __fwriting... yes
checking for getdelim... yes
checking for getdtablesize... yes
checking for getprogname... no
checking for getexecname... no
checking for getrandom... yes
checking for mbsinit... yes
checking for mbrtowc... yes
checking for mbrlen... yes
checking for mprotect... yes
checking for mkostemp... yes
checking for nl_langinfo... yes
checking for readlink... yes
checking for isblank... yes
checking for iswctype... yes
checking for link... yes
checking for strerror_r... yes
checking for __xpg_strerror_r... yes
checking for wcrtomb... yes
checking for wctob... yes
checking for iswcntrl... yes
checking for explicit_bzero... yes
checking for memset_s... no
checking for fpurge... no
checking for __fpurge... yes
checking for __freading... yes
checking for ftruncate... yes
checking for gettimeofday... yes
checking for duplocale... yes
checking for newlocale... yes
checking for uselocale... yes
checking for freelocale... yes
checking for pipe... yes
checking for pselect... yes
checking for pthread_sigmask... yes
checking for setenv... yes
checking for sleep... yes
checking for catgets... yes
checking for snprintf... yes
checking for shutdown... yes
checking for mquery... no
checking for pstat_getprocvm... no
checking for isatty... yes
checking for isascii... yes
checking for memcpy... yes
checking for strchr... yes
checking for strtoul... yes
checking for popen... yes
checking for pathconf... yes
checking for fchown... yes
checking for setlocale... yes
checking for size_t... yes
checking for working alloca.h... yes
checking for alloca... yes
checking whether the preprocessor supports include_next... yes
checking whether source code line length is unlimited... yes
checking whether <wchar.h> uses 'inline' correctly... yes
checking for nl_langinfo and CODESET... yes
checking for a traditional french locale... none
checking whether malloc is ptrdiff_t safe... yes
checking whether malloc, realloc, calloc set errno on failure... yes
checking whether lstat correctly handles trailing slash... guessing yes
checking whether // is distinct from /... unknown, assuming no
checking whether realpath works... guessing yes
checking for getcwd... yes
checking for inline... inline
checking for complete errno.h... yes
checking for x86_64-lfs-linux-gnu-gcc options needed to detect all undeclared functions... none needed
checking whether strerror_r is declared... yes
checking whether strerror_r returns char *... yes
checking whether ctype.h defines __header_inline... no
checking for working fcntl.h... cross-compiling
checking for pid_t... yes
checking for mode_t... yes
checking whether stat file-mode macros are broken... no
checking for C/C++ restrict keyword... __restrict__
checking for nlink_t... yes
checking whether getdelim is declared... yes
checking whether getdtablesize is declared... yes
checking for pthread.h... (cached) yes
checking for pthread_kill in -lpthread... yes
checking whether POSIX threads API is available... yes
checking whether setlocale (LC_ALL, NULL) is multithread-safe... yes
checking whether setlocale (category, NULL) is multithread-safe... yes
checking whether limits.h has WORD_BIT, BOOL_WIDTH etc.... yes
checking for wint_t... yes
checking whether wint_t is large enough... yes
checking whether the compiler produces multi-arch binaries... no
checking whether stdint.h conforms to C99... guessing yes
checking whether stdint.h works without ISO C predefines... yes
checking whether stdint.h has UINTMAX_WIDTH etc.... yes
checking whether langinfo.h defines CODESET... yes
checking whether langinfo.h defines T_FMT_AMPM... yes
checking whether langinfo.h defines ALTMON_1... yes
checking whether langinfo.h defines ERA... yes
checking whether langinfo.h defines YESEXPR... yes
checking for wchar_t... yes
checking for good max_align_t... yes
checking whether NULL can be used in arbitrary expressions... yes
checking whether locale.h defines locale_t... yes
checking whether locale.h conforms to POSIX:2001... yes
checking whether struct lconv is properly defined... yes
checking for multithread API to use... none
checking for a sed that does not truncate output... /usr/bin/sed
checking for grep that handles long lines and -e... /usr/bin/grep
checking whether malloc (0) returns nonnull... guessing yes
checking for mbstate_t... yes
checking for a traditional japanese locale... none
checking for a french Unicode locale... none
checking for a transitional chinese locale... none
checking whether mbrtowc handles incomplete characters... guessing yes
checking whether mbrtowc works as well as mbtowc... guessing yes
checking whether mbrtowc handles a NULL pwc argument... guessing yes
checking whether mbrtowc handles a NULL string argument... guessing yes
checking whether mbrtowc has a correct return value... guessing yes
checking whether mbrtowc returns 0 when parsing a NUL character... guessing yes
checking whether mbrtowc stores incomplete characters... guessing no
checking whether mbrtowc works on empty input... guessing no
checking whether the C locale is free of encoding errors... guessing no
checking for mmap... yes
checking for MAP_ANONYMOUS... yes
checking whether memchr works... guessing no
checking whether memrchr is declared... yes
checking whether <limits.h> defines MIN and MAX... no
checking whether <sys/param.h> defines MIN and MAX... yes
checking for O_CLOEXEC... yes
checking for promoted mode_t type... mode_t
checking whether alarm is declared... yes
checking for library containing setfilecon... no
checking whether fcloseall is declared... yes
checking which flavor of printf attribute matches inttypes macros... system
checking whether ecvt is declared... yes
checking whether fcvt is declared... yes
checking whether gcvt is declared... yes
checking whether strerror(0) succeeds... guessing yes
checking for strerror_r with POSIX signature... no
checking whether __xpg_strerror_r works... guessing no
checking for struct timespec in <time.h>... yes
checking for TIME_UTC in <time.h>... yes
checking whether execvpe is declared... yes
checking whether clearerr_unlocked is declared... yes
checking whether feof_unlocked is declared... yes
checking whether ferror_unlocked is declared... yes
checking whether fflush_unlocked is declared... yes
checking whether fgets_unlocked is declared... yes
checking whether fputc_unlocked is declared... yes
checking whether fputs_unlocked is declared... yes
checking whether fread_unlocked is declared... yes
checking whether fwrite_unlocked is declared... yes
checking whether getc_unlocked is declared... yes
checking whether getchar_unlocked is declared... yes
checking whether putc_unlocked is declared... yes
checking whether putchar_unlocked is declared... yes
checking whether wcsdup is declared... yes
checking whether iswcntrl works... guessing yes
checking for towlower... yes
checking for wctype_t... yes
checking for wctrans_t... yes
checking for C compiler option to allow warnings... -Wno-error
checking whether <sys/socket.h> is self-contained... yes
checking for shutdown... (cached) yes
checking whether <sys/socket.h> defines the SHUT_* macros... yes
checking for struct sockaddr_storage... yes
checking for sa_family_t... yes
checking for struct sockaddr_storage.ss_family... yes
checking if environ is properly declared... yes
checking whether stdin defaults to large file offsets... yes
checking whether fseeko is declared... yes
checking for fseeko... yes
checking whether fflush works on input streams... cross
checking whether ungetc works on arbitrary bytes... guessing yes
checking whether ftello is declared... yes
checking for ftello... yes
checking whether ftello works... guessing yes
checking whether getcwd (NULL, 0) allocates memory for result... guessing yes
checking for getcwd with POSIX signature... yes
checking for struct timeval... yes
checking for wide-enough struct timeval.tv_sec member... yes
checking for IPv4 sockets... yes
checking for IPv6 sockets... yes
checking whether INT32_MAX < INTMAX_MAX... yes
checking whether INT64_MAX == LONG_MAX... yes
checking whether UINT32_MAX < UINTMAX_MAX... yes
checking whether UINT64_MAX == ULONG_MAX... yes
checking for LC_MESSAGES... yes
checking whether uselocale works... guessing yes
checking for fake locale system (OpenBSD)... guessing no
checking for Solaris 11.4 locale system... no
checking for getlocalename_l... no
checking for CFPreferencesCopyAppValue... no
checking for CFLocaleCopyPreferredLanguages... no
checking whether <sys/select.h> is self-contained... yes
checking for pthread_t... yes
checking for pthread_spinlock_t... yes
checking for PTHREAD_CREATE_DETACHED... yes
checking for PTHREAD_MUTEX_RECURSIVE... yes
checking for PTHREAD_MUTEX_ROBUST... yes
checking for PTHREAD_PROCESS_SHARED... yes
checking for sigset_t... yes
checking for sched.h... yes
checking for struct sched_param... yes
checking for library containing setsockopt... none needed
checking whether setenv is declared... yes
checking for search.h... yes
checking for tsearch... yes
checking for uid_t in sys/types.h... yes
checking for volatile sig_atomic_t... yes
checking for sighandler_t... yes
checking whether strdup is declared... yes
checking whether <sys/ioctl.h> declares ioctl... yes
checking whether unsetenv is declared... yes
checking for sys/acl.h... no
configure: WARNING: libacl development library was not found or not usable.
configure: WARNING: GNU sed will be built without ACL support.
checking for alloca as a compiler built-in... yes
checking whether to enable assertions... yes
checking for static_assert... yes, a keyword
checking whether btowc(0) is correct... guessing yes
checking whether btowc(EOF) is correct... guessing yes
checking for __builtin_expect... yes
checking whether calloc (0, n) and calloc (n, 0) return nonnull... guessing yes
checking for library containing clock_gettime... none required
checking for clock_getres... yes
checking for clock_gettime... yes
checking for clock_settime... yes
checking whether // is distinct from /... (cached) unknown, assuming no
checking whether dup2 works... guessing yes
checking for error_at_line... yes
checking whether fcntl handles F_DUPFD correctly... guessing yes
checking whether fcntl understands F_DUPFD_CLOEXEC... guessing no
checking for flexible array member... yes
checking for __fpending... yes
checking whether __fpending is declared... yes
checking whether free is known to preserve errno... yes
checking for working getdelim function... guessing yes
checking whether getdtablesize works... guessing yes
checking whether program_invocation_name is declared... yes
checking whether program_invocation_short_name is declared... yes
checking whether __argv is declared... no
checking whether getrandom is compatible with its GNU+BSD signature... yes
checking whether the compiler supports the __inline keyword... yes
checking whether malloc (0) returns nonnull... (cached) guessing yes
checking whether mbrtowc handles incomplete characters... (cached) guessing yes
checking whether mbrtowc works as well as mbtowc... (cached) guessing yes
checking whether mbrtowc handles a NULL pwc argument... (cached) guessing yes
checking whether mbrtowc handles a NULL string argument... (cached) guessing yes
checking whether mbrtowc has a correct return value... (cached) guessing yes
checking whether mbrtowc returns 0 when parsing a NUL character... (cached) guessing yes
checking whether mbrtowc stores incomplete characters... (cached) guessing no
checking whether mbrtowc works on empty input... (cached) guessing no
checking whether the C locale is free of encoding errors... (cached) guessing no
checking whether mbrtowc handles incomplete characters... (cached) guessing yes
checking whether mbrtowc works as well as mbtowc... (cached) guessing yes
checking for mbtowc... yes
checking for bp-sym.h... no
checking for mempcpy... yes
checking for memrchr... yes
checking whether mkdir handles trailing slash... guessing yes
checking whether mkdir handles trailing dot... guessing yes
checking whether YESEXPR works... guessing yes
checking for obstacks that work with any size object... no
checking whether open recognizes a trailing slash... guessing yes
checking for Perl 5.005 or newer... perl
checking whether program_invocation_name is declared... (cached) yes
checking whether program_invocation_short_name is declared... (cached) yes
checking for rawmemchr... yes
checking whether readlink signature is correct... yes
checking whether readlink handles trailing slash correctly... guessing yes
checking whether readlink truncates results correctly... guessing yes
checking whether realloc (0, 0) returns nonnull... guessing yes
checking for reallocarray... yes
checking for working re_compile_pattern... guessing no
checking for libintl.h... yes
checking whether isblank is declared... yes
checking whether rename honors trailing slash on destination... guessing yes
checking whether rename honors trailing slash on source... guessing yes
checking whether rename manages hard links correctly... guessing yes
checking whether rename manages existing destinations correctly... guessing yes
checking whether rmdir works... guessing yes
checking whether setlocale (LC_ALL, NULL) is multithread-safe... (cached) yes
checking whether setlocale (category, NULL) is multithread-safe... (cached) yes
checking for ssize_t... yes
checking whether stat handles trailing slashes on files... guessing yes
checking for struct stat.st_atim.tv_nsec... yes
checking whether struct stat.st_atim is of type struct timespec... yes
checking for struct stat.st_birthtimespec.tv_nsec... no
checking for struct stat.st_birthtimensec... no
checking for struct stat.st_birthtim.tv_nsec... no
checking for alignas and alignof... yes, keywords
checking for va_copy... yes
checking for bool, true, false... yes
checking for working strerror function... guessing yes
checking for strverscmp... yes
checking for variable-length arrays... yes
checking whether mbrtowc handles incomplete characters... (cached) guessing yes
checking whether mbrtowc works as well as mbtowc... (cached) guessing yes
checking whether wcrtomb works in the C locale... guessing yes
checking whether wcrtomb return value is correct... guessing yes
checking whether wctob works... guessing yes
checking whether wctob is declared... yes
checking for a traditional french locale... (cached) none
checking for a french Unicode locale... (cached) none
checking for a traditional french locale... (cached) none
checking for a turkish Unicode locale... none
checking for closedir... yes
checking for dirfd... yes
checking whether dirfd is declared... yes
checking whether dirfd is a macro... no
checking whether fdopen sets errno... guessing yes
checking whether fflush works on input streams... (cached) cross
checking for getxattr with XATTR_NAME_POSIX_ACL macros... yes
checking whether fopen recognizes a trailing slash... guessing yes
checking whether fopen supports the mode character 'x'... guessing yes
checking whether fopen supports the mode character 'e'... guessing yes
checking whether fpurge is declared... no
checking for fseeko... (cached) yes
checking whether fflush works on input streams... (cached) cross
checking for _fseeki64... no
checking for ftello... (cached) yes
checking whether ftello works... (cached) guessing yes
checking for getpagesize... yes
checking whether getpagesize is declared... yes
checking for gettimeofday with POSIX signature... yes
checking for library containing inet_pton... none required
checking whether inet_pton is declared... yes
checking whether byte ordering is bigendian... no
checking for ioctl... yes
checking for ioctl with POSIX signature... no
checking whether link obeys POSIX... guessing yes
checking whether lseek detects pipes... yes
checking for a traditional french locale... (cached) none
checking for a french Unicode locale... (cached) none
checking for a traditional japanese locale... (cached) none
checking for a transitional chinese locale... (cached) none
checking for a french Unicode locale... (cached) none
checking for library containing nanosleep... none required
checking for working nanosleep... guessing no (mishandles large arguments)
checking whether <netinet/in.h> is self-contained... yes
checking for a traditional french locale... (cached) none
checking for a french Unicode locale... (cached) none
checking for opendir... yes
checking whether signature of pselect conforms to POSIX... yes
checking whether pselect detects invalid fds... guessing yes
checking whether pthread_create exists as a global function... yes
checking whether pthread_sigmask is a macro... no
checking whether pthread_sigmask works without -lpthread... guessing yes
checking whether pthread_sigmask returns error numbers... guessing yes
checking whether pthread_sigmask unblocks signals correctly... guessing yes
checking for putenv compatible with GNU and SVID... guessing yes
checking for raise... yes
checking for sigprocmask... yes
checking for readdir... yes
checking whether select supports a 0 argument... guessing yes
checking whether select detects invalid fds... guessing yes
checking whether setenv validates arguments... guessing yes
checking whether setlocale supports the C locale... guessing yes
checking for a traditional french locale... (cached) none
checking for a french Unicode locale... (cached) none
checking for a traditional japanese locale... (cached) none
checking for a transitional chinese locale... (cached) none
checking for sigprocmask... (cached) yes
checking whether sleep is declared... yes
checking for working sleep... guessing yes
checking for socklen_t... yes
checking whether symlink handles trailing slash correctly... guessing yes
checking for sys/single_threaded.h... yes
checking for unsetenv... yes
checking for unsetenv() return type... int
checking whether unsetenv obeys POSIX... guessing yes
checking for a traditional french locale... (cached) none
checking for a french Unicode locale... (cached) none
checking for a traditional japanese locale... (cached) none
checking for a transitional chinese locale... (cached) none
checking whether "rt" can be used with fopen... assuming no
checking whether -lcP is needed... assuming no
checking for an ANSI C-conforming const... yes
checking for size_t... (cached) yes
checking whether NLS is requested... yes
checking for msgfmt... no
checking for gmsgfmt... :
checking for xgettext... no
checking for msgmerge... no
checking for ld used by x86_64-lfs-linux-gnu-gcc... /mnt/lfs/tools/x86_64-lfs-linux-gnu/bin/ld
checking if the linker (/mnt/lfs/tools/x86_64-lfs-linux-gnu/bin/ld) is GNU ld... yes
checking for shared library run path origin... done
checking for CFPreferencesCopyAppValue... (cached) no
checking for CFLocaleCopyPreferredLanguages... (cached) no
checking for GNU gettext in libc... yes
checking whether to use NLS... yes
checking where the gettext function comes from... libc
checking whether UTF-8 case folding tests should pass... don't care (cross compiling)
checking for perl... /usr/bin/perl
checking that generated files are newer than configure... done
configure: creating ./config.status
config.status: creating Makefile
config.status: creating po/Makefile.in
config.status: creating gnulib-tests/Makefile
config.status: creating config.h
config.status: executing depfiles commands
config.status: executing po-directories commands
config.status: creating po/POTFILES
config.status: creating po/Makefile
