Making install in lib
make[1]: Entering directory '/sources/bc-1.07.1/lib'
make[2]: Entering directory '/sources/bc-1.07.1/lib'
make[2]: Nothing to be done for 'install-exec-am'.
make[2]: Nothing to be done for 'install-data-am'.
make[2]: Leaving directory '/sources/bc-1.07.1/lib'
make[1]: Leaving directory '/sources/bc-1.07.1/lib'
Making install in bc
make[1]: Entering directory '/sources/bc-1.07.1/bc'
make[2]: Entering directory '/sources/bc-1.07.1/bc'
make[2]: Nothing to be done for 'install-data-am'.
 /usr/bin/mkdir -p '/usr/bin'
  /usr/bin/install -c bc '/usr/bin'
make[2]: Leaving directory '/sources/bc-1.07.1/bc'
make[1]: Leaving directory '/sources/bc-1.07.1/bc'
Making install in dc
make[1]: Entering directory '/sources/bc-1.07.1/dc'
make[2]: Entering directory '/sources/bc-1.07.1/dc'
make[2]: Nothing to be done for 'install-data-am'.
 /usr/bin/mkdir -p '/usr/bin'
  /usr/bin/install -c dc '/usr/bin'
make[2]: Leaving directory '/sources/bc-1.07.1/dc'
make[1]: Leaving directory '/sources/bc-1.07.1/dc'
Making install in doc
make[1]: Entering directory '/sources/bc-1.07.1/doc'
make[2]: Entering directory '/sources/bc-1.07.1/doc'
make[2]: Nothing to be done for 'install-exec-am'.
 /usr/bin/mkdir -p '/usr/share/man/man1'
 /usr/bin/mkdir -p '/usr/share/info'
 /usr/bin/install -c -m 644 bc.1 dc.1 '/usr/share/man/man1'
 /usr/bin/install -c -m 644 ./bc.info ./dc.info '/usr/share/info'
 install-info --info-dir='/usr/share/info' '/usr/share/info/bc.info'
 install-info --info-dir='/usr/share/info' '/usr/share/info/dc.info'
make[2]: Leaving directory '/sources/bc-1.07.1/doc'
make[1]: Leaving directory '/sources/bc-1.07.1/doc'
make[1]: Entering directory '/sources/bc-1.07.1'
make[2]: Entering directory '/sources/bc-1.07.1'
make[2]: Nothing to be done for 'install-exec-am'.
make[2]: Nothing to be done for 'install-data-am'.
make[2]: Leaving directory '/sources/bc-1.07.1'
make[1]: Leaving directory '/sources/bc-1.07.1'
