make  all-recursive
make[1]: Entering directory '/sources/bc-1.07.1'
Making all in lib
make[2]: Entering directory '/sources/bc-1.07.1/lib'
gcc -DHAVE_CONFIG_H  -I. -I..  -I. -I.. -I./../h  -g -O2 -Wall -funsigned-char -g -O2 -Wall -funsigned-char -MT getopt.o -MD -MP -MF .deps/getopt.Tpo -c -o getopt.o getopt.c
gcc -DHAVE_CONFIG_H  -I. -I..  -I. -I.. -I./../h  -g -O2 -Wall -funsigned-char -g -O2 -Wall -funsigned-char -MT getopt1.o -MD -MP -MF .deps/getopt1.Tpo -c -o getopt1.o getopt1.c
gcc -DHAVE_CONFIG_H  -I. -I..  -I. -I.. -I./../h  -g -O2 -Wall -funsigned-char -g -O2 -Wall -funsigned-char -MT vfprintf.o -MD -MP -MF .deps/vfprintf.Tpo -c -o vfprintf.o vfprintf.c
gcc -DHAVE_CONFIG_H  -I. -I..  -I. -I.. -I./../h  -g -O2 -Wall -funsigned-char -g -O2 -Wall -funsigned-char -MT number.o -MD -MP -MF .deps/number.Tpo -c -o number.o number.c
mv -f .deps/vfprintf.Tpo .deps/vfprintf.Po
mv -f .deps/getopt.Tpo .deps/getopt.Po
mv -f .deps/getopt1.Tpo .deps/getopt1.Po
mv -f .deps/number.Tpo .deps/number.Po
rm -f libbc.a
ar cru libbc.a getopt.o getopt1.o vfprintf.o number.o 
ranlib libbc.a
make[2]: Leaving directory '/sources/bc-1.07.1/lib'
Making all in bc
make[2]: Entering directory '/sources/bc-1.07.1/bc'
gcc -DHAVE_CONFIG_H -I. -I..  -I. -I./../h  -g -O2 -Wall -funsigned-char -g -O2 -Wall -funsigned-char -MT main.o -MD -MP -MF .deps/main.Tpo -c -o main.o main.c
gcc -DHAVE_CONFIG_H -I. -I..  -I. -I./../h  -g -O2 -Wall -funsigned-char -g -O2 -Wall -funsigned-char -MT bc.o -MD -MP -MF .deps/bc.Tpo -c -o bc.o bc.c
gcc -DHAVE_CONFIG_H -I. -I..  -I. -I./../h  -g -O2 -Wall -funsigned-char -g -O2 -Wall -funsigned-char -MT scan.o -MD -MP -MF .deps/scan.Tpo -c -o scan.o scan.c
gcc -DHAVE_CONFIG_H -I. -I..  -I. -I./../h  -g -O2 -Wall -funsigned-char -g -O2 -Wall -funsigned-char -MT execute.o -MD -MP -MF .deps/execute.Tpo -c -o execute.o execute.c
gcc -DHAVE_CONFIG_H -I. -I..  -I. -I./../h  -g -O2 -Wall -funsigned-char -g -O2 -Wall -funsigned-char -MT load.o -MD -MP -MF .deps/load.Tpo -c -o load.o load.c
gcc -DHAVE_CONFIG_H -I. -I..  -I. -I./../h  -g -O2 -Wall -funsigned-char -g -O2 -Wall -funsigned-char -MT storage.o -MD -MP -MF .deps/storage.Tpo -c -o storage.o storage.c
gcc -DHAVE_CONFIG_H -I. -I..  -I. -I./../h  -g -O2 -Wall -funsigned-char -g -O2 -Wall -funsigned-char -MT util.o -MD -MP -MF .deps/util.Tpo -c -o util.o util.c
mv -f .deps/main.Tpo .deps/main.Po
gcc -DHAVE_CONFIG_H -I. -I..  -I. -I./../h  -g -O2 -Wall -funsigned-char -g -O2 -Wall -funsigned-char -MT warranty.o -MD -MP -MF .deps/warranty.Tpo -c -o warranty.o warranty.c
mv -f .deps/load.Tpo .deps/load.Po
warranty.c: In function 'warranty':
warranty.c:56:1: warning: old-style function definition [-Wold-style-definition]
   56 | warranty(prefix)
      | ^~~~~~~~
mv -f .deps/util.Tpo .deps/util.Po
mv -f .deps/warranty.Tpo .deps/warranty.Po
mv -f .deps/execute.Tpo .deps/execute.Po
mv -f .deps/storage.Tpo .deps/storage.Po
mv -f .deps/scan.Tpo .deps/scan.Po
mv -f .deps/bc.Tpo .deps/bc.Po
echo '{0}' > libmath.h
make global.o
make[3]: Entering directory '/sources/bc-1.07.1/bc'
gcc -DHAVE_CONFIG_H -I. -I..  -I. -I./../h  -g -O2 -Wall -funsigned-char -g -O2 -Wall -funsigned-char -MT global.o -MD -MP -MF .deps/global.Tpo -c -o global.o global.c
mv -f .deps/global.Tpo .deps/global.Po
make[3]: Leaving directory '/sources/bc-1.07.1/bc'
gcc -g -O2 -Wall -funsigned-char -g -O2 -Wall -funsigned-char   -o libmath.h -o fbc main.o bc.o scan.o execute.o load.o storage.o util.o warranty.o global.o ../lib/libbc.a -lfl -lreadline -lncurses 
./fbc -c ./libmath.b </dev/null >libmath.h
./fix-libmath_h
rm -f ./fbc ./global.o
gcc -DHAVE_CONFIG_H -I. -I..  -I. -I./../h  -g -O2 -Wall -funsigned-char -g -O2 -Wall -funsigned-char -MT global.o -MD -MP -MF .deps/global.Tpo -c -o global.o global.c
mv -f .deps/global.Tpo .deps/global.Po
gcc -g -O2 -Wall -funsigned-char -g -O2 -Wall -funsigned-char   -o bc main.o bc.o scan.o execute.o load.o storage.o util.o global.o warranty.o ../lib/libbc.a -lfl -lreadline -lncurses 
make[2]: Leaving directory '/sources/bc-1.07.1/bc'
Making all in dc
make[2]: Entering directory '/sources/bc-1.07.1/dc'
gcc -DHAVE_CONFIG_H -I. -I..  -I./.. -I./../h  -g -O2 -Wall -funsigned-char -g -O2 -Wall -funsigned-char -MT dc.o -MD -MP -MF .deps/dc.Tpo -c -o dc.o dc.c
gcc -DHAVE_CONFIG_H -I. -I..  -I./.. -I./../h  -g -O2 -Wall -funsigned-char -g -O2 -Wall -funsigned-char -MT misc.o -MD -MP -MF .deps/misc.Tpo -c -o misc.o misc.c
gcc -DHAVE_CONFIG_H -I. -I..  -I./.. -I./../h  -g -O2 -Wall -funsigned-char -g -O2 -Wall -funsigned-char -MT eval.o -MD -MP -MF .deps/eval.Tpo -c -o eval.o eval.c
gcc -DHAVE_CONFIG_H -I. -I..  -I./.. -I./../h  -g -O2 -Wall -funsigned-char -g -O2 -Wall -funsigned-char -MT stack.o -MD -MP -MF .deps/stack.Tpo -c -o stack.o stack.c
gcc -DHAVE_CONFIG_H -I. -I..  -I./.. -I./../h  -g -O2 -Wall -funsigned-char -g -O2 -Wall -funsigned-char -MT array.o -MD -MP -MF .deps/array.Tpo -c -o array.o array.c
gcc -DHAVE_CONFIG_H -I. -I..  -I./.. -I./../h  -g -O2 -Wall -funsigned-char -g -O2 -Wall -funsigned-char -MT numeric.o -MD -MP -MF .deps/numeric.Tpo -c -o numeric.o numeric.c
gcc -DHAVE_CONFIG_H -I. -I..  -I./.. -I./../h  -g -O2 -Wall -funsigned-char -g -O2 -Wall -funsigned-char -MT string.o -MD -MP -MF .deps/string.Tpo -c -o string.o string.c
numeric.c: In function 'out_char':
numeric.c:576:1: warning: old-style function definition [-Wold-style-definition]
  576 | out_char (ch)
      | ^~~~~~~~
mv -f .deps/array.Tpo .deps/array.Po
mv -f .deps/misc.Tpo .deps/misc.Po
mv -f .deps/string.Tpo .deps/string.Po
mv -f .deps/dc.Tpo .deps/dc.Po
mv -f .deps/stack.Tpo .deps/stack.Po
mv -f .deps/numeric.Tpo .deps/numeric.Po
mv -f .deps/eval.Tpo .deps/eval.Po
gcc -g -O2 -Wall -funsigned-char -g -O2 -Wall -funsigned-char   -o dc dc.o misc.o eval.o stack.o array.o numeric.o string.o ../lib/libbc.a 
make[2]: Leaving directory '/sources/bc-1.07.1/dc'
Making all in doc
make[2]: Entering directory '/sources/bc-1.07.1/doc'
restore=: && backupdir=".am$$" && \
am__cwd=`pwd` && CDPATH="${ZSH_VERSION+.}:" && cd . && \
rm -rf $backupdir && mkdir $backupdir && \
if (makeinfo --no-split --version) >/dev/null 2>&1; then \
  for f in bc.info bc.info-[0-9] bc.info-[0-9][0-9] bc.i[0-9] bc.i[0-9][0-9]; do \
    if test -f $f; then mv $f $backupdir; restore=mv; else :; fi; \
  done; \
else :; fi && \
cd "$am__cwd"; \
if makeinfo --no-split   -I . \
 -o bc.info bc.texi; \
then \
  rc=0; \
  CDPATH="${ZSH_VERSION+.}:" && cd .; \
else \
  rc=$?; \
  CDPATH="${ZSH_VERSION+.}:" && cd . && \
  $restore $backupdir/* `echo "./bc.info" | sed 's|[^/]*$||'`; \
fi; \
rm -rf $backupdir; exit $rc
restore=: && backupdir=".am$$" && \
am__cwd=`pwd` && CDPATH="${ZSH_VERSION+.}:" && cd . && \
rm -rf $backupdir && mkdir $backupdir && \
if (makeinfo --no-split --version) >/dev/null 2>&1; then \
  for f in dc.info dc.info-[0-9] dc.info-[0-9][0-9] dc.i[0-9] dc.i[0-9][0-9]; do \
    if test -f $f; then mv $f $backupdir; restore=mv; else :; fi; \
  done; \
else :; fi && \
cd "$am__cwd"; \
if makeinfo --no-split   -I . \
 -o dc.info dc.texi; \
then \
  rc=0; \
  CDPATH="${ZSH_VERSION+.}:" && cd .; \
else \
  rc=$?; \
  CDPATH="${ZSH_VERSION+.}:" && cd . && \
  $restore $backupdir/* `echo "./dc.info" | sed 's|[^/]*$||'`; \
fi; \
rm -rf $backupdir; exit $rc
make[2]: Leaving directory '/sources/bc-1.07.1/doc'
make[2]: Entering directory '/sources/bc-1.07.1'
make[2]: Leaving directory '/sources/bc-1.07.1'
make[1]: Leaving directory '/sources/bc-1.07.1'
