checking for a BSD-compatible install... /usr/bin/install -c
checking whether build environment is sane... yes
checking for a race-free mkdir -p... /usr/bin/mkdir -p
checking for gawk... gawk
checking whether make sets $(MAKE)... yes
checking whether make supports nested variables... yes
checking for pkg-config... /usr/bin/pkg-config
checking pkg-config is at least version 0.27... yes
checking build system type... x86_64-pc-linux-gnu
checking host system type... x86_64-pc-linux-gnu
checking for gcc... gcc
checking whether the C compiler works... yes
checking for C compiler default output file name... a.out
checking for suffix of executables... 
checking whether we are cross compiling... no
checking for suffix of object files... o
checking whether the compiler supports GNU C... yes
checking whether gcc accepts -g... yes
checking for gcc option to enable C11 features... none needed
checking whether gcc understands -c and -o together... yes
checking whether make supports the include directive... yes (GNU style)
checking dependency style of gcc... gcc3
checking how to run the C preprocessor... gcc -E
checking whether make sets $(MAKE)... (cached) yes
checking whether ln -s works... yes
checking for perl... /usr/bin/perl
checking whether /usr/bin/perl is version 5.14.0 or later... yes
checking for gpg2... false
checking for sha256sum... /usr/bin/sha256sum
checking for stdio.h... yes
checking for stdlib.h... yes
checking for string.h... yes
checking for inttypes.h... yes
checking for stdint.h... yes
checking for strings.h... yes
checking for sys/stat.h... yes
checking for sys/types.h... yes
checking for unistd.h... yes
checking for wchar.h... yes
checking for minix/config.h... no
checking for fcntl.h... yes
checking for stdbool.h... yes
checking for ucontext.h... yes
checking for sys/cdefs.h... yes
checking for sys/random.h... yes
checking for sys/syscall.h... yes
checking for valgrind/valgrind.h... no
checking for endian.h... yes
checking for sys/endian.h... no
checking for sys/param.h... yes
checking whether it is safe to define __EXTENSIONS__... yes
checking whether _XOPEN_SOURCE should be defined... no
checking for gcc option to enable large file support... none needed
checking whether C compiler accepts -Werror=unknown-warning-option... no
checking whether C compiler accepts -Wall... yes
checking whether C compiler accepts -Wextra... yes
checking whether C compiler accepts -Walloc-zero... yes
checking whether C compiler accepts -Walloca... yes
checking whether C compiler accepts -Wbad-function-cast... yes
checking whether C compiler accepts -Wcast-align... yes
checking whether C compiler accepts -Wcast-qual... yes
checking whether C compiler accepts -Wconversion... yes
checking whether C compiler accepts -Wformat=2... yes
checking whether C compiler accepts -Wformat-overflow=2... yes
checking whether C compiler accepts -Wformat-signedness... yes
checking whether C compiler accepts -Wformat-truncation=1... yes
checking whether C compiler accepts -Wlogical-op... yes
checking whether C compiler accepts -Wmissing-declarations... yes
checking whether C compiler accepts -Wmissing-prototypes... yes
checking whether C compiler accepts -Wnested-externs... yes
checking whether C compiler accepts -Wnull-dereference... yes
checking whether C compiler accepts -Wold-style-definition... yes
checking whether C compiler accepts -Wpointer-arith... yes
checking whether C compiler accepts -Wrestrict... yes
checking whether C compiler accepts -Wshadow... yes
checking whether C compiler accepts -Wstrict-overflow=2... yes
checking whether C compiler accepts -Wstrict-prototypes... yes
checking whether C compiler accepts -Wundef... yes
checking whether C compiler accepts -Wvla... yes
checking whether C compiler accepts -Wwrite-strings... yes
checking whether C compiler accepts -Wpedantic... yes
checking whether C compiler accepts -Werror... yes
checking how to print strings... printf
checking for a sed that does not truncate output... /usr/bin/sed
checking for grep that handles long lines and -e... /usr/bin/grep
checking for egrep... /usr/bin/grep -E
checking for fgrep... /usr/bin/grep -F
checking for ld used by gcc... /usr/x86_64-lfs-linux-gnu/bin/ld
checking if the linker (/usr/x86_64-lfs-linux-gnu/bin/ld) is GNU ld... yes
checking for BSD- or MS-compatible name lister (nm)... /usr/bin/nm -B
checking the name lister (/usr/bin/nm -B) interface... BSD nm
checking the maximum length of command line arguments... 1572864
checking how to convert x86_64-pc-linux-gnu file names to x86_64-pc-linux-gnu format... func_convert_file_noop
checking how to convert x86_64-pc-linux-gnu file names to toolchain format... func_convert_file_noop
checking for /usr/x86_64-lfs-linux-gnu/bin/ld option to reload object files... -r
checking for file... file
checking for objdump... objdump
checking how to recognize dependent libraries... pass_all
checking for dlltool... no
checking how to associate runtime and link libraries... printf %s\n
checking for ar... ar
checking for archiver @FILE support... @
checking for strip... strip
checking for ranlib... ranlib
checking command to parse /usr/bin/nm -B output from gcc object... ok
checking for sysroot... no
checking for a working dd... /usr/bin/dd
checking how to truncate binary pipes... /usr/bin/dd bs=4096 count=1
checking for mt... no
checking if : is a manifest tool... no
checking for dlfcn.h... yes
checking for objdir... .libs
checking if gcc supports -fno-rtti -fno-exceptions... no
checking for gcc option to produce PIC... -fPIC -DPIC
checking if gcc PIC flag -fPIC -DPIC works... yes
checking if gcc static flag -static works... yes
checking if gcc supports -c -o file.o... yes
checking if gcc supports -c -o file.o... (cached) yes
checking whether the gcc linker (/usr/x86_64-lfs-linux-gnu/bin/ld -m elf_x86_64) supports shared libraries... yes
checking whether -lc should be explicitly linked in... no
checking dynamic linker characteristics... GNU/Linux ld.so
checking how to hardcode library paths into programs... immediate
checking whether stripping libraries is possible... yes
checking if libtool supports shared libraries... yes
checking whether to build shared libraries... yes
checking whether to build static libraries... no
checking for _ prefix in compiled symbols... no
checking whether the preprocessor (gcc -E) supports -dD... yes
checking whether we are compiling with ASan... no
checking whether sys/cdefs.h defines __BEGIN_DECLS and __END_DECLS... yes
checking whether sys/cdefs.h defines __THROW... yes
checking how to control data alignment... _Alignas
checking how to query data alignment... _Alignof
checking for max_align_t in stddef.h... yes
checking for byte order macros... BYTE_ORDER and xxx_ENDIAN
checking for static_assert in assert.h... yes
checking for ld --wrap... yes
checking linker version script flag... --version-script
checking if version scripts can use complex wildcards... yes
checking for __attribute__((symver))... yes
checking how to make linking fail when undefined symbols remain... -Wl,-z,defs
checking how to make linking fail when there are text relocations... -Wl,-z,text
checking how to link with read-only relocations... -Wl,-z,relro
checking how to link with immediate binding... -Wl,-z,now
checking whether C compiler accepts -fno-plt... yes
checking for arc4random_buf... yes
checking for explicit_bzero... yes
checking for explicit_memset... no
checking for getentropy... yes
checking for getrandom... yes
checking for memset_s... no
checking for open64... yes
checking for syscall... yes
checking for valgrind... no
checking for Python 3.>=6 with Passlib... not found
configure: Disabling the "regen-ka-table" target, missing Python requirements.
checking whether all ucontext.h functions are available... yes
checking that generated files are newer than configure... done
configure: creating ./config.status
config.status: creating Makefile
config.status: creating libxcrypt.pc
config.status: creating config.h
config.status: executing depfiles commands
config.status: executing libtool commands
