make[1]: Entering directory '/sources/libxcrypt-4.4.38'
 /usr/bin/mkdir -p '/usr/lib'
 /bin/sh ./libtool   --mode=install /usr/bin/install -c   libcrypt.la '/usr/lib'
 /usr/bin/mkdir -p '/usr/include'
 /usr/bin/mkdir -p '/usr/lib/pkgconfig'
 /usr/bin/mkdir -p '/usr/share/man/man3'
 /usr/bin/mkdir -p '/usr/share/man/man5'
 /usr/bin/install -c -m 644 libxcrypt.pc '/usr/lib/pkgconfig'
 /usr/bin/install -c -m 644 crypt.h '/usr/include'
 /usr/bin/install -c -m 644 doc/crypt.5 '/usr/share/man/man5'
 /usr/bin/install -c -m 644 doc/crypt.3 doc/crypt_checksalt.3 doc/crypt_gensalt.3 doc/crypt_gensalt_ra.3 doc/crypt_gensalt_rn.3 doc/crypt_preferred_method.3 doc/crypt_r.3 doc/crypt_ra.3 doc/crypt_rn.3 '/usr/share/man/man3'
make  install-data-hook
make[2]: Entering directory '/sources/libxcrypt-4.4.38'
cd /usr/lib/pkgconfig && \
	ln -s -f libxcrypt.pc libcrypt.pc
libtool: install: /usr/bin/install -c .libs/libcrypt.so.2.0.0 /usr/lib/libcrypt.so.2.0.0
make[2]: Leaving directory '/sources/libxcrypt-4.4.38'
libtool: install: (cd /usr/lib && { ln -s -f libcrypt.so.2.0.0 libcrypt.so.2 || { rm -f libcrypt.so.2 && ln -s libcrypt.so.2.0.0 libcrypt.so.2; }; })
libtool: install: (cd /usr/lib && { ln -s -f libcrypt.so.2.0.0 libcrypt.so || { rm -f libcrypt.so && ln -s libcrypt.so.2.0.0 libcrypt.so; }; })
libtool: install: /usr/bin/install -c .libs/libcrypt.lai /usr/lib/libcrypt.la
libtool: finish: PATH="/usr/bin:/usr/sbin:/sbin" ldconfig -n /usr/lib
----------------------------------------------------------------------
Libraries have been installed in:
   /usr/lib

If you ever happen to want to link against installed libraries
in a given directory, LIBDIR, you must either use libtool, and
specify the full pathname of the library, or use the '-LLIBDIR'
flag during linking and do at least one of the following:
   - add LIBDIR to the 'LD_LIBRARY_PATH' environment variable
     during execution
   - add LIBDIR to the 'LD_RUN_PATH' environment variable
     during linking
   - use the '-Wl,-rpath -Wl,LIBDIR' linker flag
   - have your system administrator add LIBDIR to '/etc/ld.so.conf'

See any operating system documentation about shared libraries for
more information, such as the ld(1) and ld.so(8) manual pages.
----------------------------------------------------------------------
make  install-exec-hook
make[2]: Entering directory '/sources/libxcrypt-4.4.38'
make[2]: Nothing to be done for 'install-exec-hook'.
make[2]: Leaving directory '/sources/libxcrypt-4.4.38'
make[1]: Leaving directory '/sources/libxcrypt-4.4.38'
