cd lib; make all
make[1]: Entering directory '/sources/gperf-3.3/lib'
sed -e 1h -e '1s,.*,/* DO NOT EDIT! GENERATED AUTOMATICALLY! */,' -e 1G \
  -e 's|@''HAVE_ALLOCA_H''@|1|g' \
  ./alloca.in.h > alloca.h-t
sed -e 1h -e '1s,.*,/* DO NOT EDIT! GENERATED AUTOMATICALLY! */,' -e 1G \
      -e 's|@''GUARD_PREFIX''@|GL|g' \
      -e 's|@''HAVE_ERROR_H''@|1|g' \
      -e 's|@''INCLUDE_NEXT''@|include_next|g' \
      -e 's|@''NEXT_ERROR_H''@|<error.h>|g' \
      -e 's|@''HAVE_ERROR''@|1|g' \
      -e 's|@''HAVE_ERROR_AT_LINE''@|1|g' \
      -e 's|@''REPLACE_ERROR''@|0|g' \
      -e 's|@''REPLACE_ERROR_AT_LINE''@|0|g' \
      -e '/definitions of _GL_FUNCDECL_RPL/r ./c++defs.h' \
      ./error.in.h > error.h-t
sed -e 1h -e '1s,.*,/* DO NOT EDIT! GENERATED AUTOMATICALLY! */,' -e 1G \
      -e 's|@''GUARD_PREFIX''@|GL|g' \
      -e 's|@''INCLUDE_NEXT''@|include_next|g' \
      -e 's|@''PRAGMA_SYSTEM_HEADER''@|#pragma GCC system_header|g' \
      -e 's|@''PRAGMA_COLUMNS''@||g' \
      -e 's|@''NEXT_FCNTL_H''@|<fcntl.h>|g' \
      -e 's/@''GNULIB_CREAT''@/0/g' \
      -e 's/@''GNULIB_FCNTL''@/1/g' \
      -e 's/@''GNULIB_NONBLOCKING''@/0/g' \
      -e 's/@''GNULIB_OPEN''@/1/g' \
      -e 's/@''GNULIB_OPENAT''@/0/g' \
      -e 's/@''GNULIB_MDA_CREAT''@/1/g' \
      -e 's/@''GNULIB_MDA_OPEN''@/1/g' \
      -e 's|@''HAVE_FCNTL''@|1|g' \
      -e 's|@''HAVE_OPENAT''@|1|g' \
      -e 's|@''REPLACE_CREAT''@|0|g' \
      -e 's|@''REPLACE_FCNTL''@|1|g' \
      -e 's|@''REPLACE_OPEN''@|0|g' \
      -e 's|@''REPLACE_OPENAT''@|0|g' \
      -e '/definitions of _GL_FUNCDECL_RPL/r ./c++defs.h' \
      -e '/definition of _GL_ARG_NONNULL/r ./arg-nonnull.h' \
      -e '/definition of _GL_WARN_ON_USE/r ./warn-on-use.h' \
      ./fcntl.in.h > fcntl.h-t
sed -e 1h -e '1s,.*,/* DO NOT EDIT! GENERATED AUTOMATICALLY! */,' -e 1G \
      -e 's/@''HAVE_INTTYPES_H''@/1/g' \
      -e 's|@''INCLUDE_NEXT''@|include_next|g' \
      -e 's|@''PRAGMA_SYSTEM_HEADER''@|#pragma GCC system_header|g' \
      -e 's|@''PRAGMA_COLUMNS''@||g' \
      -e 's|@''NEXT_INTTYPES_H''@|<inttypes.h>|g' \
      -e 's/@''APPLE_UNIVERSAL_BUILD''@/0/g' \
      -e 's/@''PRIPTR_PREFIX''@/__PRIPTR_PREFIX/g' \
      -e 's/@''GNULIB_IMAXABS''@/0/g' \
      -e 's/@''GNULIB_IMAXDIV''@/0/g' \
      -e 's/@''GNULIB_STRTOIMAX''@/0/g' \
      -e 's/@''GNULIB_STRTOUMAX''@/0/g' \
      -e 's/@''HAVE_DECL_IMAXABS''@/1/g' \
      -e 's/@''HAVE_DECL_IMAXDIV''@/1/g' \
      -e 's/@''HAVE_DECL_STRTOIMAX''@/1/g' \
      -e 's/@''HAVE_DECL_STRTOUMAX''@/1/g' \
      -e 's/@''HAVE_IMAXDIV_T''@/1/g' \
      -e 's/@''REPLACE_IMAXABS''@/0/g' \
      -e 's/@''REPLACE_IMAXDIV''@/0/g' \
      -e 's/@''REPLACE_STRTOIMAX''@/0/g' \
      -e 's/@''REPLACE_STRTOUMAX''@/0/g' \
      -e 's/@''INT32_MAX_LT_INTMAX_MAX''@/1/g' \
      -e 's/@''INT64_MAX_EQ_LONG_MAX''@/defined _LP64/g' \
      -e 's/@''UINT32_MAX_LT_UINTMAX_MAX''@/1/g' \
      -e 's/@''UINT64_MAX_EQ_ULONG_MAX''@/defined _LP64/g' \
      -e '/definitions of _GL_FUNCDECL_RPL/r ./c++defs.h' \
      -e '/definition of _GL_ARG_NONNULL/r ./arg-nonnull.h' \
      -e '/definition of _GL_WARN_ON_USE/r ./warn-on-use.h' \
      ./inttypes.in.h > inttypes.h-t
sed -e 1h -e '1s,.*,/* DO NOT EDIT! GENERATED AUTOMATICALLY! */,' -e 1G \
      -e 's|@''GUARD_PREFIX''@|GL|g' \
      -e 's|@''INCLUDE_NEXT''@|include_next|g' \
      -e 's|@''PRAGMA_SYSTEM_HEADER''@|#pragma GCC system_header|g' \
      -e 's|@''PRAGMA_COLUMNS''@||g' \
      -e 's|@''NEXT_LIMITS_H''@|<limits.h>|g' \
      ./limits.in.h > limits.h-t
sed -e 1h -e '1s,.*,/* DO NOT EDIT! GENERATED AUTOMATICALLY! */,' -e 1G \
      -e 's|@''GUARD_PREFIX''@|GL|g' \
      -e 's|@''INCLUDE_NEXT''@|include_next|g' \
      -e 's|@''PRAGMA_SYSTEM_HEADER''@|#pragma GCC system_header|g' \
      -e 's|@''PRAGMA_COLUMNS''@||g' \
      -e 's|@''NEXT_LOCALE_H''@|<locale.h>|g' \
      -e 's|@''HAVE_LOCALE_T''@|1|g' \
      -e 's|@''HAVE_WINDOWS_LOCALE_T''@|0|g' \
      -e 's/@''GNULIB_LOCALECONV''@/0/g' \
      -e 's/@''GNULIB_SETLOCALE''@/0/g' \
      -e 's/@''GNULIB_SETLOCALE_NULL''@/0/g' \
      -e 's/@''GNULIB_NEWLOCALE''@/0/g' \
      -e 's/@''GNULIB_DUPLOCALE''@/0/g' \
      -e 's/@''GNULIB_FREELOCALE''@/0/g' \
      -e 's/@''GNULIB_GETLOCALENAME_L''@/0/g' \
      -e 's/@''GNULIB_GETLOCALENAME_L_UNSAFE''@/0/g' \
      -e 's/@''GNULIB_LOCALENAME_UNSAFE''@/0/g' \
      -e 's|@''HAVE_NEWLOCALE''@|1|g' \
      -e 's|@''HAVE_DUPLOCALE''@|1|g' \
      -e 's|@''HAVE_FREELOCALE''@|1|g' \
      -e 's|@''HAVE_GETLOCALENAME_L''@|1|g' \
      -e 's|@''HAVE_XLOCALE_H''@|0|g' \
      -e 's|@''REPLACE_LOCALECONV''@|0|g' \
      -e 's|@''REPLACE_SETLOCALE''@|0|g' \
      -e 's|@''REPLACE_NEWLOCALE''@|0|g' \
      -e 's|@''REPLACE_DUPLOCALE''@|0|g' \
      -e 's|@''REPLACE_FREELOCALE''@|0|g' \
      -e 's|@''REPLACE_GETLOCALENAME_L''@|0|g' \
      -e 's|@''REPLACE_STRUCT_LCONV''@|0|g' \
      -e 's|@''LOCALENAME_ENHANCE_LOCALE_FUNCS''@|0|g' \
      -e '/definitions of _GL_FUNCDECL_RPL/r ./c++defs.h' \
      -e '/definition of _GL_ARG_NONNULL/r ./arg-nonnull.h' \
      -e '/definition of _GL_WARN_ON_USE/r ./warn-on-use.h' \
      ./locale.in.h > locale.h-t
sed -e 1h -e '1s,.*,/* DO NOT EDIT! GENERATED AUTOMATICALLY! */,' -e 1G \
      -e 's|@''GUARD_PREFIX''@|GL|g' \
      -e 's|@''INCLUDE_NEXT''@|include_next|g' \
      -e 's|@''PRAGMA_SYSTEM_HEADER''@|#pragma GCC system_header|g' \
      -e 's|@''PRAGMA_COLUMNS''@||g' \
      -e 's|@''NEXT_STDIO_H''@|<stdio.h>|g' \
      -e 's/@''GNULIB_DPRINTF''@/0/g' \
      -e 's/@''GNULIB_DZPRINTF''@/0/g' \
      -e 's/@''GNULIB_FCLOSE''@/0/g' \
      -e 's/@''GNULIB_FDOPEN''@/0/g' \
      -e 's/@''GNULIB_FFLUSH''@/0/g' \
      -e 's/@''GNULIB_FGETC''@/1/g' \
      -e 's/@''GNULIB_FGETS''@/1/g' \
      -e 's/@''GNULIB_FOPEN''@/1/g' \
      -e 's/@''GNULIB_FOPEN_GNU''@/1/g' \
      -e 's/@''GNULIB_FPRINTF''@/1/g' \
      -e 's/@''GNULIB_FPRINTF_POSIX''@/0/g' \
      -e 's/@''GNULIB_FPURGE''@/0/g' \
      -e 's/@''GNULIB_FPUTC''@/1/g' \
      -e 's/@''GNULIB_FPUTS''@/1/g' \
      -e 's/@''GNULIB_FREAD''@/1/g' \
      -e 's/@''GNULIB_FREOPEN''@/0/g' \
      -e 's/@''GNULIB_FSCANF''@/1/g' \
      -e 's/@''GNULIB_FSEEK''@/0/g' \
      -e 's/@''GNULIB_FSEEKO''@/0/g' \
      -e 's/@''GNULIB_FTELL''@/1/g' \
      -e 's/@''GNULIB_FTELLO''@/1/g' \
      -e 's/@''GNULIB_FWRITE''@/1/g' \
      -e 's/@''GNULIB_FZPRINTF''@/0/g' \
      -e 's/@''GNULIB_GETC''@/1/g' \
      -e 's/@''GNULIB_GETCHAR''@/1/g' \
      -e 's/@''GNULIB_GETDELIM''@/0/g' \
      -e 's/@''GNULIB_GETLINE''@/0/g' \
      -e 's/@''GNULIB_OBSTACK_PRINTF''@/0/g' \
      -e 's/@''GNULIB_OBSTACK_PRINTF_POSIX''@/0/g' \
      -e 's/@''GNULIB_OBSTACK_ZPRINTF''@/0/g' \
      -e 's/@''GNULIB_PCLOSE''@/0/g' \
      -e 's/@''GNULIB_PERROR''@/0/g' \
      -e 's/@''GNULIB_POPEN''@/0/g' \
      -e 's/@''GNULIB_PRINTF''@/1/g' \
      -e 's/@''GNULIB_PRINTF_POSIX''@/0/g' \
      -e 's/@''GNULIB_PUTC''@/1/g' \
      -e 's/@''GNULIB_PUTCHAR''@/1/g' \
      -e 's/@''GNULIB_PUTS''@/1/g' \
      -e 's/@''GNULIB_REMOVE''@/0/g' \
      -e 's/@''GNULIB_RENAME''@/0/g' \
      -e 's/@''GNULIB_RENAMEAT''@/0/g' \
      -e 's/@''GNULIB_SCANF''@/1/g' \
      -e 's/@''GNULIB_SNPRINTF''@/0/g' \
      -e 's/@''GNULIB_SNZPRINTF''@/0/g' \
      -e 's/@''GNULIB_SPRINTF_POSIX''@/0/g' \
      -e 's/@''GNULIB_STDIO_H_NONBLOCKING''@/0/g' \
      -e 's/@''GNULIB_STDIO_H_SIGPIPE''@/0/g' \
      -e 's/@''GNULIB_SZPRINTF''@/0/g' \
      -e 's/@''GNULIB_TMPFILE''@/0/g' \
      -e 's/@''GNULIB_VASPRINTF''@/0/g' \
      -e 's/@''GNULIB_VASZPRINTF''@/0/g' \
      -e 's/@''GNULIB_VDPRINTF''@/0/g' \
      -e 's/@''GNULIB_VDZPRINTF''@/0/g' \
      -e 's/@''GNULIB_VFPRINTF''@/1/g' \
      -e 's/@''GNULIB_VFPRINTF_POSIX''@/0/g' \
      -e 's/@''GNULIB_VFZPRINTF''@/0/g' \
      -e 's/@''GNULIB_VFSCANF''@/0/g' \
      -e 's/@''GNULIB_VSCANF''@/0/g' \
      -e 's/@''GNULIB_VPRINTF''@/1/g' \
      -e 's/@''GNULIB_VPRINTF_POSIX''@/0/g' \
      -e 's/@''GNULIB_VSNPRINTF''@/0/g' \
      -e 's/@''GNULIB_VSNZPRINTF''@/0/g' \
      -e 's/@''GNULIB_VSPRINTF_POSIX''@/0/g' \
      -e 's/@''GNULIB_VSZPRINTF''@/0/g' \
      -e 's/@''GNULIB_VZPRINTF''@/0/g' \
      -e 's/@''GNULIB_ZPRINTF''@/0/g' \
      -e 's/@''GNULIB_MDA_FCLOSEALL''@/1/g' \
      -e 's/@''GNULIB_MDA_FDOPEN''@/1/g' \
      -e 's/@''GNULIB_MDA_FILENO''@/1/g' \
      -e 's/@''GNULIB_MDA_GETW''@/1/g' \
      -e 's/@''GNULIB_MDA_PUTW''@/1/g' \
      -e 's/@''GNULIB_MDA_TEMPNAM''@/1/g' \
      < ./stdio.in.h > stdio.h-t1
mv alloca.h-t alloca.h
sed -e 1h -e '1s,.*,/* DO NOT EDIT! GENERATED AUTOMATICALLY! */,' -e 1G \
      -e 's|@''GUARD_PREFIX''@|GL|g' \
      -e 's|@''INCLUDE_NEXT''@|include_next|g' \
      -e 's|@''PRAGMA_SYSTEM_HEADER''@|#pragma GCC system_header|g' \
      -e 's|@''PRAGMA_COLUMNS''@||g' \
      -e 's|@''NEXT_STDLIB_H''@|<stdlib.h>|g' \
      -e 's/@''GNULIB__EXIT''@/0/g' \
      -e 's/@''GNULIB_ABORT_DEBUG''@/0/g' \
      -e 's/@''GNULIB_ALIGNED_ALLOC''@/0/g' \
      -e 's/@''GNULIB_ATOLL''@/0/g' \
      -e 's/@''GNULIB_CALLOC_GNU''@/0/g' \
      -e 's/@''GNULIB_CALLOC_POSIX''@/0/g' \
      -e 's/@''GNULIB_CANONICALIZE_FILE_NAME''@/0/g' \
      -e 's/@''GNULIB_FREE_POSIX''@/1/g' \
      -e 's/@''GNULIB_GETLOADAVG''@/0/g' \
      -e 's/@''GNULIB_GETPROGNAME''@/1/g' \
      -e 's/@''GNULIB_GETSUBOPT''@/0/g' \
      -e 's/@''GNULIB_GRANTPT''@/0/g' \
      -e 's/@''GNULIB_MALLOC_GNU''@/0/g' \
      -e 's/@''GNULIB_MALLOC_POSIX''@/1/g' \
      -e 's/@''GNULIB_MBSTOWCS''@/0/g' \
      -e 's/@''GNULIB_MBTOWC''@/0/g' \
      -e 's/@''GNULIB_MKDTEMP''@/0/g' \
      -e 's/@''GNULIB_MKOSTEMP''@/0/g' \
      -e 's/@''GNULIB_MKOSTEMPS''@/0/g' \
      -e 's/@''GNULIB_MKSTEMP''@/0/g' \
      -e 's/@''GNULIB_MKSTEMPS''@/0/g' \
      -e 's/@''GNULIB_POSIX_MEMALIGN''@/0/g' \
      -e 's/@''GNULIB_POSIX_OPENPT''@/0/g' \
      -e 's/@''GNULIB_PTSNAME''@/0/g' \
      -e 's/@''GNULIB_PTSNAME_R''@/0/g' \
      -e 's/@''GNULIB_PUTENV''@/0/g' \
      -e 's/@''GNULIB_QSORT_R''@/0/g' \
      -e 's/@''GNULIB_RAND''@/0/g' \
      -e 's/@''GNULIB_RANDOM''@/0/g' \
      -e 's/@''GNULIB_RANDOM_R''@/0/g' \
      -e 's/@''GNULIB_REALLOC_POSIX''@/1/g' \
      -e 's/@''GNULIB_REALLOCARRAY''@/0/g' \
      -e 's/@''GNULIB_REALPATH''@/0/g' \
      -e 's/@''GNULIB_RPMATCH''@/0/g' \
      -e 's/@''GNULIB_SECURE_GETENV''@/0/g' \
      -e 's/@''GNULIB_SETENV''@/0/g' \
      -e 's/@''GNULIB_STACK_TRACE''@/0/g' \
      -e 's/@''GNULIB_STRTOD''@/0/g' \
      -e 's/@''GNULIB_STRTOF''@/0/g' \
      -e 's/@''GNULIB_STRTOL''@/0/g' \
      -e 's/@''GNULIB_STRTOLD''@/0/g' \
      -e 's/@''GNULIB_STRTOLL''@/0/g' \
      -e 's/@''GNULIB_STRTOUL''@/0/g' \
      -e 's/@''GNULIB_STRTOULL''@/0/g' \
      -e 's/@''GNULIB_SYSTEM_POSIX''@/0/g' \
      -e 's/@''GNULIB_UNLOCKPT''@/0/g' \
      -e 's/@''GNULIB_UNSETENV''@/0/g' \
      -e 's/@''GNULIB_WCTOMB''@/0/g' \
      -e 's/@''GNULIB_MDA_ECVT''@/1/g' \
      -e 's/@''GNULIB_MDA_FCVT''@/1/g' \
      -e 's/@''GNULIB_MDA_GCVT''@/1/g' \
      -e 's/@''GNULIB_MDA_MKTEMP''@/1/g' \
      -e 's/@''GNULIB_MDA_PUTENV''@/1/g' \
      < ./stdlib.in.h > stdlib.h-t1
mv error.h-t error.h
sed -e 1h -e '1s,.*,/* DO NOT EDIT! GENERATED AUTOMATICALLY! */,' -e 1G \
      -e 's|@''GUARD_PREFIX''@|GL|g' \
      -e 's|@''INCLUDE_NEXT''@|include_next|g' \
      -e 's|@''PRAGMA_SYSTEM_HEADER''@|#pragma GCC system_header|g' \
      -e 's|@''PRAGMA_COLUMNS''@||g' \
      -e 's|@''NEXT_STRING_H''@|<string.h>|g' \
      -e 's/@''GNULIB_EXPLICIT_BZERO''@/0/g' \
      -e 's/@''GNULIB_FFSL''@/0/g' \
      -e 's/@''GNULIB_FFSLL''@/0/g' \
      -e 's/@''GNULIB_MBSLEN''@/0/g' \
      -e 's/@''GNULIB_MBSNLEN''@/0/g' \
      -e 's/@''GNULIB_MBSCHR''@/0/g' \
      -e 's/@''GNULIB_MBSRCHR''@/0/g' \
      -e 's/@''GNULIB_MBSSTR''@/0/g' \
      -e 's/@''GNULIB_MBSCASECMP''@/0/g' \
      -e 's/@''GNULIB_MBSNCASECMP''@/0/g' \
      -e 's/@''GNULIB_MBSPCASECMP''@/0/g' \
      -e 's/@''GNULIB_MBSCASESTR''@/0/g' \
      -e 's/@''GNULIB_MBSCSPN''@/0/g' \
      -e 's/@''GNULIB_MBSPBRK''@/0/g' \
      -e 's/@''GNULIB_MBSSPN''@/0/g' \
      -e 's/@''GNULIB_MBSSEP''@/0/g' \
      -e 's/@''GNULIB_MBSTOK_R''@/0/g' \
      -e 's/@''GNULIB_MBS_ENDSWITH''@/0/g' \
      -e 's/@''GNULIB_MBS_STARTSWITH''@/0/g' \
      -e 's/@''GNULIB_MEMCHR''@/0/g' \
      -e 's/@''GNULIB_MEMMEM''@/0/g' \
      -e 's/@''GNULIB_MEMPCPY''@/0/g' \
      -e 's/@''GNULIB_MEMRCHR''@/0/g' \
      -e 's/@''GNULIB_MEMSET_EXPLICIT''@/1/g' \
      -e 's/@''GNULIB_RAWMEMCHR''@/0/g' \
      -e 's/@''GNULIB_STPCPY''@/0/g' \
      -e 's/@''GNULIB_STPNCPY''@/0/g' \
      -e 's/@''GNULIB_STRCHRNUL''@/0/g' \
      -e 's/@''GNULIB_STRDUP''@/0/g' \
      -e 's/@''GNULIB_STRNCAT''@/0/g' \
      -e 's/@''GNULIB_STRNDUP''@/0/g' \
      -e 's/@''GNULIB_STRNLEN''@/0/g' \
      -e 's/@''GNULIB_STRPBRK''@/0/g' \
      -e 's/@''GNULIB_STRSEP''@/0/g' \
      -e 's/@''GNULIB_STRSTR''@/0/g' \
      -e 's/@''GNULIB_STRCASESTR''@/0/g' \
      -e 's/@''GNULIB_STRTOK_R''@/0/g' \
      -e 's/@''GNULIB_STR_ENDSWITH''@/0/g' \
      -e 's/@''GNULIB_STR_STARTSWITH''@/0/g' \
      -e 's/@''GNULIB_STRERROR''@/1/g' \
      -e 's/@''GNULIB_STRERROR_R''@/0/g' \
      -e 's/@''GNULIB_STRERROR_L''@/0/g' \
      -e 's/@''GNULIB_STRERRORNAME_NP''@/0/g' \
      -e 's/@''GNULIB_SIGABBREV_NP''@/0/g' \
      -e 's/@''GNULIB_SIGDESCR_NP''@/0/g' \
      -e 's/@''GNULIB_STRSIGNAL''@/0/g' \
      -e 's/@''GNULIB_STRVERSCMP''@/0/g' \
      -e 's/@''GNULIB_MDA_MEMCCPY''@/1/g' \
      -e 's/@''GNULIB_MDA_STRDUP''@/1/g' \
      -e 's/@''GNULIB_FREE_POSIX''@/1/g' \
      < ./string.in.h > string.h-t1
mv limits.h-t limits.h
mv fcntl.h-t fcntl.h
/usr/bin/mkdir -p 'sys'
/usr/bin/mkdir -p 'sys'
sed -e 1h -e '1s,.*,/* DO NOT EDIT! GENERATED AUTOMATICALLY! */,' -e 1G \
      -e 's|@''GUARD_PREFIX''@|GL|g' \
      -e 's|@''INCLUDE_NEXT''@|include_next|g' \
      -e 's|@''PRAGMA_SYSTEM_HEADER''@|#pragma GCC system_header|g' \
      -e 's|@''PRAGMA_COLUMNS''@||g' \
      -e 's|@''NEXT_SYS_STAT_H''@|<sys/stat.h>|g' \
      -e 's|@''WINDOWS_64_BIT_ST_SIZE''@|0|g' \
      -e 's|@''WINDOWS_STAT_TIMESPEC''@|0|g' \
      -e 's/@''GNULIB_CHMOD''@/0/g' \
      -e 's/@''GNULIB_FCHMODAT''@/0/g' \
      -e 's/@''GNULIB_FSTAT''@/1/g' \
      -e 's/@''GNULIB_FSTATAT''@/0/g' \
      -e 's/@''GNULIB_FUTIMENS''@/0/g' \
      -e 's/@''GNULIB_GETUMASK''@/0/g' \
      -e 's/@''GNULIB_LCHMOD''@/0/g' \
      -e 's/@''GNULIB_LSTAT''@/0/g' \
      -e 's/@''GNULIB_MKDIR''@/0/g' \
      -e 's/@''GNULIB_MKDIRAT''@/0/g' \
      -e 's/@''GNULIB_MKFIFO''@/0/g' \
      -e 's/@''GNULIB_MKFIFOAT''@/0/g' \
      -e 's/@''GNULIB_MKNOD''@/0/g' \
      -e 's/@''GNULIB_MKNODAT''@/0/g' \
      -e 's/@''GNULIB_STAT''@/1/g' \
      -e 's/@''GNULIB_UTIMENSAT''@/0/g' \
      -e 's/@''GNULIB_OVERRIDES_STRUCT_STAT''@/0/g' \
      -e 's/@''GNULIB_MDA_CHMOD''@/1/g' \
      -e 's/@''GNULIB_MDA_MKDIR''@/1/g' \
      -e 's/@''GNULIB_MDA_UMASK''@/1/g' \
      -e 's|@''HAVE_FCHMODAT''@|1|g' \
      -e 's|@''HAVE_FSTATAT''@|1|g' \
      -e 's|@''HAVE_FUTIMENS''@|1|g' \
      -e 's|@''HAVE_GETUMASK''@|1|g' \
      -e 's|@''HAVE_LCHMOD''@|1|g' \
      -e 's|@''HAVE_LSTAT''@|1|g' \
      -e 's|@''HAVE_MKDIRAT''@|1|g' \
      -e 's|@''HAVE_MKFIFO''@|1|g' \
      -e 's|@''HAVE_MKFIFOAT''@|1|g' \
      -e 's|@''HAVE_MKNOD''@|1|g' \
      -e 's|@''HAVE_MKNODAT''@|1|g' \
      -e 's|@''HAVE_UTIMENSAT''@|1|g' \
      -e 's|@''REPLACE_CHMOD''@|0|g' \
      -e 's|@''REPLACE_FCHMODAT''@|0|g' \
      -e 's|@''REPLACE_FSTAT''@|0|g' \
      -e 's|@''REPLACE_FSTATAT''@|0|g' \
      -e 's|@''REPLACE_FUTIMENS''@|0|g' \
      -e 's|@''REPLACE_LSTAT''@|0|g' \
      -e 's|@''REPLACE_MKDIR''@|0|g' \
      -e 's|@''REPLACE_MKFIFO''@|0|g' \
      -e 's|@''REPLACE_MKFIFOAT''@|0|g' \
      -e 's|@''REPLACE_MKNOD''@|0|g' \
      -e 's|@''REPLACE_MKNODAT''@|0|g' \
      -e 's|@''REPLACE_STAT''@|0|g' \
      -e 's|@''REPLACE_UTIMENSAT''@|0|g' \
      -e '/definitions of _GL_FUNCDECL_RPL/r ./c++defs.h' \
      -e '/definition of _GL_ARG_NONNULL/r ./arg-nonnull.h' \
      -e '/definition of _GL_WARN_ON_USE/r ./warn-on-use.h' \
      ./sys_stat.in.h > sys/stat.h-t
sed -e 1h -e '1s,.*,/* DO NOT EDIT! GENERATED AUTOMATICALLY! */,' -e 1G \
      -e 's|@''GUARD_PREFIX''@|GL|g' \
      -e 's|@''INCLUDE_NEXT''@|include_next|g' \
      -e 's|@''PRAGMA_SYSTEM_HEADER''@|#pragma GCC system_header|g' \
      -e 's|@''PRAGMA_COLUMNS''@||g' \
      -e 's|@''NEXT_SYS_TYPES_H''@|<sys/types.h>|g' \
      -e 's|@''WINDOWS_64_BIT_OFF_T''@|0|g' \
      -e 's|@''HAVE_OFF64_T''@|1|g' \
      -e 's|@''WINDOWS_STAT_INODES''@|0|g' \
      -e 's|@''HAVE_BLKSIZE_T''@|1|g' \
      -e 's|@''HAVE_BLKCNT_T''@|1|g' \
      ./sys_types.in.h > sys/types.h-t
mv inttypes.h-t inttypes.h
sed -e 1h -e '1s,.*,/* DO NOT EDIT! GENERATED AUTOMATICALLY! */,' -e 1G \
      -e 's|@''GUARD_PREFIX''@|GL|g' \
      -e 's|@''INCLUDE_NEXT''@|include_next|g' \
      -e 's|@''PRAGMA_SYSTEM_HEADER''@|#pragma GCC system_header|g' \
      -e 's|@''PRAGMA_COLUMNS''@||g' \
      -e 's|@''NEXT_TIME_H''@|<time.h>|g' \
      -e 's/@''GNULIB_CTIME''@/0/g' \
      -e 's/@''GNULIB_LOCALTIME''@/0/g' \
      -e 's/@''GNULIB_MKTIME''@/0/g' \
      -e 's/@''GNULIB_NANOSLEEP''@/0/g' \
      -e 's/@''GNULIB_STRFTIME''@/0/g' \
      -e 's/@''GNULIB_STRPTIME''@/0/g' \
      -e 's/@''GNULIB_TIME''@/0/g' \
      -e 's/@''GNULIB_TIMEGM''@/0/g' \
      -e 's/@''GNULIB_TIMESPEC_GET''@/0/g' \
      -e 's/@''GNULIB_TIMESPEC_GETRES''@/0/g' \
      -e 's/@''GNULIB_TIME_R''@/0/g' \
      -e 's/@''GNULIB_TIME_RZ''@/0/g' \
      -e 's/@''GNULIB_TZNAME''@/0/g' \
      -e 's/@''GNULIB_TZSET''@/0/g' \
      -e 's/@''GNULIB_MDA_TZSET''@/1/g' \
      -e 's|@''HAVE_DECL_LOCALTIME_R''@|1|g' \
      -e 's|@''HAVE_NANOSLEEP''@|1|g' \
      -e 's|@''HAVE_STRPTIME''@|1|g' \
      -e 's|@''HAVE_TIMEGM''@|1|g' \
      -e 's|@''HAVE_TIMESPEC_GET''@|1|g' \
      -e 's|@''HAVE_TIMESPEC_GETRES''@|1|g' \
      -e 's|@''HAVE_TIMEZONE_T''@|0|g' \
      -e 's|@''HAVE_TZALLOC''@|0|g' \
      -e 's|@''REPLACE_CTIME''@|0|g' \
      -e 's|@''REPLACE_GMTIME''@|0|g' \
      -e 's|@''REPLACE_LOCALTIME''@|0|g' \
      -e 's|@''REPLACE_LOCALTIME_R''@|0|g' \
      -e 's|@''REPLACE_LOCALTIME_RZ''@|0|g' \
      -e 's|@''REPLACE_MKTIME''@|0|g' \
      -e 's|@''REPLACE_MKTIME_Z''@|0|g' \
      -e 's|@''REPLACE_NANOSLEEP''@|0|g' \
      -e 's|@''REPLACE_STRFTIME''@|0|g' \
      -e 's|@''REPLACE_TIME''@|0|g' \
      -e 's|@''REPLACE_TIMEGM''@|0|g' \
      -e 's|@''REPLACE_TIMESPEC_GET''@|0|g' \
      -e 's|@''REPLACE_TIMESPEC_GETRES''@|0|g' \
      -e 's|@''REPLACE_TZSET''@|0|g' \
      -e 's|@''PTHREAD_H_DEFINES_STRUCT_TIMESPEC''@|0|g' \
      -e 's|@''SYS_TIME_H_DEFINES_STRUCT_TIMESPEC''@|0|g' \
      -e 's|@''TIME_H_DEFINES_STRUCT_TIMESPEC''@|1|g' \
      -e 's|@''UNISTD_H_DEFINES_STRUCT_TIMESPEC''@|0|g' \
      -e 's|@''TIME_H_DEFINES_TIME_UTC''@|1|g' \
      -e '/definitions of _GL_FUNCDECL_RPL/r ./c++defs.h' \
      -e '/definition of _GL_ARG_NONNULL/r ./arg-nonnull.h' \
      -e '/definition of _GL_WARN_ON_USE/r ./warn-on-use.h' \
      ./time.in.h > time.h-t
mv locale.h-t locale.h
sed -e 1h -e '1s,.*,/* DO NOT EDIT! GENERATED AUTOMATICALLY! */,' -e 1G \
      -e 's|@''GUARD_PREFIX''@|GL|g' \
      -e 's|@''HAVE_UNISTD_H''@|1|g' \
      -e 's|@''INCLUDE_NEXT''@|include_next|g' \
      -e 's|@''PRAGMA_SYSTEM_HEADER''@|#pragma GCC system_header|g' \
      -e 's|@''PRAGMA_COLUMNS''@||g' \
      -e 's|@''NEXT_UNISTD_H''@|<unistd.h>|g' \
      -e 's|@''WINDOWS_64_BIT_OFF_T''@|0|g' \
      -e 's/@''GNULIB_ACCESS''@/0/g' \
      -e 's/@''GNULIB_CHDIR''@/0/g' \
      -e 's/@''GNULIB_CHOWN''@/0/g' \
      -e 's/@''GNULIB_CLOSE''@/1/g' \
      -e 's/@''GNULIB_COPY_FILE_RANGE''@/0/g' \
      -e 's/@''GNULIB_DUP''@/0/g' \
      -e 's/@''GNULIB_DUP2''@/1/g' \
      -e 's/@''GNULIB_DUP3''@/0/g' \
      -e 's/@''GNULIB_ENVIRON''@/0/g' \
      -e 's/@''GNULIB_EUIDACCESS''@/0/g' \
      -e 's/@''GNULIB_EXECL''@/0/g' \
      -e 's/@''GNULIB_EXECLE''@/0/g' \
      -e 's/@''GNULIB_EXECLP''@/0/g' \
      -e 's/@''GNULIB_EXECV''@/0/g' \
      -e 's/@''GNULIB_EXECVE''@/0/g' \
      -e 's/@''GNULIB_EXECVP''@/0/g' \
      -e 's/@''GNULIB_EXECVPE''@/0/g' \
      -e 's/@''GNULIB_FACCESSAT''@/0/g' \
      -e 's/@''GNULIB_FCHDIR''@/0/g' \
      -e 's/@''GNULIB_FCHOWNAT''@/0/g' \
      -e 's/@''GNULIB_FDATASYNC''@/0/g' \
      -e 's/@''GNULIB_FSYNC''@/0/g' \
      -e 's/@''GNULIB_FTRUNCATE''@/0/g' \
      < ./unistd.in.h > unistd.h-t1
mv sys/types.h-t sys/types.h
sed -e 1h -e '1s,.*,/* DO NOT EDIT! GENERATED AUTOMATICALLY! */,' -e 1G \
      -e 's|@''GUARD_PREFIX''@|GL|g' \
      -e 's|@''INCLUDE_NEXT''@|include_next|g' \
      -e 's|@''PRAGMA_SYSTEM_HEADER''@|#pragma GCC system_header|g' \
      -e 's|@''PRAGMA_COLUMNS''@||g' \
      -e 's|@''HAVE_FEATURES_H''@|1|g' \
      -e 's|@''NEXT_WCHAR_H''@|<wchar.h>|g' \
      -e 's|@''HAVE_WCHAR_H''@|1|g' \
      -e 's/@''HAVE_CRTDEFS_H''@/0/g' \
      -e 's/@''GNULIBHEADERS_OVERRIDE_WINT_T''@/0/g' \
      -e 's/@''GNULIB_BTOWC''@/0/g' \
      -e 's/@''GNULIB_WCTOB''@/0/g' \
      -e 's/@''GNULIB_MBSINIT''@/0/g' \
      -e 's/@''GNULIB_MBSZERO''@/0/g' \
      -e 's/@''GNULIB_MBRTOWC''@/0/g' \
      -e 's/@''GNULIB_MBRLEN''@/0/g' \
      -e 's/@''GNULIB_MBSRTOWCS''@/0/g' \
      -e 's/@''GNULIB_MBSNRTOWCS''@/0/g' \
      -e 's/@''GNULIB_WCRTOMB''@/0/g' \
      -e 's/@''GNULIB_WCSRTOMBS''@/0/g' \
      -e 's/@''GNULIB_WCSNRTOMBS''@/0/g' \
      -e 's/@''GNULIB_WCWIDTH''@/0/g' \
      -e 's/@''GNULIB_WMEMCHR''@/0/g' \
      -e 's/@''GNULIB_WMEMCMP''@/0/g' \
      -e 's/@''GNULIB_WMEMCPY''@/0/g' \
      -e 's/@''GNULIB_WMEMMOVE''@/0/g' \
      -e 's/@''GNULIB_WMEMPCPY''@/0/g' \
      -e 's/@''GNULIB_WMEMSET''@/0/g' \
      -e 's/@''GNULIB_WCSLEN''@/0/g' \
      -e 's/@''GNULIB_WCSNLEN''@/0/g' \
      -e 's/@''GNULIB_WCSCPY''@/0/g' \
      -e 's/@''GNULIB_WCPCPY''@/0/g' \
      -e 's/@''GNULIB_WCSNCPY''@/0/g' \
      -e 's/@''GNULIB_WCPNCPY''@/0/g' \
      -e 's/@''GNULIB_WCSCAT''@/0/g' \
      -e 's/@''GNULIB_WCSNCAT''@/0/g' \
      -e 's/@''GNULIB_WCSCMP''@/0/g' \
      -e 's/@''GNULIB_WCSNCMP''@/0/g' \
      -e 's/@''GNULIB_WCSCASECMP''@/0/g' \
      -e 's/@''GNULIB_WCSNCASECMP''@/0/g' \
      -e 's/@''GNULIB_WCSCOLL''@/0/g' \
      -e 's/@''GNULIB_WCSXFRM''@/0/g' \
      -e 's/@''GNULIB_WCSDUP''@/0/g' \
      -e 's/@''GNULIB_WCSCHR''@/0/g' \
      -e 's/@''GNULIB_WCSRCHR''@/0/g' \
      -e 's/@''GNULIB_WCSCSPN''@/0/g' \
      -e 's/@''GNULIB_WCSSPN''@/0/g' \
      -e 's/@''GNULIB_WCSPBRK''@/0/g' \
      -e 's/@''GNULIB_WCSSTR''@/0/g' \
      -e 's/@''GNULIB_WCSTOK''@/0/g' \
      -e 's/@''GNULIB_WCSWIDTH''@/0/g' \
      -e 's/@''GNULIB_WCSFTIME''@/0/g' \
      -e 's/@''GNULIB_WGETCWD''@/0/g' \
      -e 's/@''GNULIB_MDA_WCSDUP''@/1/g' \
      -e 's/@''GNULIB_FREE_POSIX''@/1/g' \
      < ./wchar.in.h > wchar.h-t1
sed \
      -e 's|@''HAVE__EXIT''@|1|g' \
      -e 's|@''HAVE_ALIGNED_ALLOC''@|1|g' \
      -e 's|@''HAVE_ATOLL''@|1|g' \
      -e 's|@''HAVE_CANONICALIZE_FILE_NAME''@|1|g' \
      -e 's|@''HAVE_DECL_ECVT''@|1|g' \
      -e 's|@''HAVE_DECL_FCVT''@|1|g' \
      -e 's|@''HAVE_DECL_GCVT''@|1|g' \
      -e 's|@''HAVE_DECL_GETLOADAVG''@|1|g' \
      -e 's|@''HAVE_DECL_PROGRAM_INVOCATION_NAME''@|1|g' \
      -e 's|@''HAVE_GETPROGNAME''@|0|g' \
      -e 's|@''HAVE_GETSUBOPT''@|1|g' \
      -e 's|@''HAVE_GRANTPT''@|1|g' \
      -e 's|@''HAVE_INITSTATE''@|1|g' \
      -e 's|@''HAVE_DECL_INITSTATE''@|1|g' \
      -e 's|@''HAVE_MBTOWC''@|1|g' \
      -e 's|@''HAVE_MKDTEMP''@|1|g' \
      -e 's|@''HAVE_MKOSTEMP''@|1|g' \
      -e 's|@''HAVE_MKOSTEMPS''@|1|g' \
      -e 's|@''HAVE_MKSTEMP''@|1|g' \
      -e 's|@''HAVE_MKSTEMPS''@|1|g' \
      -e 's|@''HAVE_POSIX_MEMALIGN''@|1|g' \
      -e 's|@''HAVE_POSIX_OPENPT''@|1|g' \
      -e 's|@''HAVE_PTSNAME''@|1|g' \
      -e 's|@''HAVE_PTSNAME_R''@|1|g' \
      -e 's|@''HAVE_QSORT_R''@|1|g' \
      -e 's|@''HAVE_RANDOM''@|1|g' \
      -e 's|@''HAVE_RANDOM_H''@|1|g' \
      -e 's|@''HAVE_RANDOM_R''@|1|g' \
      -e 's|@''HAVE_REALLOCARRAY''@|1|g' \
      -e 's|@''HAVE_REALPATH''@|1|g' \
      -e 's|@''HAVE_RPMATCH''@|1|g' \
      -e 's|@''HAVE_SECURE_GETENV''@|1|g' \
      -e 's|@''HAVE_DECL_SETENV''@|1|g' \
      -e 's|@''HAVE_SETSTATE''@|1|g' \
      -e 's|@''HAVE_DECL_SETSTATE''@|1|g' \
      -e 's|@''HAVE_STRTOD''@|1|g' \
      -e 's|@''HAVE_STRTOF''@|1|g' \
      -e 's|@''HAVE_STRTOL''@|1|g' \
      -e 's|@''HAVE_STRTOLD''@|1|g' \
      -e 's|@''HAVE_STRTOLL''@|1|g' \
      -e 's|@''HAVE_STRTOUL''@|1|g' \
      -e 's|@''HAVE_STRTOULL''@|1|g' \
      -e 's|@''HAVE_STRUCT_RANDOM_DATA''@|1|g' \
      -e 's|@''HAVE_SYS_LOADAVG_H''@|0|g' \
      -e 's|@''HAVE_UNLOCKPT''@|1|g' \
      -e 's|@''HAVE_DECL_UNSETENV''@|1|g' \
      < stdlib.h-t1 > stdlib.h-t2
sed \
      -e 's/@''GNULIB_GETCWD''@/0/g' \
      -e 's/@''GNULIB_GETDOMAINNAME''@/0/g' \
      -e 's/@''GNULIB_GETDTABLESIZE''@/1/g' \
      -e 's/@''GNULIB_GETENTROPY''@/0/g' \
      -e 's/@''GNULIB_GETGROUPS''@/0/g' \
      -e 's/@''GNULIB_GETHOSTNAME''@/0/g' \
      -e 's/@''GNULIB_GETLOGIN''@/0/g' \
      -e 's/@''GNULIB_GETLOGIN_R''@/0/g' \
      -e 's/@''GNULIB_GETOPT_POSIX''@/1/g' \
      -e 's/@''GNULIB_GETPAGESIZE''@/0/g' \
      -e 's/@''GNULIB_GETPASS''@/0/g' \
      -e 's/@''GNULIB_GETPASS_GNU''@/0/g' \
      -e 's/@''GNULIB_GETUSERSHELL''@/0/g' \
      -e 's/@''GNULIB_GROUP_MEMBER''@/0/g' \
      -e 's/@''GNULIB_ISATTY''@/0/g' \
      -e 's/@''GNULIB_LCHOWN''@/0/g' \
      -e 's/@''GNULIB_LINK''@/0/g' \
      -e 's/@''GNULIB_LINKAT''@/0/g' \
      -e 's/@''GNULIB_LSEEK''@/1/g' \
      -e 's/@''GNULIB_PIPE''@/0/g' \
      -e 's/@''GNULIB_PIPE2''@/0/g' \
      -e 's/@''GNULIB_PREAD''@/0/g' \
      -e 's/@''GNULIB_PWRITE''@/0/g' \
      -e 's/@''GNULIB_READ''@/0/g' \
      -e 's/@''GNULIB_READLINK''@/0/g' \
      -e 's/@''GNULIB_READLINKAT''@/0/g' \
      -e 's/@''GNULIB_RMDIR''@/0/g' \
      -e 's/@''GNULIB_SETHOSTNAME''@/0/g' \
      -e 's/@''GNULIB_SLEEP''@/0/g' \
      -e 's/@''GNULIB_SYMLINK''@/0/g' \
      -e 's/@''GNULIB_SYMLINKAT''@/0/g' \
      -e 's/@''GNULIB_TRUNCATE''@/0/g' \
      -e 's/@''GNULIB_TTYNAME_R''@/0/g' \
      -e 's/@''GNULIB_UNISTD_H_GETOPT''@/00/g' \
      -e 's/@''GNULIB_UNISTD_H_NONBLOCKING''@/0/g' \
      -e 's/@''GNULIB_UNISTD_H_SIGPIPE''@/0/g' \
      -e 's/@''GNULIB_UNLINK''@/0/g' \
      -e 's/@''GNULIB_UNLINKAT''@/0/g' \
      -e 's/@''GNULIB_USLEEP''@/0/g' \
      -e 's/@''GNULIB_WRITE''@/0/g' \
      -e 's/@''GNULIB_MDA_ACCESS''@/1/g' \
      -e 's/@''GNULIB_MDA_CHDIR''@/1/g' \
      -e 's/@''GNULIB_MDA_CLOSE''@/1/g' \
      -e 's/@''GNULIB_MDA_DUP''@/1/g' \
      -e 's/@''GNULIB_MDA_DUP2''@/1/g' \
      -e 's/@''GNULIB_MDA_EXECL''@/1/g' \
      -e 's/@''GNULIB_MDA_EXECLE''@/1/g' \
      -e 's/@''GNULIB_MDA_EXECLP''@/1/g' \
      -e 's/@''GNULIB_MDA_EXECV''@/1/g' \
      -e 's/@''GNULIB_MDA_EXECVE''@/1/g' \
      -e 's/@''GNULIB_MDA_EXECVP''@/1/g' \
      -e 's/@''GNULIB_MDA_EXECVPE''@/1/g' \
      -e 's/@''GNULIB_MDA_GETCWD''@/1/g' \
      -e 's/@''GNULIB_MDA_GETPID''@/1/g' \
      -e 's/@''GNULIB_MDA_ISATTY''@/1/g' \
      -e 's/@''GNULIB_MDA_LSEEK''@/1/g' \
      -e 's/@''GNULIB_MDA_READ''@/1/g' \
      -e 's/@''GNULIB_MDA_RMDIR''@/1/g' \
      -e 's/@''GNULIB_MDA_SWAB''@/1/g' \
      -e 's/@''GNULIB_MDA_UNLINK''@/1/g' \
      -e 's/@''GNULIB_MDA_WRITE''@/1/g' \
      < unistd.h-t1 > unistd.h-t2
sed \
      -e 's|@''HAVE_EXPLICIT_BZERO''@|1|g' \
      -e 's|@''HAVE_FFSL''@|1|g' \
      -e 's|@''HAVE_FFSLL''@|1|g' \
      -e 's|@''HAVE_MBSLEN''@|0|g' \
      -e 's|@''HAVE_DECL_MEMMEM''@|1|g' \
      -e 's|@''HAVE_MEMPCPY''@|1|g' \
      -e 's|@''HAVE_DECL_MEMRCHR''@|1|g' \
      -e 's|@''HAVE_MEMSET_EXPLICIT''@|0|g' \
      -e 's|@''HAVE_RAWMEMCHR''@|1|g' \
      -e 's|@''HAVE_STPCPY''@|1|g' \
      -e 's|@''HAVE_STPNCPY''@|1|g' \
      -e 's|@''HAVE_STRCHRNUL''@|1|g' \
      -e 's|@''HAVE_DECL_STRDUP''@|1|g' \
      -e 's|@''HAVE_DECL_STRNDUP''@|1|g' \
      -e 's|@''HAVE_DECL_STRNLEN''@|1|g' \
      -e 's|@''HAVE_STRPBRK''@|1|g' \
      -e 's|@''HAVE_STRSEP''@|1|g' \
      -e 's|@''HAVE_STRCASESTR''@|1|g' \
      -e 's|@''HAVE_DECL_STRTOK_R''@|1|g' \
      -e 's|@''HAVE_DECL_STRERROR_R''@|1|g' \
      -e 's|@''HAVE_STRERROR_L''@|1|g' \
      -e 's|@''HAVE_STRERRORNAME_NP''@|1|g' \
      -e 's|@''HAVE_SIGABBREV_NP''@|1|g' \
      -e 's|@''HAVE_SIGDESCR_NP''@|1|g' \
      -e 's|@''HAVE_DECL_STRSIGNAL''@|1|g' \
      -e 's|@''HAVE_STRVERSCMP''@|1|g' \
      -e 's|@''REPLACE_FFSLL''@|0|g' \
      -e 's|@''REPLACE_MEMCHR''@|0|g' \
      -e 's|@''REPLACE_MEMMEM''@|0|g' \
      -e 's|@''REPLACE_MEMPCPY''@|0|g' \
      -e 's|@''REPLACE_MEMSET_EXPLICIT''@|0|g' \
      -e 's|@''REPLACE_FREE''@|0|g' \
      -e 's|@''REPLACE_STPCPY''@|0|g' \
      -e 's|@''REPLACE_STPNCPY''@|0|g' \
      -e 's|@''REPLACE_STRCHRNUL''@|0|g' \
      -e 's|@''REPLACE_STRDUP''@|0|g' \
      -e 's|@''REPLACE_STRNCAT''@|0|g' \
      -e 's|@''REPLACE_STRNDUP''@|0|g' \
      -e 's|@''REPLACE_STRNLEN''@|0|g' \
      -e 's|@''REPLACE_STRSTR''@|0|g' \
      -e 's|@''REPLACE_STRCASESTR''@|0|g' \
      -e 's|@''REPLACE_STRTOK_R''@|0|g' \
      -e 's|@''REPLACE_STRERROR''@|0|g' \
      -e 's|@''REPLACE_STRERROR_R''@|0|g' \
      -e 's|@''REPLACE_STRERROR_L''@|0|g' \
      -e 's|@''REPLACE_STRERRORNAME_NP''@|0|g' \
      -e 's|@''REPLACE_STRSIGNAL''@|0|g' \
      -e 's|@''REPLACE_STRVERSCMP''@|0|g' \
      -e 's|@''UNDEFINE_STRTOK_R''@|0|g' \
      -e '/definitions of _GL_FUNCDECL_RPL/r ./c++defs.h' \
      -e '/definition of _GL_ARG_NONNULL/r ./arg-nonnull.h' \
      -e '/definition of _GL_WARN_ON_USE/r ./warn-on-use.h' \
      < string.h-t1 > string.h-t2
sed \
      -e 's|@''HAVE_DECL_FCLOSEALL''@|1|g' \
      -e 's|@''HAVE_DECL_FPURGE''@|1|g' \
      -e 's|@''HAVE_DECL_FSEEKO''@|1|g' \
      -e 's|@''HAVE_DECL_FTELLO''@|1|g' \
      -e 's|@''HAVE_DECL_GETDELIM''@|1|g' \
      -e 's|@''HAVE_DECL_GETLINE''@|1|g' \
      -e 's|@''HAVE_DECL_GETW''@|1|g' \
      -e 's|@''HAVE_DECL_OBSTACK_PRINTF''@|1|g' \
      -e 's|@''HAVE_DECL_PUTW''@|1|g' \
      -e 's|@''HAVE_DECL_SNPRINTF''@|1|g' \
      -e 's|@''HAVE_DECL_VSNPRINTF''@|1|g' \
      -e 's|@''HAVE_DPRINTF''@|1|g' \
      -e 's|@''HAVE_FSEEKO''@|1|g' \
      -e 's|@''HAVE_FTELLO''@|1|g' \
      -e 's|@''HAVE_PCLOSE''@|1|g' \
      -e 's|@''HAVE_POPEN''@|1|g' \
      -e 's|@''HAVE_RENAMEAT''@|1|g' \
      -e 's|@''HAVE_VASPRINTF''@|1|g' \
      -e 's|@''HAVE_VDPRINTF''@|1|g' \
      < stdio.h-t1 > stdio.h-t2
mv sys/stat.h-t sys/stat.h
mv time.h-t time.h
sed \
      -e 's|@''REPLACE_DPRINTF''@|0|g' \
      -e 's|@''REPLACE_FCLOSE''@|0|g' \
      -e 's|@''REPLACE_FDOPEN''@|0|g' \
      -e 's|@''REPLACE_FFLUSH''@|0|g' \
      -e 's|@''REPLACE_FOPEN''@|0|g' \
      -e 's|@''REPLACE_FOPEN_FOR_FOPEN_GNU''@|0|g' \
      -e 's|@''REPLACE_FPRINTF''@|0|g' \
      -e 's|@''REPLACE_FPURGE''@|0|g' \
      -e 's|@''REPLACE_FREOPEN''@|0|g' \
      -e 's|@''REPLACE_FSEEK''@|0|g' \
      -e 's|@''REPLACE_FSEEKO''@|0|g' \
      -e 's|@''REPLACE_FTELL''@|0|g' \
      -e 's|@''REPLACE_FTELLO''@|0|g' \
      -e 's|@''REPLACE_GETDELIM''@|0|g' \
      -e 's|@''REPLACE_GETLINE''@|0|g' \
      -e 's|@''REPLACE_OBSTACK_PRINTF''@|0|g' \
      -e 's|@''REPLACE_PERROR''@|0|g' \
      -e 's|@''REPLACE_POPEN''@|0|g' \
      -e 's|@''REPLACE_PRINTF''@|0|g' \
      -e 's|@''REPLACE_REMOVE''@|0|g' \
      -e 's|@''REPLACE_RENAME''@|0|g' \
      -e 's|@''REPLACE_RENAMEAT''@|0|g' \
      -e 's|@''REPLACE_SNPRINTF''@|0|g' \
      -e 's|@''REPLACE_SPRINTF''@|0|g' \
      -e 's|@''REPLACE_STDIO_READ_FUNCS''@|0|g' \
      -e 's|@''REPLACE_STDIO_WRITE_FUNCS''@|0|g' \
      -e 's|@''REPLACE_TMPFILE''@|0|g' \
      -e 's|@''REPLACE_VASPRINTF''@|0|g' \
      -e 's|@''REPLACE_VDPRINTF''@|0|g' \
      -e 's|@''REPLACE_VFPRINTF''@|0|g' \
      -e 's|@''REPLACE_VPRINTF''@|0|g' \
      -e 's|@''REPLACE_VSNPRINTF''@|0|g' \
      -e 's|@''REPLACE_VSPRINTF''@|0|g' \
      -e 's|@''ASM_SYMBOL_PREFIX''@||g' \
      -e '/definitions of _GL_FUNCDECL_RPL/r ./c++defs.h' \
      -e '/definition of _GL_ARG_NONNULL/r ./arg-nonnull.h' \
      -e '/definition of _GL_WARN_ON_USE/r ./warn-on-use.h' \
      < stdio.h-t2 > stdio.h-t3
sed \
      -e 's|@''HAVE_WINT_T''@|1|g' \
      -e 's|@''HAVE_BTOWC''@|1|g' \
      -e 's|@''HAVE_MBSINIT''@|1|g' \
      -e 's|@''HAVE_MBRTOWC''@|1|g' \
      -e 's|@''HAVE_MBRLEN''@|1|g' \
      -e 's|@''HAVE_MBSRTOWCS''@|1|g' \
      -e 's|@''HAVE_MBSNRTOWCS''@|1|g' \
      -e 's|@''HAVE_WCRTOMB''@|1|g' \
      -e 's|@''HAVE_WCSRTOMBS''@|1|g' \
      -e 's|@''HAVE_WCSNRTOMBS''@|1|g' \
      -e 's|@''HAVE_WMEMCHR''@|1|g' \
      -e 's|@''HAVE_WMEMCMP''@|1|g' \
      -e 's|@''HAVE_WMEMCPY''@|1|g' \
      -e 's|@''HAVE_WMEMMOVE''@|1|g' \
      -e 's|@''HAVE_WMEMPCPY''@|1|g' \
      -e 's|@''HAVE_WMEMSET''@|1|g' \
      -e 's|@''HAVE_WCSLEN''@|1|g' \
      -e 's|@''HAVE_WCSNLEN''@|1|g' \
      -e 's|@''HAVE_WCSCPY''@|1|g' \
      -e 's|@''HAVE_WCPCPY''@|1|g' \
      -e 's|@''HAVE_WCSNCPY''@|1|g' \
      -e 's|@''HAVE_WCPNCPY''@|1|g' \
      -e 's|@''HAVE_WCSCAT''@|1|g' \
      -e 's|@''HAVE_WCSNCAT''@|1|g' \
      -e 's|@''HAVE_WCSCMP''@|1|g' \
      -e 's|@''HAVE_WCSNCMP''@|1|g' \
      -e 's|@''HAVE_WCSCASECMP''@|1|g' \
      -e 's|@''HAVE_WCSNCASECMP''@|1|g' \
      -e 's|@''HAVE_WCSCOLL''@|1|g' \
      -e 's|@''HAVE_WCSXFRM''@|1|g' \
      -e 's|@''HAVE_WCSDUP''@|1|g' \
      -e 's|@''HAVE_WCSCHR''@|1|g' \
      -e 's|@''HAVE_WCSRCHR''@|1|g' \
      -e 's|@''HAVE_WCSCSPN''@|1|g' \
      -e 's|@''HAVE_WCSSPN''@|1|g' \
      -e 's|@''HAVE_WCSPBRK''@|1|g' \
      -e 's|@''HAVE_WCSSTR''@|1|g' \
      -e 's|@''HAVE_WCSTOK''@|1|g' \
      -e 's|@''HAVE_WCSWIDTH''@|1|g' \
      -e 's|@''HAVE_WCSFTIME''@|1|g' \
      -e 's|@''HAVE_DECL_WCTOB''@|1|g' \
      -e 's|@''HAVE_DECL_WCSDUP''@|1|g' \
      -e 's|@''HAVE_DECL_WCWIDTH''@|1|g' \
      < wchar.h-t1 > wchar.h-t2
sed \
      -e 's|@''REPLACE__EXIT''@|0|g' \
      -e 's|@''REPLACE_ABORT''@|0|g' \
      -e 's|@''REPLACE_ALIGNED_ALLOC''@|0|g' \
      -e 's|@''REPLACE_CALLOC_FOR_CALLOC_GNU''@|0|g' \
      -e 's|@''REPLACE_CALLOC_FOR_CALLOC_POSIX''@|0|g' \
      -e 's|@''REPLACE_CANONICALIZE_FILE_NAME''@|0|g' \
      -e 's|@''REPLACE_FREE''@|0|g' \
      -e 's|@''REPLACE_GETLOADAVG''@|0|g' \
      -e 's|@''REPLACE_GETPROGNAME''@|0|g' \
      -e 's|@''REPLACE_GETSUBOPT''@|0|g' \
      -e 's|@''REPLACE_INITSTATE''@|0|g' \
      -e 's|@''REPLACE_MALLOC_FOR_MALLOC_GNU''@|0|g' \
      -e 's|@''REPLACE_MALLOC_FOR_MALLOC_POSIX''@|0|g' \
      -e 's|@''REPLACE_MB_CUR_MAX''@|0|g' \
      -e 's|@''REPLACE_MBSTOWCS''@|0|g' \
      -e 's|@''REPLACE_MBTOWC''@|0|g' \
      -e 's|@''REPLACE_MKOSTEMP''@|0|g' \
      -e 's|@''REPLACE_MKOSTEMPS''@|0|g' \
      -e 's|@''REPLACE_MKSTEMP''@|0|g' \
      -e 's|@''REPLACE_POSIX_MEMALIGN''@|0|g' \
      -e 's|@''REPLACE_POSIX_OPENPT''@|0|g' \
      -e 's|@''REPLACE_PTSNAME''@|0|g' \
      -e 's|@''REPLACE_PTSNAME_R''@|0|g' \
      -e 's|@''REPLACE_PUTENV''@|0|g' \
      -e 's|@''REPLACE_QSORT_R''@|0|g' \
      -e 's|@''REPLACE_RAND''@|0|g' \
      -e 's|@''REPLACE_RANDOM''@|0|g' \
      -e 's|@''REPLACE_RANDOM_R''@|0|g' \
      -e 's|@''REPLACE_REALLOC_FOR_REALLOC_POSIX''@|2|g' \
      -e 's|@''REPLACE_REALLOCARRAY''@|0|g' \
      -e 's|@''REPLACE_REALPATH''@|0|g' \
      -e 's|@''REPLACE_SETENV''@|0|g' \
      -e 's|@''REPLACE_SETSTATE''@|0|g' \
      -e 's|@''REPLACE_STRTOD''@|0|g' \
      -e 's|@''REPLACE_STRTOF''@|0|g' \
      -e 's|@''REPLACE_STRTOL''@|0|g' \
      -e 's|@''REPLACE_STRTOLD''@|0|g' \
      -e 's|@''REPLACE_STRTOLL''@|0|g' \
      -e 's|@''REPLACE_STRTOUL''@|0|g' \
      -e 's|@''REPLACE_STRTOULL''@|0|g' \
      -e 's|@''REPLACE_UNSETENV''@|0|g' \
      -e 's|@''REPLACE_WCTOMB''@|0|g' \
      -e 's|@''CAN_PRINT_STACK_TRACE''@|0|g' \
      -e '/definitions of _GL_FUNCDECL_RPL/r ./c++defs.h' \
      -e '/definition of _Noreturn/r ./_Noreturn.h' \
      -e '/definition of _GL_ARG_NONNULL/r ./arg-nonnull.h' \
      -e '/definition of _GL_WARN_ON_USE/r ./warn-on-use.h' \
      < stdlib.h-t2 > stdlib.h-t3
rm -f string.h-t1
mv string.h-t2 string.h
sed \
      -e 's|@''HAVE_CHOWN''@|1|g' \
      -e 's|@''HAVE_COPY_FILE_RANGE''@|1|g' \
      -e 's|@''HAVE_DUP3''@|1|g' \
      -e 's|@''HAVE_EUIDACCESS''@|1|g' \
      -e 's|@''HAVE_EXECVPE''@|1|g' \
      -e 's|@''HAVE_FACCESSAT''@|1|g' \
      -e 's|@''HAVE_FCHDIR''@|1|g' \
      -e 's|@''HAVE_FCHOWNAT''@|1|g' \
      -e 's|@''HAVE_FDATASYNC''@|1|g' \
      -e 's|@''HAVE_FSYNC''@|1|g' \
      -e 's|@''HAVE_FTRUNCATE''@|1|g' \
      -e 's|@''HAVE_GETDTABLESIZE''@|1|g' \
      -e 's|@''HAVE_GETENTROPY''@|1|g' \
      -e 's|@''HAVE_GETGROUPS''@|1|g' \
      -e 's|@''HAVE_GETHOSTNAME''@|1|g' \
      -e 's|@''HAVE_GETPAGESIZE''@|1|g' \
      -e 's|@''HAVE_GETPASS''@|1|g' \
      -e 's|@''HAVE_GROUP_MEMBER''@|1|g' \
      -e 's|@''HAVE_LCHOWN''@|1|g' \
      -e 's|@''HAVE_LINK''@|1|g' \
      -e 's|@''HAVE_LINKAT''@|1|g' \
      -e 's|@''HAVE_PIPE''@|1|g' \
      -e 's|@''HAVE_PIPE2''@|1|g' \
      -e 's|@''HAVE_PREAD''@|1|g' \
      -e 's|@''HAVE_PWRITE''@|1|g' \
      -e 's|@''HAVE_READLINK''@|1|g' \
      -e 's|@''HAVE_READLINKAT''@|1|g' \
      -e 's|@''HAVE_SETHOSTNAME''@|1|g' \
      -e 's|@''HAVE_SLEEP''@|1|g' \
      -e 's|@''HAVE_SYMLINK''@|1|g' \
      -e 's|@''HAVE_SYMLINKAT''@|1|g' \
      -e 's|@''HAVE_UNLINKAT''@|1|g' \
      -e 's|@''HAVE_USLEEP''@|1|g' \
      -e 's|@''HAVE_DECL_ENVIRON''@|1|g' \
      -e 's|@''HAVE_DECL_EXECVPE''@|1|g' \
      -e 's|@''HAVE_DECL_FCHDIR''@|1|g' \
      -e 's|@''HAVE_DECL_FDATASYNC''@|1|g' \
      -e 's|@''HAVE_DECL_GETDOMAINNAME''@|1|g' \
      -e 's|@''HAVE_DECL_GETLOGIN''@|1|g' \
      -e 's|@''HAVE_DECL_GETLOGIN_R''@|1|g' \
      -e 's|@''HAVE_DECL_GETPAGESIZE''@|1|g' \
      -e 's|@''HAVE_DECL_GETUSERSHELL''@|1|g' \
      -e 's|@''HAVE_DECL_SETHOSTNAME''@|1|g' \
      -e 's|@''HAVE_DECL_TRUNCATE''@|1|g' \
      -e 's|@''HAVE_DECL_TTYNAME_R''@|1|g' \
      -e 's|@''HAVE_OS_H''@|0|g' \
      -e 's|@''HAVE_SYS_PARAM_H''@|0|g' \
      < unistd.h-t2 > unistd.h-t3
sed \
      -e 's|@''REPLACE_MBSTATE_T''@|0|g' \
      -e 's|@''REPLACE_BTOWC''@|0|g' \
      -e 's|@''REPLACE_WCTOB''@|0|g' \
      -e 's|@''REPLACE_FREE''@|0|g' \
      -e 's|@''REPLACE_MBSINIT''@|0|g' \
      -e 's|@''REPLACE_MBRTOWC''@|0|g' \
      -e 's|@''REPLACE_MBRLEN''@|0|g' \
      -e 's|@''REPLACE_MBSRTOWCS''@|0|g' \
      -e 's|@''REPLACE_MBSNRTOWCS''@|0|g' \
      -e 's|@''REPLACE_WCRTOMB''@|0|g' \
      -e 's|@''REPLACE_WCSRTOMBS''@|0|g' \
      -e 's|@''REPLACE_WCSNRTOMBS''@|0|g' \
      -e 's|@''REPLACE_WCWIDTH''@|0|g' \
      -e 's|@''REPLACE_WCSWIDTH''@|0|g' \
      -e 's|@''REPLACE_WCSFTIME''@|0|g' \
      -e 's|@''REPLACE_WCSCMP''@|0|g' \
      -e 's|@''REPLACE_WCSNCAT''@|0|g' \
      -e 's|@''REPLACE_WCSNCMP''@|0|g' \
      -e 's|@''REPLACE_WCSSTR''@|0|g' \
      -e 's|@''REPLACE_WCSTOK''@|0|g' \
      -e 's|@''REPLACE_WMEMCMP''@|0|g' \
      -e 's|@''REPLACE_WMEMPCPY''@|0|g' \
      -e '/definitions of _GL_FUNCDECL_RPL/r ./c++defs.h' \
      -e '/definition of _GL_ARG_NONNULL/r ./arg-nonnull.h' \
      -e '/definition of _GL_WARN_ON_USE/r ./warn-on-use.h' \
      < wchar.h-t2 > wchar.h-t3
rm -f stdio.h-t1 stdio.h-t2
mv stdio.h-t3 stdio.h
rm -f wchar.h-t1 wchar.h-t2
mv wchar.h-t3 wchar.h
rm -f stdlib.h-t1 stdlib.h-t2
mv stdlib.h-t3 stdlib.h
sed \
      -e 's|@''REPLACE_ACCESS''@|0|g' \
      -e 's|@''REPLACE_CHOWN''@|0|g' \
      -e 's|@''REPLACE_CLOSE''@|0|g' \
      -e 's|@''REPLACE_COPY_FILE_RANGE''@|0|g' \
      -e 's|@''REPLACE_DUP''@|0|g' \
      -e 's|@''REPLACE_DUP2''@|0|g' \
      -e 's|@''REPLACE_DUP3''@|0|g' \
      -e 's|@''REPLACE_EXECL''@|0|g' \
      -e 's|@''REPLACE_EXECLE''@|0|g' \
      -e 's|@''REPLACE_EXECLP''@|0|g' \
      -e 's|@''REPLACE_EXECV''@|0|g' \
      -e 's|@''REPLACE_EXECVE''@|0|g' \
      -e 's|@''REPLACE_EXECVP''@|0|g' \
      -e 's|@''REPLACE_EXECVPE''@|0|g' \
      -e 's|@''REPLACE_FACCESSAT''@|0|g' \
      -e 's|@''REPLACE_FCHDIR''@|0|g' \
      -e 's|@''REPLACE_FCHOWNAT''@|0|g' \
      -e 's|@''REPLACE_FDATASYNC''@|0|g' \
      -e 's|@''REPLACE_FTRUNCATE''@|0|g' \
      -e 's|@''REPLACE_GETCWD''@|0|g' \
      -e 's|@''REPLACE_GETDOMAINNAME''@|0|g' \
      -e 's|@''REPLACE_GETDTABLESIZE''@|0|g' \
      -e 's|@''REPLACE_GETENTROPY''@|0|g' \
      -e 's|@''REPLACE_GETLOGIN''@|0|g' \
      -e 's|@''REPLACE_GETLOGIN_R''@|0|g' \
      -e 's|@''REPLACE_GETGROUPS''@|0|g' \
      -e 's|@''REPLACE_GETPAGESIZE''@|0|g' \
      -e 's|@''REPLACE_GETPASS''@|0|g' \
      -e 's|@''REPLACE_GETPASS_FOR_GETPASS_GNU''@|0|g' \
      -e 's|@''REPLACE_GETUSERSHELL''@|0|g' \
      -e 's|@''REPLACE_ISATTY''@|0|g' \
      -e 's|@''REPLACE_LCHOWN''@|0|g' \
      -e 's|@''REPLACE_LINK''@|0|g' \
      -e 's|@''REPLACE_LINKAT''@|0|g' \
      -e 's|@''REPLACE_LSEEK''@|0|g' \
      -e 's|@''REPLACE_PIPE2''@|0|g' \
      -e 's|@''REPLACE_PREAD''@|0|g' \
      -e 's|@''REPLACE_PWRITE''@|0|g' \
      -e 's|@''REPLACE_READ''@|0|g' \
      -e 's|@''REPLACE_READLINK''@|0|g' \
      -e 's|@''REPLACE_READLINKAT''@|0|g' \
      -e 's|@''REPLACE_RMDIR''@|0|g' \
      -e 's|@''REPLACE_SETHOSTNAME''@|0|g' \
      -e 's|@''REPLACE_SLEEP''@|0|g' \
      -e 's|@''REPLACE_SYMLINK''@|0|g' \
      -e 's|@''REPLACE_SYMLINKAT''@|0|g' \
      -e 's|@''REPLACE_TRUNCATE''@|0|g' \
      -e 's|@''REPLACE_TTYNAME_R''@|0|g' \
      -e 's|@''REPLACE_UNLINK''@|0|g' \
      -e 's|@''REPLACE_UNLINKAT''@|0|g' \
      -e 's|@''REPLACE_USLEEP''@|0|g' \
      -e 's|@''REPLACE_WRITE''@|0|g' \
      -e 's|@''UNISTD_H_HAVE_SYS_RANDOM_H''@|0|g' \
      -e 's|@''UNISTD_H_HAVE_WINSOCK2_H''@|0|g' \
      -e 's|@''UNISTD_H_HAVE_WINSOCK2_H_AND_USE_SOCKETS''@|0|g' \
      -e '/definitions of _GL_FUNCDECL_RPL/r ./c++defs.h' \
      -e '/definition of _GL_ARG_NONNULL/r ./arg-nonnull.h' \
      -e '/definition of _GL_WARN_ON_USE/r ./warn-on-use.h' \
      < unistd.h-t3 > unistd.h-t4
rm -f unistd.h-t1 unistd.h-t2 unistd.h-t3
mv unistd.h-t4 unistd.h
make  all-am
make[2]: Entering directory '/sources/gperf-3.3/lib'
gcc -DHAVE_CONFIG_H -I.     -Wno-cast-qual -Wno-conversion -Wno-float-equal -Wno-sign-compare -Wno-undef -Wno-unused-function -Wno-unused-parameter -Wno-float-conversion -Wimplicit-fallthrough -Wno-pedantic -Wno-sign-conversion -Wno-type-limits -Wno-unused-const-variable -Wno-unsuffixed-float-constants -Wno-error -g -O2 -MT libgp_a-basename-lgpl.o -MD -MP -MF .deps/libgp_a-basename-lgpl.Tpo -c -o libgp_a-basename-lgpl.o `test -f 'basename-lgpl.c' || echo './'`basename-lgpl.c
gcc -DHAVE_CONFIG_H -I.     -Wno-cast-qual -Wno-conversion -Wno-float-equal -Wno-sign-compare -Wno-undef -Wno-unused-function -Wno-unused-parameter -Wno-float-conversion -Wimplicit-fallthrough -Wno-pedantic -Wno-sign-conversion -Wno-type-limits -Wno-unused-const-variable -Wno-unsuffixed-float-constants -Wno-error -g -O2 -MT libgp_a-cloexec.o -MD -MP -MF .deps/libgp_a-cloexec.Tpo -c -o libgp_a-cloexec.o `test -f 'cloexec.c' || echo './'`cloexec.c
gcc -DHAVE_CONFIG_H -I.     -Wno-cast-qual -Wno-conversion -Wno-float-equal -Wno-sign-compare -Wno-undef -Wno-unused-function -Wno-unused-parameter -Wno-float-conversion -Wimplicit-fallthrough -Wno-pedantic -Wno-sign-conversion -Wno-type-limits -Wno-unused-const-variable -Wno-unsuffixed-float-constants -Wno-error -g -O2 -MT libgp_a-exitfail.o -MD -MP -MF .deps/libgp_a-exitfail.Tpo -c -o libgp_a-exitfail.o `test -f 'exitfail.c' || echo './'`exitfail.c
gcc -DHAVE_CONFIG_H -I.     -Wno-cast-qual -Wno-conversion -Wno-float-equal -Wno-sign-compare -Wno-undef -Wno-unused-function -Wno-unused-parameter -Wno-float-conversion -Wimplicit-fallthrough -Wno-pedantic -Wno-sign-conversion -Wno-type-limits -Wno-unused-const-variable -Wno-unsuffixed-float-constants -Wno-error -g -O2 -MT libgp_a-fcntl.o -MD -MP -MF .deps/libgp_a-fcntl.Tpo -c -o libgp_a-fcntl.o `test -f 'fcntl.c' || echo './'`fcntl.c
gcc -DHAVE_CONFIG_H -I.     -Wno-cast-qual -Wno-conversion -Wno-float-equal -Wno-sign-compare -Wno-undef -Wno-unused-function -Wno-unused-parameter -Wno-float-conversion -Wimplicit-fallthrough -Wno-pedantic -Wno-sign-conversion -Wno-type-limits -Wno-unused-const-variable -Wno-unsuffixed-float-constants -Wno-error -g -O2 -MT libgp_a-fd-hook.o -MD -MP -MF .deps/libgp_a-fd-hook.Tpo -c -o libgp_a-fd-hook.o `test -f 'fd-hook.c' || echo './'`fd-hook.c
gcc -DHAVE_CONFIG_H -I.     -Wno-cast-qual -Wno-conversion -Wno-float-equal -Wno-sign-compare -Wno-undef -Wno-unused-function -Wno-unused-parameter -Wno-float-conversion -Wimplicit-fallthrough -Wno-pedantic -Wno-sign-conversion -Wno-type-limits -Wno-unused-const-variable -Wno-unsuffixed-float-constants -Wno-error -g -O2 -MT libgp_a-getprogname.o -MD -MP -MF .deps/libgp_a-getprogname.Tpo -c -o libgp_a-getprogname.o `test -f 'getprogname.c' || echo './'`getprogname.c
gcc -DHAVE_CONFIG_H -I.     -Wno-cast-qual -Wno-conversion -Wno-float-equal -Wno-sign-compare -Wno-undef -Wno-unused-function -Wno-unused-parameter -Wno-float-conversion -Wimplicit-fallthrough -Wno-pedantic -Wno-sign-conversion -Wno-type-limits -Wno-unused-const-variable -Wno-unsuffixed-float-constants -Wno-error -g -O2 -MT libgp_a-gl_hash_map.o -MD -MP -MF .deps/libgp_a-gl_hash_map.Tpo -c -o libgp_a-gl_hash_map.o `test -f 'gl_hash_map.c' || echo './'`gl_hash_map.c
mv -f .deps/libgp_a-exitfail.Tpo .deps/libgp_a-exitfail.Po
gcc -DHAVE_CONFIG_H -I.     -Wno-cast-qual -Wno-conversion -Wno-float-equal -Wno-sign-compare -Wno-undef -Wno-unused-function -Wno-unused-parameter -Wno-float-conversion -Wimplicit-fallthrough -Wno-pedantic -Wno-sign-conversion -Wno-type-limits -Wno-unused-const-variable -Wno-unsuffixed-float-constants -Wno-error -g -O2 -MT libgp_a-malloca.o -MD -MP -MF .deps/libgp_a-malloca.Tpo -c -o libgp_a-malloca.o `test -f 'malloca.c' || echo './'`malloca.c
mv -f .deps/libgp_a-fd-hook.Tpo .deps/libgp_a-fd-hook.Po
gcc -DHAVE_CONFIG_H -I.     -Wno-cast-qual -Wno-conversion -Wno-float-equal -Wno-sign-compare -Wno-undef -Wno-unused-function -Wno-unused-parameter -Wno-float-conversion -Wimplicit-fallthrough -Wno-pedantic -Wno-sign-conversion -Wno-type-limits -Wno-unused-const-variable -Wno-unsuffixed-float-constants -Wno-error -g -O2 -MT libgp_a-gl_map.o -MD -MP -MF .deps/libgp_a-gl_map.Tpo -c -o libgp_a-gl_map.o `test -f 'gl_map.c' || echo './'`gl_map.c
mv -f .deps/libgp_a-getprogname.Tpo .deps/libgp_a-getprogname.Po
gcc -DHAVE_CONFIG_H -I.     -Wno-cast-qual -Wno-conversion -Wno-float-equal -Wno-sign-compare -Wno-undef -Wno-unused-function -Wno-unused-parameter -Wno-float-conversion -Wimplicit-fallthrough -Wno-pedantic -Wno-sign-conversion -Wno-type-limits -Wno-unused-const-variable -Wno-unsuffixed-float-constants -Wno-error -g -O2 -MT libgp_a-memset_explicit.o -MD -MP -MF .deps/libgp_a-memset_explicit.Tpo -c -o libgp_a-memset_explicit.o `test -f 'memset_explicit.c' || echo './'`memset_explicit.c
mv -f .deps/libgp_a-cloexec.Tpo .deps/libgp_a-cloexec.Po
gcc -DHAVE_CONFIG_H -I.     -Wno-cast-qual -Wno-conversion -Wno-float-equal -Wno-sign-compare -Wno-undef -Wno-unused-function -Wno-unused-parameter -Wno-float-conversion -Wimplicit-fallthrough -Wno-pedantic -Wno-sign-conversion -Wno-type-limits -Wno-unused-const-variable -Wno-unsuffixed-float-constants -Wno-error -g -O2 -MT libgp_a-read-file.o -MD -MP -MF .deps/libgp_a-read-file.Tpo -c -o libgp_a-read-file.o `test -f 'read-file.c' || echo './'`read-file.c
mv -f .deps/libgp_a-basename-lgpl.Tpo .deps/libgp_a-basename-lgpl.Po
gcc -DHAVE_CONFIG_H -I.     -Wno-cast-qual -Wno-conversion -Wno-float-equal -Wno-sign-compare -Wno-undef -Wno-unused-function -Wno-unused-parameter -Wno-float-conversion -Wimplicit-fallthrough -Wno-pedantic -Wno-sign-conversion -Wno-type-limits -Wno-unused-const-variable -Wno-unsuffixed-float-constants -Wno-error -g -O2 -MT libgp_a-realloc.o -MD -MP -MF .deps/libgp_a-realloc.Tpo -c -o libgp_a-realloc.o `test -f 'realloc.c' || echo './'`realloc.c
mv -f .deps/libgp_a-fcntl.Tpo .deps/libgp_a-fcntl.Po
gcc -DHAVE_CONFIG_H -I.     -Wno-cast-qual -Wno-conversion -Wno-float-equal -Wno-sign-compare -Wno-undef -Wno-unused-function -Wno-unused-parameter -Wno-float-conversion -Wimplicit-fallthrough -Wno-pedantic -Wno-sign-conversion -Wno-type-limits -Wno-unused-const-variable -Wno-unsuffixed-float-constants -Wno-error -g -O2 -MT libgp_a-stat-time.o -MD -MP -MF .deps/libgp_a-stat-time.Tpo -c -o libgp_a-stat-time.o `test -f 'stat-time.c' || echo './'`stat-time.c
mv -f .deps/libgp_a-memset_explicit.Tpo .deps/libgp_a-memset_explicit.Po
gcc -DHAVE_CONFIG_H -I.     -Wno-cast-qual -Wno-conversion -Wno-float-equal -Wno-sign-compare -Wno-undef -Wno-unused-function -Wno-unused-parameter -Wno-float-conversion -Wimplicit-fallthrough -Wno-pedantic -Wno-sign-conversion -Wno-type-limits -Wno-unused-const-variable -Wno-unsuffixed-float-constants -Wno-error -g -O2 -MT libgp_a-stdlib.o -MD -MP -MF .deps/libgp_a-stdlib.Tpo -c -o libgp_a-stdlib.o `test -f 'stdlib.c' || echo './'`stdlib.c
mv -f .deps/libgp_a-malloca.Tpo .deps/libgp_a-malloca.Po
gcc -DHAVE_CONFIG_H -I.     -Wno-cast-qual -Wno-conversion -Wno-float-equal -Wno-sign-compare -Wno-undef -Wno-unused-function -Wno-unused-parameter -Wno-float-conversion -Wimplicit-fallthrough -Wno-pedantic -Wno-sign-conversion -Wno-type-limits -Wno-unused-const-variable -Wno-unsuffixed-float-constants -Wno-error -g -O2 -MT libgp_a-unistd.o -MD -MP -MF .deps/libgp_a-unistd.Tpo -c -o libgp_a-unistd.o `test -f 'unistd.c' || echo './'`unistd.c
mv -f .deps/libgp_a-gl_map.Tpo .deps/libgp_a-gl_map.Po
gcc -DHAVE_CONFIG_H -I.     -Wno-cast-qual -Wno-conversion -Wno-float-equal -Wno-sign-compare -Wno-undef -Wno-unused-function -Wno-unused-parameter -Wno-float-conversion -Wimplicit-fallthrough -Wno-pedantic -Wno-sign-conversion -Wno-type-limits -Wno-unused-const-variable -Wno-unsuffixed-float-constants -Wno-error -g -O2 -MT libgp_a-xalloc-die.o -MD -MP -MF .deps/libgp_a-xalloc-die.Tpo -c -o libgp_a-xalloc-die.o `test -f 'xalloc-die.c' || echo './'`xalloc-die.c
mv -f .deps/libgp_a-realloc.Tpo .deps/libgp_a-realloc.Po
gcc -DHAVE_CONFIG_H -I.     -Wno-cast-qual -Wno-conversion -Wno-float-equal -Wno-sign-compare -Wno-undef -Wno-unused-function -Wno-unused-parameter -Wno-float-conversion -Wimplicit-fallthrough -Wno-pedantic -Wno-sign-conversion -Wno-type-limits -Wno-unused-const-variable -Wno-unsuffixed-float-constants -Wno-error -g -O2 -MT libgp_a-gl_xmap.o -MD -MP -MF .deps/libgp_a-gl_xmap.Tpo -c -o libgp_a-gl_xmap.o `test -f 'gl_xmap.c' || echo './'`gl_xmap.c
mv -f .deps/libgp_a-gl_hash_map.Tpo .deps/libgp_a-gl_hash_map.Po
gcc -DHAVE_CONFIG_H -I.     -Wno-cast-qual -Wno-conversion -Wno-float-equal -Wno-sign-compare -Wno-undef -Wno-unused-function -Wno-unused-parameter -Wno-float-conversion -Wimplicit-fallthrough -Wno-pedantic -Wno-sign-conversion -Wno-type-limits -Wno-unused-const-variable -Wno-unsuffixed-float-constants -Wno-error -g -O2 -MT libgp_a-xsize.o -MD -MP -MF .deps/libgp_a-xsize.Tpo -c -o libgp_a-xsize.o `test -f 'xsize.c' || echo './'`xsize.c
mv -f .deps/libgp_a-stdlib.Tpo .deps/libgp_a-stdlib.Po
g++ -DHAVE_CONFIG_H -I.     -g -O2 -MT hash.o -MD -MP -MF .deps/hash.Tpo -c -o hash.o hash.cc
mv -f .deps/libgp_a-stat-time.Tpo .deps/libgp_a-stat-time.Po
mv -f .deps/libgp_a-unistd.Tpo .deps/libgp_a-unistd.Po
mv -f .deps/libgp_a-read-file.Tpo .deps/libgp_a-read-file.Po
mv -f .deps/libgp_a-xalloc-die.Tpo .deps/libgp_a-xalloc-die.Po
mv -f .deps/libgp_a-gl_xmap.Tpo .deps/libgp_a-gl_xmap.Po
mv -f .deps/libgp_a-xsize.Tpo .deps/libgp_a-xsize.Po
mv -f .deps/hash.Tpo .deps/hash.Po
rm -f libgp.a
ar cr libgp.a libgp_a-basename-lgpl.o libgp_a-cloexec.o    libgp_a-exitfail.o libgp_a-fcntl.o libgp_a-fd-hook.o       libgp_a-getprogname.o libgp_a-gl_hash_map.o  libgp_a-malloca.o libgp_a-gl_map.o libgp_a-memset_explicit.o    libgp_a-read-file.o libgp_a-realloc.o  libgp_a-stat-time.o   libgp_a-stdlib.o   libgp_a-unistd.o libgp_a-xalloc-die.o libgp_a-gl_xmap.o libgp_a-xsize.o hash.o 
ranlib libgp.a
make[2]: Leaving directory '/sources/gperf-3.3/lib'
make[1]: Leaving directory '/sources/gperf-3.3/lib'
cd src; make all
make[1]: Entering directory '/sources/gperf-3.3/src'
g++ -g -O2 -I. -I. -I../lib -I./../lib -c ./version.cc
g++ -g -O2 -I. -I. -I../lib -I./../lib -c ./positions.cc
g++ -g -O2 -I. -I. -I../lib -I./../lib -c ./options.cc
g++ -g -O2 -I. -I. -I../lib -I./../lib -c ./keyword.cc
g++ -g -O2 -I. -I. -I../lib -I./../lib -c ./keyword-list.cc
g++ -g -O2 -I. -I. -I../lib -I./../lib -c ./input.cc
g++ -g -O2 -I. -I. -I../lib -I./../lib -c ./arraylist.cc
g++ -g -O2 -I. -I. -I../lib -I./../lib -c ./bool-array.cc
g++ -g -O2 -I. -I. -I../lib -I./../lib -c ./hash-table.cc
g++ -g -O2 -I. -I. -I../lib -I./../lib -c ./search.cc
g++ -g -O2 -I. -I. -I../lib -I./../lib -c ./output.cc
g++ -g -O2 -I. -I. -I../lib -I./../lib -c ./main.cc
g++ -g -O2  -o gperf version.o positions.o options.o keyword.o keyword-list.o input.o arraylist.o bool-array.o hash-table.o search.o output.o main.o ../lib/libgp.a -lm
make[1]: Leaving directory '/sources/gperf-3.3/src'
cd tests; make all
make[1]: Entering directory '/sources/gperf-3.3/tests'
make[1]: Nothing to be done for 'all'.
make[1]: Leaving directory '/sources/gperf-3.3/tests'
cd doc; make all
make[1]: Entering directory '/sources/gperf-3.3/doc'
make[1]: Nothing to be done for 'all'.
make[1]: Leaving directory '/sources/gperf-3.3/doc'
