MAKE x86_64-pc-linux-gnu : 0 * check
make[1]: Entering directory '/sources/libffi-3.5.2/x86_64-pc-linux-gnu'
Making check in include
make[2]: Entering directory '/sources/libffi-3.5.2/x86_64-pc-linux-gnu/include'
make[2]: Nothing to be done for 'check'.
make[2]: Leaving directory '/sources/libffi-3.5.2/x86_64-pc-linux-gnu/include'
Making check in testsuite
make[2]: Entering directory '/sources/libffi-3.5.2/x86_64-pc-linux-gnu/testsuite'
make  check-DEJAGNU
make[3]: Entering directory '/sources/libffi-3.5.2/x86_64-pc-linux-gnu/testsuite'
set -e; ( \
echo '## these variables are automatically generated by make ##'; \
echo '# Do not edit here.  If you wish to override these values'; \
echo '# edit the last section'; \
echo 'set srcdir "../../testsuite"'; \
echo "set objdir \"`pwd`\""; \
echo 'set build_alias ""'; \
echo 'set build_triplet x86_64-pc-linux-gnu'; \
echo 'set host_alias ""'; \
echo 'set host_triplet x86_64-pc-linux-gnu'; \
echo 'set target_alias ""'; \
echo 'set target_triplet x86_64-pc-linux-gnu'; \
list='../local.exp'; \
for f in $list; do \
  echo "## Begin content included from file $f.  Do not modify. ##"; \
  cat `test -f "$f" || echo '../../testsuite/'`$f; \
  echo "## End content included from file $f. ##"; \
done; \
echo "## End of auto-generated content; you can edit from here. ##"; \
if test -f site.exp; then \
  sed -e '1,/^## End of auto-generated content.*##/d' site.exp; \
fi; \
) >site.tmp; \
rm -f site.bak; \
test ! -f site.exp || mv site.exp site.bak; \
mv site.tmp site.exp
srcdir='../../testsuite'; export srcdir; \
EXPECT=expect; export EXPECT; \
if /bin/sh -c "runtest --version" > /dev/null 2>&1; then \
  exit_status=0; l='libffi'; for tool in $l; do \
    if runtest --tool $tool --srcdir $srcdir  ; \
    then :; else exit_status=1; fi; \
  done; \
else echo "WARNING: could not find 'runtest'" 1>&2; :;\
fi; \
exit $exit_status
WARNING: Couldn't find the global config file.
Using ../../testsuite/lib/libffi.exp as tool init file.
Test run by root on Fri Sep 26 21:35:49 2025
Native configuration is x86_64-pc-linux-gnu

		=== libffi tests ===

Schedule of variations:
    unix

Running target unix
Using /usr/share/dejagnu/baseboards/unix.exp as board description file for target.
Using /usr/share/dejagnu/config/unix.exp as generic interface file for target.
Using ../../testsuite/config/default.exp as tool-and-target-specific interface file.
Running ../../testsuite/libffi.bhaible/bhaible.exp ...
Running ../../testsuite/libffi.call/call.exp ...
Running ../../testsuite/libffi.closures/closure.exp ...
Running ../../testsuite/libffi.complex/complex.exp ...
Running ../../testsuite/libffi.go/go.exp ...
Running ../../testsuite/libffi.threads/threads.exp ...

		=== libffi Summary ===

# of expected passes		2460
make[3]: Leaving directory '/sources/libffi-3.5.2/x86_64-pc-linux-gnu/testsuite'
make[2]: Leaving directory '/sources/libffi-3.5.2/x86_64-pc-linux-gnu/testsuite'
Making check in man
make[2]: Entering directory '/sources/libffi-3.5.2/x86_64-pc-linux-gnu/man'
make[2]: Nothing to be done for 'check'.
make[2]: Leaving directory '/sources/libffi-3.5.2/x86_64-pc-linux-gnu/man'
Making check in doc
make[2]: Entering directory '/sources/libffi-3.5.2/x86_64-pc-linux-gnu/doc'
make[2]: Nothing to be done for 'check'.
make[2]: Leaving directory '/sources/libffi-3.5.2/x86_64-pc-linux-gnu/doc'
make[2]: Entering directory '/sources/libffi-3.5.2/x86_64-pc-linux-gnu'
make[2]: Leaving directory '/sources/libffi-3.5.2/x86_64-pc-linux-gnu'
make[1]: Leaving directory '/sources/libffi-3.5.2/x86_64-pc-linux-gnu'
