MAKE x86_64-pc-linux-gnu : 0 * install
make[1]: Entering directory '/sources/libffi-3.5.2/x86_64-pc-linux-gnu'
Making install in include
make[2]: Entering directory '/sources/libffi-3.5.2/x86_64-pc-linux-gnu/include'
make[3]: Entering directory '/sources/libffi-3.5.2/x86_64-pc-linux-gnu/include'
make[3]: Nothing to be done for 'install-exec-am'.
 /usr/bin/mkdir -p '/usr/include'
 /usr/bin/install -c -m 644 ffi.h ffitarget.h '/usr/include'
make[3]: Leaving directory '/sources/libffi-3.5.2/x86_64-pc-linux-gnu/include'
make[2]: Leaving directory '/sources/libffi-3.5.2/x86_64-pc-linux-gnu/include'
Making install in testsuite
make[2]: Entering directory '/sources/libffi-3.5.2/x86_64-pc-linux-gnu/testsuite'
make[3]: Entering directory '/sources/libffi-3.5.2/x86_64-pc-linux-gnu/testsuite'
make[3]: Nothing to be done for 'install-exec-am'.
make[3]: Nothing to be done for 'install-data-am'.
make[3]: Leaving directory '/sources/libffi-3.5.2/x86_64-pc-linux-gnu/testsuite'
make[2]: Leaving directory '/sources/libffi-3.5.2/x86_64-pc-linux-gnu/testsuite'
Making install in man
make[2]: Entering directory '/sources/libffi-3.5.2/x86_64-pc-linux-gnu/man'
make[3]: Entering directory '/sources/libffi-3.5.2/x86_64-pc-linux-gnu/man'
make[3]: Nothing to be done for 'install-exec-am'.
 /usr/bin/mkdir -p '/usr/share/man/man3'
 /usr/bin/install -c -m 644 ../../man/ffi.3 ../../man/ffi_call.3 ../../man/ffi_prep_cif.3 ../../man/ffi_prep_cif_var.3 '/usr/share/man/man3'
make[3]: Leaving directory '/sources/libffi-3.5.2/x86_64-pc-linux-gnu/man'
make[2]: Leaving directory '/sources/libffi-3.5.2/x86_64-pc-linux-gnu/man'
Making install in doc
make[2]: Entering directory '/sources/libffi-3.5.2/x86_64-pc-linux-gnu/doc'
make[3]: Entering directory '/sources/libffi-3.5.2/x86_64-pc-linux-gnu/doc'
make[3]: Nothing to be done for 'install-exec-am'.
 /usr/bin/mkdir -p '/usr/share/info'
 /usr/bin/install -c -m 644 ../../doc/libffi.info '/usr/share/info'
 install-info --info-dir='/usr/share/info' '/usr/share/info/libffi.info'
make[3]: Leaving directory '/sources/libffi-3.5.2/x86_64-pc-linux-gnu/doc'
make[2]: Leaving directory '/sources/libffi-3.5.2/x86_64-pc-linux-gnu/doc'
make[2]: Entering directory '/sources/libffi-3.5.2/x86_64-pc-linux-gnu'
make[3]: Entering directory '/sources/libffi-3.5.2/x86_64-pc-linux-gnu'
 /usr/bin/mkdir -p '/usr/lib/pkgconfig'
 /usr/bin/mkdir -p '/usr/lib/../lib'
 /usr/bin/install -c -m 644 libffi.pc '/usr/lib/pkgconfig'
 /bin/sh ./libtool   --mode=install /usr/bin/install -c   libffi.la '/usr/lib/../lib'
libtool: install: /usr/bin/install -c .libs/libffi.so.8.2.0 /usr/lib/../lib/libffi.so.8.2.0
libtool: install: (cd /usr/lib/../lib && { ln -s -f libffi.so.8.2.0 libffi.so.8 || { rm -f libffi.so.8 && ln -s libffi.so.8.2.0 libffi.so.8; }; })
libtool: install: (cd /usr/lib/../lib && { ln -s -f libffi.so.8.2.0 libffi.so || { rm -f libffi.so && ln -s libffi.so.8.2.0 libffi.so; }; })
libtool: install: /usr/bin/install -c .libs/libffi.lai /usr/lib/../lib/libffi.la
libtool: finish: PATH="/usr/bin:/usr/sbin:/sbin" ldconfig -n /usr/lib/../lib
----------------------------------------------------------------------
Libraries have been installed in:
   /usr/lib/../lib

If you ever happen to want to link against installed libraries
in a given directory, LIBDIR, you must either use libtool, and
specify the full pathname of the library, or use the '-LLIBDIR'
flag during linking and do at least one of the following:
   - add LIBDIR to the 'LD_LIBRARY_PATH' environment variable
     during execution
   - add LIBDIR to the 'LD_RUN_PATH' environment variable
     during linking
   - use the '-Wl,-rpath -Wl,LIBDIR' linker flag
   - have your system administrator add LIBDIR to '/etc/ld.so.conf'

See any operating system documentation about shared libraries for
more information, such as the ld(1) and ld.so(8) manual pages.
----------------------------------------------------------------------
make[3]: Leaving directory '/sources/libffi-3.5.2/x86_64-pc-linux-gnu'
make[2]: Leaving directory '/sources/libffi-3.5.2/x86_64-pc-linux-gnu'
make[1]: Leaving directory '/sources/libffi-3.5.2/x86_64-pc-linux-gnu'
