checking for gcc... gcc
checking whether the C compiler works... yes
checking for C compiler default output file name... a.out
checking for suffix of executables... 
checking whether we are cross compiling... no
checking for suffix of object files... o
checking whether the compiler supports GNU C... yes
checking whether gcc accepts -g... yes
checking for gcc option to enable C11 features... none needed
checking for stdio.h... yes
checking for stdlib.h... yes
checking for string.h... yes
checking for inttypes.h... yes
checking for stdint.h... yes
checking for strings.h... yes
checking for sys/stat.h... yes
checking for sys/types.h... yes
checking for unistd.h... yes
checking for wchar.h... yes
checking for minix/config.h... no
checking whether it is safe to define __EXTENSIONS__... yes
checking whether _XOPEN_SOURCE should be defined... no
Generating configuration file for e2fsprogs version 1.47.3
Package version 1.47.3 release 
Release date is July, 2025
checking build system type... x86_64-pc-linux-gnu
checking host system type... x86_64-pc-linux-gnu
checking for dlopen in -ldl... yes
checking for gcc... (cached) gcc
checking whether the compiler supports GNU C... (cached) yes
checking whether gcc accepts -g... (cached) yes
checking for gcc option to enable C11 features... (cached) none needed
checking how to run the C preprocessor... gcc -E
checking for additional special compiler flags... (none)
Disabling maintainer mode by default
Disabling symlinks for install by default
Disabling relative symlinks for install by default
Disabling symlinks for build by default
Disabling verbose make commands
Enabling ELF shared libraries
Disabling BSD shared libraries by default
Disabling profiling libraries by default
Disabling journal debugging by default
Disabling blkid debugging by default
Enabling testio debugging by default
Disabling ext4 developer features by default
checking for pkg-config... /usr/bin/pkg-config
checking pkg-config is at least version 0.9.0... yes
checking for uuid_generate in -luuid... yes
Disabling private uuid library
checking for pkg-config... (cached) /usr/bin/pkg-config
checking pkg-config is at least version 0.9.0... yes
checking for blkid_get_cache in -lblkid... yes
Disabling private blkid library
Enabling use of backtrace by default
Enabling debugfs support by default
Enabling e2image support by default
Enabling e2resize support by default
Enabling e4defrag support by default
Not building fsck wrapper
Building e2initrd helper by default
Try using thread local support by default
checking for thread local storage (TLS) class... __thread
Try testing for pthread support by default
checking for a sed that does not truncate output... /usr/bin/sed
checking for grep that handles long lines and -e... /usr/bin/grep
checking for egrep... /usr/bin/grep -E
checking whether gcc is Clang... no
checking whether pthreads work with "-pthread" and "-lpthread"... yes
checking for joinable pthread attribute... PTHREAD_CREATE_JOINABLE
checking whether more special flags are required for pthreads... no
checking for PTHREAD_PRIO_INHERIT... yes
Not building uuidd
Enabling mmp support by default
Enabling tdb support by default
Enabling bitmap statistics support by default
Disabling additional bitmap statistics by default
checking whether make sets $(MAKE)... yes
checking for a BSD-compatible install... /usr/bin/install -c
checking for a race-free mkdir -p... /usr/bin/mkdir -p
checking whether NLS is requested... yes
checking for msgfmt... /usr/bin/msgfmt
checking for gmsgfmt... /usr/bin/msgfmt
checking for xgettext... /usr/bin/xgettext
checking for msgmerge... /usr/bin/msgmerge
checking for ld used by gcc... /usr/x86_64-pc-linux-gnu/bin/ld
checking if the linker (/usr/x86_64-pc-linux-gnu/bin/ld) is GNU ld... yes
checking for shared library run path origin... done
checking 32-bit host C ABI... no
checking for ELF binary format... yes
checking for the common suffixes of directories in the library search path... lib,lib,lib
checking for CFPreferencesCopyAppValue... no
checking for CFLocaleCopyPreferredLanguages... no
checking for GNU gettext in libc... yes
checking whether to use NLS... yes
checking where the gettext function comes from... libc
checking whether make sets $(MAKE)... (cached) yes
checking for GNU make... make
checking for ln... /usr/bin/ln
checking whether ln -s works... yes
checking for mv... /usr/bin/mv
checking for cp... /usr/bin/cp
checking for rm... /usr/bin/rm
checking for chmod... /usr/bin/chmod
checking for gawk... gawk
checking for egrep... (cached) /usr/bin/grep -E
checking for sed... (cached) /usr/bin/sed
checking for perl... /usr/bin/perl
checking for ldconfig... /usr/sbin/ldconfig
checking for ar... ar
checking for ranlib... ranlib
checking for strip... strip
checking for makeinfo... makeinfo
checking for dirent.h... yes
checking for errno.h... yes
checking for execinfo.h... yes
checking for getopt.h... yes
checking for malloc.h... yes
checking for mntent.h... yes
checking for paths.h... yes
checking for pthread.h... yes
checking for semaphore.h... yes
checking for setjmp.h... yes
checking for signal.h... yes
checking for stdarg.h... yes
checking for stdint.h... (cached) yes
checking for stdlib.h... (cached) yes
checking for termios.h... yes
checking for termio.h... no
checking for unistd.h... (cached) yes
checking for utime.h... yes
checking for attr/xattr.h... no
checking for linux/falloc.h... yes
checking for linux/fd.h... yes
checking for linux/fsmap.h... yes
checking for linux/fsverity.h... yes
checking for linux/major.h... yes
checking for linux/loop.h... yes
checking for linux/types.h... yes
checking for net/if_dl.h... no
checking for netinet/in.h... yes
checking for sys/acl.h... yes
checking for sys/disklabel.h... no
checking for sys/disk.h... no
checking for sys/file.h... yes
checking for sys/ioctl.h... yes
checking for sys/key.h... no
checking for sys/mkdev.h... no
checking for sys/mman.h... yes
checking for sys/mount.h... yes
checking for sys/prctl.h... yes
checking for sys/random.h... yes
checking for sys/resource.h... yes
checking for sys/select.h... yes
checking for sys/socket.h... yes
checking for sys/sockio.h... no
checking for sys/stat.h... (cached) yes
checking for sys/syscall.h... yes
checking for sys/sysmacros.h... yes
checking for sys/time.h... yes
checking for sys/types.h... (cached) yes
checking for sys/un.h... yes
checking for sys/wait.h... yes
checking for sys/xattr.h... yes
checking for a dd(1) program that supports iflag=fullblock... dd
checking for net/if.h... yes
checking for vprintf... yes
checking for struct dirent.d_reclen... yes
checking for struct stat.st_atim... yes
checking for ssize_t... yes
checking for gcc options needed to detect all undeclared functions... none needed
checking whether llseek is declared... no
checking whether lseek64 is declared... yes
checking whether fsmap_sizeof is declared... yes
checking for special C compiler options needed for large files... no
checking for _FILE_OFFSET_BITS value needed for large files... no
checking size of short... 2
checking size of int... 4
checking size of long... 8
checking size of long long... 8
checking size of off_t... 8
checking size of time_t... 8
checking size of void *... 8
checking whether byte ordering is bigendian... no
checking for __uNN types... using <asm/types.h>
checking for inttypes.h... (cached) yes
checking for intptr_t... yes
checking whether struct stat has a st_flags field... no
checking for struct sockaddr.sa_len... no
checking for blkid_probe_get_topology in -lblkid... yes
checking for blkid_topology_get_dax in -lblkid... yes
checking for blkid_probe_enable_partitions in -lblkid... yes
checking for __secure_getenv... no
checking for add_key... no
checking for backtrace... yes
checking for chflags... no
checking for dlopen... (cached) yes
checking for fadvise64... no
checking for fallocate... yes
checking for fallocate64... yes
checking for fchown... yes
checking for fcntl... yes
checking for fdatasync... yes
checking for fstat64... yes
checking for fsync... yes
checking for ftruncate64... yes
checking for futimes... yes
checking for getcwd... yes
checking for getdtablesize... yes
checking for getentropy... yes
checking for gethostname... yes
checking for getmntinfo... no
checking for getpwuid_r... yes
checking for getrandom... yes
checking for getrlimit... yes
checking for getrusage... yes
checking for jrand48... yes
checking for keyctl... no
checking for llistxattr... yes
checking for llseek... no
checking for lseek64... yes
checking for mallinfo... yes
checking for mallinfo2... yes
checking for mbstowcs... yes
checking for memalign... yes
checking for mempcpy... yes
checking for mmap... yes
checking for msync... yes
checking for nanosleep... yes
checking for open64... yes
checking for pathconf... yes
checking for posix_fadvise... yes
checking for posix_fadvise64... yes
checking for posix_memalign... yes
checking for prctl... yes
checking for pread... yes
checking for pwrite... yes
checking for pread64... yes
checking for pwrite64... yes
checking for qsort_r... yes
checking for secure_getenv... yes
checking for setmntent... yes
checking for setresgid... yes
checking for setresuid... yes
checking for snprintf... yes
checking for srandom... yes
checking for stpcpy... yes
checking for strcasecmp... yes
checking for strdup... yes
checking for strnlen... yes
checking for strptime... yes
checking for strtoull... yes
checking for sync_file_range... yes
checking for sysconf... yes
checking for usleep... yes
checking for utime... yes
checking for utimes... yes
checking for valloc... yes
checking for socket in -lsocket... no
checking for magic_file in -lmagic... yes
checking for magic.h... yes
Try testing for libarchive support (with dlopen) by default
checking for libarchive... no
checking for archive_read_new in -larchive... no
checking for clock_gettime in -lrt... yes
checking for fuse3... no
checking for pthread.h... (cached) yes
checking for fuse.h... no
checking for optreset... no
GL_THREADS_API:
checking for sem_init... yes
checking whether qsort_r is GNU version... yes
checking whether qsort_r is BSD version... no
checking for unified diff option... -u
checking for mount 'nosuid' option... yes
checking for mount 'nodev' option... yes
Setting root_sysconfdir to /etc
checking whether we can link with -static... yes
checking for udev... yes
checking for udev rules dir... /usr/lib/udev/rules.d
checking for system crontab dir... no
checking for systemd... no
checking for systemd system unit dir... no
configure: creating ./config.status
config.status: creating MCONFIG
config.status: creating Makefile
config.status: creating util/Makefile
config.status: creating util/subst.conf
config.status: creating util/gen-tarball
config.status: creating util/install-symlink
config.status: creating lib/et/Makefile
config.status: creating lib/ss/Makefile
config.status: creating lib/e2p/Makefile
config.status: creating lib/ext2fs/Makefile
config.status: creating lib/ext2fs/ext2_types.h
config.status: creating lib/support/Makefile
config.status: creating lib/ss/ss.pc
config.status: creating lib/et/com_err.pc
config.status: creating lib/e2p/e2p.pc
config.status: creating lib/ext2fs/ext2fs.pc
config.status: creating misc/Makefile
config.status: creating ext2ed/Makefile
config.status: creating e2fsck/Makefile
config.status: creating debugfs/Makefile
config.status: creating tests/Makefile
config.status: creating tests/progs/Makefile
config.status: creating tests/fuzz/Makefile
config.status: creating resize/Makefile
config.status: creating doc/Makefile
config.status: creating po/Makefile.in
config.status: creating scrub/Makefile
config.status: creating lib/config.h
config.status: executing po-directories commands
config.status: creating po/POTFILES
config.status: creating po/Makefile
