  CC       cli/bomtool-getopt_long.o
  CC       cli/pkgconf-main.o
  CC       cli/pkgconf-getopt_long.o
  CC       cli/pkgconf-renderer-msvc.o
  CC       libpkgconf/audit.lo
  CC       libpkgconf/buffer.lo
  CC       libpkgconf/cache.lo
  CC       libpkgconf/client.lo
  CC       libpkgconf/pkg.lo
  CC       libpkgconf/bsdstubs.lo
  CC       libpkgconf/fragment.lo
  CC       libpkgconf/argvsplit.lo
  CC       libpkgconf/fileio.lo
  CC       libpkgconf/tuple.lo
  CC       libpkgconf/dependency.lo
  CC       libpkgconf/queue.lo
  CC       libpkgconf/path.lo
  CC       libpkgconf/personality.lo
  CC       libpkgconf/parser.lo
  CC       cli/bomtool/bomtool-main.o
  CCLD     libpkgconf.la
  CCLD     pkgconf
  CCLD     bomtool
