Making check in src
make[1]: Entering directory '/sources/xz-5.8.1/src'
Making check in liblzma
make[2]: Entering directory '/sources/xz-5.8.1/src/liblzma'
Making check in api
make[3]: Entering directory '/sources/xz-5.8.1/src/liblzma/api'
make[3]: Nothing to be done for 'check'.
make[3]: Leaving directory '/sources/xz-5.8.1/src/liblzma/api'
make[3]: Entering directory '/sources/xz-5.8.1/src/liblzma'
make[3]: Nothing to be done for 'check-am'.
make[3]: Leaving directory '/sources/xz-5.8.1/src/liblzma'
make[2]: Leaving directory '/sources/xz-5.8.1/src/liblzma'
Making check in xzdec
make[2]: Entering directory '/sources/xz-5.8.1/src/xzdec'
make[2]: Nothing to be done for 'check'.
make[2]: Leaving directory '/sources/xz-5.8.1/src/xzdec'
Making check in xz
make[2]: Entering directory '/sources/xz-5.8.1/src/xz'
make[2]: Nothing to be done for 'check'.
make[2]: Leaving directory '/sources/xz-5.8.1/src/xz'
Making check in lzmainfo
make[2]: Entering directory '/sources/xz-5.8.1/src/lzmainfo'
make[2]: Nothing to be done for 'check'.
make[2]: Leaving directory '/sources/xz-5.8.1/src/lzmainfo'
Making check in scripts
make[2]: Entering directory '/sources/xz-5.8.1/src/scripts'
make[2]: Nothing to be done for 'check'.
make[2]: Leaving directory '/sources/xz-5.8.1/src/scripts'
make[2]: Entering directory '/sources/xz-5.8.1/src'
make[2]: Nothing to be done for 'check-am'.
make[2]: Leaving directory '/sources/xz-5.8.1/src'
make[1]: Leaving directory '/sources/xz-5.8.1/src'
Making check in po
make[1]: Entering directory '/sources/xz-5.8.1/po'
make[1]: Nothing to be done for 'check'.
make[1]: Leaving directory '/sources/xz-5.8.1/po'
Making check in tests
make[1]: Entering directory '/sources/xz-5.8.1/tests'
make  create_compress_files test_check test_hardware test_stream_flags test_filter_flags test_filter_str test_block_header test_index test_index_hash test_bcj_exact_size test_memlimit test_lzip_decoder test_vli test_microlzma
make[2]: Entering directory '/sources/xz-5.8.1/tests'
gcc -DHAVE_CONFIG_H -I. -I..  -I../src/common -I../src/liblzma/api -I../src/liblzma  -pthread -fvisibility=hidden -Wall -Wextra -Wvla -Wformat=2 -Winit-self -Wmissing-include-dirs -Wshift-overflow=2 -Wstrict-overflow=3 -Walloc-zero -Wduplicated-cond -Wfloat-equal -Wundef -Wshadow -Wpointer-arith -Wbad-function-cast -Wwrite-strings -Wdate-time -Wsign-conversion -Wfloat-conversion -Wlogical-op -Waggregate-return -Wstrict-prototypes -Wold-style-definition -Wmissing-prototypes -Wmissing-declarations -Wredundant-decls -Wimplicit-fallthrough -Wimplicit-fallthrough=5 -Wmissing-variable-declarations -g -O2 -MT create_compress_files.o -MD -MP -MF .deps/create_compress_files.Tpo -c -o create_compress_files.o create_compress_files.c
gcc -DHAVE_CONFIG_H -I. -I..  -I../src/common -I../src/liblzma/api -I../src/liblzma  -pthread -fvisibility=hidden -Wall -Wextra -Wvla -Wformat=2 -Winit-self -Wmissing-include-dirs -Wshift-overflow=2 -Wstrict-overflow=3 -Walloc-zero -Wduplicated-cond -Wfloat-equal -Wundef -Wshadow -Wpointer-arith -Wbad-function-cast -Wwrite-strings -Wdate-time -Wsign-conversion -Wfloat-conversion -Wlogical-op -Waggregate-return -Wstrict-prototypes -Wold-style-definition -Wmissing-prototypes -Wmissing-declarations -Wredundant-decls -Wimplicit-fallthrough -Wimplicit-fallthrough=5 -Wmissing-variable-declarations -g -O2 -MT test_check.o -MD -MP -MF .deps/test_check.Tpo -c -o test_check.o test_check.c
gcc -DHAVE_CONFIG_H -I. -I..  -I../src/common -I../src/liblzma/api -I../src/liblzma  -pthread -fvisibility=hidden -Wall -Wextra -Wvla -Wformat=2 -Winit-self -Wmissing-include-dirs -Wshift-overflow=2 -Wstrict-overflow=3 -Walloc-zero -Wduplicated-cond -Wfloat-equal -Wundef -Wshadow -Wpointer-arith -Wbad-function-cast -Wwrite-strings -Wdate-time -Wsign-conversion -Wfloat-conversion -Wlogical-op -Waggregate-return -Wstrict-prototypes -Wold-style-definition -Wmissing-prototypes -Wmissing-declarations -Wredundant-decls -Wimplicit-fallthrough -Wimplicit-fallthrough=5 -Wmissing-variable-declarations -g -O2 -MT test_hardware.o -MD -MP -MF .deps/test_hardware.Tpo -c -o test_hardware.o test_hardware.c
gcc -DHAVE_CONFIG_H -I. -I..  -I../src/common -I../src/liblzma/api -I../src/liblzma  -pthread -fvisibility=hidden -Wall -Wextra -Wvla -Wformat=2 -Winit-self -Wmissing-include-dirs -Wshift-overflow=2 -Wstrict-overflow=3 -Walloc-zero -Wduplicated-cond -Wfloat-equal -Wundef -Wshadow -Wpointer-arith -Wbad-function-cast -Wwrite-strings -Wdate-time -Wsign-conversion -Wfloat-conversion -Wlogical-op -Waggregate-return -Wstrict-prototypes -Wold-style-definition -Wmissing-prototypes -Wmissing-declarations -Wredundant-decls -Wimplicit-fallthrough -Wimplicit-fallthrough=5 -Wmissing-variable-declarations -g -O2 -MT test_stream_flags.o -MD -MP -MF .deps/test_stream_flags.Tpo -c -o test_stream_flags.o test_stream_flags.c
gcc -DHAVE_CONFIG_H -I. -I..  -I../src/common -I../src/liblzma/api -I../src/liblzma  -pthread -fvisibility=hidden -Wall -Wextra -Wvla -Wformat=2 -Winit-self -Wmissing-include-dirs -Wshift-overflow=2 -Wstrict-overflow=3 -Walloc-zero -Wduplicated-cond -Wfloat-equal -Wundef -Wshadow -Wpointer-arith -Wbad-function-cast -Wwrite-strings -Wdate-time -Wsign-conversion -Wfloat-conversion -Wlogical-op -Waggregate-return -Wstrict-prototypes -Wold-style-definition -Wmissing-prototypes -Wmissing-declarations -Wredundant-decls -Wimplicit-fallthrough -Wimplicit-fallthrough=5 -Wmissing-variable-declarations -g -O2 -MT test_filter_flags.o -MD -MP -MF .deps/test_filter_flags.Tpo -c -o test_filter_flags.o test_filter_flags.c
gcc -DHAVE_CONFIG_H -I. -I..  -I../src/common -I../src/liblzma/api -I../src/liblzma  -pthread -fvisibility=hidden -Wall -Wextra -Wvla -Wformat=2 -Winit-self -Wmissing-include-dirs -Wshift-overflow=2 -Wstrict-overflow=3 -Walloc-zero -Wduplicated-cond -Wfloat-equal -Wundef -Wshadow -Wpointer-arith -Wbad-function-cast -Wwrite-strings -Wdate-time -Wsign-conversion -Wfloat-conversion -Wlogical-op -Waggregate-return -Wstrict-prototypes -Wold-style-definition -Wmissing-prototypes -Wmissing-declarations -Wredundant-decls -Wimplicit-fallthrough -Wimplicit-fallthrough=5 -Wmissing-variable-declarations -g -O2 -MT test_filter_str.o -MD -MP -MF .deps/test_filter_str.Tpo -c -o test_filter_str.o test_filter_str.c
gcc -DHAVE_CONFIG_H -I. -I..  -I../src/common -I../src/liblzma/api -I../src/liblzma  -pthread -fvisibility=hidden -Wall -Wextra -Wvla -Wformat=2 -Winit-self -Wmissing-include-dirs -Wshift-overflow=2 -Wstrict-overflow=3 -Walloc-zero -Wduplicated-cond -Wfloat-equal -Wundef -Wshadow -Wpointer-arith -Wbad-function-cast -Wwrite-strings -Wdate-time -Wsign-conversion -Wfloat-conversion -Wlogical-op -Waggregate-return -Wstrict-prototypes -Wold-style-definition -Wmissing-prototypes -Wmissing-declarations -Wredundant-decls -Wimplicit-fallthrough -Wimplicit-fallthrough=5 -Wmissing-variable-declarations -g -O2 -MT test_block_header.o -MD -MP -MF .deps/test_block_header.Tpo -c -o test_block_header.o test_block_header.c
mv -f .deps/create_compress_files.Tpo .deps/create_compress_files.Po
gcc -DHAVE_CONFIG_H -I. -I..  -I../src/common -I../src/liblzma/api -I../src/liblzma  -pthread -fvisibility=hidden -Wall -Wextra -Wvla -Wformat=2 -Winit-self -Wmissing-include-dirs -Wshift-overflow=2 -Wstrict-overflow=3 -Walloc-zero -Wduplicated-cond -Wfloat-equal -Wundef -Wshadow -Wpointer-arith -Wbad-function-cast -Wwrite-strings -Wdate-time -Wsign-conversion -Wfloat-conversion -Wlogical-op -Waggregate-return -Wstrict-prototypes -Wold-style-definition -Wmissing-prototypes -Wmissing-declarations -Wredundant-decls -Wimplicit-fallthrough -Wimplicit-fallthrough=5 -Wmissing-variable-declarations -g -O2 -MT test_index.o -MD -MP -MF .deps/test_index.Tpo -c -o test_index.o test_index.c
mv -f .deps/test_hardware.Tpo .deps/test_hardware.Po
gcc -DHAVE_CONFIG_H -I. -I..  -I../src/common -I../src/liblzma/api -I../src/liblzma  -pthread -fvisibility=hidden -Wall -Wextra -Wvla -Wformat=2 -Winit-self -Wmissing-include-dirs -Wshift-overflow=2 -Wstrict-overflow=3 -Walloc-zero -Wduplicated-cond -Wfloat-equal -Wundef -Wshadow -Wpointer-arith -Wbad-function-cast -Wwrite-strings -Wdate-time -Wsign-conversion -Wfloat-conversion -Wlogical-op -Waggregate-return -Wstrict-prototypes -Wold-style-definition -Wmissing-prototypes -Wmissing-declarations -Wredundant-decls -Wimplicit-fallthrough -Wimplicit-fallthrough=5 -Wmissing-variable-declarations -g -O2 -MT test_index_hash.o -MD -MP -MF .deps/test_index_hash.Tpo -c -o test_index_hash.o test_index_hash.c
mv -f .deps/test_filter_flags.Tpo .deps/test_filter_flags.Po
gcc -DHAVE_CONFIG_H -I. -I..  -I../src/common -I../src/liblzma/api -I../src/liblzma  -pthread -fvisibility=hidden -Wall -Wextra -Wvla -Wformat=2 -Winit-self -Wmissing-include-dirs -Wshift-overflow=2 -Wstrict-overflow=3 -Walloc-zero -Wduplicated-cond -Wfloat-equal -Wundef -Wshadow -Wpointer-arith -Wbad-function-cast -Wwrite-strings -Wdate-time -Wsign-conversion -Wfloat-conversion -Wlogical-op -Waggregate-return -Wstrict-prototypes -Wold-style-definition -Wmissing-prototypes -Wmissing-declarations -Wredundant-decls -Wimplicit-fallthrough -Wimplicit-fallthrough=5 -Wmissing-variable-declarations -g -O2 -MT test_bcj_exact_size.o -MD -MP -MF .deps/test_bcj_exact_size.Tpo -c -o test_bcj_exact_size.o test_bcj_exact_size.c
mv -f .deps/test_check.Tpo .deps/test_check.Po
mv -f .deps/test_stream_flags.Tpo .deps/test_stream_flags.Po
gcc -DHAVE_CONFIG_H -I. -I..  -I../src/common -I../src/liblzma/api -I../src/liblzma  -pthread -fvisibility=hidden -Wall -Wextra -Wvla -Wformat=2 -Winit-self -Wmissing-include-dirs -Wshift-overflow=2 -Wstrict-overflow=3 -Walloc-zero -Wduplicated-cond -Wfloat-equal -Wundef -Wshadow -Wpointer-arith -Wbad-function-cast -Wwrite-strings -Wdate-time -Wsign-conversion -Wfloat-conversion -Wlogical-op -Waggregate-return -Wstrict-prototypes -Wold-style-definition -Wmissing-prototypes -Wmissing-declarations -Wredundant-decls -Wimplicit-fallthrough -Wimplicit-fallthrough=5 -Wmissing-variable-declarations -g -O2 -MT test_memlimit.o -MD -MP -MF .deps/test_memlimit.Tpo -c -o test_memlimit.o test_memlimit.c
gcc -DHAVE_CONFIG_H -I. -I..  -I../src/common -I../src/liblzma/api -I../src/liblzma  -pthread -fvisibility=hidden -Wall -Wextra -Wvla -Wformat=2 -Winit-self -Wmissing-include-dirs -Wshift-overflow=2 -Wstrict-overflow=3 -Walloc-zero -Wduplicated-cond -Wfloat-equal -Wundef -Wshadow -Wpointer-arith -Wbad-function-cast -Wwrite-strings -Wdate-time -Wsign-conversion -Wfloat-conversion -Wlogical-op -Waggregate-return -Wstrict-prototypes -Wold-style-definition -Wmissing-prototypes -Wmissing-declarations -Wredundant-decls -Wimplicit-fallthrough -Wimplicit-fallthrough=5 -Wmissing-variable-declarations -g -O2 -MT test_lzip_decoder.o -MD -MP -MF .deps/test_lzip_decoder.Tpo -c -o test_lzip_decoder.o test_lzip_decoder.c
test_bcj_exact_size.c: In function 'test_exact_size':
test_bcj_exact_size.c:30:32: warning: initializer-string for array of 'unsigned char' truncates NUL terminator but destination lacks 'nonstring' attribute (17 chars into 16 available) [-Wunterminated-string-initialization]
   30 |         const uint8_t in[16] = "0123456789ABCDEF";
      |                                ^~~~~~~~~~~~~~~~~~
mv -f .deps/test_index_hash.Tpo .deps/test_index_hash.Po
mv -f .deps/test_block_header.Tpo .deps/test_block_header.Po
gcc -DHAVE_CONFIG_H -I. -I..  -I../src/common -I../src/liblzma/api -I../src/liblzma  -pthread -fvisibility=hidden -Wall -Wextra -Wvla -Wformat=2 -Winit-self -Wmissing-include-dirs -Wshift-overflow=2 -Wstrict-overflow=3 -Walloc-zero -Wduplicated-cond -Wfloat-equal -Wundef -Wshadow -Wpointer-arith -Wbad-function-cast -Wwrite-strings -Wdate-time -Wsign-conversion -Wfloat-conversion -Wlogical-op -Waggregate-return -Wstrict-prototypes -Wold-style-definition -Wmissing-prototypes -Wmissing-declarations -Wredundant-decls -Wimplicit-fallthrough -Wimplicit-fallthrough=5 -Wmissing-variable-declarations -g -O2 -MT test_vli.o -MD -MP -MF .deps/test_vli.Tpo -c -o test_vli.o test_vli.c
gcc -DHAVE_CONFIG_H -I. -I..  -I../src/common -I../src/liblzma/api -I../src/liblzma  -pthread -fvisibility=hidden -Wall -Wextra -Wvla -Wformat=2 -Winit-self -Wmissing-include-dirs -Wshift-overflow=2 -Wstrict-overflow=3 -Walloc-zero -Wduplicated-cond -Wfloat-equal -Wundef -Wshadow -Wpointer-arith -Wbad-function-cast -Wwrite-strings -Wdate-time -Wsign-conversion -Wfloat-conversion -Wlogical-op -Waggregate-return -Wstrict-prototypes -Wold-style-definition -Wmissing-prototypes -Wmissing-declarations -Wredundant-decls -Wimplicit-fallthrough -Wimplicit-fallthrough=5 -Wmissing-variable-declarations -g -O2 -MT test_microlzma.o -MD -MP -MF .deps/test_microlzma.Tpo -c -o test_microlzma.o test_microlzma.c
mv -f .deps/test_filter_str.Tpo .deps/test_filter_str.Po
/bin/sh ../libtool  --tag=CC   --mode=link gcc -pthread -fvisibility=hidden -Wall -Wextra -Wvla -Wformat=2 -Winit-self -Wmissing-include-dirs -Wshift-overflow=2 -Wstrict-overflow=3 -Walloc-zero -Wduplicated-cond -Wfloat-equal -Wundef -Wshadow -Wpointer-arith -Wbad-function-cast -Wwrite-strings -Wdate-time -Wsign-conversion -Wfloat-conversion -Wlogical-op -Waggregate-return -Wstrict-prototypes -Wold-style-definition -Wmissing-prototypes -Wmissing-declarations -Wredundant-decls -Wimplicit-fallthrough -Wimplicit-fallthrough=5 -Wmissing-variable-declarations -g -O2   -o create_compress_files create_compress_files.o ../src/liblzma/liblzma.la   -lpthread 
mv -f .deps/test_bcj_exact_size.Tpo .deps/test_bcj_exact_size.Po
/bin/sh ../libtool  --tag=CC   --mode=link gcc -pthread -fvisibility=hidden -Wall -Wextra -Wvla -Wformat=2 -Winit-self -Wmissing-include-dirs -Wshift-overflow=2 -Wstrict-overflow=3 -Walloc-zero -Wduplicated-cond -Wfloat-equal -Wundef -Wshadow -Wpointer-arith -Wbad-function-cast -Wwrite-strings -Wdate-time -Wsign-conversion -Wfloat-conversion -Wlogical-op -Waggregate-return -Wstrict-prototypes -Wold-style-definition -Wmissing-prototypes -Wmissing-declarations -Wredundant-decls -Wimplicit-fallthrough -Wimplicit-fallthrough=5 -Wmissing-variable-declarations -g -O2   -o test_check test_check.o ../src/liblzma/liblzma.la   -lpthread 
libtool: link: gcc -fvisibility=hidden -Wall -Wextra -Wvla -Wformat=2 -Winit-self -Wmissing-include-dirs -Wshift-overflow=2 -Wstrict-overflow=3 -Walloc-zero -Wduplicated-cond -Wfloat-equal -Wundef -Wshadow -Wpointer-arith -Wbad-function-cast -Wwrite-strings -Wdate-time -Wsign-conversion -Wfloat-conversion -Wlogical-op -Waggregate-return -Wstrict-prototypes -Wold-style-definition -Wmissing-prototypes -Wmissing-declarations -Wredundant-decls -Wimplicit-fallthrough -Wimplicit-fallthrough=5 -Wmissing-variable-declarations -g -O2 -o .libs/create_compress_files create_compress_files.o  ../src/liblzma/.libs/liblzma.so -lpthread -pthread
mv -f .deps/test_memlimit.Tpo .deps/test_memlimit.Po
/bin/sh ../libtool  --tag=CC   --mode=link gcc -pthread -fvisibility=hidden -Wall -Wextra -Wvla -Wformat=2 -Winit-self -Wmissing-include-dirs -Wshift-overflow=2 -Wstrict-overflow=3 -Walloc-zero -Wduplicated-cond -Wfloat-equal -Wundef -Wshadow -Wpointer-arith -Wbad-function-cast -Wwrite-strings -Wdate-time -Wsign-conversion -Wfloat-conversion -Wlogical-op -Waggregate-return -Wstrict-prototypes -Wold-style-definition -Wmissing-prototypes -Wmissing-declarations -Wredundant-decls -Wimplicit-fallthrough -Wimplicit-fallthrough=5 -Wmissing-variable-declarations -g -O2   -o test_hardware test_hardware.o ../src/liblzma/liblzma.la   -lpthread 
/bin/sh ../libtool  --tag=CC   --mode=link gcc -pthread -fvisibility=hidden -Wall -Wextra -Wvla -Wformat=2 -Winit-self -Wmissing-include-dirs -Wshift-overflow=2 -Wstrict-overflow=3 -Walloc-zero -Wduplicated-cond -Wfloat-equal -Wundef -Wshadow -Wpointer-arith -Wbad-function-cast -Wwrite-strings -Wdate-time -Wsign-conversion -Wfloat-conversion -Wlogical-op -Waggregate-return -Wstrict-prototypes -Wold-style-definition -Wmissing-prototypes -Wmissing-declarations -Wredundant-decls -Wimplicit-fallthrough -Wimplicit-fallthrough=5 -Wmissing-variable-declarations -g -O2   -o test_stream_flags test_stream_flags.o ../src/liblzma/liblzma.la   -lpthread 
mv -f .deps/test_vli.Tpo .deps/test_vli.Po
/bin/sh ../libtool  --tag=CC   --mode=link gcc -pthread -fvisibility=hidden -Wall -Wextra -Wvla -Wformat=2 -Winit-self -Wmissing-include-dirs -Wshift-overflow=2 -Wstrict-overflow=3 -Walloc-zero -Wduplicated-cond -Wfloat-equal -Wundef -Wshadow -Wpointer-arith -Wbad-function-cast -Wwrite-strings -Wdate-time -Wsign-conversion -Wfloat-conversion -Wlogical-op -Waggregate-return -Wstrict-prototypes -Wold-style-definition -Wmissing-prototypes -Wmissing-declarations -Wredundant-decls -Wimplicit-fallthrough -Wimplicit-fallthrough=5 -Wmissing-variable-declarations -g -O2   -o test_filter_flags test_filter_flags.o ../src/liblzma/liblzma.la   -lpthread 
libtool: link: gcc -fvisibility=hidden -Wall -Wextra -Wvla -Wformat=2 -Winit-self -Wmissing-include-dirs -Wshift-overflow=2 -Wstrict-overflow=3 -Walloc-zero -Wduplicated-cond -Wfloat-equal -Wundef -Wshadow -Wpointer-arith -Wbad-function-cast -Wwrite-strings -Wdate-time -Wsign-conversion -Wfloat-conversion -Wlogical-op -Waggregate-return -Wstrict-prototypes -Wold-style-definition -Wmissing-prototypes -Wmissing-declarations -Wredundant-decls -Wimplicit-fallthrough -Wimplicit-fallthrough=5 -Wmissing-variable-declarations -g -O2 -o .libs/test_check test_check.o  ../src/liblzma/.libs/liblzma.so -lpthread -pthread
mv -f .deps/test_lzip_decoder.Tpo .deps/test_lzip_decoder.Po
/bin/sh ../libtool  --tag=CC   --mode=link gcc -pthread -fvisibility=hidden -Wall -Wextra -Wvla -Wformat=2 -Winit-self -Wmissing-include-dirs -Wshift-overflow=2 -Wstrict-overflow=3 -Walloc-zero -Wduplicated-cond -Wfloat-equal -Wundef -Wshadow -Wpointer-arith -Wbad-function-cast -Wwrite-strings -Wdate-time -Wsign-conversion -Wfloat-conversion -Wlogical-op -Waggregate-return -Wstrict-prototypes -Wold-style-definition -Wmissing-prototypes -Wmissing-declarations -Wredundant-decls -Wimplicit-fallthrough -Wimplicit-fallthrough=5 -Wmissing-variable-declarations -g -O2   -o test_filter_str test_filter_str.o ../src/liblzma/liblzma.la   -lpthread 
/bin/sh ../libtool  --tag=CC   --mode=link gcc -pthread -fvisibility=hidden -Wall -Wextra -Wvla -Wformat=2 -Winit-self -Wmissing-include-dirs -Wshift-overflow=2 -Wstrict-overflow=3 -Walloc-zero -Wduplicated-cond -Wfloat-equal -Wundef -Wshadow -Wpointer-arith -Wbad-function-cast -Wwrite-strings -Wdate-time -Wsign-conversion -Wfloat-conversion -Wlogical-op -Waggregate-return -Wstrict-prototypes -Wold-style-definition -Wmissing-prototypes -Wmissing-declarations -Wredundant-decls -Wimplicit-fallthrough -Wimplicit-fallthrough=5 -Wmissing-variable-declarations -g -O2   -o test_block_header test_block_header.o ../src/liblzma/liblzma.la   -lpthread 
mv -f .deps/test_microlzma.Tpo .deps/test_microlzma.Po
/bin/sh ../libtool  --tag=CC   --mode=link gcc -pthread -fvisibility=hidden -Wall -Wextra -Wvla -Wformat=2 -Winit-self -Wmissing-include-dirs -Wshift-overflow=2 -Wstrict-overflow=3 -Walloc-zero -Wduplicated-cond -Wfloat-equal -Wundef -Wshadow -Wpointer-arith -Wbad-function-cast -Wwrite-strings -Wdate-time -Wsign-conversion -Wfloat-conversion -Wlogical-op -Waggregate-return -Wstrict-prototypes -Wold-style-definition -Wmissing-prototypes -Wmissing-declarations -Wredundant-decls -Wimplicit-fallthrough -Wimplicit-fallthrough=5 -Wmissing-variable-declarations -g -O2   -o test_index_hash test_index_hash.o ../src/liblzma/liblzma.la   -lpthread 
libtool: link: gcc -fvisibility=hidden -Wall -Wextra -Wvla -Wformat=2 -Winit-self -Wmissing-include-dirs -Wshift-overflow=2 -Wstrict-overflow=3 -Walloc-zero -Wduplicated-cond -Wfloat-equal -Wundef -Wshadow -Wpointer-arith -Wbad-function-cast -Wwrite-strings -Wdate-time -Wsign-conversion -Wfloat-conversion -Wlogical-op -Waggregate-return -Wstrict-prototypes -Wold-style-definition -Wmissing-prototypes -Wmissing-declarations -Wredundant-decls -Wimplicit-fallthrough -Wimplicit-fallthrough=5 -Wmissing-variable-declarations -g -O2 -o .libs/test_hardware test_hardware.o  ../src/liblzma/.libs/liblzma.so -lpthread -pthread
libtool: link: gcc -fvisibility=hidden -Wall -Wextra -Wvla -Wformat=2 -Winit-self -Wmissing-include-dirs -Wshift-overflow=2 -Wstrict-overflow=3 -Walloc-zero -Wduplicated-cond -Wfloat-equal -Wundef -Wshadow -Wpointer-arith -Wbad-function-cast -Wwrite-strings -Wdate-time -Wsign-conversion -Wfloat-conversion -Wlogical-op -Waggregate-return -Wstrict-prototypes -Wold-style-definition -Wmissing-prototypes -Wmissing-declarations -Wredundant-decls -Wimplicit-fallthrough -Wimplicit-fallthrough=5 -Wmissing-variable-declarations -g -O2 -o .libs/test_stream_flags test_stream_flags.o  ../src/liblzma/.libs/liblzma.so -lpthread -pthread
libtool: link: gcc -fvisibility=hidden -Wall -Wextra -Wvla -Wformat=2 -Winit-self -Wmissing-include-dirs -Wshift-overflow=2 -Wstrict-overflow=3 -Walloc-zero -Wduplicated-cond -Wfloat-equal -Wundef -Wshadow -Wpointer-arith -Wbad-function-cast -Wwrite-strings -Wdate-time -Wsign-conversion -Wfloat-conversion -Wlogical-op -Waggregate-return -Wstrict-prototypes -Wold-style-definition -Wmissing-prototypes -Wmissing-declarations -Wredundant-decls -Wimplicit-fallthrough -Wimplicit-fallthrough=5 -Wmissing-variable-declarations -g -O2 -o .libs/test_filter_flags test_filter_flags.o  ../src/liblzma/.libs/liblzma.so -lpthread -pthread
/bin/sh ../libtool  --tag=CC   --mode=link gcc -pthread -fvisibility=hidden -Wall -Wextra -Wvla -Wformat=2 -Winit-self -Wmissing-include-dirs -Wshift-overflow=2 -Wstrict-overflow=3 -Walloc-zero -Wduplicated-cond -Wfloat-equal -Wundef -Wshadow -Wpointer-arith -Wbad-function-cast -Wwrite-strings -Wdate-time -Wsign-conversion -Wfloat-conversion -Wlogical-op -Waggregate-return -Wstrict-prototypes -Wold-style-definition -Wmissing-prototypes -Wmissing-declarations -Wredundant-decls -Wimplicit-fallthrough -Wimplicit-fallthrough=5 -Wmissing-variable-declarations -g -O2   -o test_bcj_exact_size test_bcj_exact_size.o ../src/liblzma/liblzma.la   -lpthread 
/bin/sh ../libtool  --tag=CC   --mode=link gcc -pthread -fvisibility=hidden -Wall -Wextra -Wvla -Wformat=2 -Winit-self -Wmissing-include-dirs -Wshift-overflow=2 -Wstrict-overflow=3 -Walloc-zero -Wduplicated-cond -Wfloat-equal -Wundef -Wshadow -Wpointer-arith -Wbad-function-cast -Wwrite-strings -Wdate-time -Wsign-conversion -Wfloat-conversion -Wlogical-op -Waggregate-return -Wstrict-prototypes -Wold-style-definition -Wmissing-prototypes -Wmissing-declarations -Wredundant-decls -Wimplicit-fallthrough -Wimplicit-fallthrough=5 -Wmissing-variable-declarations -g -O2   -o test_memlimit test_memlimit.o ../src/liblzma/liblzma.la   -lpthread 
/bin/sh ../libtool  --tag=CC   --mode=link gcc -pthread -fvisibility=hidden -Wall -Wextra -Wvla -Wformat=2 -Winit-self -Wmissing-include-dirs -Wshift-overflow=2 -Wstrict-overflow=3 -Walloc-zero -Wduplicated-cond -Wfloat-equal -Wundef -Wshadow -Wpointer-arith -Wbad-function-cast -Wwrite-strings -Wdate-time -Wsign-conversion -Wfloat-conversion -Wlogical-op -Waggregate-return -Wstrict-prototypes -Wold-style-definition -Wmissing-prototypes -Wmissing-declarations -Wredundant-decls -Wimplicit-fallthrough -Wimplicit-fallthrough=5 -Wmissing-variable-declarations -g -O2   -o test_lzip_decoder test_lzip_decoder.o ../src/liblzma/liblzma.la   -lpthread 
libtool: link: gcc -fvisibility=hidden -Wall -Wextra -Wvla -Wformat=2 -Winit-self -Wmissing-include-dirs -Wshift-overflow=2 -Wstrict-overflow=3 -Walloc-zero -Wduplicated-cond -Wfloat-equal -Wundef -Wshadow -Wpointer-arith -Wbad-function-cast -Wwrite-strings -Wdate-time -Wsign-conversion -Wfloat-conversion -Wlogical-op -Waggregate-return -Wstrict-prototypes -Wold-style-definition -Wmissing-prototypes -Wmissing-declarations -Wredundant-decls -Wimplicit-fallthrough -Wimplicit-fallthrough=5 -Wmissing-variable-declarations -g -O2 -o .libs/test_filter_str test_filter_str.o  ../src/liblzma/.libs/liblzma.so -lpthread -pthread
libtool: link: gcc -fvisibility=hidden -Wall -Wextra -Wvla -Wformat=2 -Winit-self -Wmissing-include-dirs -Wshift-overflow=2 -Wstrict-overflow=3 -Walloc-zero -Wduplicated-cond -Wfloat-equal -Wundef -Wshadow -Wpointer-arith -Wbad-function-cast -Wwrite-strings -Wdate-time -Wsign-conversion -Wfloat-conversion -Wlogical-op -Waggregate-return -Wstrict-prototypes -Wold-style-definition -Wmissing-prototypes -Wmissing-declarations -Wredundant-decls -Wimplicit-fallthrough -Wimplicit-fallthrough=5 -Wmissing-variable-declarations -g -O2 -o .libs/test_block_header test_block_header.o  ../src/liblzma/.libs/liblzma.so -lpthread -pthread
libtool: link: gcc -fvisibility=hidden -Wall -Wextra -Wvla -Wformat=2 -Winit-self -Wmissing-include-dirs -Wshift-overflow=2 -Wstrict-overflow=3 -Walloc-zero -Wduplicated-cond -Wfloat-equal -Wundef -Wshadow -Wpointer-arith -Wbad-function-cast -Wwrite-strings -Wdate-time -Wsign-conversion -Wfloat-conversion -Wlogical-op -Waggregate-return -Wstrict-prototypes -Wold-style-definition -Wmissing-prototypes -Wmissing-declarations -Wredundant-decls -Wimplicit-fallthrough -Wimplicit-fallthrough=5 -Wmissing-variable-declarations -g -O2 -o .libs/test_index_hash test_index_hash.o  ../src/liblzma/.libs/liblzma.so -lpthread -pthread
/bin/sh ../libtool  --tag=CC   --mode=link gcc -pthread -fvisibility=hidden -Wall -Wextra -Wvla -Wformat=2 -Winit-self -Wmissing-include-dirs -Wshift-overflow=2 -Wstrict-overflow=3 -Walloc-zero -Wduplicated-cond -Wfloat-equal -Wundef -Wshadow -Wpointer-arith -Wbad-function-cast -Wwrite-strings -Wdate-time -Wsign-conversion -Wfloat-conversion -Wlogical-op -Waggregate-return -Wstrict-prototypes -Wold-style-definition -Wmissing-prototypes -Wmissing-declarations -Wredundant-decls -Wimplicit-fallthrough -Wimplicit-fallthrough=5 -Wmissing-variable-declarations -g -O2   -o test_vli test_vli.o ../src/liblzma/liblzma.la   -lpthread 
/bin/sh ../libtool  --tag=CC   --mode=link gcc -pthread -fvisibility=hidden -Wall -Wextra -Wvla -Wformat=2 -Winit-self -Wmissing-include-dirs -Wshift-overflow=2 -Wstrict-overflow=3 -Walloc-zero -Wduplicated-cond -Wfloat-equal -Wundef -Wshadow -Wpointer-arith -Wbad-function-cast -Wwrite-strings -Wdate-time -Wsign-conversion -Wfloat-conversion -Wlogical-op -Waggregate-return -Wstrict-prototypes -Wold-style-definition -Wmissing-prototypes -Wmissing-declarations -Wredundant-decls -Wimplicit-fallthrough -Wimplicit-fallthrough=5 -Wmissing-variable-declarations -g -O2   -o test_microlzma test_microlzma.o ../src/liblzma/liblzma.la   -lpthread 
libtool: link: gcc -fvisibility=hidden -Wall -Wextra -Wvla -Wformat=2 -Winit-self -Wmissing-include-dirs -Wshift-overflow=2 -Wstrict-overflow=3 -Walloc-zero -Wduplicated-cond -Wfloat-equal -Wundef -Wshadow -Wpointer-arith -Wbad-function-cast -Wwrite-strings -Wdate-time -Wsign-conversion -Wfloat-conversion -Wlogical-op -Waggregate-return -Wstrict-prototypes -Wold-style-definition -Wmissing-prototypes -Wmissing-declarations -Wredundant-decls -Wimplicit-fallthrough -Wimplicit-fallthrough=5 -Wmissing-variable-declarations -g -O2 -o .libs/test_memlimit test_memlimit.o  ../src/liblzma/.libs/liblzma.so -lpthread -pthread
libtool: link: gcc -fvisibility=hidden -Wall -Wextra -Wvla -Wformat=2 -Winit-self -Wmissing-include-dirs -Wshift-overflow=2 -Wstrict-overflow=3 -Walloc-zero -Wduplicated-cond -Wfloat-equal -Wundef -Wshadow -Wpointer-arith -Wbad-function-cast -Wwrite-strings -Wdate-time -Wsign-conversion -Wfloat-conversion -Wlogical-op -Waggregate-return -Wstrict-prototypes -Wold-style-definition -Wmissing-prototypes -Wmissing-declarations -Wredundant-decls -Wimplicit-fallthrough -Wimplicit-fallthrough=5 -Wmissing-variable-declarations -g -O2 -o .libs/test_bcj_exact_size test_bcj_exact_size.o  ../src/liblzma/.libs/liblzma.so -lpthread -pthread
libtool: link: gcc -fvisibility=hidden -Wall -Wextra -Wvla -Wformat=2 -Winit-self -Wmissing-include-dirs -Wshift-overflow=2 -Wstrict-overflow=3 -Walloc-zero -Wduplicated-cond -Wfloat-equal -Wundef -Wshadow -Wpointer-arith -Wbad-function-cast -Wwrite-strings -Wdate-time -Wsign-conversion -Wfloat-conversion -Wlogical-op -Waggregate-return -Wstrict-prototypes -Wold-style-definition -Wmissing-prototypes -Wmissing-declarations -Wredundant-decls -Wimplicit-fallthrough -Wimplicit-fallthrough=5 -Wmissing-variable-declarations -g -O2 -o .libs/test_lzip_decoder test_lzip_decoder.o  ../src/liblzma/.libs/liblzma.so -lpthread -pthread
libtool: link: gcc -fvisibility=hidden -Wall -Wextra -Wvla -Wformat=2 -Winit-self -Wmissing-include-dirs -Wshift-overflow=2 -Wstrict-overflow=3 -Walloc-zero -Wduplicated-cond -Wfloat-equal -Wundef -Wshadow -Wpointer-arith -Wbad-function-cast -Wwrite-strings -Wdate-time -Wsign-conversion -Wfloat-conversion -Wlogical-op -Waggregate-return -Wstrict-prototypes -Wold-style-definition -Wmissing-prototypes -Wmissing-declarations -Wredundant-decls -Wimplicit-fallthrough -Wimplicit-fallthrough=5 -Wmissing-variable-declarations -g -O2 -o .libs/test_vli test_vli.o  ../src/liblzma/.libs/liblzma.so -lpthread -pthread
libtool: link: gcc -fvisibility=hidden -Wall -Wextra -Wvla -Wformat=2 -Winit-self -Wmissing-include-dirs -Wshift-overflow=2 -Wstrict-overflow=3 -Walloc-zero -Wduplicated-cond -Wfloat-equal -Wundef -Wshadow -Wpointer-arith -Wbad-function-cast -Wwrite-strings -Wdate-time -Wsign-conversion -Wfloat-conversion -Wlogical-op -Waggregate-return -Wstrict-prototypes -Wold-style-definition -Wmissing-prototypes -Wmissing-declarations -Wredundant-decls -Wimplicit-fallthrough -Wimplicit-fallthrough=5 -Wmissing-variable-declarations -g -O2 -o .libs/test_microlzma test_microlzma.o  ../src/liblzma/.libs/liblzma.so -lpthread -pthread
mv -f .deps/test_index.Tpo .deps/test_index.Po
/bin/sh ../libtool  --tag=CC   --mode=link gcc -pthread -fvisibility=hidden -Wall -Wextra -Wvla -Wformat=2 -Winit-self -Wmissing-include-dirs -Wshift-overflow=2 -Wstrict-overflow=3 -Walloc-zero -Wduplicated-cond -Wfloat-equal -Wundef -Wshadow -Wpointer-arith -Wbad-function-cast -Wwrite-strings -Wdate-time -Wsign-conversion -Wfloat-conversion -Wlogical-op -Waggregate-return -Wstrict-prototypes -Wold-style-definition -Wmissing-prototypes -Wmissing-declarations -Wredundant-decls -Wimplicit-fallthrough -Wimplicit-fallthrough=5 -Wmissing-variable-declarations -g -O2   -o test_index test_index.o ../src/liblzma/liblzma.la   -lpthread 
libtool: link: gcc -fvisibility=hidden -Wall -Wextra -Wvla -Wformat=2 -Winit-self -Wmissing-include-dirs -Wshift-overflow=2 -Wstrict-overflow=3 -Walloc-zero -Wduplicated-cond -Wfloat-equal -Wundef -Wshadow -Wpointer-arith -Wbad-function-cast -Wwrite-strings -Wdate-time -Wsign-conversion -Wfloat-conversion -Wlogical-op -Waggregate-return -Wstrict-prototypes -Wold-style-definition -Wmissing-prototypes -Wmissing-declarations -Wredundant-decls -Wimplicit-fallthrough -Wimplicit-fallthrough=5 -Wmissing-variable-declarations -g -O2 -o .libs/test_index test_index.o  ../src/liblzma/.libs/liblzma.so -lpthread -pthread
make[2]: Leaving directory '/sources/xz-5.8.1/tests'
make  check-TESTS
make[2]: Entering directory '/sources/xz-5.8.1/tests'
make[3]: Entering directory '/sources/xz-5.8.1/tests'
PASS: test_hardware
PASS: test_filter_flags
PASS: test_filter_str
PASS: test_stream_flags
PASS: test_check
PASS: test_block_header
PASS: test_index
PASS: test_memlimit
PASS: test_index_hash
PASS: test_lzip_decoder
PASS: test_vli
PASS: test_bcj_exact_size
PASS: test_microlzma
PASS: test_suffix.sh
PASS: test_scripts.sh
PASS: test_compress_generated_abc
PASS: test_compress_generated_text
PASS: test_compress_generated_random
PASS: test_files.sh
============================================================================
Testsuite summary for XZ Utils 5.8.1
============================================================================
# TOTAL: 19
# PASS:  19
# SKIP:  0
# XFAIL: 0
# FAIL:  0
# XPASS: 0
# ERROR: 0
============================================================================
make[3]: Leaving directory '/sources/xz-5.8.1/tests'
make[2]: Leaving directory '/sources/xz-5.8.1/tests'
make[1]: Leaving directory '/sources/xz-5.8.1/tests'
make[1]: Entering directory '/sources/xz-5.8.1'
make[1]: Leaving directory '/sources/xz-5.8.1'
