Making install in src
make[1]: Entering directory '/sources/xz-5.8.1/src'
Making install in liblzma
make[2]: Entering directory '/sources/xz-5.8.1/src/liblzma'
Making install in api
make[3]: Entering directory '/sources/xz-5.8.1/src/liblzma/api'
make[4]: Entering directory '/sources/xz-5.8.1/src/liblzma/api'
make[4]: Nothing to be done for 'install-exec-am'.
 /usr/bin/mkdir -p '/usr/include'
 /usr/bin/mkdir -p '/usr/include/lzma'
 /usr/bin/install -c -m 644  lzma/base.h lzma/bcj.h lzma/block.h lzma/check.h lzma/container.h lzma/delta.h lzma/filter.h lzma/hardware.h lzma/index.h lzma/index_hash.h lzma/lzma12.h lzma/stream_flags.h lzma/version.h lzma/vli.h '/usr/include/lzma'
 /usr/bin/install -c -m 644  lzma.h '/usr/include/.'
make[4]: Leaving directory '/sources/xz-5.8.1/src/liblzma/api'
make[3]: Leaving directory '/sources/xz-5.8.1/src/liblzma/api'
make[3]: Entering directory '/sources/xz-5.8.1/src/liblzma'
make[4]: Entering directory '/sources/xz-5.8.1/src/liblzma'
 /usr/bin/mkdir -p '/usr/lib'
 /usr/bin/mkdir -p '/usr/lib/pkgconfig'
 /bin/sh ../../libtool   --mode=install /usr/bin/install -c   liblzma.la '/usr/lib'
 /usr/bin/install -c -m 644 liblzma.pc '/usr/lib/pkgconfig'
libtool: install: /usr/bin/install -c .libs/liblzma.so.5.8.1 /usr/lib/liblzma.so.5.8.1
libtool: install: (cd /usr/lib && { ln -s -f liblzma.so.5.8.1 liblzma.so.5 || { rm -f liblzma.so.5 && ln -s liblzma.so.5.8.1 liblzma.so.5; }; })
libtool: install: (cd /usr/lib && { ln -s -f liblzma.so.5.8.1 liblzma.so || { rm -f liblzma.so && ln -s liblzma.so.5.8.1 liblzma.so; }; })
libtool: install: /usr/bin/install -c .libs/liblzma.lai /usr/lib/liblzma.la
libtool: finish: PATH="/usr/bin:/usr/sbin:/sbin" ldconfig -n /usr/lib
----------------------------------------------------------------------
Libraries have been installed in:
   /usr/lib

If you ever happen to want to link against installed libraries
in a given directory, LIBDIR, you must either use libtool, and
specify the full pathname of the library, or use the '-LLIBDIR'
flag during linking and do at least one of the following:
   - add LIBDIR to the 'LD_LIBRARY_PATH' environment variable
     during execution
   - add LIBDIR to the 'LD_RUN_PATH' environment variable
     during linking
   - use the '-Wl,-rpath -Wl,LIBDIR' linker flag
   - have your system administrator add LIBDIR to '/etc/ld.so.conf'

See any operating system documentation about shared libraries for
more information, such as the ld(1) and ld.so(8) manual pages.
----------------------------------------------------------------------
make[4]: Leaving directory '/sources/xz-5.8.1/src/liblzma'
make[3]: Leaving directory '/sources/xz-5.8.1/src/liblzma'
make[2]: Leaving directory '/sources/xz-5.8.1/src/liblzma'
Making install in xzdec
make[2]: Entering directory '/sources/xz-5.8.1/src/xzdec'
make[3]: Entering directory '/sources/xz-5.8.1/src/xzdec'
 /usr/bin/mkdir -p '/usr/bin'
 /usr/bin/mkdir -p '/usr/share/man/man1'
  /bin/sh ../../libtool   --mode=install /usr/bin/install -c xzdec lzmadec '/usr/bin'
 /usr/bin/install -c -m 644 xzdec.1 '/usr/share/man/man1'
make  install-data-hook
make[4]: Entering directory '/sources/xz-5.8.1/src/xzdec'
languages= ; \
if test "yes" = yes && test -d "../../po4a/man"; then \
	languages=`ls "../../po4a/man"`; \
fi; \
target=`echo xzdec | sed 's,x,x,'` && \
link=`echo lzmadec | sed 's,x,x,'` && \
for lang in . $languages; do \
	man="../../po4a/man/$lang/xzdec.1" ; \
	if test -f "$man"; then \
		make dist_man_MANS="$man" man_MANS= \
			mandir="/usr/share/man/$lang" install-man; \
	fi; \
	man1dir="/usr/share/man/$lang/man1" && \
	if test -f "$man1dir/$target.1"; then \
		if test -n "lzmadec"; then ( \
			cd "$man1dir" && \
			rm -f "$link.1" && \
			ln -s "$target.1" "$link.1" \
		); fi; \
	fi; \
done
make[5]: Entering directory '/sources/xz-5.8.1/src/xzdec'
 /usr/bin/mkdir -p '/usr/share/man/de/man1'
 /usr/bin/install -c -m 644 ../../po4a/man/de/xzdec.1 '/usr/share/man/de/man1'
make[5]: Leaving directory '/sources/xz-5.8.1/src/xzdec'
make[5]: Entering directory '/sources/xz-5.8.1/src/xzdec'
 /usr/bin/mkdir -p '/usr/share/man/fr/man1'
 /usr/bin/install -c -m 644 ../../po4a/man/fr/xzdec.1 '/usr/share/man/fr/man1'
make[5]: Leaving directory '/sources/xz-5.8.1/src/xzdec'
libtool: install: /usr/bin/install -c .libs/xzdec /usr/bin/xzdec
make[5]: Entering directory '/sources/xz-5.8.1/src/xzdec'
 /usr/bin/mkdir -p '/usr/share/man/it/man1'
 /usr/bin/install -c -m 644 ../../po4a/man/it/xzdec.1 '/usr/share/man/it/man1'
make[5]: Leaving directory '/sources/xz-5.8.1/src/xzdec'
libtool: install: /usr/bin/install -c .libs/lzmadec /usr/bin/lzmadec
make[5]: Entering directory '/sources/xz-5.8.1/src/xzdec'
 /usr/bin/mkdir -p '/usr/share/man/ko/man1'
 /usr/bin/install -c -m 644 ../../po4a/man/ko/xzdec.1 '/usr/share/man/ko/man1'
make[5]: Leaving directory '/sources/xz-5.8.1/src/xzdec'
make[5]: Entering directory '/sources/xz-5.8.1/src/xzdec'
 /usr/bin/mkdir -p '/usr/share/man/pt_BR/man1'
 /usr/bin/install -c -m 644 ../../po4a/man/pt_BR/xzdec.1 '/usr/share/man/pt_BR/man1'
make[5]: Leaving directory '/sources/xz-5.8.1/src/xzdec'
make[5]: Entering directory '/sources/xz-5.8.1/src/xzdec'
 /usr/bin/mkdir -p '/usr/share/man/ro/man1'
 /usr/bin/install -c -m 644 ../../po4a/man/ro/xzdec.1 '/usr/share/man/ro/man1'
make[5]: Leaving directory '/sources/xz-5.8.1/src/xzdec'
make[5]: Entering directory '/sources/xz-5.8.1/src/xzdec'
 /usr/bin/mkdir -p '/usr/share/man/sr/man1'
 /usr/bin/install -c -m 644 ../../po4a/man/sr/xzdec.1 '/usr/share/man/sr/man1'
make[5]: Leaving directory '/sources/xz-5.8.1/src/xzdec'
make[5]: Entering directory '/sources/xz-5.8.1/src/xzdec'
 /usr/bin/mkdir -p '/usr/share/man/uk/man1'
 /usr/bin/install -c -m 644 ../../po4a/man/uk/xzdec.1 '/usr/share/man/uk/man1'
make[5]: Leaving directory '/sources/xz-5.8.1/src/xzdec'
make[4]: Leaving directory '/sources/xz-5.8.1/src/xzdec'
make[3]: Leaving directory '/sources/xz-5.8.1/src/xzdec'
make[2]: Leaving directory '/sources/xz-5.8.1/src/xzdec'
Making install in xz
make[2]: Entering directory '/sources/xz-5.8.1/src/xz'
make[3]: Entering directory '/sources/xz-5.8.1/src/xz'
 /usr/bin/mkdir -p '/usr/bin'
 /usr/bin/mkdir -p '/usr/share/man/man1'
  /bin/sh ../../libtool   --mode=install /usr/bin/install -c xz '/usr/bin'
 /usr/bin/install -c -m 644 xz.1 '/usr/share/man/man1'
make  install-data-hook
make[4]: Entering directory '/sources/xz-5.8.1/src/xz'
languages= ; \
if test "yes" = yes && test -d "../../po4a/man"; then \
	languages=`ls "../../po4a/man"`; \
fi; \
target=`echo xz | sed 's,x,x,'` && \
for lang in . $languages; do \
	man="../../po4a/man/$lang/xz.1" ; \
	if test -f "$man"; then \
		make dist_man_MANS="$man" man_MANS= \
			mandir="/usr/share/man/$lang" install-man; \
	fi; \
	man1dir="/usr/share/man/$lang/man1" && \
	if test -f "$man1dir/$target.1"; then ( \
		cd "$man1dir" && \
		for name in unxz xzcat lzma unlzma lzcat; do \
			link=`echo $name | sed 's,x,x,'` && \
			rm -f "$link.1" && \
			ln -s "$target.1" "$link.1"; \
		done \
	); fi; \
done
make[5]: Entering directory '/sources/xz-5.8.1/src/xz'
libtool: install: /usr/bin/install -c .libs/xz /usr/bin/xz
 /usr/bin/mkdir -p '/usr/share/man/de/man1'
make  install-exec-hook
 /usr/bin/install -c -m 644 ../../po4a/man/de/xz.1 '/usr/share/man/de/man1'
make[5]: Leaving directory '/sources/xz-5.8.1/src/xz'
make[4]: Entering directory '/sources/xz-5.8.1/src/xz'
cd "/usr/bin" && \
target=`echo xz | sed 's,x,x,'` && \
for name in unxz xzcat lzma unlzma lzcat; do \
	link=`echo $name | sed 's,x,x,'` && \
	rm -f "$link" && \
	ln -s "$target" "$link"; \
done
make[4]: Leaving directory '/sources/xz-5.8.1/src/xz'
make[5]: Entering directory '/sources/xz-5.8.1/src/xz'
 /usr/bin/mkdir -p '/usr/share/man/fr/man1'
 /usr/bin/install -c -m 644 ../../po4a/man/fr/xz.1 '/usr/share/man/fr/man1'
make[5]: Leaving directory '/sources/xz-5.8.1/src/xz'
make[5]: Entering directory '/sources/xz-5.8.1/src/xz'
 /usr/bin/mkdir -p '/usr/share/man/it/man1'
 /usr/bin/install -c -m 644 ../../po4a/man/it/xz.1 '/usr/share/man/it/man1'
make[5]: Leaving directory '/sources/xz-5.8.1/src/xz'
make[5]: Entering directory '/sources/xz-5.8.1/src/xz'
 /usr/bin/mkdir -p '/usr/share/man/ko/man1'
 /usr/bin/install -c -m 644 ../../po4a/man/ko/xz.1 '/usr/share/man/ko/man1'
make[5]: Leaving directory '/sources/xz-5.8.1/src/xz'
make[5]: Entering directory '/sources/xz-5.8.1/src/xz'
 /usr/bin/mkdir -p '/usr/share/man/pt_BR/man1'
 /usr/bin/install -c -m 644 ../../po4a/man/pt_BR/xz.1 '/usr/share/man/pt_BR/man1'
make[5]: Leaving directory '/sources/xz-5.8.1/src/xz'
make[5]: Entering directory '/sources/xz-5.8.1/src/xz'
 /usr/bin/mkdir -p '/usr/share/man/ro/man1'
 /usr/bin/install -c -m 644 ../../po4a/man/ro/xz.1 '/usr/share/man/ro/man1'
make[5]: Leaving directory '/sources/xz-5.8.1/src/xz'
make[5]: Entering directory '/sources/xz-5.8.1/src/xz'
 /usr/bin/mkdir -p '/usr/share/man/sr/man1'
 /usr/bin/install -c -m 644 ../../po4a/man/sr/xz.1 '/usr/share/man/sr/man1'
make[5]: Leaving directory '/sources/xz-5.8.1/src/xz'
make[5]: Entering directory '/sources/xz-5.8.1/src/xz'
 /usr/bin/mkdir -p '/usr/share/man/uk/man1'
 /usr/bin/install -c -m 644 ../../po4a/man/uk/xz.1 '/usr/share/man/uk/man1'
make[5]: Leaving directory '/sources/xz-5.8.1/src/xz'
make[4]: Leaving directory '/sources/xz-5.8.1/src/xz'
make[3]: Leaving directory '/sources/xz-5.8.1/src/xz'
make[2]: Leaving directory '/sources/xz-5.8.1/src/xz'
Making install in lzmainfo
make[2]: Entering directory '/sources/xz-5.8.1/src/lzmainfo'
make[3]: Entering directory '/sources/xz-5.8.1/src/lzmainfo'
 /usr/bin/mkdir -p '/usr/bin'
 /usr/bin/mkdir -p '/usr/share/man/man1'
  /bin/sh ../../libtool   --mode=install /usr/bin/install -c lzmainfo '/usr/bin'
 /usr/bin/install -c -m 644 lzmainfo.1 '/usr/share/man/man1'
make  install-data-hook
make[4]: Entering directory '/sources/xz-5.8.1/src/lzmainfo'
languages= ; \
if test "yes" = yes && test -d "../../po4a/man"; then \
	languages=`ls "../../po4a/man"`; \
fi; \
for lang in . $languages; do \
	man="../../po4a/man/$lang/lzmainfo.1" ; \
	if test -f "$man"; then \
		make dist_man_MANS="$man" man_MANS= \
			mandir="/usr/share/man/$lang" install-man; \
	fi; \
done
make[5]: Entering directory '/sources/xz-5.8.1/src/lzmainfo'
 /usr/bin/mkdir -p '/usr/share/man/de/man1'
 /usr/bin/install -c -m 644 ../../po4a/man/de/lzmainfo.1 '/usr/share/man/de/man1'
make[5]: Leaving directory '/sources/xz-5.8.1/src/lzmainfo'
make[5]: Entering directory '/sources/xz-5.8.1/src/lzmainfo'
 /usr/bin/mkdir -p '/usr/share/man/fr/man1'
 /usr/bin/install -c -m 644 ../../po4a/man/fr/lzmainfo.1 '/usr/share/man/fr/man1'
make[5]: Leaving directory '/sources/xz-5.8.1/src/lzmainfo'
make[5]: Entering directory '/sources/xz-5.8.1/src/lzmainfo'
 /usr/bin/mkdir -p '/usr/share/man/it/man1'
 /usr/bin/install -c -m 644 ../../po4a/man/it/lzmainfo.1 '/usr/share/man/it/man1'
libtool: install: /usr/bin/install -c .libs/lzmainfo /usr/bin/lzmainfo
make[5]: Leaving directory '/sources/xz-5.8.1/src/lzmainfo'
make[5]: Entering directory '/sources/xz-5.8.1/src/lzmainfo'
 /usr/bin/mkdir -p '/usr/share/man/ko/man1'
 /usr/bin/install -c -m 644 ../../po4a/man/ko/lzmainfo.1 '/usr/share/man/ko/man1'
make[5]: Leaving directory '/sources/xz-5.8.1/src/lzmainfo'
make[5]: Entering directory '/sources/xz-5.8.1/src/lzmainfo'
 /usr/bin/mkdir -p '/usr/share/man/pt_BR/man1'
 /usr/bin/install -c -m 644 ../../po4a/man/pt_BR/lzmainfo.1 '/usr/share/man/pt_BR/man1'
make[5]: Leaving directory '/sources/xz-5.8.1/src/lzmainfo'
make[5]: Entering directory '/sources/xz-5.8.1/src/lzmainfo'
 /usr/bin/mkdir -p '/usr/share/man/ro/man1'
 /usr/bin/install -c -m 644 ../../po4a/man/ro/lzmainfo.1 '/usr/share/man/ro/man1'
make[5]: Leaving directory '/sources/xz-5.8.1/src/lzmainfo'
make[5]: Entering directory '/sources/xz-5.8.1/src/lzmainfo'
 /usr/bin/mkdir -p '/usr/share/man/sr/man1'
 /usr/bin/install -c -m 644 ../../po4a/man/sr/lzmainfo.1 '/usr/share/man/sr/man1'
make[5]: Leaving directory '/sources/xz-5.8.1/src/lzmainfo'
make[5]: Entering directory '/sources/xz-5.8.1/src/lzmainfo'
 /usr/bin/mkdir -p '/usr/share/man/uk/man1'
 /usr/bin/install -c -m 644 ../../po4a/man/uk/lzmainfo.1 '/usr/share/man/uk/man1'
make[5]: Leaving directory '/sources/xz-5.8.1/src/lzmainfo'
make[4]: Leaving directory '/sources/xz-5.8.1/src/lzmainfo'
make[3]: Leaving directory '/sources/xz-5.8.1/src/lzmainfo'
make[2]: Leaving directory '/sources/xz-5.8.1/src/lzmainfo'
Making install in scripts
make[2]: Entering directory '/sources/xz-5.8.1/src/scripts'
make[3]: Entering directory '/sources/xz-5.8.1/src/scripts'
 /usr/bin/mkdir -p '/usr/bin'
 /usr/bin/mkdir -p '/usr/share/man/man1'
 /usr/bin/install -c xzdiff xzgrep xzmore xzless '/usr/bin'
make  install-exec-hook
 /usr/bin/install -c -m 644 xzdiff.1 xzgrep.1 xzmore.1 xzless.1 '/usr/share/man/man1'
make[4]: Entering directory '/sources/xz-5.8.1/src/scripts'
cd "/usr/bin" && \
for pair in xzdiff-xzcmp xzgrep-xzegrep xzgrep-xzfgrep xzdiff-lzdiff xzdiff-lzcmp xzgrep-lzgrep xzgrep-lzegrep xzgrep-lzfgrep xzmore-lzmore xzless-lzless; do \
	target=`echo $pair | sed 's/-.*$//' | sed 's,x,x,'` && \
	link=`echo $pair | sed 's/^.*-//' | sed 's,x,x,'` && \
	rm -f "$link" && \
	ln -s "$target" "$link"; \
done
make  install-data-hook
make[4]: Entering directory '/sources/xz-5.8.1/src/scripts'
languages= ; \
if test "yes" = yes && test -d "../../po4a/man"; then \
	languages=`ls "../../po4a/man"`; \
fi; \
for lang in $languages; do \
	mans= ; \
	for man in xzdiff.1 xzgrep.1 xzmore.1 xzless.1; do \
		man="../../po4a/man/$lang/$man" ; \
		if test -f "$man"; then \
			mans="$mans $man"; \
		fi; \
	done; \
	make dist_man_MANS="$mans" man_MANS= \
			mandir="/usr/share/man/$lang" install-man; \
done; \
for lang in . $languages; do \
	for pair in xzdiff-xzcmp xzgrep-xzegrep xzgrep-xzfgrep xzdiff-lzdiff xzdiff-lzcmp xzgrep-lzgrep xzgrep-lzegrep xzgrep-lzfgrep xzmore-lzmore xzless-lzless; do \
		target=`echo $pair | sed 's/-.*$//' \
				| sed 's,x,x,'` && \
		link=`echo $pair | sed 's/^.*-//' \
				| sed 's,x,x,'` && \
		man1dir="/usr/share/man/$lang/man1" && \
		if test -f "$man1dir/$target.1"; then ( \
			cd "$man1dir" && \
			rm -f "$link.1" && \
			ln -s "$target.1" "$link.1" \
		); fi; \
	done; \
done
make[5]: Entering directory '/sources/xz-5.8.1/src/scripts'
 /usr/bin/mkdir -p '/usr/share/man/de/man1'
 /usr/bin/install -c -m 644 ../../po4a/man/de/xzdiff.1 ../../po4a/man/de/xzgrep.1 ../../po4a/man/de/xzmore.1 ../../po4a/man/de/xzless.1 '/usr/share/man/de/man1'
make[5]: Leaving directory '/sources/xz-5.8.1/src/scripts'
make[5]: Entering directory '/sources/xz-5.8.1/src/scripts'
 /usr/bin/mkdir -p '/usr/share/man/fr/man1'
 /usr/bin/install -c -m 644 ../../po4a/man/fr/xzless.1 '/usr/share/man/fr/man1'
make[5]: Leaving directory '/sources/xz-5.8.1/src/scripts'
make[5]: Entering directory '/sources/xz-5.8.1/src/scripts'
 /usr/bin/mkdir -p '/usr/share/man/it/man1'
 /usr/bin/install -c -m 644 ../../po4a/man/it/xzdiff.1 ../../po4a/man/it/xzgrep.1 ../../po4a/man/it/xzmore.1 ../../po4a/man/it/xzless.1 '/usr/share/man/it/man1'
make[5]: Leaving directory '/sources/xz-5.8.1/src/scripts'
make[5]: Entering directory '/sources/xz-5.8.1/src/scripts'
 /usr/bin/mkdir -p '/usr/share/man/ko/man1'
 /usr/bin/install -c -m 644 ../../po4a/man/ko/xzdiff.1 ../../po4a/man/ko/xzgrep.1 ../../po4a/man/ko/xzmore.1 ../../po4a/man/ko/xzless.1 '/usr/share/man/ko/man1'
make[5]: Leaving directory '/sources/xz-5.8.1/src/scripts'
make[5]: Entering directory '/sources/xz-5.8.1/src/scripts'
 /usr/bin/mkdir -p '/usr/share/man/pt_BR/man1'
 /usr/bin/install -c -m 644 ../../po4a/man/pt_BR/xzless.1 '/usr/share/man/pt_BR/man1'
make[5]: Leaving directory '/sources/xz-5.8.1/src/scripts'
make[4]: Leaving directory '/sources/xz-5.8.1/src/scripts'
make[5]: Entering directory '/sources/xz-5.8.1/src/scripts'
 /usr/bin/mkdir -p '/usr/share/man/ro/man1'
 /usr/bin/install -c -m 644 ../../po4a/man/ro/xzdiff.1 ../../po4a/man/ro/xzgrep.1 ../../po4a/man/ro/xzmore.1 ../../po4a/man/ro/xzless.1 '/usr/share/man/ro/man1'
make[5]: Leaving directory '/sources/xz-5.8.1/src/scripts'
make[5]: Entering directory '/sources/xz-5.8.1/src/scripts'
 /usr/bin/mkdir -p '/usr/share/man/sr/man1'
 /usr/bin/install -c -m 644 ../../po4a/man/sr/xzdiff.1 ../../po4a/man/sr/xzgrep.1 ../../po4a/man/sr/xzmore.1 ../../po4a/man/sr/xzless.1 '/usr/share/man/sr/man1'
make[5]: Leaving directory '/sources/xz-5.8.1/src/scripts'
make[5]: Entering directory '/sources/xz-5.8.1/src/scripts'
 /usr/bin/mkdir -p '/usr/share/man/uk/man1'
 /usr/bin/install -c -m 644 ../../po4a/man/uk/xzdiff.1 ../../po4a/man/uk/xzgrep.1 ../../po4a/man/uk/xzmore.1 ../../po4a/man/uk/xzless.1 '/usr/share/man/uk/man1'
make[5]: Leaving directory '/sources/xz-5.8.1/src/scripts'
make[4]: Leaving directory '/sources/xz-5.8.1/src/scripts'
make[3]: Leaving directory '/sources/xz-5.8.1/src/scripts'
make[2]: Leaving directory '/sources/xz-5.8.1/src/scripts'
make[2]: Entering directory '/sources/xz-5.8.1/src'
make[3]: Entering directory '/sources/xz-5.8.1/src'
make[3]: Nothing to be done for 'install-exec-am'.
make[3]: Nothing to be done for 'install-data-am'.
make[3]: Leaving directory '/sources/xz-5.8.1/src'
make[2]: Leaving directory '/sources/xz-5.8.1/src'
make[1]: Leaving directory '/sources/xz-5.8.1/src'
Making install in po
make[1]: Entering directory '/sources/xz-5.8.1/po'
installing ca.gmo as /usr/share/locale/ca/LC_MESSAGES/xz.mo
installing cs.gmo as /usr/share/locale/cs/LC_MESSAGES/xz.mo
installing da.gmo as /usr/share/locale/da/LC_MESSAGES/xz.mo
installing de.gmo as /usr/share/locale/de/LC_MESSAGES/xz.mo
installing eo.gmo as /usr/share/locale/eo/LC_MESSAGES/xz.mo
installing es.gmo as /usr/share/locale/es/LC_MESSAGES/xz.mo
installing fi.gmo as /usr/share/locale/fi/LC_MESSAGES/xz.mo
installing fr.gmo as /usr/share/locale/fr/LC_MESSAGES/xz.mo
installing hr.gmo as /usr/share/locale/hr/LC_MESSAGES/xz.mo
installing hu.gmo as /usr/share/locale/hu/LC_MESSAGES/xz.mo
installing it.gmo as /usr/share/locale/it/LC_MESSAGES/xz.mo
installing ka.gmo as /usr/share/locale/ka/LC_MESSAGES/xz.mo
installing ko.gmo as /usr/share/locale/ko/LC_MESSAGES/xz.mo
installing nl.gmo as /usr/share/locale/nl/LC_MESSAGES/xz.mo
installing pl.gmo as /usr/share/locale/pl/LC_MESSAGES/xz.mo
installing pt.gmo as /usr/share/locale/pt/LC_MESSAGES/xz.mo
installing pt_BR.gmo as /usr/share/locale/pt_BR/LC_MESSAGES/xz.mo
installing ro.gmo as /usr/share/locale/ro/LC_MESSAGES/xz.mo
installing sr.gmo as /usr/share/locale/sr/LC_MESSAGES/xz.mo
installing sv.gmo as /usr/share/locale/sv/LC_MESSAGES/xz.mo
installing tr.gmo as /usr/share/locale/tr/LC_MESSAGES/xz.mo
installing uk.gmo as /usr/share/locale/uk/LC_MESSAGES/xz.mo
installing vi.gmo as /usr/share/locale/vi/LC_MESSAGES/xz.mo
installing zh_CN.gmo as /usr/share/locale/zh_CN/LC_MESSAGES/xz.mo
installing zh_TW.gmo as /usr/share/locale/zh_TW/LC_MESSAGES/xz.mo
if test "xz" = "gettext-tools"; then \
  /usr/bin/mkdir -p /usr/share/gettext/po; \
  for file in Makefile.in.in remove-potcdate.sed quot.sed boldquot.sed en@quot.header en@boldquot.header insert-header.sed Rules-quot   Makevars.template; do \
    /usr/bin/install -c -m 644 ./$file \
		    /usr/share/gettext/po/$file; \
  done; \
  for file in Makevars; do \
    rm -f /usr/share/gettext/po/$file; \
  done; \
else \
  : ; \
fi
make[1]: Leaving directory '/sources/xz-5.8.1/po'
Making install in tests
make[1]: Entering directory '/sources/xz-5.8.1/tests'
make[2]: Entering directory '/sources/xz-5.8.1/tests'
make[2]: Nothing to be done for 'install-exec-am'.
make[2]: Nothing to be done for 'install-data-am'.
make[2]: Leaving directory '/sources/xz-5.8.1/tests'
make[1]: Leaving directory '/sources/xz-5.8.1/tests'
make[1]: Entering directory '/sources/xz-5.8.1'
make[2]: Entering directory '/sources/xz-5.8.1'
make[2]: Nothing to be done for 'install-exec-am'.
 /usr/bin/mkdir -p '/usr/share/doc/xz-5.8.1'
 /usr/bin/mkdir -p '/usr/share/doc/xz-5.8.1/examples'
 /usr/bin/install -c -m 644 AUTHORS COPYING COPYING.0BSD COPYING.GPLv2 NEWS README THANKS doc/faq.txt doc/history.txt doc/xz-file-format.txt doc/lzma-file-format.txt '/usr/share/doc/xz-5.8.1'
 /usr/bin/install -c -m 644 doc/examples/00_README.txt doc/examples/01_compress_easy.c doc/examples/02_decompress.c doc/examples/03_compress_custom.c doc/examples/04_compress_easy_mt.c doc/examples/11_file_info.c doc/examples/Makefile '/usr/share/doc/xz-5.8.1/examples'
make[2]: Leaving directory '/sources/xz-5.8.1'
make[1]: Leaving directory '/sources/xz-5.8.1'
