make  all-recursive
make[1]: Entering directory '/sources/expat-2.7.1'
Making all in lib
make[2]: Entering directory '/sources/expat-2.7.1/lib'
/bin/sh ../libtool  --tag=CC   --mode=compile gcc -DHAVE_CONFIG_H -I. -I..  -DXML_ENABLE_VISIBILITY=1  -Wall -Wextra -fexceptions -fno-strict-aliasing -Wmissing-prototypes -Wstrict-prototypes -pedantic -Wduplicated-cond -Wduplicated-branches -Wlogical-op -Wrestrict -Wnull-dereference -Wjump-misses-init -Wdouble-promotion -Wshadow -Wformat=2 -Wno-pedantic-ms-format -Wmisleading-indentation -fvisibility=hidden -g -O2 -MT xmlparse.lo -MD -MP -MF .deps/xmlparse.Tpo -c -o xmlparse.lo xmlparse.c
/bin/sh ../libtool  --tag=CC   --mode=compile gcc -DHAVE_CONFIG_H -I. -I..  -DXML_ENABLE_VISIBILITY=1  -Wall -Wextra -fexceptions -fno-strict-aliasing -Wmissing-prototypes -Wstrict-prototypes -pedantic -Wduplicated-cond -Wduplicated-branches -Wlogical-op -Wrestrict -Wnull-dereference -Wjump-misses-init -Wdouble-promotion -Wshadow -Wformat=2 -Wno-pedantic-ms-format -Wmisleading-indentation -fvisibility=hidden -g -O2 -MT xmltok.lo -MD -MP -MF .deps/xmltok.Tpo -c -o xmltok.lo xmltok.c
/bin/sh ../libtool  --tag=CC   --mode=compile gcc -DHAVE_CONFIG_H -I. -I..  -DXML_ENABLE_VISIBILITY=1  -Wall -Wextra -fexceptions -fno-strict-aliasing -Wmissing-prototypes -Wstrict-prototypes -pedantic -Wduplicated-cond -Wduplicated-branches -Wlogical-op -Wrestrict -Wnull-dereference -Wjump-misses-init -Wdouble-promotion -Wshadow -Wformat=2 -Wno-pedantic-ms-format -Wmisleading-indentation -fvisibility=hidden -g -O2 -MT xmlrole.lo -MD -MP -MF .deps/xmlrole.Tpo -c -o xmlrole.lo xmlrole.c
/bin/sh ../libtool  --tag=CC   --mode=compile gcc -DHAVE_CONFIG_H -I. -I..  -DXML_TESTING  -Wall -Wextra -fexceptions -fno-strict-aliasing -Wmissing-prototypes -Wstrict-prototypes -pedantic -Wduplicated-cond -Wduplicated-branches -Wlogical-op -Wrestrict -Wnull-dereference -Wjump-misses-init -Wdouble-promotion -Wshadow -Wformat=2 -Wno-pedantic-ms-format -Wmisleading-indentation -fvisibility=hidden -g -O2 -MT libtestpat_la-xmlparse.lo -MD -MP -MF .deps/libtestpat_la-xmlparse.Tpo -c -o libtestpat_la-xmlparse.lo `test -f 'xmlparse.c' || echo './'`xmlparse.c
/bin/sh ../libtool  --tag=CC   --mode=compile gcc -DHAVE_CONFIG_H -I. -I..  -DXML_TESTING  -Wall -Wextra -fexceptions -fno-strict-aliasing -Wmissing-prototypes -Wstrict-prototypes -pedantic -Wduplicated-cond -Wduplicated-branches -Wlogical-op -Wrestrict -Wnull-dereference -Wjump-misses-init -Wdouble-promotion -Wshadow -Wformat=2 -Wno-pedantic-ms-format -Wmisleading-indentation -fvisibility=hidden -g -O2 -MT libtestpat_la-xmltok.lo -MD -MP -MF .deps/libtestpat_la-xmltok.Tpo -c -o libtestpat_la-xmltok.lo `test -f 'xmltok.c' || echo './'`xmltok.c
/bin/sh ../libtool  --tag=CC   --mode=compile gcc -DHAVE_CONFIG_H -I. -I..  -DXML_TESTING  -Wall -Wextra -fexceptions -fno-strict-aliasing -Wmissing-prototypes -Wstrict-prototypes -pedantic -Wduplicated-cond -Wduplicated-branches -Wlogical-op -Wrestrict -Wnull-dereference -Wjump-misses-init -Wdouble-promotion -Wshadow -Wformat=2 -Wno-pedantic-ms-format -Wmisleading-indentation -fvisibility=hidden -g -O2 -MT libtestpat_la-xmlrole.lo -MD -MP -MF .deps/libtestpat_la-xmlrole.Tpo -c -o libtestpat_la-xmlrole.lo `test -f 'xmlrole.c' || echo './'`xmlrole.c
libtool: compile:  gcc -DHAVE_CONFIG_H -I. -I.. -DXML_ENABLE_VISIBILITY=1 -Wall -Wextra -fexceptions -fno-strict-aliasing -Wmissing-prototypes -Wstrict-prototypes -pedantic -Wduplicated-cond -Wduplicated-branches -Wlogical-op -Wrestrict -Wnull-dereference -Wjump-misses-init -Wdouble-promotion -Wshadow -Wformat=2 -Wno-pedantic-ms-format -Wmisleading-indentation -fvisibility=hidden -g -O2 -MT xmlrole.lo -MD -MP -MF .deps/xmlrole.Tpo -c xmlrole.c  -fPIC -DPIC -o .libs/xmlrole.o
libtool: compile:  gcc -DHAVE_CONFIG_H -I. -I.. -DXML_ENABLE_VISIBILITY=1 -Wall -Wextra -fexceptions -fno-strict-aliasing -Wmissing-prototypes -Wstrict-prototypes -pedantic -Wduplicated-cond -Wduplicated-branches -Wlogical-op -Wrestrict -Wnull-dereference -Wjump-misses-init -Wdouble-promotion -Wshadow -Wformat=2 -Wno-pedantic-ms-format -Wmisleading-indentation -fvisibility=hidden -g -O2 -MT xmlparse.lo -MD -MP -MF .deps/xmlparse.Tpo -c xmlparse.c  -fPIC -DPIC -o .libs/xmlparse.o
libtool: compile:  gcc -DHAVE_CONFIG_H -I. -I.. -DXML_ENABLE_VISIBILITY=1 -Wall -Wextra -fexceptions -fno-strict-aliasing -Wmissing-prototypes -Wstrict-prototypes -pedantic -Wduplicated-cond -Wduplicated-branches -Wlogical-op -Wrestrict -Wnull-dereference -Wjump-misses-init -Wdouble-promotion -Wshadow -Wformat=2 -Wno-pedantic-ms-format -Wmisleading-indentation -fvisibility=hidden -g -O2 -MT xmltok.lo -MD -MP -MF .deps/xmltok.Tpo -c xmltok.c  -fPIC -DPIC -o .libs/xmltok.o
libtool: compile:  gcc -DHAVE_CONFIG_H -I. -I.. -DXML_TESTING -Wall -Wextra -fexceptions -fno-strict-aliasing -Wmissing-prototypes -Wstrict-prototypes -pedantic -Wduplicated-cond -Wduplicated-branches -Wlogical-op -Wrestrict -Wnull-dereference -Wjump-misses-init -Wdouble-promotion -Wshadow -Wformat=2 -Wno-pedantic-ms-format -Wmisleading-indentation -fvisibility=hidden -g -O2 -MT libtestpat_la-xmlrole.lo -MD -MP -MF .deps/libtestpat_la-xmlrole.Tpo -c xmlrole.c  -fPIC -DPIC -o .libs/libtestpat_la-xmlrole.o
libtool: compile:  gcc -DHAVE_CONFIG_H -I. -I.. -DXML_TESTING -Wall -Wextra -fexceptions -fno-strict-aliasing -Wmissing-prototypes -Wstrict-prototypes -pedantic -Wduplicated-cond -Wduplicated-branches -Wlogical-op -Wrestrict -Wnull-dereference -Wjump-misses-init -Wdouble-promotion -Wshadow -Wformat=2 -Wno-pedantic-ms-format -Wmisleading-indentation -fvisibility=hidden -g -O2 -MT libtestpat_la-xmltok.lo -MD -MP -MF .deps/libtestpat_la-xmltok.Tpo -c xmltok.c  -fPIC -DPIC -o .libs/libtestpat_la-xmltok.o
libtool: compile:  gcc -DHAVE_CONFIG_H -I. -I.. -DXML_TESTING -Wall -Wextra -fexceptions -fno-strict-aliasing -Wmissing-prototypes -Wstrict-prototypes -pedantic -Wduplicated-cond -Wduplicated-branches -Wlogical-op -Wrestrict -Wnull-dereference -Wjump-misses-init -Wdouble-promotion -Wshadow -Wformat=2 -Wno-pedantic-ms-format -Wmisleading-indentation -fvisibility=hidden -g -O2 -MT libtestpat_la-xmlparse.lo -MD -MP -MF .deps/libtestpat_la-xmlparse.Tpo -c xmlparse.c  -fPIC -DPIC -o .libs/libtestpat_la-xmlparse.o
mv -f .deps/libtestpat_la-xmlrole.Tpo .deps/libtestpat_la-xmlrole.Plo
mv -f .deps/xmlrole.Tpo .deps/xmlrole.Plo
mv -f .deps/libtestpat_la-xmlparse.Tpo .deps/libtestpat_la-xmlparse.Plo
mv -f .deps/xmlparse.Tpo .deps/xmlparse.Plo
mv -f .deps/libtestpat_la-xmltok.Tpo .deps/libtestpat_la-xmltok.Plo
/bin/sh ../libtool  --tag=CC   --mode=link gcc -Wall -Wextra -fexceptions -fno-strict-aliasing -Wmissing-prototypes -Wstrict-prototypes -pedantic -Wduplicated-cond -Wduplicated-branches -Wlogical-op -Wrestrict -Wnull-dereference -Wjump-misses-init -Wdouble-promotion -Wshadow -Wformat=2 -Wno-pedantic-ms-format -Wmisleading-indentation -fvisibility=hidden -g -O2 -fno-strict-aliasing  -o libtestpat.la  libtestpat_la-xmlparse.lo libtestpat_la-xmltok.lo libtestpat_la-xmlrole.lo  
mv -f .deps/xmltok.Tpo .deps/xmltok.Plo
/bin/sh ../libtool  --tag=CC   --mode=link gcc -Wall -Wextra -fexceptions -fno-strict-aliasing -Wmissing-prototypes -Wstrict-prototypes -pedantic -Wduplicated-cond -Wduplicated-branches -Wlogical-op -Wrestrict -Wnull-dereference -Wjump-misses-init -Wdouble-promotion -Wshadow -Wformat=2 -Wno-pedantic-ms-format -Wmisleading-indentation -fvisibility=hidden -g -O2 -fno-strict-aliasing -lm -no-undefined -version-info 11:2:10  -o libexpat.la -rpath /usr/lib xmlparse.lo xmltok.lo xmlrole.lo  
libtool: link: ar cr .libs/libtestpat.a .libs/libtestpat_la-xmlparse.o .libs/libtestpat_la-xmltok.o .libs/libtestpat_la-xmlrole.o 
libtool: link: gcc -shared  -fPIC -DPIC  .libs/xmlparse.o .libs/xmltok.o .libs/xmlrole.o   -lm  -g -O2   -Wl,-soname -Wl,libexpat.so.1 -o .libs/libexpat.so.1.10.2
libtool: link: ranlib .libs/libtestpat.a
libtool: link: ( cd ".libs" && rm -f "libtestpat.la" && ln -s "../libtestpat.la" "libtestpat.la" )
libtool: link: (cd ".libs" && rm -f "libexpat.so.1" && ln -s "libexpat.so.1.10.2" "libexpat.so.1")
libtool: link: (cd ".libs" && rm -f "libexpat.so" && ln -s "libexpat.so.1.10.2" "libexpat.so")
libtool: link: ( cd ".libs" && rm -f "libexpat.la" && ln -s "../libexpat.la" "libexpat.la" )
make[2]: Leaving directory '/sources/expat-2.7.1/lib'
Making all in examples
make[2]: Entering directory '/sources/expat-2.7.1/examples'
gcc -DHAVE_CONFIG_H -I. -I..  -DXML_ENABLE_VISIBILITY=1 -I./../lib  -Wall -Wextra -fexceptions -fno-strict-aliasing -Wmissing-prototypes -Wstrict-prototypes -pedantic -Wduplicated-cond -Wduplicated-branches -Wlogical-op -Wrestrict -Wnull-dereference -Wjump-misses-init -Wdouble-promotion -Wshadow -Wformat=2 -Wno-pedantic-ms-format -Wmisleading-indentation -fvisibility=hidden -g -O2 -MT element_declarations.o -MD -MP -MF .deps/element_declarations.Tpo -c -o element_declarations.o element_declarations.c
gcc -DHAVE_CONFIG_H -I. -I..  -DXML_ENABLE_VISIBILITY=1 -I./../lib  -Wall -Wextra -fexceptions -fno-strict-aliasing -Wmissing-prototypes -Wstrict-prototypes -pedantic -Wduplicated-cond -Wduplicated-branches -Wlogical-op -Wrestrict -Wnull-dereference -Wjump-misses-init -Wdouble-promotion -Wshadow -Wformat=2 -Wno-pedantic-ms-format -Wmisleading-indentation -fvisibility=hidden -g -O2 -MT elements.o -MD -MP -MF .deps/elements.Tpo -c -o elements.o elements.c
gcc -DHAVE_CONFIG_H -I. -I..  -DXML_ENABLE_VISIBILITY=1 -I./../lib  -Wall -Wextra -fexceptions -fno-strict-aliasing -Wmissing-prototypes -Wstrict-prototypes -pedantic -Wduplicated-cond -Wduplicated-branches -Wlogical-op -Wrestrict -Wnull-dereference -Wjump-misses-init -Wdouble-promotion -Wshadow -Wformat=2 -Wno-pedantic-ms-format -Wmisleading-indentation -fvisibility=hidden -g -O2 -MT outline.o -MD -MP -MF .deps/outline.Tpo -c -o outline.o outline.c
mv -f .deps/elements.Tpo .deps/elements.Po
/bin/sh ../libtool  --tag=CC   --mode=link gcc -Wall -Wextra -fexceptions -fno-strict-aliasing -Wmissing-prototypes -Wstrict-prototypes -pedantic -Wduplicated-cond -Wduplicated-branches -Wlogical-op -Wrestrict -Wnull-dereference -Wjump-misses-init -Wdouble-promotion -Wshadow -Wformat=2 -Wno-pedantic-ms-format -Wmisleading-indentation -fvisibility=hidden -g -O2 -fno-strict-aliasing  -o elements elements.o ../lib/libexpat.la 
mv -f .deps/outline.Tpo .deps/outline.Po
/bin/sh ../libtool  --tag=CC   --mode=link gcc -Wall -Wextra -fexceptions -fno-strict-aliasing -Wmissing-prototypes -Wstrict-prototypes -pedantic -Wduplicated-cond -Wduplicated-branches -Wlogical-op -Wrestrict -Wnull-dereference -Wjump-misses-init -Wdouble-promotion -Wshadow -Wformat=2 -Wno-pedantic-ms-format -Wmisleading-indentation -fvisibility=hidden -g -O2 -fno-strict-aliasing  -o outline outline.o ../lib/libexpat.la 
mv -f .deps/element_declarations.Tpo .deps/element_declarations.Po
/bin/sh ../libtool  --tag=CC   --mode=link gcc -Wall -Wextra -fexceptions -fno-strict-aliasing -Wmissing-prototypes -Wstrict-prototypes -pedantic -Wduplicated-cond -Wduplicated-branches -Wlogical-op -Wrestrict -Wnull-dereference -Wjump-misses-init -Wdouble-promotion -Wshadow -Wformat=2 -Wno-pedantic-ms-format -Wmisleading-indentation -fvisibility=hidden -g -O2 -fno-strict-aliasing  -o element_declarations element_declarations.o ../lib/libexpat.la 
libtool: link: gcc -Wall -Wextra -fexceptions -fno-strict-aliasing -Wmissing-prototypes -Wstrict-prototypes -pedantic -Wduplicated-cond -Wduplicated-branches -Wlogical-op -Wrestrict -Wnull-dereference -Wjump-misses-init -Wdouble-promotion -Wshadow -Wformat=2 -Wno-pedantic-ms-format -Wmisleading-indentation -fvisibility=hidden -g -O2 -fno-strict-aliasing -o .libs/elements elements.o  ../lib/.libs/libexpat.so -lm
libtool: link: gcc -Wall -Wextra -fexceptions -fno-strict-aliasing -Wmissing-prototypes -Wstrict-prototypes -pedantic -Wduplicated-cond -Wduplicated-branches -Wlogical-op -Wrestrict -Wnull-dereference -Wjump-misses-init -Wdouble-promotion -Wshadow -Wformat=2 -Wno-pedantic-ms-format -Wmisleading-indentation -fvisibility=hidden -g -O2 -fno-strict-aliasing -o .libs/outline outline.o  ../lib/.libs/libexpat.so -lm
libtool: link: gcc -Wall -Wextra -fexceptions -fno-strict-aliasing -Wmissing-prototypes -Wstrict-prototypes -pedantic -Wduplicated-cond -Wduplicated-branches -Wlogical-op -Wrestrict -Wnull-dereference -Wjump-misses-init -Wdouble-promotion -Wshadow -Wformat=2 -Wno-pedantic-ms-format -Wmisleading-indentation -fvisibility=hidden -g -O2 -fno-strict-aliasing -o .libs/element_declarations element_declarations.o  ../lib/.libs/libexpat.so -lm
make[2]: Leaving directory '/sources/expat-2.7.1/examples'
Making all in tests
make[2]: Entering directory '/sources/expat-2.7.1/tests'
Making all in .
make[3]: Entering directory '/sources/expat-2.7.1/tests'
make[3]: Nothing to be done for 'all-am'.
make[3]: Leaving directory '/sources/expat-2.7.1/tests'
Making all in benchmark
make[3]: Entering directory '/sources/expat-2.7.1/tests/benchmark'
gcc -DHAVE_CONFIG_H -I. -I../..  -DXML_ENABLE_VISIBILITY=1 -I./../../lib  -Wall -Wextra -fexceptions -fno-strict-aliasing -Wmissing-prototypes -Wstrict-prototypes -pedantic -Wduplicated-cond -Wduplicated-branches -Wlogical-op -Wrestrict -Wnull-dereference -Wjump-misses-init -Wdouble-promotion -Wshadow -Wformat=2 -Wno-pedantic-ms-format -Wmisleading-indentation -fvisibility=hidden -g -O2 -MT benchmark.o -MD -MP -MF .deps/benchmark.Tpo -c -o benchmark.o benchmark.c
mv -f .deps/benchmark.Tpo .deps/benchmark.Po
/bin/sh ../../libtool  --tag=CC   --mode=link gcc -Wall -Wextra -fexceptions -fno-strict-aliasing -Wmissing-prototypes -Wstrict-prototypes -pedantic -Wduplicated-cond -Wduplicated-branches -Wlogical-op -Wrestrict -Wnull-dereference -Wjump-misses-init -Wdouble-promotion -Wshadow -Wformat=2 -Wno-pedantic-ms-format -Wmisleading-indentation -fvisibility=hidden -g -O2 -fno-strict-aliasing  -o benchmark benchmark.o ../../lib/libexpat.la 
libtool: link: gcc -Wall -Wextra -fexceptions -fno-strict-aliasing -Wmissing-prototypes -Wstrict-prototypes -pedantic -Wduplicated-cond -Wduplicated-branches -Wlogical-op -Wrestrict -Wnull-dereference -Wjump-misses-init -Wdouble-promotion -Wshadow -Wformat=2 -Wno-pedantic-ms-format -Wmisleading-indentation -fvisibility=hidden -g -O2 -fno-strict-aliasing -o .libs/benchmark benchmark.o  ../../lib/.libs/libexpat.so -lm
make[3]: Leaving directory '/sources/expat-2.7.1/tests/benchmark'
make[2]: Leaving directory '/sources/expat-2.7.1/tests'
Making all in xmlwf
make[2]: Entering directory '/sources/expat-2.7.1/xmlwf'
gcc -DHAVE_CONFIG_H -I. -I..  -DXML_ENABLE_VISIBILITY=1 -I./../lib   -Wall -Wextra -fexceptions -fno-strict-aliasing -Wmissing-prototypes -Wstrict-prototypes -pedantic -Wduplicated-cond -Wduplicated-branches -Wlogical-op -Wrestrict -Wnull-dereference -Wjump-misses-init -Wdouble-promotion -Wshadow -Wformat=2 -Wno-pedantic-ms-format -Wmisleading-indentation -fvisibility=hidden -g -O2 -MT xmlwf-xmlwf.o -MD -MP -MF .deps/xmlwf-xmlwf.Tpo -c -o xmlwf-xmlwf.o `test -f 'xmlwf.c' || echo './'`xmlwf.c
gcc -DHAVE_CONFIG_H -I. -I..  -DXML_ENABLE_VISIBILITY=1 -I./../lib   -Wall -Wextra -fexceptions -fno-strict-aliasing -Wmissing-prototypes -Wstrict-prototypes -pedantic -Wduplicated-cond -Wduplicated-branches -Wlogical-op -Wrestrict -Wnull-dereference -Wjump-misses-init -Wdouble-promotion -Wshadow -Wformat=2 -Wno-pedantic-ms-format -Wmisleading-indentation -fvisibility=hidden -g -O2 -MT xmlwf-xmlfile.o -MD -MP -MF .deps/xmlwf-xmlfile.Tpo -c -o xmlwf-xmlfile.o `test -f 'xmlfile.c' || echo './'`xmlfile.c
gcc -DHAVE_CONFIG_H -I. -I..  -DXML_ENABLE_VISIBILITY=1 -I./../lib   -Wall -Wextra -fexceptions -fno-strict-aliasing -Wmissing-prototypes -Wstrict-prototypes -pedantic -Wduplicated-cond -Wduplicated-branches -Wlogical-op -Wrestrict -Wnull-dereference -Wjump-misses-init -Wdouble-promotion -Wshadow -Wformat=2 -Wno-pedantic-ms-format -Wmisleading-indentation -fvisibility=hidden -g -O2 -MT xmlwf-codepage.o -MD -MP -MF .deps/xmlwf-codepage.Tpo -c -o xmlwf-codepage.o `test -f 'codepage.c' || echo './'`codepage.c
gcc -DHAVE_CONFIG_H -I. -I..  -DXML_ENABLE_VISIBILITY=1 -I./../lib   -Wall -Wextra -fexceptions -fno-strict-aliasing -Wmissing-prototypes -Wstrict-prototypes -pedantic -Wduplicated-cond -Wduplicated-branches -Wlogical-op -Wrestrict -Wnull-dereference -Wjump-misses-init -Wdouble-promotion -Wshadow -Wformat=2 -Wno-pedantic-ms-format -Wmisleading-indentation -fvisibility=hidden -g -O2 -MT xmlwf-unixfilemap.o -MD -MP -MF .deps/xmlwf-unixfilemap.Tpo -c -o xmlwf-unixfilemap.o `test -f 'unixfilemap.c' || echo './'`unixfilemap.c
mv -f .deps/xmlwf-codepage.Tpo .deps/xmlwf-codepage.Po
mv -f .deps/xmlwf-unixfilemap.Tpo .deps/xmlwf-unixfilemap.Po
mv -f .deps/xmlwf-xmlfile.Tpo .deps/xmlwf-xmlfile.Po
mv -f .deps/xmlwf-xmlwf.Tpo .deps/xmlwf-xmlwf.Po
/bin/sh ../libtool  --tag=CC   --mode=link gcc -Wall -Wextra -fexceptions -fno-strict-aliasing -Wmissing-prototypes -Wstrict-prototypes -pedantic -Wduplicated-cond -Wduplicated-branches -Wlogical-op -Wrestrict -Wnull-dereference -Wjump-misses-init -Wdouble-promotion -Wshadow -Wformat=2 -Wno-pedantic-ms-format -Wmisleading-indentation -fvisibility=hidden -g -O2 -fno-strict-aliasing -lm   -o xmlwf xmlwf-xmlwf.o xmlwf-xmlfile.o xmlwf-codepage.o xmlwf-unixfilemap.o ../lib/libexpat.la 
libtool: link: gcc -Wall -Wextra -fexceptions -fno-strict-aliasing -Wmissing-prototypes -Wstrict-prototypes -pedantic -Wduplicated-cond -Wduplicated-branches -Wlogical-op -Wrestrict -Wnull-dereference -Wjump-misses-init -Wdouble-promotion -Wshadow -Wformat=2 -Wno-pedantic-ms-format -Wmisleading-indentation -fvisibility=hidden -g -O2 -fno-strict-aliasing -o .libs/xmlwf xmlwf-xmlwf.o xmlwf-xmlfile.o xmlwf-codepage.o xmlwf-unixfilemap.o  ../lib/.libs/libexpat.so -lm
make[2]: Leaving directory '/sources/expat-2.7.1/xmlwf'
Making all in doc
make[2]: Entering directory '/sources/expat-2.7.1/doc'
make[2]: Nothing to be done for 'all'.
make[2]: Leaving directory '/sources/expat-2.7.1/doc'
make[2]: Entering directory '/sources/expat-2.7.1'
make[2]: Leaving directory '/sources/expat-2.7.1'
make[1]: Leaving directory '/sources/expat-2.7.1'
