The Meson build system
Version: 1.8.3
Source dir: /sources/systemd-257.8
Build dir: /sources/systemd-257.8/build
Build type: native build
Project name: systemd
Project version: 257.8
C compiler for the host machine: cc (gcc 15.2.0 "cc (GCC) 15.2.0")
C linker for the host machine: cc ld.bfd 2.45
Host machine cpu family: x86_64
Host machine cpu: x86_64
Program tools/git-setup.sh found: YES (/sources/systemd-257.8/tools/git-setup.sh)
Program tools/meson-build.sh found: YES (/sources/systemd-257.8/tools/meson-build.sh)
C++ compiler for the host machine: c++ (gcc 15.2.0 "c++ (GCC) 15.2.0")
C++ linker for the host machine: c++ ld.bfd 2.45
Compiler for C supports arguments -Wno-missing-field-initializers: YES 
Compiler for C supports arguments -Wno-unknown-warning-option: NO 
Compiler for C supports arguments -Wno-unused-parameter: YES 
Compiler for C supports arguments -Wno-nonnull-compare: YES 
Compiler for C supports arguments -Warray-bounds: YES 
Compiler for C supports arguments -Warray-bounds=2: YES 
Compiler for C supports arguments -Wdate-time: YES 
Compiler for C supports arguments -Wendif-labels: YES 
Compiler for C supports arguments -Werror=format=2: YES 
Compiler for C supports arguments -Werror=format-signedness: YES 
Compiler for C supports arguments -Werror=implicit-function-declaration: YES 
Compiler for C supports arguments -Werror=implicit-int: YES 
Compiler for C supports arguments -Werror=incompatible-pointer-types: YES 
Compiler for C supports arguments -Werror=int-conversion: YES 
Compiler for C supports arguments -Werror=missing-declarations: YES 
Compiler for C supports arguments -Werror=missing-prototypes: YES 
Compiler for C supports arguments -Werror=overflow: YES 
Compiler for C supports arguments -Werror=override-init: YES 
Compiler for C supports arguments -Werror=return-type: YES 
Compiler for C supports arguments -Werror=shift-count-overflow: YES 
Compiler for C supports arguments -Werror=shift-overflow=2: YES 
Compiler for C supports arguments -Werror=strict-flex-arrays: YES 
Compiler for C supports arguments -Werror=undef: YES 
Compiler for C supports arguments -Wfloat-equal: YES 
Compiler for C supports arguments -Wimplicit-fallthrough=5: YES 
Compiler for C supports arguments -Winit-self: YES 
Compiler for C supports arguments -Wlogical-op: YES 
Compiler for C supports arguments -Wmissing-include-dirs: YES 
Compiler for C supports arguments -Wmissing-noreturn: YES 
Compiler for C supports arguments -Wnested-externs: YES 
Compiler for C supports arguments -Wold-style-definition: YES 
Compiler for C supports arguments -Wpointer-arith: YES 
Compiler for C supports arguments -Wredundant-decls: YES 
Compiler for C supports arguments -Wshadow: YES 
Compiler for C supports arguments -Wstrict-aliasing=2: YES 
Compiler for C supports arguments -Wstrict-prototypes: YES 
Compiler for C supports arguments -Wsuggest-attribute=noreturn: YES 
Compiler for C supports arguments -Wunterminated-string-initialization: YES 
Compiler for C supports arguments -Wunused-function: YES 
Compiler for C supports arguments -Wwrite-strings: YES 
Compiler for C supports arguments -Wzero-length-bounds: YES 
Compiler for C supports arguments -Wno-error=#warnings: NO 
Compiler for C supports arguments -Wno-string-plus-int: NO 
Compiler for C supports arguments -fdiagnostics-show-option: YES 
Compiler for C supports arguments -fno-common: YES 
Compiler for C supports arguments -fstack-protector: YES 
Compiler for C supports arguments -fstack-protector-strong: YES 
Compiler for C supports arguments -fstrict-flex-arrays=3: YES 
Compiler for C supports arguments --param=ssp-buffer-size=4: YES 
Compiler for C supports arguments -Wno-maybe-uninitialized: YES 
Compiler for C supports arguments -Wno-unused-result: YES 
Compiler for C supports arguments -ftrivial-auto-var-init=zero: YES 
Compiler for C supports link arguments -fstack-protector: YES 
Compiler for C supports arguments -fno-strict-aliasing: YES 
Compiler for C supports arguments -fstrict-flex-arrays=1: YES 
Compiler for C supports arguments -fvisibility=hidden: YES 
Compiler for C supports arguments -ffunction-sections: YES 
Compiler for C supports arguments -fdata-sections: YES 
Compiler for C supports link arguments -Wl,--fatal-warnings: YES 
Compiler for C supports link arguments -Wl,-z,now: YES 
Compiler for C supports link arguments -Wl,-z,relro: YES 
Compiler for C supports link arguments -Wl,--warn-common: YES 
Compiler for C supports link arguments -Wl,--gc-sections: YES 
Compiler for C supports arguments -Wzero-length-bounds: YES (cached)
Checking if "-Werror=shadow with local shadowing" compiles: YES 
Compiler for C++ supports arguments -Wno-missing-field-initializers: YES 
Compiler for C++ supports arguments -Wno-unknown-warning-option: NO 
Compiler for C++ supports arguments -Wno-unused-parameter: YES 
Compiler for C++ supports arguments -Wno-nonnull-compare: YES 
Compiler for C supports arguments -Wstringop-truncation: YES 
Checking for size of "dev_t" : 8 
Checking for size of "ino_t" : 8 
Checking for size of "rlim_t" : 8 
Checking for size of "time_t" : 8 
Checking for size of "typeof(((struct timex *)0)->freq)" : 8 
Computing int of "LONG_MAX" : 9223372036854775807
Checking for size of "char16_t" : 2 
Checking for size of "char32_t" : 4 
Checking for size of "struct mount_attr" : 32 
Checking for size of "struct statx" : 256 
Checking for size of "struct dirent64" : 280 
Checking for size of "struct sched_attr" : 56 
Checking for function "secure_getenv" : YES 
Checking for function "__secure_getenv" : NO 
Checking for function "memfd_create" : YES 
Checking for function "gettid" : YES 
Checking for function "fchmodat2" : NO 
Checking for function "pivot_root" : NO 
Checking for function "ioprio_get" : NO 
Checking for function "ioprio_set" : NO 
Checking for function "sched_setattr" : YES 
Checking for function "name_to_handle_at" : YES 
Checking for function "setns" : YES 
Checking for function "renameat2" : YES 
Checking for function "kcmp" : NO 
Checking for function "keyctl" : NO 
Checking for function "copy_file_range" : YES 
Checking for function "bpf" : NO 
Checking for function "statx" : YES 
Checking for function "explicit_bzero" : YES 
Checking for function "reallocarray" : YES 
Checking for function "set_mempolicy" : NO 
Checking for function "get_mempolicy" : NO 
Checking for function "pidfd_send_signal" : YES 
Checking for function "pidfd_open" : YES 
Checking for function "rt_sigqueueinfo" : NO 
Checking for function "rt_tgsigqueueinfo" : NO 
Checking for function "mallinfo" : YES 
Checking for function "mallinfo2" : YES 
Checking for function "execveat" : YES 
Checking for function "close_range" : YES 
Checking for function "epoll_pwait2" : YES 
Checking for function "mount_setattr" : YES 
Checking for function "move_mount" : YES 
Checking for function "open_tree" : YES 
Checking for function "fsopen" : YES 
Checking for function "fsconfig" : YES 
Checking for function "fsmount" : YES 
Checking for function "getdents64" : YES 
Checking for function "pidfd_spawn" : YES 
Checking for function "getrandom" : YES 
Program awk found: YES (/usr/bin/awk)
Program diff found: YES (/usr/bin/diff)
Program echo found: YES (/usr/bin/echo)
Program env found: YES (/usr/bin/env)
Program find found: YES (/usr/bin/find)
Program getent found: YES (/usr/bin/getent)
Program git found: NO
Program gperf found: YES (/usr/bin/gperf)
Program id found: YES (/usr/bin/id)
Program ln found: YES (/usr/bin/ln)
Program rsync found: NO
Program sed found: YES (/usr/bin/sed)
Program sh found: YES (/usr/bin/sh)
Program stat found: YES (/usr/bin/stat)
Program quotaon /usr/sbin/quotaon /sbin/quotaon found: NO
Program quotacheck /usr/sbin/quotacheck /sbin/quotacheck found: NO
Program kmod found: YES (/usr/bin/kmod)
Program kexec /usr/sbin/kexec /sbin/kexec found: NO
Program sulogin /usr/sbin/sulogin /sbin/sulogin found: NO
Program mount found: YES (/usr/bin/mount)
Program umount found: YES (/usr/bin/umount)
Program loadkeys found: YES (/usr/bin/loadkeys)
Program setfont found: YES (/usr/bin/setfont)
Program nologin found: YES (/usr/sbin/nologin)
Message: gperf len type is size_t
Has header "sys/capability.h" : YES 
Has header "crypt.h" : YES 
Has header "linux/ioprio.h" : YES 
Has header "linux/memfd.h" : YES 
Has header "linux/time_types.h" : YES 
Has header "sys/auxv.h" : YES 
Has header "sys/sdt.h" : NO 
Has header "threads.h" : YES 
Has header "valgrind/memcheck.h" : NO 
Has header "valgrind/valgrind.h" : NO 
../meson.build:915: WARNING: 
The local group with the GID 65534 does not match the configured group name "nobody" of the nobody group (its name is nogroup).
Your build will result in an group table setup that is incompatible with the local system.
Run-time dependency threads found: YES
Library rt found: YES
Library m found: YES
Library dl found: YES
Found pkg-config: YES (/usr/bin/pkg-config) 2.5.1
Run-time dependency libcrypt found: YES 4.4.38
Run-time dependency libcap found: YES 2.76
Checking if "libatomic" links: YES 
Checking for function "crypt_ra" with dependency libcrypt: YES 
Checking for function "crypt_preferred_method" with dependency libcrypt: YES 
Checking for function "crypt_gensalt_ra" with dependency libcrypt: YES 
Did not find CMake 'cmake'
Found CMake: NO
Run-time dependency libbpf found: NO (tried pkgconfig and cmake)
Run-time dependency mount found: YES 2.41.1
Run-time dependency fdisk found: YES 2.41.1
Run-time dependency pwquality found: NO (tried pkgconfig and cmake)
Run-time dependency passwdqc found: NO (tried pkgconfig and cmake)
Run-time dependency libseccomp found: NO (tried pkgconfig and cmake)
Run-time dependency libselinux found: NO (tried pkgconfig and cmake)
Run-time dependency libapparmor found: NO (tried pkgconfig and cmake)
Run-time dependency polkit-gobject-1 found: NO (tried pkgconfig and cmake)
Run-time dependency libacl found: YES 2.3.2
Run-time dependency audit found: NO (tried pkgconfig and cmake)
Run-time dependency blkid found: YES 2.41.1
Checking for function "blkid_probe_set_hint" with dependency blkid: YES 
Run-time dependency libkmod found: YES 34.2
Run-time dependency xencontrol found: NO (tried pkgconfig and cmake)
Run-time dependency pam found: NO (tried pkgconfig and cmake)
Library pam found: NO
Run-time dependency pam_misc found: NO (tried pkgconfig and cmake)
Library pam_misc found: NO
Run-time dependency libmicrohttpd found: NO (tried pkgconfig and cmake)
Run-time dependency libcryptsetup found: NO (tried pkgconfig and cmake)
Checking for function "crypt_activate_by_token_pin" with dependency libcryptsetup: NO 
Run-time dependency libcurl found: NO (tried pkgconfig and cmake)
Run-time dependency libidn2 found: NO (tried pkgconfig and cmake)
Run-time dependency libidn found: NO (tried pkgconfig and cmake)
Run-time dependency libiptc found: NO (tried pkgconfig and cmake)
Run-time dependency libqrencode found: NO (tried pkgconfig and cmake)
libgcrypt-config found: NO
Run-time dependency libgcrypt found: NO (tried pkgconfig and config-tool)
Run-time dependency gpg-error found: NO (tried pkgconfig and cmake)
Library gpg-error found: NO
Run-time dependency gnutls found: NO (tried pkgconfig and cmake)
Run-time dependency openssl found: YES 3.5.2
Run-time dependency p11-kit-1 found: NO (tried pkgconfig and cmake)
Run-time dependency libfido2 found: NO (tried pkgconfig and cmake)
Run-time dependency tss2-esys tss2-rc tss2-mu tss2-tcti-device found: NO (tried pkgconfig and cmake)
Run-time dependency libdw found: NO (tried pkgconfig and cmake)
Run-time dependency zlib found: YES 1.3.1
Run-time dependency bzip2 found: NO (tried pkgconfig and cmake)
Library bz2 found: YES
Run-time dependency liblzma found: YES 5.8.1
Run-time dependency liblz4 found: YES 1.10.0
Run-time dependency libzstd found: YES 1.5.7
Run-time dependency libarchive found: NO (tried pkgconfig and cmake)
Run-time dependency xkbcommon found: NO (tried pkgconfig and cmake)
Run-time dependency libpcre2-8 found: NO (tried pkgconfig and cmake)
Run-time dependency glib-2.0 found: NO (tried pkgconfig and cmake)
Run-time dependency gobject-2.0 found: NO (tried pkgconfig and cmake)
Run-time dependency gio-2.0 found: NO (tried pkgconfig and cmake)
Run-time dependency dbus-1 found: NO (tried pkgconfig and cmake)
Program python3 (jinja2) found: YES (/usr/bin/python3) modules: jinja2
Program python3 (elftools) found: NO
Program python3 (pefile) found: NO
Program tools/check-efi-alignment.py found: YES (/sources/systemd-257.8/tools/check-efi-alignment.py)
Message: Using neither provided nor generated vmlinux.h, some features will not be available.
Program tools/check-version-history.py found: YES (/usr/bin/python3 /sources/systemd-257.8/tools/check-version-history.py)
Program tools/elf2efi.py found: YES (/sources/systemd-257.8/tools/elf2efi.py)
Program tools/dbus_exporter.py found: YES (/sources/systemd-257.8/tools/dbus_exporter.py)
Program tools/generate-gperfs.py found: YES (/sources/systemd-257.8/tools/generate-gperfs.py)
Program tools/make-autosuspend-rules.py found: YES (/sources/systemd-257.8/tools/make-autosuspend-rules.py)
Program tools/make-directive-index.py found: YES (/sources/systemd-257.8/tools/make-directive-index.py)
Program tools/sync-docs.py found: YES (/sources/systemd-257.8/tools/sync-docs.py)
Program tools/make-man-index.py found: YES (/sources/systemd-257.8/tools/make-man-index.py)
Program tools/meson-render-jinja2.py found: YES (/sources/systemd-257.8/tools/meson-render-jinja2.py)
Program tools/update-dbus-docs.py found: YES (/sources/systemd-257.8/tools/update-dbus-docs.py)
Program tools/update-hwdb-autosuspend.sh found: YES (/sources/systemd-257.8/tools/update-hwdb-autosuspend.sh)
Program tools/update-hwdb.sh found: YES (/sources/systemd-257.8/tools/update-hwdb.sh)
Program tools/update-man-rules.py found: YES (/sources/systemd-257.8/tools/update-man-rules.py)
Program tools/update-syscall-tables.sh found: YES (/sources/systemd-257.8/tools/update-syscall-tables.sh)
Program tools/xml_helper.py found: YES (/sources/systemd-257.8/tools/xml_helper.py)
Configuring config.h using configuration
Program msgfmt found: YES (/usr/bin/msgfmt)
Program msginit found: YES (/usr/bin/msginit)
Program msgmerge found: YES (/usr/bin/msgmerge)
Program xgettext found: YES (/usr/bin/xgettext)
Program generate-af-list.sh found: YES (/sources/systemd-257.8/src/basic/generate-af-list.sh)
Program generate-arphrd-list.sh found: YES (/sources/systemd-257.8/src/basic/generate-arphrd-list.sh)
Program generate-cap-list.sh found: YES (/sources/systemd-257.8/src/basic/generate-cap-list.sh)
Program generate-errno-list.sh found: YES (/sources/systemd-257.8/src/basic/generate-errno-list.sh)
Program missing_syscalls.py found: YES (/usr/bin/python3 /sources/systemd-257.8/src/basic/missing_syscalls.py)
Program check-filesystems.sh found: YES (/sources/systemd-257.8/src/basic/check-filesystems.sh)
Program generate-filesystem-list.py found: YES (/sources/systemd-257.8/src/basic/generate-filesystem-list.py)
Program generate-filesystem-switch-case.py found: YES (/sources/systemd-257.8/src/basic/generate-filesystem-switch-case.py)
Program sd-journal/generate-audit_type-list.sh found: YES (/sources/systemd-257.8/src/libsystemd/sd-journal/generate-audit_type-list.sh)
Program generate-syscall-list.py found: YES (/sources/systemd-257.8/src/shared/generate-syscall-list.py)
Program generate-ip-protocol-list.sh found: YES (/sources/systemd-257.8/src/shared/generate-ip-protocol-list.sh)
Program generate-keyboard-keys-list.sh found: YES (/sources/systemd-257.8/src/udev/generate-keyboard-keys-list.sh)
Program generate-keyboard-keys-gperf.sh found: YES (/sources/systemd-257.8/src/udev/generate-keyboard-keys-gperf.sh)
Program test-kernel-install.sh found: YES (/sources/systemd-257.8/src/kernel-install/test-kernel-install.sh)
Program generate-dns_type-gperf.py found: YES (/sources/systemd-257.8/src/resolve/generate-dns_type-gperf.py)
Compiler for C supports arguments -std=iso9899:2017: YES 
Compiler for C supports arguments -std=c23: YES 
Compiler for C++ supports arguments -std=c++14: YES 
Compiler for C++ supports arguments -std=c++17: YES 
Compiler for C++ supports arguments -std=c++20: YES 
Compiler for C++ supports arguments -std=c++23: YES 
Compiler for C++ supports arguments -std=c++26: YES 
Program generate-sym-test.py found: YES (/sources/systemd-257.8/src/test/generate-sym-test.py)
Program generate-directives.py found: YES (/usr/bin/python3 /sources/systemd-257.8/test/fuzz/generate-directives.py)
Message: network/test-acd is a manual test
Message: network/test-ipv4ll-manual is a manual test
Message: network/test-ndisc-send is a manual test
Message: udev/test-udev-rule-runner is a manual test
Message: coredump/test-coredump-vacuum is a manual test
Message: login/test-inhibit is a manual test
Message: login/test-session-properties is a manual test
Message: nspawn/test-patch-uid is a manual test
Message: resolve/test-dnssec-complex is a manual test
Message: resolve/test-resolved-dummy-server is a manual test
Message: test/test-ask-password-api is a manual test
Message: test/test-btrfs is a manual test
Message: test/test-btrfs-physical-offset is a manual test
Message: test/test-chase-manual is a manual test
Message: test/test-dlopen is a manual test
Message: test/test-ipcrm is an unsafe test
Message: test/test-netlink-manual is a manual test
Message: test/test-nft-set is a manual test
Message: test/test-watchdog is an unsafe test
Message: core/test-install is a manual test
Message: core/test-ns is a manual test
Message: test/test-aux-scope is a manual test
Message: libsystemd/test-bus-benchmark is a manual test
Message: libsystemd/test-journal-append is a manual test
Program mkosi found: NO
Configuring test-sysusers.sh using configuration
Program hwdb-test.sh found: YES (/sources/systemd-257.8/test/hwdb-test.sh)
Program test-systemctl-enable.sh found: YES (/usr/bin/env bash /sources/systemd-257.8/test/test-systemctl-enable.sh)
Program sysv-generator-test.py found: YES (/sources/systemd-257.8/test/sysv-generator-test.py)
Program test-bootctl-json.sh found: YES (/sources/systemd-257.8/test/test-bootctl-json.sh)
Program test-systemd-tmpfiles.py found: YES (/sources/systemd-257.8/test/test-systemd-tmpfiles.py)
Program rule-syntax-check.py found: YES (/sources/systemd-257.8/test/rule-syntax-check.py)
Program test-fstab-generator.sh found: YES (/sources/systemd-257.8/test/test-fstab-generator.sh)
Program test-network-generator-conversion.sh found: YES (/sources/systemd-257.8/test/test-network-generator-conversion.sh)
Program rpm found: NO
Program rpmspec found: NO
Program test-rpm-macros.sh found: YES (/sources/systemd-257.8/test/test-rpm-macros.sh)
Message: Skipping test-rpm-macros since rpm and/or rpmspec are not available
Program udev-dmi-memory-id-test.sh found: YES (/sources/systemd-257.8/test/udev-dmi-memory-id-test.sh)
Program integration-test-wrapper.py found: YES (/sources/systemd-257.8/test/integration-tests/integration-test-wrapper.py)
Program id found: YES (/usr/bin/id)
Program qemu-system-x86_64 qemu-kvm found: NO
Program parse_hwdb.py found: YES (/sources/systemd-257.8/hwdb.d/parse_hwdb.py)
Program xsltproc found: NO
Message: Skipping crypttab.5 because HAVE_LIBCRYPTSETUP is false
Message: Skipping homectl.1 because ENABLE_HOMED is false
Message: Skipping homed.conf.5 because ENABLE_HOMED is false
Message: Skipping integritytab.5 because HAVE_LIBCRYPTSETUP is false
Message: Skipping journal-remote.conf.5 because HAVE_MICROHTTPD is false
Message: Skipping journal-upload.conf.5 because HAVE_MICROHTTPD is false
Message: Skipping loader.conf.5 because ENABLE_BOOTLOADER is false
Message: Skipping loginctl.1 because ENABLE_LOGIND is false
Message: Skipping logind.conf.5 because ENABLE_LOGIND is false
Message: Skipping org.freedesktop.home1.5 because ENABLE_HOMED is false
Message: Skipping org.freedesktop.import1.5 because ENABLE_IMPORTD is false
Message: Skipping org.freedesktop.login1.5 because ENABLE_LOGIND is false
Message: Skipping org.freedesktop.sysupdate1.5 because ENABLE_SYSUPDATED is false
Message: Skipping pam_systemd.8 because HAVE_PAM is false
Message: Skipping pam_systemd_home.8 because ENABLE_PAM_HOME is false
Message: Skipping pam_systemd_loadkey.8 because HAVE_PAM is false
Message: Skipping sd-login.3 because HAVE_PAM is false
Message: Skipping sd_get_seats.3 because HAVE_PAM is false
Message: Skipping sd_login_monitor_new.3 because HAVE_PAM is false
Message: Skipping sd_pid_get_owner_uid.3 because HAVE_PAM is false
Message: Skipping sd_seat_get_active.3 because HAVE_PAM is false
Message: Skipping sd_session_is_active.3 because HAVE_PAM is false
Message: Skipping sd_uid_get_state.3 because HAVE_PAM is false
Message: Skipping systemd-bless-boot-generator.8 because ENABLE_BOOTLOADER is false
Message: Skipping systemd-bless-boot.service.8 because ENABLE_BOOTLOADER HAVE_BLKID is false
Message: Skipping systemd-boot-random-seed.service.8 because ENABLE_BOOTLOADER is false
Message: Skipping systemd-boot.7 because ENABLE_BOOTLOADER is false
Message: Skipping systemd-bsod.service.8 because HAVE_QRENCODE ENABLE_INITRD is false
Message: Skipping systemd-cryptenroll.1 because HAVE_LIBCRYPTSETUP is false
Message: Skipping systemd-cryptsetup-generator.8 because HAVE_LIBCRYPTSETUP is false
Message: Skipping systemd-cryptsetup.8 because HAVE_LIBCRYPTSETUP is false
Message: Skipping systemd-homed.service.8 because ENABLE_HOMED is false
Message: Skipping systemd-importd.service.8 because ENABLE_IMPORTD is false
Message: Skipping systemd-integritysetup-generator.8 because HAVE_LIBCRYPTSETUP is false
Message: Skipping systemd-integritysetup@.service.8 because HAVE_LIBCRYPTSETUP is false
Message: Skipping systemd-journal-gatewayd.service.8 because ENABLE_REMOTE HAVE_MICROHTTPD is false
Message: Skipping systemd-journal-remote.service.8 because ENABLE_REMOTE HAVE_MICROHTTPD is false
Message: Skipping systemd-journal-upload.service.8 because ENABLE_REMOTE HAVE_LIBCURL is false
Message: Skipping systemd-logind.service.8 because ENABLE_LOGIND is false
Message: Skipping systemd-measure.1 because HAVE_TPM2 HAVE_BLKID HAVE_OPENSSL is false
Message: Skipping systemd-pcrlock.8 because ENABLE_BOOTLOADER HAVE_OPENSSL HAVE_TPM2 is false
Message: Skipping systemd-pcrphase.service.8 because ENABLE_BOOTLOADER HAVE_OPENSSL HAVE_TPM2 is false
Message: Skipping systemd-stub.7 because ENABLE_BOOTLOADER is false
Message: Skipping systemd-sysupdated.service.8 because ENABLE_SYSUPDATED is false
Message: Skipping systemd-tpm2-setup.service.8 because ENABLE_BOOTLOADER is false
Message: Skipping systemd-user-sessions.service.8 because HAVE_PAM is false
Message: Skipping systemd-vconsole-setup.service.8 because ENABLE_VCONSOLE is false
Message: Skipping systemd-veritysetup-generator.8 because HAVE_LIBCRYPTSETUP is false
Message: Skipping systemd-veritysetup@.service.8 because HAVE_LIBCRYPTSETUP is false
Message: Skipping systemd-vmspawn.1 because ENABLE_VMSPAWN is false
Message: Skipping ukify.1 because ENABLE_UKIFY is false
Message: Skipping updatectl.1 because ENABLE_SYSUPDATED is false
Message: Skipping vconsole.conf.5 because ENABLE_VCONSOLE is false
Message: Skipping veritytab.5 because HAVE_LIBCRYPTSETUP is false
Message: python-lxml not available, not making man page indices
Configuring man using configuration
Configuring html using configuration
Compiler for C supports arguments -std=c90: YES 
Compiler for C supports arguments -std=c99: YES 
Compiler for C supports arguments -std=c11: YES 
Compiler for C supports arguments -std=c17: YES 
Compiler for C supports arguments -std=c23: YES (cached)
Compiler for C supports arguments -std=gnu90: YES 
Compiler for C supports arguments -std=gnu99: YES 
Compiler for C supports arguments -std=gnu11: YES 
Compiler for C supports arguments -std=gnu17: YES 
Compiler for C supports arguments -std=gnu23: YES 
Run-time dependency bash-completion found: NO (tried pkgconfig and cmake)
Checking for size of "long" : 8 
Message: Not installing tmpfiles.d/systemd-nologin.conf because HAVE_PAM is 0
Program jekyll found: NO
Program tools/check-help.sh found: YES (/sources/systemd-257.8/tools/check-help.sh)
Program tools/check-version.sh found: YES (/sources/systemd-257.8/tools/check-version.sh)
Program tools/check-api-docs.sh found: YES (/sources/systemd-257.8/tools/check-api-docs.sh)
Program tools/meson-extract-unit-files.py found: YES (/sources/systemd-257.8/tools/meson-extract-unit-files.py)
Build targets in project: 829

systemd 257.8

    build mode                               : release
    split bin-sbin                           : true
    prefix directory                         : /usr
    sysconf directory                        : /etc
    include directory                        : /usr/include
    lib directory                            : /usr/lib
    SysV init scripts                        : /etc/init.d
    SysV rc?.d directories                   : /etc/rc.d
    PAM modules directory                    : /usr/lib/security
    PAM configuration directory              : /usr/lib/pam.d
    ssh server configuration directory       : /etc/ssh/sshd_config.d
    ssh server privilege separation directory: /run/sshd
    ssh client configuration directory       : /etc/ssh/ssh_config.d
    libcryptsetup plugins directory          : /usr/lib/cryptsetup
    Shell profile directory                  : /etc/profile.d
    RPM macros directory                     : /usr/lib/rpm/macros.d
    modprobe.d directory                     : /usr/lib/modprobe.d
    D-Bus policy directory                   : /usr/share/dbus-1/system.d
    D-Bus session directory                  : /usr/share/dbus-1/services
    D-Bus system directory                   : /usr/share/dbus-1/system-services
    D-Bus interfaces directory               : /usr/share/dbus-1/interfaces
    bash completions directory               : /usr/share/bash-completion/completions
    zsh completions directory                : /usr/share/zsh/site-functions
    private shared lib version tag           : 257
    extra start script                       : /etc/rc.local
    debug shell                              : /bin/sh @ /dev/tty9
    system UIDs                              : <=999 (alloc >=101)
    system GIDs                              : <=999 (alloc >=101)
    dynamic UIDs                             : 61184…65519
    container UID bases                      : 524288…1878982656
    static UID/GID allocations               : tty-gid:5
    /dev/kvm access mode                     : 0660
    render group access mode                 : 0666
    certificate root directory               : /etc/ssl
    support URL                              : https://lists.freedesktop.org/mailman/listinfo/systemd-devel
    nobody user name                         : nobody
    nobody group name                        : nobody
    fallback hostname                        : localhost
    default compression method               : zstd
    default DNSSEC mode                      : allow-downgrade
    default DNS-over-TLS mode                : no
    default mDNS mode                        : yes
    default LLMNR mode                       : yes
    default DNS servers                      : 1.1.1.1#cloudflare-dns.com
                                               8.8.8.8#dns.google
                                               1.0.0.1#cloudflare-dns.com
                                               8.8.4.4#dns.google
                                               2606:4700:4700::1111#cloudflare-dns.com
                                               2001:4860:4860::8888#dns.google
                                               2606:4700:4700::1001#cloudflare-dns.com
                                               2001:4860:4860::8844#dns.google
    default NTP servers                      : time1.google.com
                                               time2.google.com
                                               time3.google.com
                                               time4.google.com
    default net.naming_scheme= value         : latest
    default KillUserProcesses= value         : true
    default locale                           : C.UTF-8
    default nspawn locale                    : C.UTF-8
    default status unit format               : description
    default user $PATH                       : (same as system services)
    systemd service watchdog                 : 3min
    time epoch                               : 1754407897 (2025-08-05T15:31:37+00:00)

  Features
    enabled                                  : ACL, IMA, IPE, SMACK, blkid, libfdisk, openssl, zstd, lz4, xz, zlib, bzip2, backlight, binfmt, coredump, efi, environment.d, firstboot, hibernate, hostnamed, hwdb, initrd, kernel-install, localed, machined, mountfsd, networkd, nsresourced, nss-myhostname, nss-mymachines, nss-resolve, nss-systemd, oomd, portabled, pstore, quotacheck, randomseed, repart, resolve, rfkill, sysext, systemd-analyze, sysupdate, sysusers, storagetm, timedated, timesyncd, tmpfiles, userdb, xdg-autostart, dmi, idn, polkit, kmod, tpm, SysV compat, utmp, ldconfig, adm group, wheel group, gshadow, fuzz tests, link-systemctl-shared, link-networkd-shared, link-timesyncd-shared, link-journalctl-shared, link-boot-shared, link-portabled-shared, cryptolib(openssl), DNS-over-TLS(openssl)
    disabled                                 : AUDIT, AppArmor, PAM, SECCOMP, SELinux, elfutils, gcrypt, gnutls, libarchive, libbpf, libcryptsetup, libcryptsetup-plugins, libcurl, libfido2, libidn, libidn2, libiptc, microhttpd, p11kit, passwdqc, pcre2, pwquality, qrencode, tpm2, xkbcommon, bootloader, bpf-framework, homed, importd, logind, sysupdated, vconsole, vmspawn, legacy-pkla, xenctrl, dbus, glib, man pages, html pages, man page indices, compat-mutable-uid-boundaries, debug hashmap, debug mmap cache, debug siphash, trace logging, slow tests, install tests, link-udev-shared, first-boot-full-preset, fexecve, standalone-binaries, coverage, static-libsystemd, static-libudev

  User defined options
    buildtype                                : release
    dev-kvm-mode                             : 0660
    link-udev-shared                         : false
    logind                                   : false
    mode                                     : release
    prefix                                   : /usr
    vconsole                                 : false

Found ninja-1.13.1 at /usr/bin/ninja
