make  install-recursive
make[1]: Entering directory '/sources/util-linux-2.41.1'
Making install in po
make[2]: Entering directory '/sources/util-linux-2.41.1/po'
installing ca.gmo as /usr/share/locale/ca/LC_MESSAGES/util-linux.mo
installing cs.gmo as /usr/share/locale/cs/LC_MESSAGES/util-linux.mo
installing da.gmo as /usr/share/locale/da/LC_MESSAGES/util-linux.mo
installing de.gmo as /usr/share/locale/de/LC_MESSAGES/util-linux.mo
installing es.gmo as /usr/share/locale/es/LC_MESSAGES/util-linux.mo
installing et.gmo as /usr/share/locale/et/LC_MESSAGES/util-linux.mo
installing eu.gmo as /usr/share/locale/eu/LC_MESSAGES/util-linux.mo
installing fi.gmo as /usr/share/locale/fi/LC_MESSAGES/util-linux.mo
installing fr.gmo as /usr/share/locale/fr/LC_MESSAGES/util-linux.mo
installing gl.gmo as /usr/share/locale/gl/LC_MESSAGES/util-linux.mo
installing hr.gmo as /usr/share/locale/hr/LC_MESSAGES/util-linux.mo
installing hu.gmo as /usr/share/locale/hu/LC_MESSAGES/util-linux.mo
installing id.gmo as /usr/share/locale/id/LC_MESSAGES/util-linux.mo
installing it.gmo as /usr/share/locale/it/LC_MESSAGES/util-linux.mo
installing ja.gmo as /usr/share/locale/ja/LC_MESSAGES/util-linux.mo
installing ka.gmo as /usr/share/locale/ka/LC_MESSAGES/util-linux.mo
installing ko.gmo as /usr/share/locale/ko/LC_MESSAGES/util-linux.mo
installing nl.gmo as /usr/share/locale/nl/LC_MESSAGES/util-linux.mo
installing pl.gmo as /usr/share/locale/pl/LC_MESSAGES/util-linux.mo
installing pt.gmo as /usr/share/locale/pt/LC_MESSAGES/util-linux.mo
installing pt_BR.gmo as /usr/share/locale/pt_BR/LC_MESSAGES/util-linux.mo
installing ro.gmo as /usr/share/locale/ro/LC_MESSAGES/util-linux.mo
installing ru.gmo as /usr/share/locale/ru/LC_MESSAGES/util-linux.mo
installing sk.gmo as /usr/share/locale/sk/LC_MESSAGES/util-linux.mo
installing sl.gmo as /usr/share/locale/sl/LC_MESSAGES/util-linux.mo
installing sr.gmo as /usr/share/locale/sr/LC_MESSAGES/util-linux.mo
installing sv.gmo as /usr/share/locale/sv/LC_MESSAGES/util-linux.mo
installing tr.gmo as /usr/share/locale/tr/LC_MESSAGES/util-linux.mo
installing uk.gmo as /usr/share/locale/uk/LC_MESSAGES/util-linux.mo
installing vi.gmo as /usr/share/locale/vi/LC_MESSAGES/util-linux.mo
installing zh_CN.gmo as /usr/share/locale/zh_CN/LC_MESSAGES/util-linux.mo
installing zh_TW.gmo as /usr/share/locale/zh_TW/LC_MESSAGES/util-linux.mo
if test "util-linux" = "gettext-tools"; then \
  /usr/bin/mkdir -p /usr/share/gettext/po; \
  for file in Makefile.in.in remove-potcdate.sin quot.sed boldquot.sed en@quot.header en@boldquot.header insert-header.sin Rules-quot   Makevars.template; do \
    /usr/bin/install -c -m 644 ./$file \
		    /usr/share/gettext/po/$file; \
  done; \
  for file in Makevars; do \
    rm -f /usr/share/gettext/po/$file; \
  done; \
else \
  : ; \
fi
make[2]: Leaving directory '/sources/util-linux-2.41.1/po'
make[2]: Entering directory '/sources/util-linux-2.41.1'
make[3]: Entering directory '/sources/util-linux-2.41.1'
 /usr/bin/mkdir -p '/usr/share/bash-completion/completions'
 /usr/bin/mkdir -p '/usr/share/doc/util-linux-2.41.1'
 /usr/bin/install -c -m 644 misc-utils/getopt-example.bash misc-utils/getopt-example.tcsh '/usr/share/doc/util-linux-2.41.1'
 /usr/bin/mkdir -p '/usr/share/man/man3'
 /usr/bin/mkdir -p '/usr/share/man/man1'
 /usr/bin/mkdir -p '/usr/include/blkid'
 /usr/bin/install -c -m 644 bash-completion/blkid bash-completion/cal bash-completion/col bash-completion/colcrt bash-completion/colrm bash-completion/column bash-completion/exch bash-completion/fincore bash-completion/findfs bash-completion/findmnt bash-completion/flock bash-completion/getopt bash-completion/hexdump bash-completion/ipcmk bash-completion/ipcrm bash-completion/ipcs bash-completion/irqtop bash-completion/isosize bash-completion/logger bash-completion/look bash-completion/lsipc bash-completion/lsirq bash-completion/lsns bash-completion/mcookie bash-completion/mkfs bash-completion/mkswap bash-completion/namei bash-completion/prlimit bash-completion/readprofile bash-completion/renice bash-completion/rev bash-completion/script bash-completion/scriptreplay bash-completion/scriptlive bash-completion/setpgid bash-completion/setsid bash-completion/whereis bash-completion/wipefs bash-completion/fsck bash-completion/mkfs.bfs '/usr/share/bash-completion/completions'
 /usr/bin/mkdir -p '/usr/share/man/man5'
 /usr/bin/mkdir -p '/usr/share/man/man8'
 /usr/bin/mkdir -p '/usr/include/libfdisk'
 /usr/bin/install -c -m 644 libblkid/src/blkid.h '/usr/include/blkid'
 /usr/bin/install -c -m 644 libfdisk/src/libfdisk.h '/usr/include/libfdisk'
 /usr/bin/install -c -m 644 bash-completion/fsck.minix bash-completion/mkfs.minix bash-completion/addpart bash-completion/delpart bash-completion/resizepart bash-completion/partx bash-completion/swaplabel bash-completion/blockdev bash-completion/fdisk bash-completion/sfdisk bash-completion/cfdisk bash-completion/last bash-completion/lslogins bash-completion/utmpdump bash-completion/uuidgen bash-completion/uuidparse bash-completion/uuidd bash-completion/lsblk bash-completion/lslocks bash-completion/rename bash-completion/chrt bash-completion/uclampset bash-completion/ionice bash-completion/taskset bash-completion/chcpu bash-completion/chmem bash-completion/eject bash-completion/fallocate bash-completion/hwclock bash-completion/lscpu bash-completion/lsmem bash-completion/losetup bash-completion/mount bash-completion/umount bash-completion/mountpoint bash-completion/nsenter bash-completion/pivot_root bash-completion/swapon bash-completion/swapoff bash-completion/unshare '/usr/share/bash-completion/completions'
 /usr/bin/install -c -m 644 lib/terminal-colors.d.5 libsmartcols/scols-filter.5 sys-utils/fstab.5 sys-utils/adjtime_config.5 '/usr/share/man/man5'
 /usr/bin/mkdir -p '/usr/include/libmount'
 /usr/bin/mkdir -p '/usr/include/libsmartcols'
 /usr/bin/install -c -m 644 bash-completion/wdctl bash-completion/blkdiscard bash-completion/blkzone bash-completion/ctrlaltdel bash-completion/dmesg bash-completion/fsfreeze bash-completion/fstrim bash-completion/ldattach bash-completion/rfkill bash-completion/rtcwake bash-completion/setarch bash-completion/zramctl bash-completion/mesg bash-completion/wall bash-completion/setterm bash-completion/more bash-completion/ul bash-completion/hardlink bash-completion/pipesz bash-completion/fadvise bash-completion/waitpid bash-completion/enosys bash-completion/lsclocks '/usr/share/bash-completion/completions'
 /usr/bin/mkdir -p '/usr/lib/pkgconfig'
 /usr/bin/install -c -m 644 libsmartcols/src/libsmartcols.h '/usr/include/libsmartcols'
 /usr/bin/install -c -m 644 libmount/src/libmount.h '/usr/include/libmount'
 /usr/bin/install -c -m 644 libuuid/man/uuid.3 libuuid/man/uuid_clear.3 libuuid/man/uuid_compare.3 libuuid/man/uuid_copy.3 libuuid/man/uuid_generate.3 libuuid/man/uuid_is_null.3 libuuid/man/uuid_parse.3 libuuid/man/uuid_time.3 libuuid/man/uuid_unparse.3 libblkid/libblkid.3 libuuid/man/uuid_generate_random.3 libuuid/man/uuid_generate_time.3 libuuid/man/uuid_generate_time_safe.3 '/usr/share/man/man3'
 /usr/bin/install -c -m 644 schedutils/chrt.1 schedutils/ionice.1 schedutils/taskset.1 schedutils/uclampset.1 schedutils/coresched.1 text-utils/bits.1 text-utils/col.1 text-utils/colcrt.1 text-utils/colrm.1 text-utils/column.1 text-utils/hexdump.1 text-utils/rev.1 text-utils/ul.1 text-utils/more.1 term-utils/script.1 term-utils/scriptreplay.1 term-utils/scriptlive.1 term-utils/setterm.1 term-utils/mesg.1 term-utils/wall.1 login-utils/last.1 login-utils/utmpdump.1 login-utils/lslogins.1 sys-utils/lsmem.1 sys-utils/flock.1 sys-utils/choom.1 sys-utils/ipcmk.1 sys-utils/ipcrm.1 sys-utils/ipcs.1 sys-utils/irqtop.1 sys-utils/lsirq.1 sys-utils/lsipc.1 sys-utils/renice.1 sys-utils/setpgid.1 sys-utils/setsid.1 sys-utils/dmesg.1 sys-utils/eject.1 sys-utils/prlimit.1 sys-utils/lscpu.1 sys-utils/mountpoint.1 '/usr/share/man/man1'
 /usr/bin/install -c -m 644 libuuid/uuid.pc libblkid/blkid.pc libmount/mount.pc libsmartcols/smartcols.pc libfdisk/fdisk.pc '/usr/lib/pkgconfig'
 /usr/bin/install -c -m 644 sys-utils/fallocate.1 sys-utils/unshare.1 sys-utils/nsenter.1 misc-utils/cal.1 misc-utils/logger.1 misc-utils/look.1 misc-utils/mcookie.1 misc-utils/namei.1 misc-utils/whereis.1 misc-utils/uuidgen.1 misc-utils/uuidparse.1 misc-utils/kill.1 misc-utils/rename.1 misc-utils/getopt.1 misc-utils/exch.1 misc-utils/fincore.1 misc-utils/hardlink.1 misc-utils/pipesz.1 misc-utils/fadvise.1 misc-utils/waitpid.1 misc-utils/enosys.1 misc-utils/lsclocks.1 lsfd-cmd/lsfd.1 login-utils/lastb.1 '/usr/share/man/man1'
 /usr/bin/install -c -m 644 term-utils/agetty.8 sys-utils/chmem.8 sys-utils/rfkill.8 sys-utils/readprofile.8 sys-utils/fstrim.8 sys-utils/ctrlaltdel.8 sys-utils/fsfreeze.8 sys-utils/blkdiscard.8 sys-utils/blkzone.8 sys-utils/blkpr.8 sys-utils/ldattach.8 sys-utils/rtcwake.8 sys-utils/setarch.8 sys-utils/losetup.8 sys-utils/zramctl.8 sys-utils/lsns.8 sys-utils/mount.8 sys-utils/umount.8 sys-utils/swapon.8 sys-utils/chcpu.8 sys-utils/wdctl.8 sys-utils/pivot_root.8 sys-utils/switch_root.8 sys-utils/hwclock.8 misc-utils/lslocks.8 misc-utils/lsblk.8 misc-utils/uuidd.8 misc-utils/blkid.8 misc-utils/findfs.8 misc-utils/wipefs.8 misc-utils/findmnt.8 disk-utils/fsck.minix.8 disk-utils/mkfs.minix.8 disk-utils/mkfs.8 disk-utils/isosize.8 disk-utils/mkfs.bfs.8 disk-utils/mkswap.8 disk-utils/swaplabel.8 disk-utils/fsck.8 disk-utils/blockdev.8 '/usr/share/man/man8'
 /usr/bin/mkdir -p '/usr/include/uuid'
 /usr/bin/mkdir -p '/bin'
 /usr/bin/mkdir -p '/usr/lib'
 /usr/bin/mkdir -p '/sbin'
 /usr/bin/install -c -m 644 disk-utils/fdisk.8 disk-utils/sfdisk.8 disk-utils/cfdisk.8 disk-utils/addpart.8 disk-utils/delpart.8 disk-utils/resizepart.8 disk-utils/partx.8 sys-utils/swapoff.8 '/usr/share/man/man8'
 /usr/bin/mkdir -p '/usr/sbin'
 /bin/sh ./libtool   --mode=install /usr/bin/install -c   libuuid.la libblkid.la libmount.la libsmartcols.la libfdisk.la '/usr/lib'
 /usr/bin/mkdir -p '/usr/bin'
 /usr/bin/install -c -m 644 libuuid/src/uuid.h '/usr/include/uuid'
make  install-data-hook
  /bin/sh ./libtool   --mode=install /usr/bin/install -c more dmesg mount umount wdctl mountpoint lsblk findmnt kill pipesz lsfd '/bin'
  /bin/sh ./libtool   --mode=install /usr/bin/install -c agetty fstrim ctrlaltdel fsfreeze blkdiscard blkzone blkpr losetup zramctl swapon swapoff chcpu pivot_root switch_root hwclock blkid findfs wipefs fsck.minix mkfs.minix mkfs mkfs.bfs mkswap swaplabel fsck blockdev fdisk sfdisk cfdisk '/sbin'
  /bin/sh ./libtool   --mode=install /usr/bin/install -c rfkill readprofile ldattach rtcwake uuidd partx addpart delpart resizepart '/usr/sbin'
  /bin/sh ./libtool   --mode=install /usr/bin/install -c chrt ionice taskset uclampset coresched bits col colcrt colrm column hexdump rev ul script scriptreplay scriptlive setterm mesg wall last utmpdump lslogins lsmem chmem flock choom ipcmk ipcrm ipcs irqtop lsirq lsipc renice setpgid setsid setarch eject prlimit lsns lscpu fallocate unshare nsenter cal logger look mcookie namei whereis lslocks uuidgen uuidparse rename getopt exch fincore hardlink fadvise waitpid enosys lsclocks isosize '/usr/bin'
libtool: install: /usr/bin/install -c .libs/libuuid.so.1.3.0 /usr/lib/libuuid.so.1.3.0
libtool: install: (cd /usr/lib && { ln -s -f libuuid.so.1.3.0 libuuid.so.1 || { rm -f libuuid.so.1 && ln -s libuuid.so.1.3.0 libuuid.so.1; }; })
libtool: install: /usr/bin/install -c more /bin/more
libtool: install: /usr/bin/install -c agetty /sbin/agetty
libtool: install: (cd /usr/lib && { ln -s -f libuuid.so.1.3.0 libuuid.so || { rm -f libuuid.so && ln -s libuuid.so.1.3.0 libuuid.so; }; })
libtool: install: /usr/bin/install -c dmesg /bin/dmesg
libtool: warning: 'libsmartcols.la' has not been installed in '/usr/lib'
libtool: install: /usr/bin/install -c chrt /usr/bin/chrt
libtool: install: /usr/bin/install -c .libs/libuuid.lai /usr/lib/libuuid.la
libtool: install: /usr/bin/install -c .libs/libblkid.so.1.1.0 /usr/lib/libblkid.so.1.1.0
libtool: install: /usr/bin/install -c .libs/rfkill /usr/sbin/rfkill
libtool: warning: 'libmount.la' has not been installed in '/usr/lib'
libtool: install: /usr/bin/install -c ionice /usr/bin/ionice
libtool: install: (cd /usr/lib && { ln -s -f libblkid.so.1.1.0 libblkid.so.1 || { rm -f libblkid.so.1 && ln -s libblkid.so.1.1.0 libblkid.so.1; }; })
libtool: warning: 'libmount.la' has not been installed in '/usr/lib'
libtool: install: /usr/bin/install -c readprofile /usr/sbin/readprofile
libtool: warning: '/sources/util-linux-2.41.1/libblkid.la' has not been installed in '/usr/lib'
libtool: install: (cd /usr/lib && { ln -s -f libblkid.so.1.1.0 libblkid.so || { rm -f libblkid.so && ln -s libblkid.so.1.1.0 libblkid.so; }; })
libtool: install: /usr/bin/install -c taskset /usr/bin/taskset
libtool: warning: '/sources/util-linux-2.41.1/libblkid.la' has not been installed in '/usr/lib'
libtool: install: /usr/bin/install -c ldattach /usr/sbin/ldattach
libtool: install: /usr/bin/install -c .libs/libblkid.lai /usr/lib/libblkid.la
libtool: install: /usr/bin/install -c .libs/fstrim /sbin/fstrim
libtool: install: /usr/bin/install -c uclampset /usr/bin/uclampset
libtool: install: /usr/bin/install -c .libs/mount /bin/mount
libtool: install: /usr/bin/install -c rtcwake /usr/sbin/rtcwake
libtool: install: /usr/bin/install -c ctrlaltdel /sbin/ctrlaltdel
libtool: install: /usr/bin/install -c coresched /usr/bin/coresched
libtool: warning: relinking 'libmount.la'
libtool: install: (cd /sources/util-linux-2.41.1; /bin/sh "/sources/util-linux-2.41.1/libtool"  --silent --tag CC --mode=relink gcc -fsigned-char -fno-common -Wall -Wextra -Waddress-of-packed-member -Wdiscarded-qualifiers -Wimplicit-function-declaration -Wmissing-declarations -Wmissing-parameter-type -Wmissing-prototypes -Wnested-externs -Wno-missing-field-initializers -Wold-style-definition -Wpointer-arith -Wredundant-decls -Wsign-compare -Wstrict-prototypes -Wtype-limits -Wuninitialized -Wunused-but-set-parameter -Wunused-but-set-variable -Wunused-parameter -Wunused-result -Wunused-variable -Wvla -Walloca -Werror=sequence-point -I./libblkid/src -I./libmount/src -I./libmount/src -g -O2 -Wl,--version-script,./libmount/src/libmount.sym -version-info 2:0:1 -o libmount.la -rpath /usr/lib lib/libmount_la-monotonic.lo libmount/src/la-cache.lo libmount/src/la-fs.lo libmount/src/la-fs_statmount.lo libmount/src/la-init.lo libmount/src/la-iter.lo libmount/src/la-lock.lo libmount/src/la-optmap.lo libmount/src/la-optlist.lo libmount/src/la-optstr.lo libmount/src/la-tab.lo libmount/src/la-tab_diff.lo libmount/src/la-tab_listmount.lo libmount/src/la-tab_parse.lo libmount/src/la-tab_update.lo libmount/src/la-test.lo libmount/src/la-utils.lo libmount/src/la-version.lo libmount/src/la-context.lo libmount/src/la-context_mount.lo libmount/src/la-context_umount.lo libmount/src/la-hooks.lo libmount/src/la-hook_mount.lo libmount/src/la-hook_mount_legacy.lo libmount/src/la-hook_mkdir.lo libmount/src/la-hook_selinux.lo libmount/src/la-hook_subdir.lo libmount/src/la-hook_owner.lo libmount/src/la-hook_idmap.lo libmount/src/la-hook_loopdev.lo libmount/src/la-hook_veritydev.lo libmount/src/la-monitor.lo libmount/src/la-btrfs.lo libcommon.la libblkid.la )
libtool: install: /usr/bin/install -c fsfreeze /sbin/fsfreeze
libtool: install: /usr/bin/install -c bits /usr/bin/bits
libtool: warning: 'libmount.la' has not been installed in '/usr/lib'
make[4]: Entering directory '/sources/util-linux-2.41.1'
ln -sf last /usr/share/bash-completion/completions/lastb
make[4]: Leaving directory '/sources/util-linux-2.41.1'
libtool: install: /usr/bin/install -c col /usr/bin/col
libtool: install: /usr/bin/install -c .libs/uuidd /usr/sbin/uuidd
libtool: install: /usr/bin/install -c .libs/umount /bin/umount
libtool: install: /usr/bin/install -c colcrt /usr/bin/colcrt
libtool: install: /usr/bin/install -c .libs/blkdiscard /sbin/blkdiscard
libtool: install: /usr/bin/install -c colrm /usr/bin/colrm
libtool: warning: 'libsmartcols.la' has not been installed in '/usr/lib'
libtool: install: /usr/bin/install -c blkzone /sbin/blkzone
libtool: warning: 'libsmartcols.la' has not been installed in '/usr/lib'
libtool: install: /usr/bin/install -c blkpr /sbin/blkpr
libtool: warning: 'libsmartcols.la' has not been installed in '/usr/lib'
libtool: install: /usr/bin/install -c .libs/wdctl /bin/wdctl
libtool: install: /usr/bin/install -c .libs/partx /usr/sbin/partx
libtool: install: /usr/bin/install -c addpart /usr/sbin/addpart
libtool: install: /usr/bin/install -c .libs/column /usr/bin/column
libtool: warning: 'libsmartcols.la' has not been installed in '/usr/lib'
libtool: warning: 'libmount.la' has not been installed in '/usr/lib'
libtool: install: /usr/bin/install -c hexdump /usr/bin/hexdump
libtool: install: /usr/bin/install -c delpart /usr/sbin/delpart
libtool: install: /usr/bin/install -c .libs/losetup /sbin/losetup
libtool: install: /usr/bin/install -c rev /usr/bin/rev
libtool: install: /usr/bin/install -c resizepart /usr/sbin/resizepart
libtool: install: /usr/bin/install -c .libs/mountpoint /bin/mountpoint
libtool: install: /usr/bin/install -c ul /usr/bin/ul
libtool: warning: 'libsmartcols.la' has not been installed in '/usr/lib'
libtool: install: /usr/bin/install -c script /usr/bin/script
libtool: warning: 'libmount.la' has not been installed in '/usr/lib'
libtool: install: /usr/bin/install -c .libs/zramctl /sbin/zramctl
libtool: install: /usr/bin/install -c scriptreplay /usr/bin/scriptreplay
libtool: warning: 'libsmartcols.la' has not been installed in '/usr/lib'
libtool: install: /usr/bin/install -c scriptlive /usr/bin/scriptlive
libtool: warning: 'libmount.la' has not been installed in '/usr/lib'
libtool: install: /usr/bin/install -c .libs/lsblk /bin/lsblk
libtool: install: /usr/bin/install -c setterm /usr/bin/setterm
libtool: install: /usr/bin/install -c mesg /usr/bin/mesg
libtool: warning: 'libsmartcols.la' has not been installed in '/usr/lib'
libtool: warning: 'libmount.la' has not been installed in '/usr/lib'
libtool: install: /usr/bin/install -c wall /usr/bin/wall
libtool: install: /usr/bin/install -c .libs/swapon /sbin/swapon
libtool: install: /usr/bin/install -c last /usr/bin/last
libtool: warning: 'libsmartcols.la' has not been installed in '/usr/lib'
libtool: warning: 'libmount.la' has not been installed in '/usr/lib'
libtool: install: /usr/bin/install -c utmpdump /usr/bin/utmpdump
libtool: install: /usr/bin/install -c .libs/findmnt /bin/findmnt
libtool: install: /usr/bin/install -c kill /bin/kill
libtool: warning: 'libsmartcols.la' has not been installed in '/usr/lib'
libtool: install: /usr/bin/install -c .libs/swapoff /sbin/swapoff
libtool: install: /usr/bin/install -c pipesz /bin/pipesz
libtool: install: /usr/bin/install -c chcpu /sbin/chcpu
libtool: install: /usr/bin/install -c .libs/lslogins /usr/bin/lslogins
libtool: install: /usr/bin/install -c pivot_root /sbin/pivot_root
libtool: warning: 'libsmartcols.la' has not been installed in '/usr/lib'
libtool: install: /usr/bin/install -c switch_root /sbin/switch_root
libtool: warning: 'libsmartcols.la' has not been installed in '/usr/lib'
libtool: install: /usr/bin/install -c .libs/lsfd /bin/lsfd
libtool: install: /usr/bin/install -c hwclock /sbin/hwclock
libtool: install: /usr/bin/install -c .libs/lsmem /usr/bin/lsmem
libtool: install: /usr/bin/install -c chmem /usr/bin/chmem
libtool: install: /usr/bin/install -c flock /usr/bin/flock
libtool: install: /usr/bin/install -c .libs/blkid /sbin/blkid
libtool: install: /usr/bin/install -c choom /usr/bin/choom
libtool: install: /usr/bin/install -c .libs/libmount.so.1.1.0T /usr/lib/libmount.so.1.1.0
libtool: install: /usr/bin/install -c ipcmk /usr/bin/ipcmk
libtool: install: (cd /usr/lib && { ln -s -f libmount.so.1.1.0 libmount.so.1 || { rm -f libmount.so.1 && ln -s libmount.so.1.1.0 libmount.so.1; }; })
libtool: install: /usr/bin/install -c .libs/findfs /sbin/findfs
libtool: install: /usr/bin/install -c ipcrm /usr/bin/ipcrm
libtool: install: (cd /usr/lib && { ln -s -f libmount.so.1.1.0 libmount.so || { rm -f libmount.so && ln -s libmount.so.1.1.0 libmount.so; }; })
libtool: install: /usr/bin/install -c .libs/libmount.lai /usr/lib/libmount.la
libtool: install: /usr/bin/install -c ipcs /usr/bin/ipcs
libtool: install: /usr/bin/install -c .libs/libsmartcols.so.1.1.0 /usr/lib/libsmartcols.so.1.1.0
libtool: warning: 'libsmartcols.la' has not been installed in '/usr/lib'
libtool: install: (cd /usr/lib && { ln -s -f libsmartcols.so.1.1.0 libsmartcols.so.1 || { rm -f libsmartcols.so.1 && ln -s libsmartcols.so.1.1.0 libsmartcols.so.1; }; })
libtool: warning: 'libsmartcols.la' has not been installed in '/usr/lib'
libtool: install: (cd /usr/lib && { ln -s -f libsmartcols.so.1.1.0 libsmartcols.so || { rm -f libsmartcols.so && ln -s libsmartcols.so.1.1.0 libsmartcols.so; }; })
libtool: install: /usr/bin/install -c .libs/wipefs /sbin/wipefs
libtool: install: /usr/bin/install -c .libs/libsmartcols.lai /usr/lib/libsmartcols.la
libtool: install: /usr/bin/install -c .libs/irqtop /usr/bin/irqtop
libtool: install: /usr/bin/install -c fsck.minix /sbin/fsck.minix
libtool: warning: relinking 'libfdisk.la'
libtool: install: /usr/bin/install -c mkfs.minix /sbin/mkfs.minix
libtool: install: (cd /sources/util-linux-2.41.1; /bin/sh "/sources/util-linux-2.41.1/libtool"  --silent --tag CC --mode=relink gcc -fsigned-char -fno-common -Wall -Wextra -Waddress-of-packed-member -Wdiscarded-qualifiers -Wimplicit-function-declaration -Wmissing-declarations -Wmissing-parameter-type -Wmissing-prototypes -Wnested-externs -Wno-missing-field-initializers -Wold-style-definition -Wpointer-arith -Wredundant-decls -Wsign-compare -Wstrict-prototypes -Wtype-limits -Wuninitialized -Wunused-but-set-parameter -Wunused-but-set-variable -Wunused-parameter -Wunused-result -Wunused-variable -Wvla -Walloca -Werror=sequence-point -I./libuuid/src -I./libfdisk/src -I./libfdisk/src -I./libblkid/src -g -O2 -Wl,--version-script,./libfdisk/src/libfdisk.sym -version-info 2:0:1 -o libfdisk.la -rpath /usr/lib libfdisk/src/la-init.lo libfdisk/src/la-field.lo libfdisk/src/la-item.lo libfdisk/src/la-test.lo libfdisk/src/la-ask.lo libfdisk/src/la-alignment.lo libfdisk/src/la-label.lo libfdisk/src/la-utils.lo libfdisk/src/la-context.lo libfdisk/src/la-parttype.lo libfdisk/src/la-partition.lo libfdisk/src/la-table.lo libfdisk/src/la-iter.lo libfdisk/src/la-script.lo libfdisk/src/la-version.lo libfdisk/src/la-wipe.lo libfdisk/src/la-sun.lo libfdisk/src/la-sgi.lo libfdisk/src/la-dos.lo libfdisk/src/la-bsd.lo libfdisk/src/la-gpt.lo libcommon.la libuuid.la libblkid.la )
libtool: install: /usr/bin/install -c mkfs /sbin/mkfs
libtool: install: /usr/bin/install -c .libs/lsirq /usr/bin/lsirq
libtool: install: /usr/bin/install -c mkfs.bfs /sbin/mkfs.bfs
libtool: install: /usr/bin/install -c .libs/lsipc /usr/bin/lsipc
libtool: install: /usr/bin/install -c .libs/mkswap /sbin/mkswap
libtool: install: /usr/bin/install -c renice /usr/bin/renice
libtool: install: /usr/bin/install -c setpgid /usr/bin/setpgid
libtool: install: /usr/bin/install -c setsid /usr/bin/setsid
libtool: install: /usr/bin/install -c .libs/swaplabel /sbin/swaplabel
libtool: install: /usr/bin/install -c setarch /usr/bin/setarch
libtool: install: /usr/bin/install -c .libs/eject /usr/bin/eject
libtool: install: /usr/bin/install -c .libs/fsck /sbin/fsck
libtool: install: /usr/bin/install -c blockdev /sbin/blockdev
libtool: install: /usr/bin/install -c .libs/prlimit /usr/bin/prlimit
libtool: warning: 'libfdisk.la' has not been installed in '/usr/lib'
libtool: install: /usr/bin/install -c .libs/fdisk /sbin/fdisk
libtool: install: /usr/bin/install -c .libs/lsns /usr/bin/lsns
libtool: warning: 'libfdisk.la' has not been installed in '/usr/lib'
libtool: install: /usr/bin/install -c .libs/lscpu /usr/bin/lscpu
libtool: install: /usr/bin/install -c fallocate /usr/bin/fallocate
libtool: install: /usr/bin/install -c .libs/sfdisk /sbin/sfdisk
libtool: install: /usr/bin/install -c unshare /usr/bin/unshare
libtool: install: /usr/bin/install -c nsenter /usr/bin/nsenter
libtool: warning: 'libfdisk.la' has not been installed in '/usr/lib'
libtool: install: /usr/bin/install -c cal /usr/bin/cal
libtool: install: /usr/bin/install -c logger /usr/bin/logger
libtool: install: /usr/bin/install -c .libs/cfdisk /sbin/cfdisk
libtool: install: /usr/bin/install -c look /usr/bin/look
libtool: install: /usr/bin/install -c mcookie /usr/bin/mcookie
libtool: install: /usr/bin/install -c namei /usr/bin/namei
libtool: install: /usr/bin/install -c whereis /usr/bin/whereis
libtool: install: /usr/bin/install -c .libs/libfdisk.so.1.1.0T /usr/lib/libfdisk.so.1.1.0
libtool: install: (cd /usr/lib && { ln -s -f libfdisk.so.1.1.0 libfdisk.so.1 || { rm -f libfdisk.so.1 && ln -s libfdisk.so.1.1.0 libfdisk.so.1; }; })
libtool: install: (cd /usr/lib && { ln -s -f libfdisk.so.1.1.0 libfdisk.so || { rm -f libfdisk.so && ln -s libfdisk.so.1.1.0 libfdisk.so; }; })
libtool: install: /usr/bin/install -c .libs/libfdisk.lai /usr/lib/libfdisk.la
libtool: install: /usr/bin/install -c .libs/lslocks /usr/bin/lslocks
libtool: install: /usr/bin/install -c .libs/uuidgen /usr/bin/uuidgen
libtool: finish: PATH="/usr/bin:/usr/sbin:/sbin" ldconfig -n /usr/lib
libtool: install: /usr/bin/install -c .libs/uuidparse /usr/bin/uuidparse
----------------------------------------------------------------------
Libraries have been installed in:
   /usr/lib

If you ever happen to want to link against installed libraries
in a given directory, LIBDIR, you must either use libtool, and
specify the full pathname of the library, or use the '-LLIBDIR'
flag during linking and do at least one of the following:
   - add LIBDIR to the 'LD_LIBRARY_PATH' environment variable
     during execution
   - add LIBDIR to the 'LD_RUN_PATH' environment variable
     during linking
   - use the '-Wl,-rpath -Wl,LIBDIR' linker flag

See any operating system documentation about shared libraries for
more information, such as the ld(1) and ld.so(8) manual pages.
----------------------------------------------------------------------
libtool: install: /usr/bin/install -c rename /usr/bin/rename
libtool: install: /usr/bin/install -c getopt /usr/bin/getopt
libtool: install: /usr/bin/install -c exch /usr/bin/exch
libtool: install: /usr/bin/install -c .libs/fincore /usr/bin/fincore
libtool: install: /usr/bin/install -c hardlink /usr/bin/hardlink
libtool: install: /usr/bin/install -c fadvise /usr/bin/fadvise
libtool: install: /usr/bin/install -c waitpid /usr/bin/waitpid
libtool: install: /usr/bin/install -c enosys /usr/bin/enosys
libtool: install: /usr/bin/install -c .libs/lsclocks /usr/bin/lsclocks
libtool: install: /usr/bin/install -c isosize /usr/bin/isosize
make  install-exec-hook
make[4]: Entering directory '/sources/util-linux-2.41.1'
if test "/usr/lib" != "/usr/lib" -a -f "/usr/lib/libuuid.so"; then \
	/usr/bin/mkdir -p /usr/lib; \
	mv /usr/lib/libuuid.so.* /usr/lib; \
	so_img_name=$(readlink /usr/lib/libuuid.so); \
	so_img_rel_target=$(echo /usr/lib | sed 's,\(^/\|\)[^/][^/]*,..,g'); \
	(cd /usr/lib && \
		rm -f libuuid.so && \
		ln -s $so_img_rel_target/usr/lib/$so_img_name libuuid.so); \
fi
if test "/usr/lib" != "/usr/lib" -a -f "/usr/lib/libblkid.so"; then \
	/usr/bin/mkdir -p /usr/lib; \
	mv /usr/lib/libblkid.so.* /usr/lib; \
	so_img_name=$(readlink /usr/lib/libblkid.so); \
	so_img_rel_target=$(echo /usr/lib | sed 's,\(^/\|\)[^/][^/]*,..,g'); \
	(cd /usr/lib && \
		rm -f libblkid.so && \
		ln -s $so_img_rel_target/usr/lib/$so_img_name libblkid.so); \
fi
if test "/usr/lib" != "/usr/lib" -a -f "/usr/lib/libmount.so"; then \
	/usr/bin/mkdir -p /usr/lib; \
	mv /usr/lib/libmount.so.* /usr/lib; \
	so_img_name=$(readlink /usr/lib/libmount.so); \
	so_img_rel_target=$(echo /usr/lib | sed 's,\(^/\|\)[^/][^/]*,..,g'); \
	(cd /usr/lib && \
		rm -f libmount.so && \
		ln -s $so_img_rel_target/usr/lib/$so_img_name libmount.so); \
fi
if test "/usr/lib" != "/usr/lib" -a -f "/usr/lib/libsmartcols.so"; then \
	/usr/bin/mkdir -p /usr/lib; \
	mv /usr/lib/libsmartcols.so.* /usr/lib; \
	so_img_name=$(readlink /usr/lib/libsmartcols.so); \
	so_img_rel_target=$(echo /usr/lib | sed 's,\(^/\|\)[^/][^/]*,..,g'); \
	(cd /usr/lib && \
		rm -f libsmartcols.so && \
		ln -s $so_img_rel_target/usr/lib/$so_img_name libsmartcols.so); \
fi
if test "/usr/lib" != "/usr/lib" -a -f "/usr/lib/libfdisk.so"; then \
	/usr/bin/mkdir -p /usr/lib; \
	mv /usr/lib/libfdisk.so.* /usr/lib; \
	so_img_name=$(readlink /usr/lib/libfdisk.so); \
	so_img_rel_target=$(echo /usr/lib | sed 's,\(^/\|\)[^/][^/]*,..,g'); \
	(cd /usr/lib && \
		rm -f libfdisk.so && \
		ln -s $so_img_rel_target/usr/lib/$so_img_name libfdisk.so); \
fi
chgrp tty /usr/bin/wall
cd /usr/bin && ln -sf last lastb
for I in uname26 linux32 linux64   i386 x86_64     ; do \
	cd /usr/bin && ln -sf setarch $I ; \
done
chmod g+s /usr/bin/wall
chown root:root /bin/mount
chmod 4755 /bin/mount
chown root:root /bin/umount
chmod 4755 /bin/umount
make[4]: Leaving directory '/sources/util-linux-2.41.1'
make[3]: Leaving directory '/sources/util-linux-2.41.1'
make[2]: Leaving directory '/sources/util-linux-2.41.1'
make[1]: Leaving directory '/sources/util-linux-2.41.1'
