checking for gcc... gcc
checking whether the C compiler works... yes
checking for C compiler default output file name... a.out
checking for suffix of executables... 
checking whether we are cross compiling... no
checking for suffix of object files... o
checking whether we are using the GNU C compiler... yes
checking whether gcc accepts -g... yes
checking for gcc option to enable C11 features... none needed
checking whether the compiler is clang... no
checking for compiler option needed when checking for declarations... none
checking how to run the C preprocessor... gcc -E
checking for grep that handles long lines and -e... /usr/bin/grep
checking for egrep... /usr/bin/grep -E
checking for ANSI C header files... yes
checking for sys/types.h... yes
checking for sys/stat.h... yes
checking for stdlib.h... yes
checking for string.h... yes
checking for memory.h... yes
checking for strings.h... yes
checking for inttypes.h... yes
checking for stdint.h... yes
checking for unistd.h... yes
checking for wchar.h... yes
checking for minix/config.h... no
checking for sys/types.h... (cached) yes
checking for features.h... yes
checking for linewrap.h... no
checking for unistd.h... (cached) yes
checking for sys/param.h... yes
checking for sys/socket.h... yes
checking for dirent.h... yes
checking for fnmatch.h... yes
checking for sys/stat.h... (cached) yes
checking for getopt.h... yes
checking for sys/cdefs.h... yes
checking for threads.h... yes
checking for limits.h... yes
checking for inttypes.h... (cached) yes
checking for stdint.h... (cached) yes
checking for langinfo.h... yes
checking for xlocale.h... no
checking for sys/mman.h... yes
checking for malloc.h... yes
checking for sys/time.h... yes
checking for strings.h... (cached) yes
checking for sysexits.h... yes
checking for crtdefs.h... no
checking for wctype.h... yes
checking whether it is safe to define __EXTENSIONS__... yes
checking whether _XOPEN_SOURCE should be defined... no
checking build system type... x86_64-pc-linux-gnu
checking host system type... x86_64-pc-linux-gnu
checking target system type... x86_64-pc-linux-gnu
checking for a BSD-compatible install... /usr/bin/install -c
checking whether build environment is sane... yes
checking for a thread-safe mkdir -p... /usr/bin/mkdir -p
checking for gawk... gawk
checking whether make sets $(MAKE)... yes
checking for style of include used by make... GNU
checking whether make supports nested variables... yes
checking dependency style of gcc... gcc3
checking for pkg-config... /usr/bin/pkg-config
checking pkg-config is at least version 0.9.0... yes
checking for cmp... cmp
checking for bison... bison
checking for ranlib... ranlib
checking for gawk... (cached) gawk
checking for flex... flex
checking lex output file root... lex.yy
checking lex library... -lfl
checking whether yytext is a pointer... yes
checking for bison... (cached) bison
checking whether make sets $(MAKE)... (cached) yes
checking whether ln -s works... yes
checking for makeinfo... /usr/bin/makeinfo
checking for Minix Amsterdam compiler... no
checking for ar... ar
checking for special C compiler options needed for large files... no
checking for _FILE_OFFSET_BITS value needed for large files... no
checking for g++... g++
checking whether we are using the GNU C++ compiler... yes
checking whether g++ accepts -g... yes
checking for g++ option to enable C++11 features... none needed
checking dependency style of g++... gcc3
checking dependency style of gcc... gcc3
checking for a Python interpreter with version >= 2.6... python3
checking for python3... /usr/bin/python3
checking for python3 version... 3.1
checking for python3 platform... linux
checking for python3 script directory... ${prefix}/lib/python3.13/site-packages
checking for python3 extension module directory... ${exec_prefix}/lib/python3.13/site-packages
checking for g++... yes
checking for a sed that does not truncate output... /usr/bin/sed
checking whether NLS is requested... yes
checking for msgfmt... /usr/bin/msgfmt
checking for gmsgfmt... /usr/bin/msgfmt
checking for xgettext... /usr/bin/xgettext
checking for msgmerge... /usr/bin/msgmerge
checking for ld used by gcc... /usr/x86_64-pc-linux-gnu/bin/ld
checking if the linker (/usr/x86_64-pc-linux-gnu/bin/ld) is GNU ld... yes
checking for shared library run path origin... done
checking for CFPreferencesCopyAppValue... no
checking for CFLocaleCopyCurrent... no
checking for GNU gettext in libc... yes
checking whether to use NLS... yes
checking where the gettext function comes from... libc
checking for special C compiler options needed for large files... (cached) no
checking for _FILE_OFFSET_BITS value needed for large files... (cached) no
checking whether byte ordering is bigendian... no
checking size of void *... 8
checking size of long... 8
checking size of off_t... 8
checking for help2man... no
checking for posix_memalign... yes
checking for memalign... yes
checking for getextmntent... no
checking for atexit... yes
checking for sys/param.h... (cached) yes
checking sys/mount.h usability... yes
checking sys/mount.h presence... yes
checking for sys/mount.h... yes
checking sys/mnttab.h usability... no
checking sys/mnttab.h presence... no
checking for sys/mnttab.h... no
checking for limits.h... (cached) yes
checking sys/mkdev.h usability... no
checking sys/mkdev.h presence... no
checking for sys/mkdev.h... no
checking sys/sysmacros.h usability... yes
checking sys/sysmacros.h presence... yes
checking for sys/sysmacros.h... yes
checking for struct statfs.f_fstypename... no
checking for struct statfs.f_mntfromname... no
checking util.h usability... no
checking util.h presence... no
checking for util.h... no
checking whether -Wtrampolines work... yes
checking for gcc... gcc
checking for size_t... yes
checking for working alloca.h... yes
checking for alloca... yes
checking for inline... inline
checking for C/C++ restrict keyword... __restrict__
checking whether clearerr_unlocked is declared... yes
checking whether feof_unlocked is declared... yes
checking whether ferror_unlocked is declared... yes
checking whether fflush_unlocked is declared... yes
checking whether fgets_unlocked is declared... yes
checking whether fputc_unlocked is declared... yes
checking whether fputs_unlocked is declared... yes
checking whether fread_unlocked is declared... yes
checking whether fwrite_unlocked is declared... yes
checking whether getc_unlocked is declared... yes
checking whether getchar_unlocked is declared... yes
checking whether putc_unlocked is declared... yes
checking whether putchar_unlocked is declared... yes
checking for flockfile... yes
checking for funlockfile... yes
checking for btowc... yes
checking for _set_invalid_parameter_handler... no
checking for fchdir... yes
checking for fcntl... yes
checking for symlink... yes
checking for mempcpy... yes
checking for fnmatch... yes
checking for mbsrtowcs... yes
checking for getdelim... yes
checking for getdtablesize... yes
checking for getprogname... no
checking for getexecname... no
checking for isblank... yes
checking for mbsinit... yes
checking for mbrtowc... yes
checking for isascii... yes
checking for mprotect... yes
checking for nl_langinfo... yes
checking for lstat... yes
checking for openat... yes
checking for pipe... yes
checking for iswctype... yes
checking for sleep... yes
checking for strndup... yes
checking for vasnprintf... no
checking for snprintf... yes
checking for wcrtomb... yes
checking for iswcntrl... yes
checking for wcwidth... yes
checking for wmempcpy... yes
checking whether strerror_r is declared... yes
checking for strerror_r... yes
checking whether strerror_r returns char *... yes
checking whether <wchar.h> uses 'inline' correctly... yes
checking for nl_langinfo and CODESET... yes
checking for a traditional french locale... fr_FR
checking whether malloc is ptrdiff_t safe... yes
checking whether malloc, realloc, calloc set errno on failure... yes
checking whether the preprocessor supports include_next... yes
checking whether source code line length is unlimited... yes
checking for complete errno.h... yes
checking whether ctype.h defines __header_inline... no
checking whether fchdir is declared... yes
checking for working fcntl.h... yes
checking for pid_t... yes
checking for mode_t... yes
checking for mbstate_t... yes
checking whether stat file-mode macros are broken... no
checking for nlink_t... yes
checking whether getcwd (NULL, 0) allocates memory for result... no
checking for getcwd with POSIX signature... yes
checking whether getdelim is declared... yes
checking whether getdtablesize is declared... yes
checking whether getline is declared... yes
checking for getopt.h... (cached) yes
checking for getopt_long_only... yes
checking whether getopt is POSIX compatible... yes
checking for working GNU getopt function... yes
checking for working GNU getopt_long function... yes
checking pthread.h usability... yes
checking pthread.h presence... yes
checking for pthread.h... yes
checking for pthread_kill in -lpthread... yes
checking whether POSIX threads API is available... yes
checking whether setlocale (LC_ALL, NULL) is multithread-safe... yes
checking whether setlocale (category, NULL) is multithread-safe... yes
checking whether limits.h has WORD_BIT, BOOL_WIDTH etc.... yes
checking for wint_t... yes
checking whether wint_t is large enough... yes
checking whether the compiler produces multi-arch binaries... no
checking whether stdint.h conforms to C99... yes
checking whether stdint.h works without ISO C predefines... yes
checking whether stdint.h has UINTMAX_WIDTH etc.... yes
checking whether langinfo.h defines CODESET... yes
checking whether langinfo.h defines T_FMT_AMPM... yes
checking whether langinfo.h defines ALTMON_1... yes
checking whether langinfo.h defines ERA... yes
checking whether langinfo.h defines YESEXPR... yes
checking for wchar_t... yes
checking for good max_align_t... yes
checking whether NULL can be used in arbitrary expressions... yes
checking whether locale.h defines locale_t... yes
checking whether locale.h conforms to POSIX:2001... yes
checking whether struct lconv is properly defined... yes
checking whether imported symbols can be declared weak... yes
checking for multithread API to use... posix
checking whether malloc (0) returns nonnull... yes
checking for a traditional japanese locale... none
checking for a french Unicode locale... fr_FR.UTF-8
checking for a transitional chinese locale... none
checking for mmap... yes
checking for MAP_ANONYMOUS... yes
checking whether memchr works... yes
checking whether memrchr is declared... yes
checking for O_CLOEXEC... yes
checking for promoted mode_t type... mode_t
checking whether lstat correctly handles trailing slash... yes
checking whether alarm is declared... yes
checking for stdbool.h that conforms to C99... no
checking for _Bool... yes
checking whether fcloseall is declared... yes
checking which flavor of printf attribute matches inttypes macros... system
checking whether ecvt is declared... yes
checking whether fcvt is declared... yes
checking whether gcvt is declared... yes
checking whether strdup is declared... yes
checking whether strerror(0) succeeds... yes
checking whether strndup is declared... yes
checking whether strnlen is declared... yes
checking for struct timespec in <time.h>... yes
checking for TIME_UTC in <time.h>... yes
checking whether execvpe is declared... yes
checking for inttypes.h... yes
checking for stdint.h... yes
checking for intmax_t... yes
checking where to find the exponent in a 'double'... word 1 bit 20
checking whether snprintf returns a byte count as in C99... yes
checking whether snprintf truncates the result as in C99... yes
checking for snprintf... (cached) yes
checking for strnlen... yes
checking for wcslen... yes
checking for wcsnlen... yes
checking for mbrtowc... (cached) yes
checking for wcrtomb... (cached) yes
checking whether _snprintf is declared... no
checking whether vsnprintf is declared... yes
checking whether wcsdup is declared... yes
checking whether iswcntrl works... yes
checking for towlower... yes
checking for wctype_t... yes
checking for wctrans_t... yes
checking for C compiler option to allow warnings... -Wno-error
checking for alloca as a compiler built-in... yes
checking whether program_invocation_name is declared... yes
checking whether program_invocation_short_name is declared... yes
checking whether program_invocation_name is defined... yes
checking whether program_invocation_short_name is defined... yes
checking whether btowc(0) is correct... yes
checking whether btowc(EOF) is correct... yes
checking for __builtin_expect... yes
checking whether calloc (0, n) and calloc (n, 0) return nonnull... yes
checking whether this system supports file names of any length... no
checking for dirfd... yes
checking whether dirfd is declared... yes
checking whether dirfd is a macro... no
checking whether // is distinct from /... no
checking whether dup2 works... yes
checking for error_at_line... yes
checking whether fcntl handles F_DUPFD correctly... yes
checking whether fcntl understands F_DUPFD_CLOEXEC... needs runtime check
checking for flexible array member... yes
checking whether conversion from 'int' to 'long double' works... yes
checking for working POSIX fnmatch... yes
checking whether free is known to preserve errno... yes
checking for working getdelim function... yes
checking whether getdtablesize works... yes
checking for getline... yes
checking for working getline function... yes
checking whether program_invocation_name is declared... (cached) yes
checking whether program_invocation_short_name is declared... (cached) yes
checking whether __argv is declared... no
checking whether the compiler supports the __inline keyword... yes
checking for pthread_rwlock_t... yes
checking whether pthread_rwlock_rdlock prefers a writer to a reader... no
checking whether malloc (0) returns nonnull... (cached) yes
checking whether mbrtowc handles incomplete characters... yes
checking whether mbrtowc works as well as mbtowc... guessing yes
checking whether mbrtowc handles a NULL pwc argument... yes
checking whether mbrtowc handles a NULL string argument... yes
checking whether mbrtowc has a correct return value... yes
checking whether mbrtowc returns 0 when parsing a NUL character... guessing yes
checking whether mbrtowc stores incomplete characters... no
checking whether mbrtowc works on empty input... yes
checking whether the C locale is free of encoding errors... no
checking whether mbrtowc handles incomplete characters... (cached) yes
checking whether mbrtowc works as well as mbtowc... (cached) guessing yes
checking whether mbrtowc handles incomplete characters... (cached) yes
checking whether mbrtowc works as well as mbtowc... (cached) guessing yes
checking whether mbsrtowcs works... yes
checking whether mbswidth is declared in <wchar.h>... no
checking for mbstate_t... (cached) yes
checking for mbtowc... yes
checking for mempcpy... (cached) yes
checking for memrchr... yes
checking whether YESEXPR works... yes
checking whether open recognizes a trailing slash... yes
checking whether program_invocation_name is declared... (cached) yes
checking whether program_invocation_short_name is declared... (cached) yes
checking for rawmemchr... yes
checking whether realloc (0, 0) returns nonnull... yes
checking for reallocarray... yes
checking for working re_compile_pattern... yes
checking whether setlocale (LC_ALL, NULL) is multithread-safe... (cached) yes
checking whether setlocale (category, NULL) is multithread-safe... (cached) yes
checking for stdint.h... (cached) yes
checking for SIZE_MAX... yes
checking whether sleep is declared... yes
checking for working sleep... yes
checking for ssize_t... yes
checking whether stat handles trailing slashes on files... yes
checking for struct stat.st_atim.tv_nsec... yes
checking whether struct stat.st_atim is of type struct timespec... yes
checking for struct stat.st_birthtimespec.tv_nsec... no
checking for struct stat.st_birthtimensec... no
checking for struct stat.st_birthtim.tv_nsec... no
checking for working stdalign.h... yes
checking for strcasecmp... yes
checking for strncasecmp... yes
checking whether strncasecmp is declared... yes
checking for strchrnul... yes
checking whether strchrnul works... yes
checking for working strerror function... yes
checking for working strndup... yes
checking for working strnlen... yes
checking for variable-length arrays... yes
checking for ptrdiff_t... yes
checking for vsnprintf... yes
checking whether snprintf respects a size of 1... yes
checking whether printf supports POSIX/XSI format strings with positions... yes
checking whether mbrtowc handles incomplete characters... (cached) yes
checking whether mbrtowc works as well as mbtowc... (cached) guessing yes
checking whether wcrtomb works in the C locale... yes
checking whether wcrtomb return value is correct... yes
checking whether wcwidth is declared... yes
checking whether wcwidth works reasonably in UTF-8 locales... yes
checking for wmemchr... yes
checking for stdint.h... (cached) yes
checking which extra warnings work...  -Wextra -Wattributes -Wendif-labels -Winit-self -Wint-to-pointer-cast -Winvalid-pch -Wmissing-field-initializers -Wnonnull -Woverflow -Wvla -Wpointer-to-int-cast -Wstrict-aliasing -Wvariadic-macros -Wvolatile-register-var -Wpointer-sign -Wmissing-include-dirs -Wmissing-prototypes -Wmissing-declarations -Wformat=2
checking for objcopy... objcopy
checking for strip... strip
checking for nm... nm
checking for ranlib... ranlib
checking which extra warnings work...  -Wextra -Wattributes -Wendif-labels -Winit-self -Wint-to-pointer-cast -Winvalid-pch -Wmissing-field-initializers -Wnonnull -Woverflow -Wvla -Wpointer-to-int-cast -Wstrict-aliasing -Wvariadic-macros -Wvolatile-register-var -Wpointer-sign -Wmissing-include-dirs -Wmissing-prototypes -Wmissing-declarations -Wformat=2
checking if compiling with clang... no
checking for options to compile assembly... 
checking whether -falign-loops works... yes
checking whether -falign-jumps works... yes
checking whether -freg-struct-return works... yes
checking whether -Wa,-mx86-used-note works... yes
checking for options to get soft-float... -msoft-float
checking whether -fno-omit-frame-pointer works... yes
checking whether -fno-dwarf2-cfi-asm works... yes
checking whether -mno-stack-arg-probe works... yes
checking whether -fno-asynchronous-unwind-tables works... yes
checking whether -fno-unwind-tables works... yes
checking whether -fno-ident works... yes
checking for target linking format... -melf_i386
checking whether option -Qn works... no
checking whether `gcc' has `-fPIE' as default... yes
checking whether linker accepts -no-pie... yes
checking whether linker accepts -nopie... no
checking whether linker needs disabling of PIE to work... no
checking whether `gcc' has `-fPIC' as default... no
checking whether `gcc' accepts `-fstack-protector'... yes
checking whether `gcc' accepts `-fstack-protector-strong'... yes
checking whether `gcc' accepts `-mstack-protector-guard=global'... yes
checking whether `gcc' accepts `-mstack-arg-probe'... no
checking if C symbols get an underscore after compilation... no
checking whether target compiler is working... yes
checking whether objcopy works for absolute addresses... yes
checking whether linker accepts --build-id=none... yes
checking if __bss_start is defined by the compiler... yes
checking if edata is defined by the compiler... yes
checking if _edata is defined by the compiler... yes
checking if end is defined by the compiler... yes
checking if _end is defined by the compiler... yes
checking whether nm works... yes
checking whether nm accepts -P... yes
checking whether nm accepts --defined-only... yes
checking whether -nostdinc -isystem works... yes
checking whether -Wtrampolines work... yes
checking for FREETYPE... no
checking whether byte ordering is bigendian... no
checking for BUILD_FREETYPE... no
checking for FUSE... no
checking for FUSE... no
checking libdevmapper.h usability... no
checking libdevmapper.h presence... no
checking for libdevmapper.h... no
checking for lzma_code in -llzma... yes
checking lzma.h usability... yes
checking lzma.h presence... yes
checking for lzma.h... yes
checking libzfs.h usability... no
checking libzfs.h presence... no
checking for libzfs.h... no
checking libnvpair.h usability... no
checking libnvpair.h presence... no
checking for libnvpair.h... no
checking for libzfs_init in -lzfs... no
checking whether ln -s can handle directories properly... yes
checking that generated files are newer than configure... done
configure: creating ./config.status
config.status: creating Makefile
config.status: creating grub-core/Makefile
config.status: creating grub-core/lib/gnulib/Makefile
config.status: creating po/Makefile.in
config.status: creating docs/Makefile
config.status: creating util/bash-completion.d/Makefile
config.status: creating stamp-h
config.status: creating config.h
config.status: creating config-util.h
config.status: linking include/grub/i386 to include/grub/cpu
config.status: linking include/grub/i386/pc to include/grub/machine
config.status: executing depfiles commands
config.status: executing po-directories commands
config.status: creating po/POTFILES
config.status: creating po/Makefile
*******************************************************
GRUB2 will be compiled with following components:
Platform: i386-pc
With devmapper support: No (need libdevmapper header)
With memory debugging: No
With disk cache statistics: No
With boot time statistics: No
efiemu runtime: No (explicitly disabled)
grub-mkfont: No (need freetype2 library)
grub-mount: No (need fuse or fuse3 libraries)
starfield theme: No (No build-time grub-mkfont)
With libzfs support: No (need zfs library)
Build-time grub-mkfont: No (need freetype2 library)
Without unifont (no build-time grub-mkfont)
With liblzma from -llzma (support for XZ-compressed mips images)
With stack smashing protector: No
*******************************************************
