make  install-recursive
make[1]: Entering directory '/sources/grub-2.12'
Making install in grub-core/lib/gnulib
make[2]: Entering directory '/sources/grub-2.12/grub-core/lib/gnulib'
make  install-recursive
make[3]: Entering directory '/sources/grub-2.12/grub-core/lib/gnulib'
make[4]: Entering directory '/sources/grub-2.12/grub-core/lib/gnulib'
make[5]: Entering directory '/sources/grub-2.12/grub-core/lib/gnulib'
make[5]: Nothing to be done for 'install-exec-am'.
make[5]: Nothing to be done for 'install-data-am'.
make[5]: Leaving directory '/sources/grub-2.12/grub-core/lib/gnulib'
make[4]: Leaving directory '/sources/grub-2.12/grub-core/lib/gnulib'
make[3]: Leaving directory '/sources/grub-2.12/grub-core/lib/gnulib'
make[2]: Leaving directory '/sources/grub-2.12/grub-core/lib/gnulib'
Making install in .
make[2]: Entering directory '/sources/grub-2.12'
make[3]: Entering directory '/sources/grub-2.12'
 /usr/bin/mkdir -p '/usr/bin'
 /usr/bin/mkdir -p '/usr/sbin'
 /usr/bin/mkdir -p '/etc/grub.d'
 /usr/bin/mkdir -p '/etc/grub.d'
 /usr/bin/mkdir -p '/usr/lib/grub/x86_64-efi'
 /usr/bin/install -c grub-kbdcomp '/usr/bin'
 /usr/bin/install -c -m 644 util/grub.d/README '/etc/grub.d'
 /usr/bin/mkdir -p '/usr/share/grub'
 /usr/bin/install -c grub-mkconfig grub-set-default grub-reboot '/usr/sbin'
 /usr/bin/install -c 00_header 10_linux 20_linux_xen 25_bli 30_os-prober 30_uefi-firmware 40_custom 41_custom '/etc/grub.d'
 /usr/bin/install -c -m 644 config.h '/usr/lib/grub/x86_64-efi'
 /usr/bin/install -c -m 644 grub-mkconfig_lib '/usr/share/grub'
 /usr/bin/mkdir -p '/usr/sbin'
 /usr/bin/mkdir -p '/usr/bin'
  /usr/bin/install -c grub-mkimage grub-mkrelpath grub-script-check grub-editenv grub-mkpasswd-pbkdf2 grub-fstest grub-mklayout grub-mkrescue grub-mkstandalone grub-mknetdir grub-menulst2cfg grub-syslinux2cfg grub-glue-efi grub-render-label grub-file '/usr/bin'
  /usr/bin/install -c grub-probe grub-bios-setup grub-sparc64-setup grub-ofpathname grub-macbless grub-install '/usr/sbin'
make[3]: Leaving directory '/sources/grub-2.12'
make[2]: Leaving directory '/sources/grub-2.12'
Making install in grub-core
make[2]: Entering directory '/sources/grub-2.12/grub-core'
make  install-am
make[3]: Entering directory '/sources/grub-2.12/grub-core'
make[4]: Entering directory '/sources/grub-2.12/grub-core'
 /usr/bin/mkdir -p '/usr/lib/grub/x86_64-efi'
 /usr/bin/mkdir -p '/usr/lib/grub/x86_64-efi'
 /usr/bin/install -c -m 644 kernel.img gdb_helper.py gdb_grub fs.lst command.lst partmap.lst terminal.lst fdt.lst parttool.lst video.lst crypto.lst moddep.lst disk.mod trig.mod cs5536.mod usb.mod usbserial_common.mod usbserial_pl2303.mod usbserial_ftdi.mod usbserial_usbdebug.mod uhci.mod ohci.mod ehci.mod nativedisk.mod iorw.mod cbtable.mod cbtime.mod cbls.mod cbmemc.mod regexp.mod acpi.mod lsacpi.mod lsefisystab.mod lssal.mod lsefimmap.mod lsefi.mod efifwsetup.mod efitextmode.mod blocklist.mod boot.mod '/usr/lib/grub/x86_64-efi'
 /usr/bin/install -c -m 644 cat.mod cmp.mod configfile.mod cpuid.mod date.mod echo.mod eval.mod extcmd.mod fixvideo.mod gptsync.mod halt.mod reboot.mod hashsum.mod pgp.mod hdparm.mod help.mod hexdump.mod keystatus.mod loadbios.mod loadenv.mod ls.mod lsmmap.mod lspci.mod memrw.mod minicmd.mod parttool.mod password.mod password_pbkdf2.mod play.mod spkmodem.mod morse.mod probe.mod read.mod search.mod search_fs_file.mod search_fs_uuid.mod search_label.mod setpci.mod pcidump.mod sleep.mod '/usr/lib/grub/x86_64-efi'
 /usr/bin/install -c -m 644 smbios.mod terminal.mod test.mod true.mod usbtest.mod videoinfo.mod videotest.mod xnu_uuid.mod dm_nv.mod loopback.mod cryptodisk.mod plainmount.mod json.mod afsplitter.mod luks.mod luks2.mod geli.mod lvm.mod ldm.mod mdraid09.mod mdraid09_be.mod mdraid1x.mod diskfilter.mod raid5rec.mod raid6rec.mod scsi.mod memdisk.mod ata.mod ahci.mod pata.mod usbms.mod font.mod procfs.mod affs.mod afs.mod bfs.mod zstd.mod btrfs.mod archelp.mod cbfs.mod '/usr/lib/grub/x86_64-efi'
 /usr/bin/install -c -m 644 cpio.mod cpio_be.mod newc.mod odc.mod ext2.mod fat.mod exfat.mod f2fs.mod fshelp.mod hfs.mod hfsplus.mod hfspluscomp.mod iso9660.mod jfs.mod minix.mod minix2.mod minix3.mod minix_be.mod minix2_be.mod minix3_be.mod nilfs2.mod ntfs.mod ntfscomp.mod reiserfs.mod romfs.mod sfs.mod squash4.mod tar.mod udf.mod ufs1.mod ufs1_be.mod ufs2.mod xfs.mod zfs.mod zfscrypt.mod zfsinfo.mod macbless.mod gettext.mod gfxmenu.mod hello.mod '/usr/lib/grub/x86_64-efi'
 /usr/bin/install -c -m 644 gzio.mod offsetio.mod bufio.mod elf.mod crypto.mod pbkdf2.mod relocator.mod datetime.mod setjmp.mod aout.mod bsd.mod linux16.mod multiboot2.mod multiboot.mod linux.mod xnu.mod random.mod macho.mod appleldr.mod chain.mod mmap.mod normal.mod part_acorn.mod part_amiga.mod part_apple.mod part_gpt.mod part_msdos.mod part_sun.mod part_plan.mod part_dvh.mod part_bsd.mod part_sunpc.mod part_dfly.mod msdospart.mod at_keyboard.mod gfxterm.mod gfxterm_background.mod serial.mod terminfo.mod usb_keyboard.mod '/usr/lib/grub/x86_64-efi'
  /usr/bin/install -c disk.module trig.module cs5536.module usb.module usbserial_common.module usbserial_pl2303.module usbserial_ftdi.module usbserial_usbdebug.module uhci.module ohci.module ehci.module nativedisk.module iorw.module cbtable.module cbtime.module cbls.module cbmemc.module regexp.module acpi.module lsacpi.module lsefisystab.module lssal.module lsefimmap.module lsefi.module efifwsetup.module efitextmode.module blocklist.module boot.module cat.module cmp.module configfile.module cpuid.module date.module echo.module eval.module extcmd.module fixvideo.module gptsync.module halt.module reboot.module hashsum.module pgp.module hdparm.module help.module hexdump.module keystatus.module loadbios.module loadenv.module ls.module lsmmap.module lspci.module memrw.module minicmd.module parttool.module password.module password_pbkdf2.module play.module spkmodem.module morse.module probe.module read.module search.module search_fs_file.module search_fs_uuid.module search_label.module setpci.module pcidump.module sleep.module smbios.module terminal.module test.module true.module usbtest.module videoinfo.module videotest.module xnu_uuid.module dm_nv.module loopback.module cryptodisk.module plainmount.module json.module afsplitter.module luks.module luks2.module geli.module lvm.module ldm.module mdraid09.module mdraid09_be.module mdraid1x.module diskfilter.module raid5rec.module raid6rec.module scsi.module memdisk.module ata.module ahci.module pata.module usbms.module font.module procfs.module affs.module afs.module bfs.module zstd.module btrfs.module archelp.module cbfs.module cpio.module cpio_be.module newc.module odc.module ext2.module fat.module exfat.module f2fs.module fshelp.module hfs.module hfsplus.module hfspluscomp.module iso9660.module jfs.module minix.module minix2.module minix3.module minix_be.module minix2_be.module minix3_be.module nilfs2.module ntfs.module ntfscomp.module reiserfs.module romfs.module sfs.module squash4.module tar.module udf.module ufs1.module ufs1_be.module ufs2.module xfs.module zfs.module zfscrypt.module zfsinfo.module macbless.module gettext.module gfxmenu.module hello.module gzio.module offsetio.module bufio.module elf.module crypto.module pbkdf2.module relocator.module datetime.module setjmp.module aout.module bsd.module linux16.module multiboot2.module multiboot.module linux.module xnu.module random.module macho.module appleldr.module chain.module mmap.module normal.module part_acorn.module part_amiga.module part_apple.module part_gpt.module part_msdos.module part_sun.module part_plan.module part_dvh.module part_bsd.module part_sunpc.module part_dfly.module msdospart.module at_keyboard.module gfxterm.module gfxterm_background.module serial.module terminfo.module usb_keyboard.module video_cirrus.module video_bochs.module functional_test.module exfctest.module strtoull_test.module setjmp_test.module signature_test.module sleep_test.module xnu_uuid_test.module pbkdf2_test.module legacy_password_test.module div.module div_test.module mul_test.module shift_test.module cmp_test.module ctz_test.module bswap_test.module videotest_checksum.module gfxterm_menu.module cmdline_cat_test.module bitmap.module bitmap_scale.module efi_gop.module efi_uga.module jpeg.module png.module tga.module video_fb.module video.module video_colors.module datehook.module net.module tftp.module http.module efinet.module legacycfg.module syslinuxcfg.module test_blockarg.module xzio.module lzopio.module testload.module backtrace.module keylayouts.module priority_queue.module time.module adler32.module crc64.module mpi.module all_video.module testspeed.module tpm.module tr.module progress.module file.module rdmsr.module wrmsr.module bli.module gcry_arcfour.module gcry_blowfish.module gcry_camellia.module gcry_cast5.module gcry_crc.module gcry_des.module gcry_dsa.module gcry_idea.module gcry_md4.module gcry_md5.module gcry_rfc2268.module gcry_rijndael.module gcry_rmd160.module gcry_rsa.module gcry_seed.module gcry_serpent.module gcry_sha1.module gcry_sha256.module gcry_sha512.module gcry_tiger.module gcry_twofish.module gcry_whirlpool.module kernel.exec '/usr/lib/grub/x86_64-efi'
 /usr/bin/install -c -m 644 video_cirrus.mod video_bochs.mod functional_test.mod exfctest.mod strtoull_test.mod setjmp_test.mod signature_test.mod sleep_test.mod xnu_uuid_test.mod pbkdf2_test.mod legacy_password_test.mod div.mod div_test.mod mul_test.mod shift_test.mod cmp_test.mod ctz_test.mod bswap_test.mod videotest_checksum.mod gfxterm_menu.mod cmdline_cat_test.mod bitmap.mod bitmap_scale.mod efi_gop.mod efi_uga.mod jpeg.mod png.mod tga.mod video_fb.mod video.mod video_colors.mod datehook.mod net.mod tftp.mod http.mod efinet.mod legacycfg.mod syslinuxcfg.mod test_blockarg.mod xzio.mod '/usr/lib/grub/x86_64-efi'
 /usr/bin/install -c -m 644 lzopio.mod testload.mod backtrace.mod keylayouts.mod priority_queue.mod time.mod adler32.mod crc64.mod mpi.mod all_video.mod testspeed.mod tpm.mod tr.mod progress.mod file.mod rdmsr.mod wrmsr.mod bli.mod gcry_arcfour.mod gcry_blowfish.mod gcry_camellia.mod gcry_cast5.mod gcry_crc.mod gcry_des.mod gcry_dsa.mod gcry_idea.mod gcry_md4.mod gcry_md5.mod gcry_rfc2268.mod gcry_rijndael.mod gcry_rmd160.mod gcry_rsa.mod gcry_seed.mod gcry_serpent.mod gcry_sha1.mod gcry_sha256.mod gcry_sha512.mod gcry_tiger.mod gcry_twofish.mod gcry_whirlpool.mod '/usr/lib/grub/x86_64-efi'
 /usr/bin/install -c -m 644 modinfo.sh '/usr/lib/grub/x86_64-efi'
make[4]: Leaving directory '/sources/grub-2.12/grub-core'
make[3]: Leaving directory '/sources/grub-2.12/grub-core'
make[2]: Leaving directory '/sources/grub-2.12/grub-core'
Making install in po
make[2]: Entering directory '/sources/grub-2.12/po'
installing ast.gmo as /usr/share/locale/ast/LC_MESSAGES/grub.mo
installing ca.gmo as /usr/share/locale/ca/LC_MESSAGES/grub.mo
installing da.gmo as /usr/share/locale/da/LC_MESSAGES/grub.mo
installing de.gmo as /usr/share/locale/de/LC_MESSAGES/grub.mo
installing de@hebrew.gmo as /usr/share/locale/de@hebrew/LC_MESSAGES/grub.mo
installing de_CH.gmo as /usr/share/locale/de_CH/LC_MESSAGES/grub.mo
installing en@arabic.gmo as /usr/share/locale/en@arabic/LC_MESSAGES/grub.mo
installing en@cyrillic.gmo as /usr/share/locale/en@cyrillic/LC_MESSAGES/grub.mo
installing en@greek.gmo as /usr/share/locale/en@greek/LC_MESSAGES/grub.mo
installing en@hebrew.gmo as /usr/share/locale/en@hebrew/LC_MESSAGES/grub.mo
installing en@piglatin.gmo as /usr/share/locale/en@piglatin/LC_MESSAGES/grub.mo
installing en@quot.gmo as /usr/share/locale/en@quot/LC_MESSAGES/grub.mo
installing eo.gmo as /usr/share/locale/eo/LC_MESSAGES/grub.mo
installing es.gmo as /usr/share/locale/es/LC_MESSAGES/grub.mo
installing fi.gmo as /usr/share/locale/fi/LC_MESSAGES/grub.mo
installing fr.gmo as /usr/share/locale/fr/LC_MESSAGES/grub.mo
installing gl.gmo as /usr/share/locale/gl/LC_MESSAGES/grub.mo
installing he.gmo as /usr/share/locale/he/LC_MESSAGES/grub.mo
installing hr.gmo as /usr/share/locale/hr/LC_MESSAGES/grub.mo
installing hu.gmo as /usr/share/locale/hu/LC_MESSAGES/grub.mo
installing id.gmo as /usr/share/locale/id/LC_MESSAGES/grub.mo
installing it.gmo as /usr/share/locale/it/LC_MESSAGES/grub.mo
installing ja.gmo as /usr/share/locale/ja/LC_MESSAGES/grub.mo
installing ka.gmo as /usr/share/locale/ka/LC_MESSAGES/grub.mo
installing ko.gmo as /usr/share/locale/ko/LC_MESSAGES/grub.mo
installing lg.gmo as /usr/share/locale/lg/LC_MESSAGES/grub.mo
installing lt.gmo as /usr/share/locale/lt/LC_MESSAGES/grub.mo
installing nb.gmo as /usr/share/locale/nb/LC_MESSAGES/grub.mo
installing nl.gmo as /usr/share/locale/nl/LC_MESSAGES/grub.mo
installing pa.gmo as /usr/share/locale/pa/LC_MESSAGES/grub.mo
installing pl.gmo as /usr/share/locale/pl/LC_MESSAGES/grub.mo
installing pt.gmo as /usr/share/locale/pt/LC_MESSAGES/grub.mo
installing pt_BR.gmo as /usr/share/locale/pt_BR/LC_MESSAGES/grub.mo
installing ro.gmo as /usr/share/locale/ro/LC_MESSAGES/grub.mo
installing ru.gmo as /usr/share/locale/ru/LC_MESSAGES/grub.mo
installing sl.gmo as /usr/share/locale/sl/LC_MESSAGES/grub.mo
installing sr.gmo as /usr/share/locale/sr/LC_MESSAGES/grub.mo
installing sv.gmo as /usr/share/locale/sv/LC_MESSAGES/grub.mo
installing tr.gmo as /usr/share/locale/tr/LC_MESSAGES/grub.mo
installing uk.gmo as /usr/share/locale/uk/LC_MESSAGES/grub.mo
installing vi.gmo as /usr/share/locale/vi/LC_MESSAGES/grub.mo
installing zh_CN.gmo as /usr/share/locale/zh_CN/LC_MESSAGES/grub.mo
installing zh_TW.gmo as /usr/share/locale/zh_TW/LC_MESSAGES/grub.mo
if test "grub" = "gettext-tools"; then \
  /usr/bin/mkdir -p /usr/share/gettext/po; \
  for file in Makefile.in.in remove-potcdate.sin quot.sed boldquot.sed en@quot.header en@boldquot.header insert-header.sin Rules-quot swiss.sed Rules-swiss piglatin.sed en@piglatin.header insert-header.sin Rules-piglatin Makevars.template; do \
    /usr/bin/install -c -m 644 ./$file \
		    /usr/share/gettext/po/$file; \
  done; \
  for file in Makevars; do \
    rm -f /usr/share/gettext/po/$file; \
  done; \
else \
  : ; \
fi
make[2]: Leaving directory '/sources/grub-2.12/po'
Making install in docs
make[2]: Entering directory '/sources/grub-2.12/docs'
make[3]: Entering directory '/sources/grub-2.12/docs'
make[3]: Nothing to be done for 'install-exec-am'.
 /usr/bin/mkdir -p '/usr/share/info'
 /usr/bin/install -c -m 644 ./grub.info ./grub.info-1 ./grub.info-2 ./grub-dev.info '/usr/share/info'
 install-info --info-dir='/usr/share/info' '/usr/share/info/grub.info'
 install-info --info-dir='/usr/share/info' '/usr/share/info/grub-dev.info'
make[3]: Leaving directory '/sources/grub-2.12/docs'
make[2]: Leaving directory '/sources/grub-2.12/docs'
Making install in util/bash-completion.d
make[2]: Entering directory '/sources/grub-2.12/util/bash-completion.d'
make[3]: Entering directory '/sources/grub-2.12/util/bash-completion.d'
make[3]: Nothing to be done for 'install-exec-am'.
 /usr/bin/mkdir -p '/etc/bash_completion.d'
 /usr/bin/install -c -m 644 grub '/etc/bash_completion.d'
make[3]: Leaving directory '/sources/grub-2.12/util/bash-completion.d'
make[2]: Leaving directory '/sources/grub-2.12/util/bash-completion.d'
make[1]: Leaving directory '/sources/grub-2.12'
renamed '/etc/bash_completion.d/grub' -> '/usr/share/bash-completion/completions/grub'
