The Meson build system
Version: 1.8.3
Source dir: /sources/kmod-34.2
Build dir: /sources/kmod-34.2/build
Build type: native build
Project name: kmod
Project version: 34.2
C compiler for the host machine: cc (gcc 15.2.0 "cc (GCC) 15.2.0")
C linker for the host machine: cc ld.bfd 2.45
Host machine cpu family: x86_64
Host machine cpu: x86_64
Checking for function "open64" : YES 
Checking for function "stat64" : YES 
Checking for function "fopen64" : YES 
Checking for function "__stat64_time64" : NO 
Checking for function "secure_getenv" : YES 
Checking whether type "struct stat" has member "st_mtim" : YES 
Header "string.h" has symbol "basename" : YES 
Header "sys/stat.h" has symbol "__xstat" : NO 
Checking if "_Static_assert" compiles: YES 
Checking if "_Noreturn" compiles: YES 
Compiler for C supports arguments -fdata-sections: YES 
Compiler for C supports arguments -fdiagnostics-show-option: YES 
Compiler for C supports arguments -ffunction-sections: YES 
Compiler for C supports arguments -fno-common: YES 
Compiler for C supports arguments -Wchar-subscripts: YES 
Compiler for C supports arguments -Wdeclaration-after-statement: YES 
Compiler for C supports arguments -Wendif-labels: YES 
Compiler for C supports arguments -Wfloat-equal: YES 
Compiler for C supports arguments -Wformat=2: YES 
Compiler for C supports arguments -Wformat-nonliteral: YES 
Compiler for C supports arguments -Wformat-security: YES 
Compiler for C supports arguments -Winit-self: YES 
Compiler for C supports arguments -Wlogical-op: YES 
Compiler for C supports arguments -Wmissing-declarations: YES 
Compiler for C supports arguments -Wmissing-include-dirs: YES 
Compiler for C supports arguments -Wmissing-noreturn: YES 
Compiler for C supports arguments -Wmissing-prototypes: YES 
Compiler for C supports arguments -Wnested-externs: YES 
Compiler for C supports arguments -Wno-unused-parameter: YES 
Compiler for C supports arguments -Wno-attributes=clang::suppress: YES 
Compiler for C supports arguments -Wold-style-definition: YES 
Compiler for C supports arguments -Wpointer-arith: YES 
Compiler for C supports arguments -Wredundant-decls: YES 
Compiler for C supports arguments -Wshadow: YES 
Compiler for C supports arguments -Wsign-compare: YES 
Compiler for C supports arguments -Wstrict-aliasing=3: YES 
Compiler for C supports arguments -Wstrict-prototypes: YES 
Compiler for C supports arguments -Wtype-limits: YES 
Compiler for C supports arguments -Wundef: YES 
Compiler for C supports arguments -Wuninitialized: YES 
Compiler for C supports arguments -Wvla: YES 
Compiler for C supports arguments -Wwrite-strings: YES 
Compiler for C supports link arguments -Wl,--gc-sections: YES 
Found pkg-config: YES (/usr/bin/pkg-config) 2.5.1
Did not find CMake 'cmake'
Found CMake: NO
Run-time dependency bash-completion found: NO (tried pkgconfig and cmake)
Run-time dependency fish found: NO (tried pkgconfig and cmake)
Run-time dependency libzstd found: YES 1.5.7
Run-time dependency liblzma found: YES 5.8.1
Run-time dependency zlib found: YES 1.3.1
Run-time dependency libcrypto found: YES 3.5.2
Configuring config.h using configuration
Checking for function "dlopen" : YES 
Build targets in project: 10

kmod 34.2

  Directories
    prefix           : /usr
    sysconfdir       : /etc
    bindir           : /usr/bin
    sbindir          : /usr/sbin
    includedir       : /usr/include
    libdir           : /usr/lib
    datadir          : /usr/share

  Kmod specific
    distconfdir      : /usr/lib
    moduledir        : /lib/modules

  Shell completions
    bashcompletiondir: /usr/share/bash-completion/completions
    fishcompletiondir: /usr/share/fish/vendor_functions.d
    zshcompletiondir : /usr/share/zsh/site-functions

  Options
    tools            : true
    logging          : true
    debug-messages   : false
    build-tests      : false
    manpages         : false
    docs             : false
    dlopen           :

    features         : +ZSTD +XZ +ZLIB +OPENSSL

  User defined options
    buildtype        : release
    manpages         : false
    prefix           : /usr

Found ninja-1.13.1 at /usr/bin/ninja
