configure: No --program-prefix given, using "eu-"
checking for a BSD-compatible install... /usr/bin/install -c
checking whether sleep supports fractional seconds... yes
checking filesystem timestamp resolution... 0.01
checking whether build environment is sane... yes
checking for a race-free mkdir -p... /usr/bin/mkdir -p
checking for gawk... gawk
checking whether make sets $(MAKE)... yes
checking whether make supports nested variables... yes
checking xargs -n works... yes
checking whether to enable maintainer-specific portions of Makefiles... no
checking build system type... x86_64-pc-linux-gnu
checking host system type... x86_64-pc-linux-gnu
checking for gcc... gcc
checking whether the C compiler works... yes
checking for C compiler default output file name... a.out
checking for suffix of executables... 
checking whether we are cross compiling... no
checking for suffix of object files... o
checking whether the compiler supports GNU C... yes
checking whether gcc accepts -g... yes
checking for gcc option to enable C11 features... none needed
checking whether gcc understands -c and -o together... yes
checking whether make supports the include directive... yes (GNU style)
checking dependency style of gcc... gcc3
checking for g++... g++
checking whether the compiler supports GNU C++... yes
checking whether g++ accepts -g... yes
checking for g++ option to enable C++11 features... none needed
checking dependency style of g++... gcc3
checking for ranlib... ranlib
checking for bison... bison -y
checking for flex... flex
checking for lex output file root... lex.yy
checking for lex library... none needed
checking whether yytext is a pointer... yes
checking for ar... ar
checking the archiver (ar) interface... ar
checking for readelf... readelf
checking for nm... nm
checking whether gcc supports __attribute__((visibility()))... yes
checking whether gcc supports __attribute__((gcc_struct))... yes
checking whether gcc supports -fPIC... yes
checking whether gcc supports -fPIE... yes
checking whether gcc supports -Wl,-z,defs... yes
checking whether the compiler generates build-ids... no
configure: WARNING: compiler doesn't generate build-id by default
checking whether gcc supports -Wl,-z,relro... yes
checking for __thread support... yes
checking for stdio.h... yes
checking for stdlib.h... yes
checking for string.h... yes
checking for inttypes.h... yes
checking for stdint.h... yes
checking for strings.h... yes
checking for sys/stat.h... yes
checking for sys/types.h... yes
checking for unistd.h... yes
checking for stdatomic.h... yes
checking for gcc option to enable large file support... none needed
checking whether fts.h is bad when included (with LFS)... no
checking whether to add -D_FORTIFY_SOURCE=2 or =3 to CFLAGS... yes -D_FORTIFY_SOURCE=3
checking for library containing gzdirect... -lz
checking for library containing BZ2_bzdopen... -lbz2
checking for library containing lzma_auto_decoder... -llzma
checking for library containing ZSTD_decompress... -lzstd
checking for pkg-config... /usr/bin/pkg-config
checking pkg-config is at least version 0.9.0... yes
checking for libzstd >= 1.4.0... yes
checking for gcc options needed to detect all undeclared functions... none needed
checking whether memrchr is declared... yes
checking whether rawmemchr is declared... yes
checking whether powerof2 is declared... yes
checking whether mempcpy is declared... yes
checking whether reallocarray is declared... yes
checking for process_vm_readv... yes
checking for mremap... yes
checking for error.h... yes
checking for error... yes
checking for err.h... yes
checking for sched.h... yes
checking for sched_getaffinity... yes
checking for sys/resource.h... yes
checking for getrlimit... yes
checking for malloc.h... yes
checking for malloc_trim... yes
checking whether strerror_r is declared... yes
checking whether strerror_r returns char *... yes
checking for __cxa_demangle in -lstdc++... yes
checking whether symbol versioning is supported... yes
checking whether gcc accepts -Wstack-usage... yes
checking whether gcc has a sane -Wlogical-op... yes
checking whether gcc accepts -Wduplicated-cond... yes
checking whether gcc accepts -Wnull-dereference... yes
checking whether gcc accepts -Wimplicit-fallthrough... yes
checking whether the compiler accepts -Wimplicit-fallthrough=5... yes
checking whether the compiler accepts -Wtrampolines... yes
checking whether the compiler accepts -Wno-packed-not-aligned... yes
checking whether the compiler accepts -Wuse-after-free=3... yes
checking whether the compiler accepts -fno-addrsig... no
checking for library containing argp_parse... none required
checking for library containing fts_close... none required
checking for library containing _obstack_free... none required
checking for a sed that does not truncate output... /usr/bin/sed
checking whether NLS is requested... yes
checking for msgfmt... /usr/bin/msgfmt
checking for gmsgfmt... /usr/bin/msgfmt
checking for xgettext... /usr/bin/xgettext
checking for msgmerge... /usr/bin/msgmerge
checking for ld used by gcc... /usr/x86_64-pc-linux-gnu/bin/ld
checking if the linker (/usr/x86_64-pc-linux-gnu/bin/ld) is GNU ld... yes
checking for shared library run path origin... done
checking 32-bit host C ABI... no
checking how to run the C preprocessor... gcc -E
checking for egrep -e... /usr/bin/grep -E
checking for ELF binary format... yes
checking for the common suffixes of directories in the library search path... lib,lib,lib
checking for CFPreferencesCopyAppValue... no
checking for CFLocaleCopyPreferredLanguages... no
checking for GNU gettext in libc... yes
checking whether to use NLS... yes
checking where the gettext function comes from... libc
checking size of long... 8
checking for struct user_regs_struct... yes
checking for struct user_pac_mask... no
checking gcc option for 32-bit word size... -m32
checking for 64-bit host... yes
checking whether gcc -m32 makes executables we can run... no
configure: WARNING: not running biarch tests, gcc -m32 does not work
checking for bunzip2... yes
checking for zstd... yes
checking whether g++ supports C++11 features with -std=c++11... yes
checking for execinfo.h... yes
checking for pkg-config... (cached) /usr/bin/pkg-config
checking pkg-config is at least version 0.9.0... yes
checking for libcurl >= 7.29.0... no
checking for json-c >= 0.11... no
checking for libmicrohttpd >= 0.9.33... no
checking for libmicrohttpd < 0.9.51... no
checking for sqlite3 >= 3.7.17... no
checking for libarchive >= 3.1.2... no
checking for headerGet in -lrpm... no
checking for EVP_MD_CTX_new in -lcrypto... yes
checking for imaevm.h... no
checking for pthread_setname_np in -lpthread... yes
checking that generated files are newer than configure... done
configure: creating ./config.status
config.status: creating config/Makefile
config.status: creating Makefile
config.status: creating elfutils.spec
config.status: creating debuginfod/Makefile
config.status: creating debuginfod/debuginfod.h
config.status: creating doc/Makefile
config.status: creating lib/Makefile
config.status: creating libelf/Makefile
config.status: creating libebl/Makefile
config.status: creating libdwelf/Makefile
config.status: creating libdw/Makefile
config.status: creating libdwfl/Makefile
config.status: creating libdwfl_stacktrace/Makefile
config.status: creating libcpu/Makefile
config.status: creating libasm/Makefile
config.status: creating backends/Makefile
config.status: creating src/Makefile
config.status: creating po/Makefile.in
config.status: creating tests/Makefile
config.status: creating config/libelf.pc
config.status: creating config/libdw.pc
config.status: creating config/libdebuginfod.pc
config.status: creating version.h
config.status: creating config/profile.sh
config.status: creating config/profile.csh
config.status: creating config/profile.fish
config.status: creating config.h
config.status: executing depfiles commands
config.status: executing po-directories commands
config.status: creating po/POTFILES
config.status: creating po/Makefile
configure:
=====================================================================
        elfutils: 0.193 (eu_version: 193)
=====================================================================

    Prefix                             : /usr
    Program prefix ("eu-" recommended) : eu-
    Source code location               : .
    Maintainer mode                    : 
    build arch                         : x86_64-pc-linux-gnu

    CFLAGS=-D_FORTIFY_SOURCE=3 -g -O2
    CXXFLAGS=-D_FORTIFY_SOURCE=3 -g -O2

  RECOMMENDED FEATURES (should all be yes)
    gzip support                       : yes
    bzip2 support                      : yes
    lzma/xz support                    : yes
    zstd support                       : yes
    zstd compression support           : yes
    libstdc++ demangle support         : yes
    File textrel check                 : yes
    Symbol versioning                  : yes

  NOT RECOMMENDED FEATURES (should all be no)
    Experimental thread safety         : no
    install elf.h                      : no

  OTHER FEATURES
    Deterministic archives by default  : false
    Native language support            : yes
    Extra Valgrind annotations         : no
    libdebuginfod client support       : dummy
    Debuginfod server support          : no
    Default DEBUGINFOD_URLS            : 
    Debuginfod RPM sig checking        : no
    Default DEBUGINFOD_IMA_CERT_PATH   : 
    eu-stacktrace support              : no

  EXTRA TEST FEATURES (used with make check)
    have bunzip2 installed (required)  : yes
    have zstd installed                : yes
    C++11                              : yes
    debug branch prediction            : no
    gprof support                      : no
    gcov support                       : no
    run all tests under valgrind       : no
    gcc undefined behaviour sanitizer  : no
    gcc address sanitizer              : no
    clang memory sanitizer             : no
    use rpath in tests                 : no
    test biarch                        : no

