Making install in example
make[1]: Entering directory '/sources/sysklogd-2.7.2/example'
make[2]: Entering directory '/sources/sysklogd-2.7.2/example'
make[2]: Nothing to be done for 'install-exec-am'.
 /usr/bin/mkdir -p '/usr/share/doc/sysklogd-2.7.2/example'
 /usr/bin/install -c -m 644 README.md example.c example.mk '/usr/share/doc/sysklogd-2.7.2/example'
make[2]: Leaving directory '/sources/sysklogd-2.7.2/example'
make[1]: Leaving directory '/sources/sysklogd-2.7.2/example'
Making install in man
make[1]: Entering directory '/sources/sysklogd-2.7.2/man'
make[2]: Entering directory '/sources/sysklogd-2.7.2/man'
make[2]: Nothing to be done for 'install-exec-am'.
 /usr/bin/mkdir -p '/usr/share/man/man3'
 /usr/bin/mkdir -p '/usr/share/man/man5'
 /usr/bin/mkdir -p '/usr/share/man/man8'
 /usr/bin/install -c -m 644 syslog.conf.5 '/usr/share/man/man5'
 /usr/bin/install -c -m 644 syslogd.8 '/usr/share/man/man8'
 /usr/bin/install -c -m 644 syslogp.3 '/usr/share/man/man3'
make[2]: Leaving directory '/sources/sysklogd-2.7.2/man'
make[1]: Leaving directory '/sources/sysklogd-2.7.2/man'
Making install in src
make[1]: Entering directory '/sources/sysklogd-2.7.2/src'
make[2]: Entering directory '/sources/sysklogd-2.7.2/src'
 /usr/bin/mkdir -p '/usr/lib'
 /bin/sh ../libtool   --mode=install /usr/bin/install -c   libsyslog.la '/usr/lib'
 /usr/bin/mkdir -p '/usr/lib/pkgconfig'
 /usr/bin/mkdir -p '/usr/include/syslog'
 /usr/bin/install -c -m 644 libsyslog.pc '/usr/lib/pkgconfig'
 /usr/bin/install -c -m 644 syslog.h '/usr/include/syslog'
libtool: install: /usr/bin/install -c .libs/libsyslog.so.0.2.0 /usr/lib/libsyslog.so.0.2.0
libtool: install: (cd /usr/lib && { ln -s -f libsyslog.so.0.2.0 libsyslog.so.0 || { rm -f libsyslog.so.0 && ln -s libsyslog.so.0.2.0 libsyslog.so.0; }; })
libtool: install: (cd /usr/lib && { ln -s -f libsyslog.so.0.2.0 libsyslog.so || { rm -f libsyslog.so && ln -s libsyslog.so.0.2.0 libsyslog.so; }; })
libtool: install: /usr/bin/install -c .libs/libsyslog.lai /usr/lib/libsyslog.la
libtool: finish: PATH="/usr/bin:/usr/sbin:/sbin" ldconfig -n /usr/lib
----------------------------------------------------------------------
Libraries have been installed in:
   /usr/lib

If you ever happen to want to link against installed libraries
in a given directory, LIBDIR, you must either use libtool, and
specify the full pathname of the library, or use the '-LLIBDIR'
flag during linking and do at least one of the following:
   - add LIBDIR to the 'LD_LIBRARY_PATH' environment variable
     during execution
   - add LIBDIR to the 'LD_RUN_PATH' environment variable
     during linking
   - use the '-Wl,-rpath -Wl,LIBDIR' linker flag
   - have your system administrator add LIBDIR to '/etc/ld.so.conf'

See any operating system documentation about shared libraries for
more information, such as the ld(1) and ld.so(8) manual pages.
----------------------------------------------------------------------
 /usr/bin/mkdir -p '/usr/sbin'
  /bin/sh ../libtool   --mode=install /usr/bin/install -c syslogd '/usr/sbin'
libtool: install: /usr/bin/install -c syslogd /usr/sbin/syslogd
make[2]: Leaving directory '/sources/sysklogd-2.7.2/src'
make[1]: Leaving directory '/sources/sysklogd-2.7.2/src'
Making install in test
make[1]: Entering directory '/sources/sysklogd-2.7.2/test'
make[2]: Entering directory '/sources/sysklogd-2.7.2/test'
make[2]: Nothing to be done for 'install-exec-am'.
make[2]: Nothing to be done for 'install-data-am'.
make[2]: Leaving directory '/sources/sysklogd-2.7.2/test'
make[1]: Leaving directory '/sources/sysklogd-2.7.2/test'
make[1]: Entering directory '/sources/sysklogd-2.7.2'
make[2]: Entering directory '/sources/sysklogd-2.7.2'
make[2]: Nothing to be done for 'install-exec-am'.
 /usr/bin/mkdir -p '/usr/share/doc/sysklogd-2.7.2'
 /usr/bin/install -c -m 644 README.md LICENSE ChangeLog.md syslog.conf '/usr/share/doc/sysklogd-2.7.2'
make[2]: Leaving directory '/sources/sysklogd-2.7.2'
make[1]: Leaving directory '/sources/sysklogd-2.7.2'
