Making install in lib
make[1]: Entering directory '/mnt/lfs/sources/make-4.4.1/lib'
make  install-recursive
make[2]: Entering directory '/mnt/lfs/sources/make-4.4.1/lib'
make[3]: Entering directory '/mnt/lfs/sources/make-4.4.1/lib'
make[4]: Entering directory '/mnt/lfs/sources/make-4.4.1/lib'
make[4]: Nothing to be done for 'install-exec-am'.
make[4]: Nothing to be done for 'install-data-am'.
make[4]: Leaving directory '/mnt/lfs/sources/make-4.4.1/lib'
make[3]: Leaving directory '/mnt/lfs/sources/make-4.4.1/lib'
make[2]: Leaving directory '/mnt/lfs/sources/make-4.4.1/lib'
make[1]: Leaving directory '/mnt/lfs/sources/make-4.4.1/lib'
Making install in po
make[1]: Entering directory '/mnt/lfs/sources/make-4.4.1/po'
installing be.gmo as /mnt/lfs/usr/share/locale/be/LC_MESSAGES/make.mo
installing bg.gmo as /mnt/lfs/usr/share/locale/bg/LC_MESSAGES/make.mo
installing cs.gmo as /mnt/lfs/usr/share/locale/cs/LC_MESSAGES/make.mo
installing da.gmo as /mnt/lfs/usr/share/locale/da/LC_MESSAGES/make.mo
installing de.gmo as /mnt/lfs/usr/share/locale/de/LC_MESSAGES/make.mo
installing es.gmo as /mnt/lfs/usr/share/locale/es/LC_MESSAGES/make.mo
installing fi.gmo as /mnt/lfs/usr/share/locale/fi/LC_MESSAGES/make.mo
installing fr.gmo as /mnt/lfs/usr/share/locale/fr/LC_MESSAGES/make.mo
installing ga.gmo as /mnt/lfs/usr/share/locale/ga/LC_MESSAGES/make.mo
installing gl.gmo as /mnt/lfs/usr/share/locale/gl/LC_MESSAGES/make.mo
installing he.gmo as /mnt/lfs/usr/share/locale/he/LC_MESSAGES/make.mo
installing hr.gmo as /mnt/lfs/usr/share/locale/hr/LC_MESSAGES/make.mo
installing id.gmo as /mnt/lfs/usr/share/locale/id/LC_MESSAGES/make.mo
installing it.gmo as /mnt/lfs/usr/share/locale/it/LC_MESSAGES/make.mo
installing ja.gmo as /mnt/lfs/usr/share/locale/ja/LC_MESSAGES/make.mo
installing ko.gmo as /mnt/lfs/usr/share/locale/ko/LC_MESSAGES/make.mo
installing lt.gmo as /mnt/lfs/usr/share/locale/lt/LC_MESSAGES/make.mo
installing nl.gmo as /mnt/lfs/usr/share/locale/nl/LC_MESSAGES/make.mo
installing pl.gmo as /mnt/lfs/usr/share/locale/pl/LC_MESSAGES/make.mo
installing pt.gmo as /mnt/lfs/usr/share/locale/pt/LC_MESSAGES/make.mo
installing pt_BR.gmo as /mnt/lfs/usr/share/locale/pt_BR/LC_MESSAGES/make.mo
installing ro.gmo as /mnt/lfs/usr/share/locale/ro/LC_MESSAGES/make.mo
installing ru.gmo as /mnt/lfs/usr/share/locale/ru/LC_MESSAGES/make.mo
installing sr.gmo as /mnt/lfs/usr/share/locale/sr/LC_MESSAGES/make.mo
installing sv.gmo as /mnt/lfs/usr/share/locale/sv/LC_MESSAGES/make.mo
installing tr.gmo as /mnt/lfs/usr/share/locale/tr/LC_MESSAGES/make.mo
installing uk.gmo as /mnt/lfs/usr/share/locale/uk/LC_MESSAGES/make.mo
installing vi.gmo as /mnt/lfs/usr/share/locale/vi/LC_MESSAGES/make.mo
installing zh_CN.gmo as /mnt/lfs/usr/share/locale/zh_CN/LC_MESSAGES/make.mo
installing zh_TW.gmo as /mnt/lfs/usr/share/locale/zh_TW/LC_MESSAGES/make.mo
if test "make" = "gettext-tools"; then \
  /usr/bin/mkdir -p /mnt/lfs/usr/share/gettext/po; \
  for file in Makefile.in.in remove-potcdate.sin quot.sed boldquot.sed en@quot.header en@boldquot.header insert-header.sin Rules-quot   Makevars.template; do \
    /usr/bin/install -c -m 644 ./$file \
		    /mnt/lfs/usr/share/gettext/po/$file; \
  done; \
  for file in Makevars; do \
    rm -f /mnt/lfs/usr/share/gettext/po/$file; \
  done; \
else \
  : ; \
fi
make[1]: Leaving directory '/mnt/lfs/sources/make-4.4.1/po'
Making install in doc
make[1]: Entering directory '/mnt/lfs/sources/make-4.4.1/doc'
make[2]: Entering directory '/mnt/lfs/sources/make-4.4.1/doc'
make[2]: Nothing to be done for 'install-exec-am'.
 /usr/bin/mkdir -p '/mnt/lfs/usr/share/info'
 /usr/bin/install -c -m 644 ./make.info ./make.info-1 ./make.info-2 ./make.info-3 '/mnt/lfs/usr/share/info'
make[2]: Leaving directory '/mnt/lfs/sources/make-4.4.1/doc'
make[1]: Leaving directory '/mnt/lfs/sources/make-4.4.1/doc'
make[1]: Entering directory '/mnt/lfs/sources/make-4.4.1'
make[2]: Entering directory '/mnt/lfs/sources/make-4.4.1'
 /usr/bin/mkdir -p '/mnt/lfs/usr/include'
 /usr/bin/mkdir -p '/mnt/lfs/usr/share/man/man1'
 /usr/bin/mkdir -p '/mnt/lfs/usr/bin'
 /usr/bin/install -c -m 644 src/gnumake.h '/mnt/lfs/usr/include'
  /usr/bin/install -c make '/mnt/lfs/usr/bin'
 /usr/bin/install -c -m 644 doc/make.1 '/mnt/lfs/usr/share/man/man1'
make[2]: Leaving directory '/mnt/lfs/sources/make-4.4.1'
make[1]: Leaving directory '/mnt/lfs/sources/make-4.4.1'
