rm -f mksignames.o
rm -f buildsignames.o
rm -f unwind_prot.o
gcc -DPROGRAM='"bash"' -DCONF_HOSTTYPE='"x86_64"' -DCONF_OSTYPE='"linux-gnu"' -DCONF_MACHTYPE='"x86_64-pc-linux-gnu"' -DCONF_VENDOR='"pc"' -DLOCALEDIR='"/usr/share/locale"' -DPACKAGE='"bash"' -DSHELL -DHAVE_CONFIG_H   -I.  -I. -I./include -I./lib  -Wno-parentheses -Wno-format-security  -g -O2  -DBUILDTOOL -c ./support/mksignames.c
gcc -DPROGRAM='"bash"' -DCONF_HOSTTYPE='"x86_64"' -DCONF_OSTYPE='"linux-gnu"' -DCONF_MACHTYPE='"x86_64-pc-linux-gnu"' -DCONF_VENDOR='"pc"' -DLOCALEDIR='"/usr/share/locale"' -DPACKAGE='"bash"' -DSHELL -DHAVE_CONFIG_H   -I.  -I. -I./include -I./lib  -Wno-parentheses -Wno-format-security  -g -O2  -DBUILDTOOL -o buildsignames.o -c ./support/signames.c
gcc  -DPROGRAM='"bash"' -DCONF_HOSTTYPE='"x86_64"' -DCONF_OSTYPE='"linux-gnu"' -DCONF_MACHTYPE='"x86_64-pc-linux-gnu"' -DCONF_VENDOR='"pc"' -DLOCALEDIR='"/usr/share/locale"' -DPACKAGE='"bash"' -DSHELL -DHAVE_CONFIG_H   -I.  -I. -I./include -I./lib  -Wno-parentheses -Wno-format-security   -g -O2 -c unwind_prot.c
rm -f mksyntax
rm -f alias.o
gcc -DPROGRAM='"bash"' -DCONF_HOSTTYPE='"x86_64"' -DCONF_OSTYPE='"linux-gnu"' -DCONF_MACHTYPE='"x86_64-pc-linux-gnu"' -DCONF_VENDOR='"pc"' -DLOCALEDIR='"/usr/share/locale"' -DPACKAGE='"bash"' -DSHELL -DHAVE_CONFIG_H   -I.  -I. -I./include -I./lib  -Wno-parentheses -Wno-format-security  -g -O2   -rdynamic -g -O2   -rdynamic -g -O2  -o mksyntax ./mksyntax.c 
gcc  -DPROGRAM='"bash"' -DCONF_HOSTTYPE='"x86_64"' -DCONF_OSTYPE='"linux-gnu"' -DCONF_MACHTYPE='"x86_64-pc-linux-gnu"' -DCONF_VENDOR='"pc"' -DLOCALEDIR='"/usr/share/locale"' -DPACKAGE='"bash"' -DSHELL -DHAVE_CONFIG_H   -I.  -I. -I./include -I./lib  -Wno-parentheses -Wno-format-security   -g -O2 -c alias.c
make[1]: Entering directory '/sources/bash-5.3/builtins'
rm -f mkbuiltins.o
rm -f xmalloc.o
gcc -c  -DHAVE_CONFIG_H -DSHELL -I. -I..  -I.. -I../include -I../lib -I.  -Wno-parentheses -Wno-format-security   -g -O2  mkbuiltins.c
gcc  -DPROGRAM='"bash"' -DCONF_HOSTTYPE='"x86_64"' -DCONF_OSTYPE='"linux-gnu"' -DCONF_MACHTYPE='"x86_64-pc-linux-gnu"' -DCONF_VENDOR='"pc"' -DLOCALEDIR='"/usr/share/locale"' -DPACKAGE='"bash"' -DSHELL -DHAVE_CONFIG_H   -I.  -I. -I./include -I./lib  -Wno-parentheses -Wno-format-security   -g -O2 -c xmalloc.c
make[1]: Entering directory '/sources/bash-5.3/support'
rm -f man2html.o
gcc -c  -DHAVE_CONFIG_H -DSHELL -I/sources/bash-5.3 -I.. -Wno-parentheses -Wno-format-security   -g -O2 man2html.c
rm -f shell.o
gcc  -DPROGRAM='"bash"' -DCONF_HOSTTYPE='"x86_64"' -DCONF_OSTYPE='"linux-gnu"' -DCONF_MACHTYPE='"x86_64-pc-linux-gnu"' -DCONF_VENDOR='"pc"' -DLOCALEDIR='"/usr/share/locale"' -DPACKAGE='"bash"' -DSHELL -DHAVE_CONFIG_H   -I.  -I. -I./include -I./lib  -Wno-parentheses -Wno-format-security   -g -O2 -c shell.c
rm -f eval.o
gcc  -DPROGRAM='"bash"' -DCONF_HOSTTYPE='"x86_64"' -DCONF_OSTYPE='"linux-gnu"' -DCONF_MACHTYPE='"x86_64-pc-linux-gnu"' -DCONF_VENDOR='"pc"' -DLOCALEDIR='"/usr/share/locale"' -DPACKAGE='"bash"' -DSHELL -DHAVE_CONFIG_H   -I.  -I. -I./include -I./lib  -Wno-parentheses -Wno-format-security   -g -O2 -c eval.c
rm -f general.o
gcc  -DPROGRAM='"bash"' -DCONF_HOSTTYPE='"x86_64"' -DCONF_OSTYPE='"linux-gnu"' -DCONF_MACHTYPE='"x86_64-pc-linux-gnu"' -DCONF_VENDOR='"pc"' -DLOCALEDIR='"/usr/share/locale"' -DPACKAGE='"bash"' -DSHELL -DHAVE_CONFIG_H   -I.  -I. -I./include -I./lib  -Wno-parentheses -Wno-format-security   -g -O2 -c general.c
rm -f make_cmd.o
gcc  -DPROGRAM='"bash"' -DCONF_HOSTTYPE='"x86_64"' -DCONF_OSTYPE='"linux-gnu"' -DCONF_MACHTYPE='"x86_64-pc-linux-gnu"' -DCONF_VENDOR='"pc"' -DLOCALEDIR='"/usr/share/locale"' -DPACKAGE='"bash"' -DSHELL -DHAVE_CONFIG_H   -I.  -I. -I./include -I./lib  -Wno-parentheses -Wno-format-security   -g -O2 -c make_cmd.c
rm -f print_cmd.o
gcc  -DPROGRAM='"bash"' -DCONF_HOSTTYPE='"x86_64"' -DCONF_OSTYPE='"linux-gnu"' -DCONF_MACHTYPE='"x86_64-pc-linux-gnu"' -DCONF_VENDOR='"pc"' -DLOCALEDIR='"/usr/share/locale"' -DPACKAGE='"bash"' -DSHELL -DHAVE_CONFIG_H   -I.  -I. -I./include -I./lib  -Wno-parentheses -Wno-format-security   -g -O2 -c print_cmd.c
rm -f dispose_cmd.o
gcc  -DPROGRAM='"bash"' -DCONF_HOSTTYPE='"x86_64"' -DCONF_OSTYPE='"linux-gnu"' -DCONF_MACHTYPE='"x86_64-pc-linux-gnu"' -DCONF_VENDOR='"pc"' -DLOCALEDIR='"/usr/share/locale"' -DPACKAGE='"bash"' -DSHELL -DHAVE_CONFIG_H   -I.  -I. -I./include -I./lib  -Wno-parentheses -Wno-format-security   -g -O2 -c dispose_cmd.c
rm -f copy_cmd.o
gcc  -DPROGRAM='"bash"' -DCONF_HOSTTYPE='"x86_64"' -DCONF_OSTYPE='"linux-gnu"' -DCONF_MACHTYPE='"x86_64-pc-linux-gnu"' -DCONF_VENDOR='"pc"' -DLOCALEDIR='"/usr/share/locale"' -DPACKAGE='"bash"' -DSHELL -DHAVE_CONFIG_H   -I.  -I. -I./include -I./lib  -Wno-parentheses -Wno-format-security   -g -O2 -c copy_cmd.c
rm -f error.o
gcc  -DPROGRAM='"bash"' -DCONF_HOSTTYPE='"x86_64"' -DCONF_OSTYPE='"linux-gnu"' -DCONF_MACHTYPE='"x86_64-pc-linux-gnu"' -DCONF_VENDOR='"pc"' -DLOCALEDIR='"/usr/share/locale"' -DPACKAGE='"bash"' -DSHELL -DHAVE_CONFIG_H   -I.  -I. -I./include -I./lib  -Wno-parentheses -Wno-format-security   -g -O2 -c error.c
gcc -rdynamic -g -O2 -rdynamic -g -O2  -o mkbuiltins mkbuiltins.o -ldl 
rm -f flags.o
gcc  -DPROGRAM='"bash"' -DCONF_HOSTTYPE='"x86_64"' -DCONF_OSTYPE='"linux-gnu"' -DCONF_MACHTYPE='"x86_64-pc-linux-gnu"' -DCONF_VENDOR='"pc"' -DLOCALEDIR='"/usr/share/locale"' -DPACKAGE='"bash"' -DSHELL -DHAVE_CONFIG_H   -I.  -I. -I./include -I./lib  -Wno-parentheses -Wno-format-security   -g -O2 -c flags.c
rm -f hashcmd.o
gcc  -DPROGRAM='"bash"' -DCONF_HOSTTYPE='"x86_64"' -DCONF_OSTYPE='"linux-gnu"' -DCONF_MACHTYPE='"x86_64-pc-linux-gnu"' -DCONF_VENDOR='"pc"' -DLOCALEDIR='"/usr/share/locale"' -DPACKAGE='"bash"' -DSHELL -DHAVE_CONFIG_H   -I.  -I. -I./include -I./lib  -Wno-parentheses -Wno-format-security   -g -O2 -c hashcmd.c
make[1]: Leaving directory '/sources/bash-5.3/builtins'
rm -f hashlib.o
gcc  -DPROGRAM='"bash"' -DCONF_HOSTTYPE='"x86_64"' -DCONF_OSTYPE='"linux-gnu"' -DCONF_MACHTYPE='"x86_64-pc-linux-gnu"' -DCONF_VENDOR='"pc"' -DLOCALEDIR='"/usr/share/locale"' -DPACKAGE='"bash"' -DSHELL -DHAVE_CONFIG_H   -I.  -I. -I./include -I./lib  -Wno-parentheses -Wno-format-security   -g -O2 -c hashlib.c
rm -f mailcheck.o
gcc  -DPROGRAM='"bash"' -DCONF_HOSTTYPE='"x86_64"' -DCONF_OSTYPE='"linux-gnu"' -DCONF_MACHTYPE='"x86_64-pc-linux-gnu"' -DCONF_VENDOR='"pc"' -DLOCALEDIR='"/usr/share/locale"' -DPACKAGE='"bash"' -DSHELL -DHAVE_CONFIG_H   -I.  -I. -I./include -I./lib  -Wno-parentheses -Wno-format-security   -g -O2 -c mailcheck.c
rm -f mksignames
gcc -DPROGRAM='"bash"' -DCONF_HOSTTYPE='"x86_64"' -DCONF_OSTYPE='"linux-gnu"' -DCONF_MACHTYPE='"x86_64-pc-linux-gnu"' -DCONF_VENDOR='"pc"' -DLOCALEDIR='"/usr/share/locale"' -DPACKAGE='"bash"' -DSHELL -DHAVE_CONFIG_H   -I.  -I. -I./include -I./lib  -Wno-parentheses -Wno-format-security  -g -O2   -rdynamic -g -O2   -rdynamic -g -O2  -o mksignames mksignames.o buildsignames.o 
rm -f input.o
gcc  -DPROGRAM='"bash"' -DCONF_HOSTTYPE='"x86_64"' -DCONF_OSTYPE='"linux-gnu"' -DCONF_MACHTYPE='"x86_64-pc-linux-gnu"' -DCONF_VENDOR='"pc"' -DLOCALEDIR='"/usr/share/locale"' -DPACKAGE='"bash"' -DSHELL -DHAVE_CONFIG_H   -I.  -I. -I./include -I./lib  -Wno-parentheses -Wno-format-security   -g -O2 -c input.c
rm -f pathexp.o
gcc  -DPROGRAM='"bash"' -DCONF_HOSTTYPE='"x86_64"' -DCONF_OSTYPE='"linux-gnu"' -DCONF_MACHTYPE='"x86_64-pc-linux-gnu"' -DCONF_VENDOR='"pc"' -DLOCALEDIR='"/usr/share/locale"' -DPACKAGE='"bash"' -DSHELL -DHAVE_CONFIG_H   -I.  -I. -I./include -I./lib  -Wno-parentheses -Wno-format-security   -g -O2 -c pathexp.c
rm -f sig.o
rm -f test.o
gcc  -DPROGRAM='"bash"' -DCONF_HOSTTYPE='"x86_64"' -DCONF_OSTYPE='"linux-gnu"' -DCONF_MACHTYPE='"x86_64-pc-linux-gnu"' -DCONF_VENDOR='"pc"' -DLOCALEDIR='"/usr/share/locale"' -DPACKAGE='"bash"' -DSHELL -DHAVE_CONFIG_H   -I.  -I. -I./include -I./lib  -Wno-parentheses -Wno-format-security   -g -O2 -c sig.c
gcc  -DPROGRAM='"bash"' -DCONF_HOSTTYPE='"x86_64"' -DCONF_OSTYPE='"linux-gnu"' -DCONF_MACHTYPE='"x86_64-pc-linux-gnu"' -DCONF_VENDOR='"pc"' -DLOCALEDIR='"/usr/share/locale"' -DPACKAGE='"bash"' -DSHELL -DHAVE_CONFIG_H   -I.  -I. -I./include -I./lib  -Wno-parentheses -Wno-format-security   -g -O2 -c test.c
rm -f syntax.c
./mksyntax -o syntax.c
rm -f array.o
gcc  -DPROGRAM='"bash"' -DCONF_HOSTTYPE='"x86_64"' -DCONF_OSTYPE='"linux-gnu"' -DCONF_MACHTYPE='"x86_64-pc-linux-gnu"' -DCONF_VENDOR='"pc"' -DLOCALEDIR='"/usr/share/locale"' -DPACKAGE='"bash"' -DSHELL -DHAVE_CONFIG_H   -I.  -I. -I./include -I./lib  -Wno-parentheses -Wno-format-security   -g -O2 -c array.c
rm -f arrayfunc.o
gcc  -DPROGRAM='"bash"' -DCONF_HOSTTYPE='"x86_64"' -DCONF_OSTYPE='"linux-gnu"' -DCONF_MACHTYPE='"x86_64-pc-linux-gnu"' -DCONF_VENDOR='"pc"' -DLOCALEDIR='"/usr/share/locale"' -DPACKAGE='"bash"' -DSHELL -DHAVE_CONFIG_H   -I.  -I. -I./include -I./lib  -Wno-parentheses -Wno-format-security   -g -O2 -c arrayfunc.c
rm -f assoc.o
gcc  -DPROGRAM='"bash"' -DCONF_HOSTTYPE='"x86_64"' -DCONF_OSTYPE='"linux-gnu"' -DCONF_MACHTYPE='"x86_64-pc-linux-gnu"' -DCONF_VENDOR='"pc"' -DLOCALEDIR='"/usr/share/locale"' -DPACKAGE='"bash"' -DSHELL -DHAVE_CONFIG_H   -I.  -I. -I./include -I./lib  -Wno-parentheses -Wno-format-security   -g -O2 -c assoc.c
rm -f braces.o
gcc  -DPROGRAM='"bash"' -DCONF_HOSTTYPE='"x86_64"' -DCONF_OSTYPE='"linux-gnu"' -DCONF_MACHTYPE='"x86_64-pc-linux-gnu"' -DCONF_VENDOR='"pc"' -DLOCALEDIR='"/usr/share/locale"' -DPACKAGE='"bash"' -DSHELL -DHAVE_CONFIG_H   -I.  -I. -I./include -I./lib  -Wno-parentheses -Wno-format-security   -g -O2 -c braces.c
rm -f bracecomp.o
gcc  -DPROGRAM='"bash"' -DCONF_HOSTTYPE='"x86_64"' -DCONF_OSTYPE='"linux-gnu"' -DCONF_MACHTYPE='"x86_64-pc-linux-gnu"' -DCONF_VENDOR='"pc"' -DLOCALEDIR='"/usr/share/locale"' -DPACKAGE='"bash"' -DSHELL -DHAVE_CONFIG_H   -I.  -I. -I./include -I./lib  -Wno-parentheses -Wno-format-security   -g -O2 -c bracecomp.c
rm -f bashhist.o
gcc  -DPROGRAM='"bash"' -DCONF_HOSTTYPE='"x86_64"' -DCONF_OSTYPE='"linux-gnu"' -DCONF_MACHTYPE='"x86_64-pc-linux-gnu"' -DCONF_VENDOR='"pc"' -DLOCALEDIR='"/usr/share/locale"' -DPACKAGE='"bash"' -DSHELL -DHAVE_CONFIG_H   -I.  -I. -I./include -I./lib  -Wno-parentheses -Wno-format-security   -g -O2 -c bashhist.c
rm -f bashline.o
gcc  -DPROGRAM='"bash"' -DCONF_HOSTTYPE='"x86_64"' -DCONF_OSTYPE='"linux-gnu"' -DCONF_MACHTYPE='"x86_64-pc-linux-gnu"' -DCONF_VENDOR='"pc"' -DLOCALEDIR='"/usr/share/locale"' -DPACKAGE='"bash"' -DSHELL -DHAVE_CONFIG_H   -I.  -I. -I./include -I./lib  -Wno-parentheses -Wno-format-security   -g -O2 -c bashline.c
rm -f list.o
gcc  -DPROGRAM='"bash"' -DCONF_HOSTTYPE='"x86_64"' -DCONF_OSTYPE='"linux-gnu"' -DCONF_MACHTYPE='"x86_64-pc-linux-gnu"' -DCONF_VENDOR='"pc"' -DLOCALEDIR='"/usr/share/locale"' -DPACKAGE='"bash"' -DSHELL -DHAVE_CONFIG_H   -I.  -I. -I./include -I./lib  -Wno-parentheses -Wno-format-security   -g -O2 -c list.c
rm -f stringlib.o
gcc  -DPROGRAM='"bash"' -DCONF_HOSTTYPE='"x86_64"' -DCONF_OSTYPE='"linux-gnu"' -DCONF_MACHTYPE='"x86_64-pc-linux-gnu"' -DCONF_VENDOR='"pc"' -DLOCALEDIR='"/usr/share/locale"' -DPACKAGE='"bash"' -DSHELL -DHAVE_CONFIG_H   -I.  -I. -I./include -I./lib  -Wno-parentheses -Wno-format-security   -g -O2 -c stringlib.c
rm -f locale.o
gcc  -DPROGRAM='"bash"' -DCONF_HOSTTYPE='"x86_64"' -DCONF_OSTYPE='"linux-gnu"' -DCONF_MACHTYPE='"x86_64-pc-linux-gnu"' -DCONF_VENDOR='"pc"' -DLOCALEDIR='"/usr/share/locale"' -DPACKAGE='"bash"' -DSHELL -DHAVE_CONFIG_H   -I.  -I. -I./include -I./lib  -Wno-parentheses -Wno-format-security   -g -O2 -c locale.c
rm -f findcmd.o
gcc -rdynamic -rdynamic -g -O2 man2html.o -o man2html -ldl 		
gcc  -DPROGRAM='"bash"' -DCONF_HOSTTYPE='"x86_64"' -DCONF_OSTYPE='"linux-gnu"' -DCONF_MACHTYPE='"x86_64-pc-linux-gnu"' -DCONF_VENDOR='"pc"' -DLOCALEDIR='"/usr/share/locale"' -DPACKAGE='"bash"' -DSHELL -DHAVE_CONFIG_H   -I.  -I. -I./include -I./lib  -Wno-parentheses -Wno-format-security   -g -O2 -c findcmd.c
make[1]: Entering directory '/sources/bash-5.3/builtins'
rm -f builtins.o
gcc -c   -DHAVE_CONFIG_H -DSHELL -I. -I..  -I.. -I../include -I../lib -I.  -Wno-parentheses -Wno-format-security   -g -O2 builtins.c
make[1]: Leaving directory '/sources/bash-5.3/support'
rm -f pcomplete.o
gcc  -DPROGRAM='"bash"' -DCONF_HOSTTYPE='"x86_64"' -DCONF_OSTYPE='"linux-gnu"' -DCONF_MACHTYPE='"x86_64-pc-linux-gnu"' -DCONF_VENDOR='"pc"' -DLOCALEDIR='"/usr/share/locale"' -DPACKAGE='"bash"' -DSHELL -DHAVE_CONFIG_H   -I.  -I. -I./include -I./lib  -Wno-parentheses -Wno-format-security   -g -O2 -c pcomplete.c
rm -f alias.o
./mkbuiltins -D . alias.def
gcc -c   -DHAVE_CONFIG_H -DSHELL -I. -I..  -I.. -I../include -I../lib -I.  -Wno-parentheses -Wno-format-security   -g -O2 alias.c || ( rm -f alias.c ; exit 1 )
rm -f bind.o
./mkbuiltins -D . bind.def
rm -f break.o
gcc -c   -DHAVE_CONFIG_H -DSHELL -I. -I..  -I.. -I../include -I../lib -I.  -Wno-parentheses -Wno-format-security   -g -O2 bind.c || ( rm -f bind.c ; exit 1 )
./mkbuiltins -D . break.def
gcc -c   -DHAVE_CONFIG_H -DSHELL -I. -I..  -I.. -I../include -I../lib -I.  -Wno-parentheses -Wno-format-security   -g -O2 break.c || ( rm -f break.c ; exit 1 )
rm -f alias.c
rm -f builtin.o
./mkbuiltins -D . builtin.def
gcc -c   -DHAVE_CONFIG_H -DSHELL -I. -I..  -I.. -I../include -I../lib -I.  -Wno-parentheses -Wno-format-security   -g -O2 builtin.c || ( rm -f builtin.c ; exit 1 )
rm -f break.c
rm -f pcomplib.o
gcc  -DPROGRAM='"bash"' -DCONF_HOSTTYPE='"x86_64"' -DCONF_OSTYPE='"linux-gnu"' -DCONF_MACHTYPE='"x86_64-pc-linux-gnu"' -DCONF_VENDOR='"pc"' -DLOCALEDIR='"/usr/share/locale"' -DPACKAGE='"bash"' -DSHELL -DHAVE_CONFIG_H   -I.  -I. -I./include -I./lib  -Wno-parentheses -Wno-format-security   -g -O2 -c pcomplib.c
rm -f caller.o
./mkbuiltins -D . caller.def
gcc -c   -DHAVE_CONFIG_H -DSHELL -I. -I..  -I.. -I../include -I../lib -I.  -Wno-parentheses -Wno-format-security   -g -O2 caller.c || ( rm -f caller.c ; exit 1 )
rm -f cd.o
./mkbuiltins -D . cd.def
gcc -c   -DHAVE_CONFIG_H -DSHELL -I. -I..  -I.. -I../include -I../lib -I.  -Wno-parentheses -Wno-format-security   -g -O2 cd.c || ( rm -f cd.c ; exit 1 )
rm -f bind.c
rm -f syntax.o
gcc  -DPROGRAM='"bash"' -DCONF_HOSTTYPE='"x86_64"' -DCONF_OSTYPE='"linux-gnu"' -DCONF_MACHTYPE='"x86_64-pc-linux-gnu"' -DCONF_VENDOR='"pc"' -DLOCALEDIR='"/usr/share/locale"' -DPACKAGE='"bash"' -DSHELL -DHAVE_CONFIG_H   -I.  -I. -I./include -I./lib  -Wno-parentheses -Wno-format-security   -g -O2 -c syntax.c
rm -f builtin.c
rm -f colon.o
./mkbuiltins -D . colon.def
gcc -c   -DHAVE_CONFIG_H -DSHELL -I. -I..  -I.. -I../include -I../lib -I.  -Wno-parentheses -Wno-format-security   -g -O2 colon.c || ( rm -f colon.c ; exit 1 )
rm -f command.o
./mkbuiltins -D . command.def
gcc -c   -DHAVE_CONFIG_H -DSHELL -I. -I..  -I.. -I../include -I../lib -I.  -Wno-parentheses -Wno-format-security   -g -O2 command.c || ( rm -f command.c ; exit 1 )
rm -f caller.c
rm -f execute_cmd.o
gcc  -DPROGRAM='"bash"' -DCONF_HOSTTYPE='"x86_64"' -DCONF_OSTYPE='"linux-gnu"' -DCONF_MACHTYPE='"x86_64-pc-linux-gnu"' -DCONF_VENDOR='"pc"' -DLOCALEDIR='"/usr/share/locale"' -DPACKAGE='"bash"' -DSHELL -DHAVE_CONFIG_H   -I.  -I. -I./include -I./lib  -Wno-parentheses -Wno-format-security   -g -O2 -c execute_cmd.c
rm -f variables.o
gcc  -DPROGRAM='"bash"' -DCONF_HOSTTYPE='"x86_64"' -DCONF_OSTYPE='"linux-gnu"' -DCONF_MACHTYPE='"x86_64-pc-linux-gnu"' -DCONF_VENDOR='"pc"' -DLOCALEDIR='"/usr/share/locale"' -DPACKAGE='"bash"' -DSHELL -DHAVE_CONFIG_H   -I.  -I. -I./include -I./lib  -Wno-parentheses -Wno-format-security   -g -O2 -c variables.c
rm -f colon.c
rm -f expr.o
gcc  -DPROGRAM='"bash"' -DCONF_HOSTTYPE='"x86_64"' -DCONF_OSTYPE='"linux-gnu"' -DCONF_MACHTYPE='"x86_64-pc-linux-gnu"' -DCONF_VENDOR='"pc"' -DLOCALEDIR='"/usr/share/locale"' -DPACKAGE='"bash"' -DSHELL -DHAVE_CONFIG_H   -I.  -I. -I./include -I./lib  -Wno-parentheses -Wno-format-security   -g -O2 -c expr.c
rm -f cd.c
rm -f jobs.o
gcc  -DPROGRAM='"bash"' -DCONF_HOSTTYPE='"x86_64"' -DCONF_OSTYPE='"linux-gnu"' -DCONF_MACHTYPE='"x86_64-pc-linux-gnu"' -DCONF_VENDOR='"pc"' -DLOCALEDIR='"/usr/share/locale"' -DPACKAGE='"bash"' -DSHELL -DHAVE_CONFIG_H   -I.  -I. -I./include -I./lib  -Wno-parentheses -Wno-format-security   -g -O2 -c jobs.c
rm -f command.c
rm -f common.o
gcc -c   -DHAVE_CONFIG_H -DSHELL -I. -I..  -I.. -I../include -I../lib -I.  -Wno-parentheses -Wno-format-security   -g -O2 common.c
rm -f declare.o
./mkbuiltins -D . declare.def
gcc -c   -DHAVE_CONFIG_H -DSHELL -I. -I..  -I.. -I../include -I../lib -I.  -Wno-parentheses -Wno-format-security   -g -O2 declare.c || ( rm -f declare.c ; exit 1 )
rm -f subst.o
gcc  -DPROGRAM='"bash"' -DCONF_HOSTTYPE='"x86_64"' -DCONF_OSTYPE='"linux-gnu"' -DCONF_MACHTYPE='"x86_64-pc-linux-gnu"' -DCONF_VENDOR='"pc"' -DLOCALEDIR='"/usr/share/locale"' -DPACKAGE='"bash"' -DSHELL -DHAVE_CONFIG_H   -I.  -I. -I./include -I./lib  -Wno-parentheses -Wno-format-security   -g -O2 -c subst.c
rm -f echo.o
./mkbuiltins -D . echo.def
gcc -c   -DHAVE_CONFIG_H -DSHELL -I. -I..  -I.. -I../include -I../lib -I.  -Wno-parentheses -Wno-format-security   -g -O2 echo.c || ( rm -f echo.c ; exit 1 )
rm -f declare.c
rm -f lsignames.h
./mksignames lsignames.h
rm -f enable.o
./mkbuiltins -D . enable.def
gcc -c   -DHAVE_CONFIG_H -DSHELL -I. -I..  -I.. -I../include -I../lib -I.  -Wno-parentheses -Wno-format-security   -g -O2 enable.c || ( rm -f enable.c ; exit 1 )
rm -f echo.c
rm -f eval.o
./mkbuiltins -D . eval.def
gcc -c   -DHAVE_CONFIG_H -DSHELL -I. -I..  -I.. -I../include -I../lib -I.  -Wno-parentheses -Wno-format-security   -g -O2 eval.c || ( rm -f eval.c ; exit 1 )
rm -f evalfile.o
gcc -c   -DHAVE_CONFIG_H -DSHELL -I. -I..  -I.. -I../include -I../lib -I.  -Wno-parentheses -Wno-format-security   -g -O2 evalfile.c
rm -f eval.c
/bin/sh ./support/mkversion.sh -b -S . -s release -d 5.3 -o newversion.h \
	&& mv newversion.h version.h
rm -f evalstring.o
gcc -c   -DHAVE_CONFIG_H -DSHELL -I. -I..  -I.. -I../include -I../lib -I.  -Wno-parentheses -Wno-format-security   -g -O2 evalstring.c
rm -f enable.c
if cmp -s lsignames.h signames.h ; then :; else rm -f signames.h ; cp lsignames.h signames.h ; fi
rm -f exec.o
./mkbuiltins -D . exec.def
gcc -c   -DHAVE_CONFIG_H -DSHELL -I. -I..  -I.. -I../include -I../lib -I.  -Wno-parentheses -Wno-format-security   -g -O2 exec.c || ( rm -f exec.c ; exit 1 )
rm -f exit.o
./mkbuiltins -D . exit.def
gcc -c   -DHAVE_CONFIG_H -DSHELL -I. -I..  -I.. -I../include -I../lib -I.  -Wno-parentheses -Wno-format-security   -g -O2 exit.c || ( rm -f exit.c ; exit 1 )
rm -f exec.c
rm -f fc.o
./mkbuiltins -D . fc.def
gcc -c   -DHAVE_CONFIG_H -DSHELL -I. -I..  -I.. -I../include -I../lib -I.  -Wno-parentheses -Wno-format-security   -g -O2 fc.c || ( rm -f fc.c ; exit 1 )
rm -f version.o
gcc  -DPROGRAM='"bash"' -DCONF_HOSTTYPE='"x86_64"' -DCONF_OSTYPE='"linux-gnu"' -DCONF_MACHTYPE='"x86_64-pc-linux-gnu"' -DCONF_VENDOR='"pc"' -DLOCALEDIR='"/usr/share/locale"' -DPACKAGE='"bash"' -DSHELL -DHAVE_CONFIG_H   -I.  -I. -I./include -I./lib  -Wno-parentheses -Wno-format-security   -g -O2 -c version.c
rm -f exit.c
gcc -DPROGRAM='"bash"' -DCONF_HOSTTYPE='"x86_64"' -DCONF_OSTYPE='"linux-gnu"' -DCONF_MACHTYPE='"x86_64-pc-linux-gnu"' -DCONF_VENDOR='"pc"' -DLOCALEDIR='"/usr/share/locale"' -DPACKAGE='"bash"' -DSHELL -DHAVE_CONFIG_H   -I.  -I. -I./include -I./lib  -Wno-parentheses -Wno-format-security  -g -O2  -DBUILDTOOL -c -o buildversion.o ./version.c
rm -f trap.o
gcc  -DPROGRAM='"bash"' -DCONF_HOSTTYPE='"x86_64"' -DCONF_OSTYPE='"linux-gnu"' -DCONF_MACHTYPE='"x86_64-pc-linux-gnu"' -DCONF_VENDOR='"pc"' -DLOCALEDIR='"/usr/share/locale"' -DPACKAGE='"bash"' -DSHELL -DHAVE_CONFIG_H   -I.  -I. -I./include -I./lib  -Wno-parentheses -Wno-format-security   -g -O2 -c trap.c
rm -f fg_bg.o
./mkbuiltins -D . fg_bg.def
gcc -c   -DHAVE_CONFIG_H -DSHELL -I. -I..  -I.. -I../include -I../lib -I.  -Wno-parentheses -Wno-format-security   -g -O2 fg_bg.c || ( rm -f fg_bg.c ; exit 1 )
rm -f fc.c
gcc -DPROGRAM='"bash"' -DCONF_HOSTTYPE='"x86_64"' -DCONF_OSTYPE='"linux-gnu"' -DCONF_MACHTYPE='"x86_64-pc-linux-gnu"' -DCONF_VENDOR='"pc"' -DLOCALEDIR='"/usr/share/locale"' -DPACKAGE='"bash"' -DSHELL -DHAVE_CONFIG_H   -I.  -I. -I./include -I./lib  -Wno-parentheses -Wno-format-security  -g -O2   -rdynamic -g -O2   -rdynamic -g -O2  -o bashversion ./support/bashversion.c buildversion.o 
rm -f fg_bg.c
rm -f hash.o
./mkbuiltins -D . hash.def
gcc -c   -DHAVE_CONFIG_H -DSHELL -I. -I..  -I.. -I../include -I../lib -I.  -Wno-parentheses -Wno-format-security   -g -O2 hash.c || ( rm -f hash.c ; exit 1 )
rm -f help.o
./mkbuiltins -D . help.def
gcc -c   -DHAVE_CONFIG_H -DSHELL -I. -I..  -I.. -I../include -I../lib -I.  -Wno-parentheses -Wno-format-security   -g -O2 help.c || ( rm -f help.c ; exit 1 )
rm -f history.o
./mkbuiltins -D . history.def
gcc -c   -DHAVE_CONFIG_H -DSHELL -I. -I..  -I.. -I../include -I../lib -I.  -Wno-parentheses -Wno-format-security   -g -O2 history.c || ( rm -f history.c ; exit 1 )
rm -f hash.c

	  ***********************************************************
	  *                                                         *
	  * GNU bash, version 5.3.0(1)-release (x86_64-pc-linux-gnu)
	  *                                                         *
	  ***********************************************************

rm -f jobs.o
./mkbuiltins -D . jobs.def
gcc -c   -DHAVE_CONFIG_H -DSHELL -I. -I..  -I.. -I../include -I../lib -I.  -Wno-parentheses -Wno-format-security   -g -O2 jobs.c || ( rm -f jobs.c ; exit 1 )
rm -f kill.o
./mkbuiltins -D . kill.def
gcc -c   -DHAVE_CONFIG_H -DSHELL -I. -I..  -I.. -I../include -I../lib -I.  -Wno-parentheses -Wno-format-security   -g -O2 kill.c || ( rm -f kill.c ; exit 1 )
rm -f y.tab.o
gcc  -DPROGRAM='"bash"' -DCONF_HOSTTYPE='"x86_64"' -DCONF_OSTYPE='"linux-gnu"' -DCONF_MACHTYPE='"x86_64-pc-linux-gnu"' -DCONF_VENDOR='"pc"' -DLOCALEDIR='"/usr/share/locale"' -DPACKAGE='"bash"' -DSHELL -DHAVE_CONFIG_H   -I.  -I. -I./include -I./lib  -Wno-parentheses -Wno-format-security   -g -O2 -c y.tab.c
making lib/glob/libglob.a in ./lib/glob
make[1]: Entering directory '/sources/bash-5.3/lib/glob'
rm -f glob.o
gcc -c  -DHAVE_CONFIG_H -DSHELL -I. -I../.. -I../.. -I../../include -I../../lib  -Wno-parentheses -Wno-format-security  -g -O2  glob.c
rm -f history.c
rm -f strmatch.o
rm -f jobs.c
gcc -c  -DHAVE_CONFIG_H -DSHELL -I. -I../.. -I../.. -I../../include -I../../lib  -Wno-parentheses -Wno-format-security  -g -O2  strmatch.c
making lib/sh/libsh.a in ./lib/sh
make[1]: Entering directory '/sources/bash-5.3/lib/sh'
gcc -c   -I. -I../.. -I../.. -I../../lib -I../../include -I.  -DHAVE_CONFIG_H -DSHELL  -Wno-parentheses -Wno-format-security -g -O2   clktck.c
rm -f help.c
making lib/tilde/libtilde.a in ./lib/tilde
make[1]: Entering directory '/sources/bash-5.3/lib/tilde'
gcc -c  -DHAVE_CONFIG_H -DSHELL  -I. -I../.. -I../.. -I../../include -I../../lib -Wno-parentheses -Wno-format-security  -g -O2  tilde.c
rm -f kill.c
rm -f let.o
./mkbuiltins -D . let.def
gcc -c   -DHAVE_CONFIG_H -DSHELL -I. -I..  -I.. -I../include -I../lib -I.  -Wno-parentheses -Wno-format-security   -g -O2 let.c || ( rm -f let.c ; exit 1 )
rm -f mapfile.o
./mkbuiltins -D . mapfile.def
gcc -c   -DHAVE_CONFIG_H -DSHELL -I. -I..  -I.. -I../include -I../lib -I.  -Wno-parentheses -Wno-format-security   -g -O2 mapfile.c || ( rm -f mapfile.c ; exit 1 )
gcc -c   -I. -I../.. -I../.. -I../../lib -I../../include -I.  -DHAVE_CONFIG_H -DSHELL  -Wno-parentheses -Wno-format-security -g -O2   clock.c
gcc -c   -I. -I../.. -I../.. -I../../lib -I../../include -I.  -DHAVE_CONFIG_H -DSHELL  -Wno-parentheses -Wno-format-security -g -O2   getenv.c
rm -f let.c
rm -f smatch.o
gcc -c  -DHAVE_CONFIG_H -DSHELL -I. -I../.. -I../.. -I../../include -I../../lib  -Wno-parentheses -Wno-format-security  -g -O2  smatch.c
rm -f libtilde.a
ar cr libtilde.a tilde.o
test -n "ranlib" && ranlib libtilde.a
make[1]: Leaving directory '/sources/bash-5.3/lib/tilde'
gcc -c   -I. -I../.. -I../.. -I../../lib -I../../include -I.  -DHAVE_CONFIG_H -DSHELL  -Wno-parentheses -Wno-format-security -g -O2   oslib.c
rm -f mapfile.c
rm -f pushd.o
./mkbuiltins -D . pushd.def
gcc -c   -DHAVE_CONFIG_H -DSHELL -I. -I..  -I.. -I../include -I../lib -I.  -Wno-parentheses -Wno-format-security   -g -O2 pushd.c || ( rm -f pushd.c ; exit 1 )
rm -f read.o
./mkbuiltins -D . read.def
gcc -c   -DHAVE_CONFIG_H -DSHELL -I. -I..  -I.. -I../include -I../lib -I.  -Wno-parentheses -Wno-format-security   -g -O2 read.c || ( rm -f read.c ; exit 1 )
gcc -c   -I. -I../.. -I../.. -I../../lib -I../../include -I.  -DHAVE_CONFIG_H -DSHELL  -Wno-parentheses -Wno-format-security -g -O2   setlinebuf.c
gcc -c   -I. -I../.. -I../.. -I../../lib -I../../include -I.  -DHAVE_CONFIG_H -DSHELL  -Wno-parentheses -Wno-format-security -g -O2   strnlen.c
gcc -c   -I. -I../.. -I../.. -I../../lib -I../../include -I.  -DHAVE_CONFIG_H -DSHELL  -Wno-parentheses -Wno-format-security -g -O2   itos.c
gcc -c   -I. -I../.. -I../.. -I../../lib -I../../include -I.  -DHAVE_CONFIG_H -DSHELL  -Wno-parentheses -Wno-format-security -g -O2   zread.c
rm -f return.o
./mkbuiltins -D . return.def
gcc -c   -DHAVE_CONFIG_H -DSHELL -I. -I..  -I.. -I../include -I../lib -I.  -Wno-parentheses -Wno-format-security   -g -O2 return.c || ( rm -f return.c ; exit 1 )
rm -f pushd.c
rm -f xmbsrtowcs.o
gcc -c  -DHAVE_CONFIG_H -DSHELL -I. -I../.. -I../.. -I../../include -I../../lib  -Wno-parentheses -Wno-format-security  -g -O2  xmbsrtowcs.c
gcc -c   -I. -I../.. -I../.. -I../../lib -I../../include -I.  -DHAVE_CONFIG_H -DSHELL  -Wno-parentheses -Wno-format-security -g -O2   zwrite.c
gcc -c   -I. -I../.. -I../.. -I../../lib -I../../include -I.  -DHAVE_CONFIG_H -DSHELL  -Wno-parentheses -Wno-format-security -g -O2   shtty.c
rm -f return.c
rm -f gmisc.o
gcc -c  -DHAVE_CONFIG_H -DSHELL -I. -I../.. -I../.. -I../../include -I../../lib  -Wno-parentheses -Wno-format-security  -g -O2  gmisc.c
rm -f set.o
./mkbuiltins -D . set.def
gcc -c   -DHAVE_CONFIG_H -DSHELL -I. -I..  -I.. -I../include -I../lib -I.  -Wno-parentheses -Wno-format-security   -g -O2 set.c || ( rm -f set.c ; exit 1 )
gcc -c   -I. -I../.. -I../.. -I../../lib -I../../include -I.  -DHAVE_CONFIG_H -DSHELL  -Wno-parentheses -Wno-format-security -g -O2   shmatch.c
rm -f read.c
gcc -c   -I. -I../.. -I../.. -I../../lib -I../../include -I.  -DHAVE_CONFIG_H -DSHELL  -Wno-parentheses -Wno-format-security -g -O2   eaccess.c
rm -f setattr.o
./mkbuiltins -D . setattr.def
gcc -c   -DHAVE_CONFIG_H -DSHELL -I. -I..  -I.. -I../include -I../lib -I.  -Wno-parentheses -Wno-format-security   -g -O2 setattr.c || ( rm -f setattr.c ; exit 1 )
rm -f shift.o
./mkbuiltins -D . shift.def
gcc -c   -DHAVE_CONFIG_H -DSHELL -I. -I..  -I.. -I../include -I../lib -I.  -Wno-parentheses -Wno-format-security   -g -O2 shift.c || ( rm -f shift.c ; exit 1 )
gcc -c   -I. -I../.. -I../.. -I../../lib -I../../include -I.  -DHAVE_CONFIG_H -DSHELL  -Wno-parentheses -Wno-format-security -g -O2   netconn.c
gcc -c   -I. -I../.. -I../.. -I../../lib -I../../include -I.  -DHAVE_CONFIG_H -DSHELL  -Wno-parentheses -Wno-format-security -g -O2   netopen.c
rm -f shift.c
rm -f source.o
./mkbuiltins -D . source.def
gcc -c   -DHAVE_CONFIG_H -DSHELL -I. -I..  -I.. -I../include -I../lib -I.  -Wno-parentheses -Wno-format-security   -g -O2 source.c || ( rm -f source.c ; exit 1 )
rm -f set.c
rm -f suspend.o
./mkbuiltins -D . suspend.def
gcc -c   -DHAVE_CONFIG_H -DSHELL -I. -I..  -I.. -I../include -I../lib -I.  -Wno-parentheses -Wno-format-security   -g -O2 suspend.c || ( rm -f suspend.c ; exit 1 )
gcc -c   -I. -I../.. -I../.. -I../../lib -I../../include -I.  -DHAVE_CONFIG_H -DSHELL  -Wno-parentheses -Wno-format-security -g -O2   timeval.c
rm -f source.c
rm -f test.o
./mkbuiltins -D . test.def
gcc -c   -DHAVE_CONFIG_H -DSHELL -I. -I..  -I.. -I../include -I../lib -I.  -Wno-parentheses -Wno-format-security   -g -O2 test.c || ( rm -f test.c ; exit 1 )
rm -f setattr.c
gcc -c   -I. -I../.. -I../.. -I../../lib -I../../include -I.  -DHAVE_CONFIG_H -DSHELL  -Wno-parentheses -Wno-format-security -g -O2   makepath.c
rm -f suspend.c
rm -f times.o
./mkbuiltins -D . times.def
gcc -c   -DHAVE_CONFIG_H -DSHELL -I. -I..  -I.. -I../include -I../lib -I.  -Wno-parentheses -Wno-format-security   -g -O2 times.c || ( rm -f times.c ; exit 1 )
rm -f trap.o
./mkbuiltins -D . trap.def
gcc -c   -DHAVE_CONFIG_H -DSHELL -I. -I..  -I.. -I../include -I../lib -I.  -Wno-parentheses -Wno-format-security   -g -O2 trap.c || ( rm -f trap.c ; exit 1 )
rm -f -f libglob.a
ar cr libglob.a glob.o strmatch.o smatch.o xmbsrtowcs.o gmisc.o
rm -f test.c
gcc -c   -I. -I../.. -I../.. -I../../lib -I../../include -I.  -DHAVE_CONFIG_H -DSHELL  -Wno-parentheses -Wno-format-security -g -O2   pathcanon.c
test -n "ranlib" && ranlib libglob.a
make[1]: Leaving directory '/sources/bash-5.3/lib/glob'
rm -f type.o
./mkbuiltins -D . type.def
gcc -c   -DHAVE_CONFIG_H -DSHELL -I. -I..  -I.. -I../include -I../lib -I.  -Wno-parentheses -Wno-format-security   -g -O2 type.c || ( rm -f type.c ; exit 1 )
rm -f times.c
gcc -c   -I. -I../.. -I../.. -I../../lib -I../../include -I.  -DHAVE_CONFIG_H -DSHELL  -Wno-parentheses -Wno-format-security -g -O2   pathphys.c
gcc  -DHAVE_CONFIG_H -DSHELL -I. -I..  -I.. -I../include -I../lib -I.  -Wno-parentheses -Wno-format-security   -g -O2  -rdynamic -g -O2 -rdynamic -g -O2  -o psize.aux ./psize.c
rm -f trap.c
rm -f umask.o
./mkbuiltins -D . umask.def
gcc -c   -DHAVE_CONFIG_H -DSHELL -I. -I..  -I.. -I../include -I../lib -I.  -Wno-parentheses -Wno-format-security   -g -O2 umask.c || ( rm -f umask.c ; exit 1 )
rm -f wait.o
./mkbuiltins -D . wait.def
gcc -c   -DHAVE_CONFIG_H -DSHELL -I. -I..  -I.. -I../include -I../lib -I.  -Wno-parentheses -Wno-format-security   -g -O2 wait.c || ( rm -f wait.c ; exit 1 )
gcc -c   -I. -I../.. -I../.. -I../../lib -I../../include -I.  -DHAVE_CONFIG_H -DSHELL  -Wno-parentheses -Wno-format-security -g -O2   tmpfile.c
rm -f type.c
gcc -c   -I. -I../.. -I../.. -I../../lib -I../../include -I.  -DHAVE_CONFIG_H -DSHELL  -Wno-parentheses -Wno-format-security -g -O2   stringlist.c
rm -f getopts.o
./mkbuiltins -D . getopts.def
gcc -c   -DHAVE_CONFIG_H -DSHELL -I. -I..  -I.. -I../include -I../lib -I.  -Wno-parentheses -Wno-format-security   -g -O2 getopts.c || ( rm -f getopts.c ; exit 1 )
rm -f umask.c
rm -f shopt.o
./mkbuiltins -D . shopt.def
gcc -c   -DHAVE_CONFIG_H -DSHELL -I. -I..  -I.. -I../include -I../lib -I.  -Wno-parentheses -Wno-format-security   -g -O2 shopt.c || ( rm -f shopt.c ; exit 1 )
gcc -c   -I. -I../.. -I../.. -I../../lib -I../../include -I.  -DHAVE_CONFIG_H -DSHELL  -Wno-parentheses -Wno-format-security -g -O2   stringvec.c
rm -f wait.c
rm -f printf.o
./mkbuiltins -D . printf.def
gcc -c   -DHAVE_CONFIG_H -DSHELL -I. -I..  -I.. -I../include -I../lib -I.  -Wno-parentheses -Wno-format-security   -g -O2 printf.c || ( rm -f printf.c ; exit 1 )
rm -f getopts.c
gcc -c   -I. -I../.. -I../.. -I../../lib -I../../include -I.  -DHAVE_CONFIG_H -DSHELL  -Wno-parentheses -Wno-format-security -g -O2   spell.c
gcc -c   -I. -I../.. -I../.. -I../../lib -I../../include -I.  -DHAVE_CONFIG_H -DSHELL  -Wno-parentheses -Wno-format-security -g -O2   shquote.c
rm -f getopt.o
gcc -c   -DHAVE_CONFIG_H -DSHELL -I. -I..  -I.. -I../include -I../lib -I.  -Wno-parentheses -Wno-format-security   -g -O2 getopt.c
rm -f bashgetopt.o
gcc -c   -DHAVE_CONFIG_H -DSHELL -I. -I..  -I.. -I../include -I../lib -I.  -Wno-parentheses -Wno-format-security   -g -O2 bashgetopt.c
rm -f shopt.c
rm -f complete.o
./mkbuiltins -D . complete.def
gcc -c   -DHAVE_CONFIG_H -DSHELL -I. -I..  -I.. -I../include -I../lib -I.  -Wno-parentheses -Wno-format-security   -g -O2 complete.c || ( rm -f complete.c ; exit 1 )
gcc -c   -I. -I../.. -I../.. -I../../lib -I../../include -I.  -DHAVE_CONFIG_H -DSHELL  -Wno-parentheses -Wno-format-security -g -O2   strtrans.c
gcc -c   -I. -I../.. -I../.. -I../../lib -I../../include -I.  -DHAVE_CONFIG_H -DSHELL  -Wno-parentheses -Wno-format-security -g -O2   snprintf.c
/bin/sh ./psize.sh > pipesize.h
gcc -c   -I. -I../.. -I../.. -I../../lib -I../../include -I.  -DHAVE_CONFIG_H -DSHELL  -Wno-parentheses -Wno-format-security -g -O2   mailstat.c
gcc -c   -I. -I../.. -I../.. -I../../lib -I../../include -I.  -DHAVE_CONFIG_H -DSHELL  -Wno-parentheses -Wno-format-security -g -O2   fmtulong.c
gcc -c   -I. -I../.. -I../.. -I../../lib -I../../include -I.  -DHAVE_CONFIG_H -DSHELL  -Wno-parentheses -Wno-format-security -g -O2   fmtullong.c
gcc -c   -I. -I../.. -I../.. -I../../lib -I../../include -I.  -DHAVE_CONFIG_H -DSHELL  -Wno-parentheses -Wno-format-security -g -O2   fmtumax.c
rm -f complete.c
gcc -c   -I. -I../.. -I../.. -I../../lib -I../../include -I.  -DHAVE_CONFIG_H -DSHELL  -Wno-parentheses -Wno-format-security -g -O2   zcatfd.c
gcc -c   -I. -I../.. -I../.. -I../../lib -I../../include -I.  -DHAVE_CONFIG_H -DSHELL  -Wno-parentheses -Wno-format-security -g -O2   zmapfd.c
rm -f ulimit.o
./mkbuiltins -D . ulimit.def
gcc -c   -DHAVE_CONFIG_H -DSHELL -I. -I..  -I.. -I../include -I../lib -I.  -Wno-parentheses -Wno-format-security   -g -O2 ulimit.c || ( rm -f ulimit.c ; exit 1 )
gcc -c   -I. -I../.. -I../.. -I../../lib -I../../include -I.  -DHAVE_CONFIG_H -DSHELL  -Wno-parentheses -Wno-format-security -g -O2   winsize.c
gcc -c   -I. -I../.. -I../.. -I../../lib -I../../include -I.  -DHAVE_CONFIG_H -DSHELL  -Wno-parentheses -Wno-format-security -g -O2   wcsdup.c
gcc -c   -I. -I../.. -I../.. -I../../lib -I../../include -I.  -DHAVE_CONFIG_H -DSHELL  -Wno-parentheses -Wno-format-security -g -O2   fpurge.c
gcc -c   -I. -I../.. -I../.. -I../../lib -I../../include -I.  -DHAVE_CONFIG_H -DSHELL  -Wno-parentheses -Wno-format-security -g -O2   zgetline.c
gcc -c   -I. -I../.. -I../.. -I../../lib -I../../include -I.  -DHAVE_CONFIG_H -DSHELL  -Wno-parentheses -Wno-format-security -g -O2   mbscmp.c
gcc -c   -I. -I../.. -I../.. -I../../lib -I../../include -I.  -DHAVE_CONFIG_H -DSHELL  -Wno-parentheses -Wno-format-security -g -O2   mbsncmp.c
gcc -c   -I. -I../.. -I../.. -I../../lib -I../../include -I.  -DHAVE_CONFIG_H -DSHELL  -Wno-parentheses -Wno-format-security -g -O2   uconvert.c
gcc -c   -I. -I../.. -I../.. -I../../lib -I../../include -I.  -DHAVE_CONFIG_H -DSHELL  -Wno-parentheses -Wno-format-security -g -O2   ufuncs.c
gcc -c   -I. -I../.. -I../.. -I../../lib -I../../include -I.  -DHAVE_CONFIG_H -DSHELL  -Wno-parentheses -Wno-format-security -g -O2   casemod.c
gcc -c   -I. -I../.. -I../.. -I../../lib -I../../include -I.  -DHAVE_CONFIG_H -DSHELL  -Wno-parentheses -Wno-format-security -g -O2   input_avail.c
rm -f ulimit.c
gcc -c   -I. -I../.. -I../.. -I../../lib -I../../include -I.  -DHAVE_CONFIG_H -DSHELL  -Wno-parentheses -Wno-format-security -g -O2   mbscasecmp.c
rm -f printf.c
rm -f libbuiltins.a
ar cr libbuiltins.a builtins.o alias.o bind.o break.o builtin.o caller.o cd.o colon.o command.o common.o declare.o echo.o enable.o eval.o evalfile.o evalstring.o exec.o exit.o fc.o fg_bg.o hash.o help.o history.o jobs.o kill.o let.o mapfile.o pushd.o read.o return.o set.o setattr.o shift.o source.o suspend.o test.o times.o trap.o type.o ulimit.o umask.o wait.o getopts.o shopt.o printf.o getopt.o bashgetopt.o complete.o
gcc -c   -I. -I../.. -I../.. -I../../lib -I../../include -I.  -DHAVE_CONFIG_H -DSHELL  -Wno-parentheses -Wno-format-security -g -O2   fnxform.c
gcc -c   -I. -I../.. -I../.. -I../../lib -I../../include -I.  -DHAVE_CONFIG_H -DSHELL  -Wno-parentheses -Wno-format-security -g -O2   unicode.c
ranlib libbuiltins.a
gcc -c   -I. -I../.. -I../.. -I../../lib -I../../include -I.  -DHAVE_CONFIG_H -DSHELL  -Wno-parentheses -Wno-format-security -g -O2   shmbchar.c
gcc -c   -I. -I../.. -I../.. -I../../lib -I../../include -I.  -DHAVE_CONFIG_H -DSHELL  -Wno-parentheses -Wno-format-security -g -O2   strvis.c
gcc -c   -I. -I../.. -I../.. -I../../lib -I../../include -I.  -DHAVE_CONFIG_H -DSHELL  -Wno-parentheses -Wno-format-security -g -O2   strscpy.c
make[1]: Leaving directory '/sources/bash-5.3/builtins'
make[1]: Entering directory '/sources/bash-5.3/builtins'
make[1]: 'pipesize.h' is up to date.
make[1]: Leaving directory '/sources/bash-5.3/builtins'
rm -f redir.o
gcc  -DPROGRAM='"bash"' -DCONF_HOSTTYPE='"x86_64"' -DCONF_OSTYPE='"linux-gnu"' -DCONF_MACHTYPE='"x86_64-pc-linux-gnu"' -DCONF_VENDOR='"pc"' -DLOCALEDIR='"/usr/share/locale"' -DPACKAGE='"bash"' -DSHELL -DHAVE_CONFIG_H   -I.  -I. -I./include -I./lib  -Wno-parentheses -Wno-format-security   -g -O2 -c redir.c
gcc -c   -I. -I../.. -I../.. -I../../lib -I../../include -I.  -DHAVE_CONFIG_H -DSHELL  -Wno-parentheses -Wno-format-security -g -O2   anonfile.c
gcc -c   -I. -I../.. -I../.. -I../../lib -I../../include -I.  -DHAVE_CONFIG_H -DSHELL  -Wno-parentheses -Wno-format-security -g -O2   compat.c
gcc -c   -I. -I../.. -I../.. -I../../lib -I../../include -I.  -DHAVE_CONFIG_H -DSHELL  -Wno-parentheses -Wno-format-security -g -O2   utf8.c
gcc -c   -I. -I../.. -I../.. -I../../lib -I../../include -I.  -DHAVE_CONFIG_H -DSHELL  -Wno-parentheses -Wno-format-security -g -O2   random.c
gcc -c   -I. -I../.. -I../.. -I../../lib -I../../include -I.  -DHAVE_CONFIG_H -DSHELL  -Wno-parentheses -Wno-format-security -g -O2   gettimeofday.c
gcc -c   -I. -I../.. -I../.. -I../../lib -I../../include -I.  -DHAVE_CONFIG_H -DSHELL  -Wno-parentheses -Wno-format-security -g -O2   timers.c
gcc -c   -I. -I../.. -I../.. -I../../lib -I../../include -I.  -DHAVE_CONFIG_H -DSHELL  -Wno-parentheses -Wno-format-security -g -O2   wcsnwidth.c
gcc -c   -I. -I../.. -I../.. -I../../lib -I../../include -I.  -DHAVE_CONFIG_H -DSHELL  -Wno-parentheses -Wno-format-security -g -O2   mbschr.c
rm -f libsh.a
ar cr libsh.a clktck.o clock.o getenv.o oslib.o setlinebuf.o strnlen.o itos.o zread.o zwrite.o shtty.o shmatch.o eaccess.o netconn.o netopen.o timeval.o makepath.o pathcanon.o pathphys.o tmpfile.o stringlist.o stringvec.o spell.o shquote.o strtrans.o snprintf.o mailstat.o fmtulong.o fmtullong.o fmtumax.o zcatfd.o zmapfd.o winsize.o wcsdup.o fpurge.o zgetline.o mbscmp.o mbsncmp.o uconvert.o ufuncs.o casemod.o input_avail.o mbscasecmp.o fnxform.o unicode.o shmbchar.o strvis.o strscpy.o anonfile.o compat.o utf8.o random.o gettimeofday.o timers.o wcsnwidth.o mbschr.o
test -n "ranlib" && ranlib libsh.a
make[1]: Leaving directory '/sources/bash-5.3/lib/sh'
rm -f bash
gcc -L./builtins -L/usr/lib -L/usr/lib -L./lib/glob -L./lib/tilde  -L./lib/sh  -rdynamic -g -O2   -o bash shell.o eval.o y.tab.o general.o make_cmd.o print_cmd.o dispose_cmd.o execute_cmd.o variables.o copy_cmd.o error.o expr.o flags.o jobs.o subst.o hashcmd.o hashlib.o mailcheck.o trap.o input.o unwind_prot.o pathexp.o sig.o test.o version.o alias.o array.o arrayfunc.o assoc.o braces.o bracecomp.o bashhist.o bashline.o  list.o stringlib.o locale.o findcmd.o redir.o pcomplete.o pcomplib.o syntax.o xmalloc.o  -lbuiltins -lglob -lsh -lreadline -lhistory -lcurses -ltilde     -ldl 
/usr/lib/gcc/x86_64-pc-linux-gnu/15.2.0/../../../../x86_64-pc-linux-gnu/bin/ld: ./lib/sh/libsh.a(tmpfile.o): in function `sh_mktmpname':
/sources/bash-5.3/lib/sh/tmpfile.c:173:(.text+0x172): warning: the use of `mktemp' is dangerous, better use `mkstemp' or `mkdtemp'
ls -l bash
-rwxr-xr-x 1 root root 3638480 Sep 26 13:57 bash
size bash
   text	   data	    bss	    dec	    hex	filename
1023098	  23080	  62336	1108514	 10ea22	bash
