Making check in src
make[1]: Entering directory '/sources/mpc-1.3.1/src'
make[1]: Nothing to be done for 'check'.
make[1]: Leaving directory '/sources/mpc-1.3.1/src'
Making check in tests
make[1]: Entering directory '/sources/mpc-1.3.1/tests'
make  tradius tballs teta tabs tacos tacosh tadd tadd_fr tadd_si tadd_ui tagm targ tasin tasinh tatan tatanh tcmp_abs tconj tcos tcosh tdiv tdiv_2si tdiv_2ui tdiv_fr tdiv_ui tdot texp tfma tfr_div tfr_sub timag tio_str tlog tlog10 tmul tmul_2si tmul_2ui tmul_fr tmul_i tmul_si tmul_ui tneg tnorm tpow tpow_d tpow_fr tpow_ld tpow_si tpow_ui tpow_z tprec tproj treal treimref trootofunity tset tsin tsin_cos tsinh tsqr tsqrt tstrtoc tsub tsub_fr tsub_ui tsum tswap ttan ttanh tui_div tui_ui_sub tget_version texceptions tdummy libmpc-tests.la
make[2]: Entering directory '/sources/mpc-1.3.1/tests'
gcc -DHAVE_CONFIG_H -I. -I..  -I../src -I..   -g -O2 -MT tradius.o -MD -MP -MF .deps/tradius.Tpo -c -o tradius.o tradius.c
/bin/sh ../libtool  --tag=CC   --mode=compile gcc -DHAVE_CONFIG_H -I. -I..  -I../src -I..   -g -O2 -MT check_data.lo -MD -MP -MF .deps/check_data.Tpo -c -o check_data.lo check_data.c
/bin/sh ../libtool  --tag=CC   --mode=compile gcc -DHAVE_CONFIG_H -I. -I..  -I../src -I..   -g -O2 -MT clear_parameters.lo -MD -MP -MF .deps/clear_parameters.Tpo -c -o clear_parameters.lo clear_parameters.c
/bin/sh ../libtool  --tag=CC   --mode=compile gcc -DHAVE_CONFIG_H -I. -I..  -I../src -I..   -g -O2 -MT close_datafile.lo -MD -MP -MF .deps/close_datafile.Tpo -c -o close_datafile.lo close_datafile.c
/bin/sh ../libtool  --tag=CC   --mode=compile gcc -DHAVE_CONFIG_H -I. -I..  -I../src -I..   -g -O2 -MT comparisons.lo -MD -MP -MF .deps/comparisons.Tpo -c -o comparisons.lo comparisons.c
/bin/sh ../libtool  --tag=CC   --mode=compile gcc -DHAVE_CONFIG_H -I. -I..  -I../src -I..   -g -O2 -MT copy_parameter.lo -MD -MP -MF .deps/copy_parameter.Tpo -c -o copy_parameter.lo copy_parameter.c
/bin/sh ../libtool  --tag=CC   --mode=compile gcc -DHAVE_CONFIG_H -I. -I..  -I../src -I..   -g -O2 -MT double_rounding.lo -MD -MP -MF .deps/double_rounding.Tpo -c -o double_rounding.lo double_rounding.c
libtool: compile:  gcc -DHAVE_CONFIG_H -I. -I.. -I../src -I.. -g -O2 -MT comparisons.lo -MD -MP -MF .deps/comparisons.Tpo -c comparisons.c  -fPIC -DPIC -o .libs/comparisons.o
libtool: compile:  gcc -DHAVE_CONFIG_H -I. -I.. -I../src -I.. -g -O2 -MT copy_parameter.lo -MD -MP -MF .deps/copy_parameter.Tpo -c copy_parameter.c  -fPIC -DPIC -o .libs/copy_parameter.o
libtool: compile:  gcc -DHAVE_CONFIG_H -I. -I.. -I../src -I.. -g -O2 -MT close_datafile.lo -MD -MP -MF .deps/close_datafile.Tpo -c close_datafile.c  -fPIC -DPIC -o .libs/close_datafile.o
libtool: compile:  gcc -DHAVE_CONFIG_H -I. -I.. -I../src -I.. -g -O2 -MT clear_parameters.lo -MD -MP -MF .deps/clear_parameters.Tpo -c clear_parameters.c  -fPIC -DPIC -o .libs/clear_parameters.o
libtool: compile:  gcc -DHAVE_CONFIG_H -I. -I.. -I../src -I.. -g -O2 -MT double_rounding.lo -MD -MP -MF .deps/double_rounding.Tpo -c double_rounding.c  -fPIC -DPIC -o .libs/double_rounding.o
libtool: compile:  gcc -DHAVE_CONFIG_H -I. -I.. -I../src -I.. -g -O2 -MT check_data.lo -MD -MP -MF .deps/check_data.Tpo -c check_data.c  -fPIC -DPIC -o .libs/check_data.o
mv -f .deps/tradius.Tpo .deps/tradius.Po
/bin/sh ../libtool  --tag=CC   --mode=compile gcc -DHAVE_CONFIG_H -I. -I..  -I../src -I..   -g -O2 -MT init_parameters.lo -MD -MP -MF .deps/init_parameters.Tpo -c -o init_parameters.lo init_parameters.c
mv -f .deps/close_datafile.Tpo .deps/close_datafile.Plo
/bin/sh ../libtool  --tag=CC   --mode=compile gcc -DHAVE_CONFIG_H -I. -I..  -I../src -I..   -g -O2 -MT mpfr_flags.lo -MD -MP -MF .deps/mpfr_flags.Tpo -c -o mpfr_flags.lo mpfr_flags.c
libtool: compile:  gcc -DHAVE_CONFIG_H -I. -I.. -I../src -I.. -g -O2 -MT init_parameters.lo -MD -MP -MF .deps/init_parameters.Tpo -c init_parameters.c  -fPIC -DPIC -o .libs/init_parameters.o
mv -f .deps/comparisons.Tpo .deps/comparisons.Plo
/bin/sh ../libtool  --tag=CC   --mode=compile gcc -DHAVE_CONFIG_H -I. -I..  -I../src -I..   -g -O2 -MT open_datafile.lo -MD -MP -MF .deps/open_datafile.Tpo -c -o open_datafile.lo open_datafile.c
mv -f .deps/copy_parameter.Tpo .deps/copy_parameter.Plo
/bin/sh ../libtool  --tag=CC   --mode=compile gcc -DHAVE_CONFIG_H -I. -I..  -I../src -I..   -g -O2 -MT print_parameter.lo -MD -MP -MF .deps/print_parameter.Tpo -c -o print_parameter.lo print_parameter.c
mv -f .deps/clear_parameters.Tpo .deps/clear_parameters.Plo
/bin/sh ../libtool  --tag=CC   --mode=compile gcc -DHAVE_CONFIG_H -I. -I..  -I../src -I..   -g -O2 -MT random.lo -MD -MP -MF .deps/random.Tpo -c -o random.lo random.c
mv -f .deps/check_data.Tpo .deps/check_data.Plo
/bin/sh ../libtool  --tag=CC   --mode=compile gcc -DHAVE_CONFIG_H -I. -I..  -I../src -I..   -g -O2 -MT read_data.lo -MD -MP -MF .deps/read_data.Tpo -c -o read_data.lo read_data.c
mv -f .deps/double_rounding.Tpo .deps/double_rounding.Plo
/bin/sh ../libtool  --tag=CC   --mode=compile gcc -DHAVE_CONFIG_H -I. -I..  -I../src -I..   -g -O2 -MT read_description.lo -MD -MP -MF .deps/read_description.Tpo -c -o read_description.lo read_description.c
libtool: compile:  gcc -DHAVE_CONFIG_H -I. -I.. -I../src -I.. -g -O2 -MT mpfr_flags.lo -MD -MP -MF .deps/mpfr_flags.Tpo -c mpfr_flags.c  -fPIC -DPIC -o .libs/mpfr_flags.o
libtool: compile:  gcc -DHAVE_CONFIG_H -I. -I.. -I../src -I.. -g -O2 -MT open_datafile.lo -MD -MP -MF .deps/open_datafile.Tpo -c open_datafile.c  -fPIC -DPIC -o .libs/open_datafile.o
mv -f .deps/init_parameters.Tpo .deps/init_parameters.Plo
/bin/sh ../libtool  --tag=CC   --mode=compile gcc -DHAVE_CONFIG_H -I. -I..  -I../src -I..   -g -O2 -MT read_line.lo -MD -MP -MF .deps/read_line.Tpo -c -o read_line.lo read_line.c
libtool: compile:  gcc -DHAVE_CONFIG_H -I. -I.. -I../src -I.. -g -O2 -MT print_parameter.lo -MD -MP -MF .deps/print_parameter.Tpo -c print_parameter.c  -fPIC -DPIC -o .libs/print_parameter.o
libtool: compile:  gcc -DHAVE_CONFIG_H -I. -I.. -I../src -I.. -g -O2 -MT random.lo -MD -MP -MF .deps/random.Tpo -c random.c  -fPIC -DPIC -o .libs/random.o
libtool: compile:  gcc -DHAVE_CONFIG_H -I. -I.. -I../src -I.. -g -O2 -MT read_data.lo -MD -MP -MF .deps/read_data.Tpo -c read_data.c  -fPIC -DPIC -o .libs/read_data.o
libtool: compile:  gcc -DHAVE_CONFIG_H -I. -I.. -I../src -I.. -g -O2 -MT read_description.lo -MD -MP -MF .deps/read_description.Tpo -c read_description.c  -fPIC -DPIC -o .libs/read_description.o
mv -f .deps/mpfr_flags.Tpo .deps/mpfr_flags.Plo
/bin/sh ../libtool  --tag=CC   --mode=compile gcc -DHAVE_CONFIG_H -I. -I..  -I../src -I..   -g -O2 -MT rounding.lo -MD -MP -MF .deps/rounding.Tpo -c -o rounding.lo rounding.c
mv -f .deps/open_datafile.Tpo .deps/open_datafile.Plo
libtool: compile:  gcc -DHAVE_CONFIG_H -I. -I.. -I../src -I.. -g -O2 -MT read_line.lo -MD -MP -MF .deps/read_line.Tpo -c read_line.c  -fPIC -DPIC -o .libs/read_line.o
/bin/sh ../libtool  --tag=CC   --mode=compile gcc -DHAVE_CONFIG_H -I. -I..  -I../src -I..   -g -O2 -MT setprec_parameters.lo -MD -MP -MF .deps/setprec_parameters.Tpo -c -o setprec_parameters.lo setprec_parameters.c
mv -f .deps/print_parameter.Tpo .deps/print_parameter.Plo
/bin/sh ../libtool  --tag=CC   --mode=compile gcc -DHAVE_CONFIG_H -I. -I..  -I../src -I..   -g -O2 -MT tpl_gmp.lo -MD -MP -MF .deps/tpl_gmp.Tpo -c -o tpl_gmp.lo tpl_gmp.c
mv -f .deps/random.Tpo .deps/random.Plo
/bin/sh ../libtool  --tag=CC   --mode=compile gcc -DHAVE_CONFIG_H -I. -I..  -I../src -I..   -g -O2 -MT tpl_mpc.lo -MD -MP -MF .deps/tpl_mpc.Tpo -c -o tpl_mpc.lo tpl_mpc.c
libtool: compile:  gcc -DHAVE_CONFIG_H -I. -I.. -I../src -I.. -g -O2 -MT rounding.lo -MD -MP -MF .deps/rounding.Tpo -c rounding.c  -fPIC -DPIC -o .libs/rounding.o
libtool: compile:  gcc -DHAVE_CONFIG_H -I. -I.. -I../src -I.. -g -O2 -MT setprec_parameters.lo -MD -MP -MF .deps/setprec_parameters.Tpo -c setprec_parameters.c  -fPIC -DPIC -o .libs/setprec_parameters.o
mv -f .deps/read_data.Tpo .deps/read_data.Plo
/bin/sh ../libtool  --tag=CC   --mode=compile gcc -DHAVE_CONFIG_H -I. -I..  -I../src -I..   -g -O2 -MT tpl_mpfr.lo -MD -MP -MF .deps/tpl_mpfr.Tpo -c -o tpl_mpfr.lo tpl_mpfr.c
mv -f .deps/read_description.Tpo .deps/read_description.Plo
/bin/sh ../libtool  --tag=CC   --mode=compile gcc -DHAVE_CONFIG_H -I. -I..  -I../src -I..   -g -O2 -MT tpl_native.lo -MD -MP -MF .deps/tpl_native.Tpo -c -o tpl_native.lo tpl_native.c
mv -f .deps/read_line.Tpo .deps/read_line.Plo
gcc -DHAVE_CONFIG_H -I. -I..  -I../src -I..   -g -O2 -MT tballs.o -MD -MP -MF .deps/tballs.Tpo -c -o tballs.o tballs.c
libtool: compile:  gcc -DHAVE_CONFIG_H -I. -I.. -I../src -I.. -g -O2 -MT tpl_gmp.lo -MD -MP -MF .deps/tpl_gmp.Tpo -c tpl_gmp.c  -fPIC -DPIC -o .libs/tpl_gmp.o
libtool: compile:  gcc -DHAVE_CONFIG_H -I. -I.. -I../src -I.. -g -O2 -MT tpl_mpc.lo -MD -MP -MF .deps/tpl_mpc.Tpo -c tpl_mpc.c  -fPIC -DPIC -o .libs/tpl_mpc.o
libtool: compile:  gcc -DHAVE_CONFIG_H -I. -I.. -I../src -I.. -g -O2 -MT tpl_mpfr.lo -MD -MP -MF .deps/tpl_mpfr.Tpo -c tpl_mpfr.c  -fPIC -DPIC -o .libs/tpl_mpfr.o
libtool: compile:  gcc -DHAVE_CONFIG_H -I. -I.. -I../src -I.. -g -O2 -MT tpl_native.lo -MD -MP -MF .deps/tpl_native.Tpo -c tpl_native.c  -fPIC -DPIC -o .libs/tpl_native.o
mv -f .deps/setprec_parameters.Tpo .deps/setprec_parameters.Plo
mv -f .deps/rounding.Tpo .deps/rounding.Plo
gcc -DHAVE_CONFIG_H -I. -I..  -I../src -I..   -g -O2 -MT teta.o -MD -MP -MF .deps/teta.Tpo -c -o teta.o teta.c
gcc -DHAVE_CONFIG_H -I. -I..  -I../src -I..   -g -O2 -MT tabs.o -MD -MP -MF .deps/tabs.Tpo -c -o tabs.o tabs.c
mv -f .deps/tpl_gmp.Tpo .deps/tpl_gmp.Plo
gcc -DHAVE_CONFIG_H -I. -I..  -I../src -I..   -g -O2 -MT tacos.o -MD -MP -MF .deps/tacos.Tpo -c -o tacos.o tacos.c
mv -f .deps/tpl_mpc.Tpo .deps/tpl_mpc.Plo
gcc -DHAVE_CONFIG_H -I. -I..  -I../src -I..   -g -O2 -MT tacosh.o -MD -MP -MF .deps/tacosh.Tpo -c -o tacosh.o tacosh.c
mv -f .deps/tballs.Tpo .deps/tballs.Po
gcc -DHAVE_CONFIG_H -I. -I..  -I../src -I..   -g -O2 -MT tadd.o -MD -MP -MF .deps/tadd.Tpo -c -o tadd.o tadd.c
mv -f .deps/tpl_native.Tpo .deps/tpl_native.Plo
gcc -DHAVE_CONFIG_H -I. -I..  -I../src -I..   -g -O2 -MT tadd_fr.o -MD -MP -MF .deps/tadd_fr.Tpo -c -o tadd_fr.o tadd_fr.c
mv -f .deps/tpl_mpfr.Tpo .deps/tpl_mpfr.Plo
gcc -DHAVE_CONFIG_H -I. -I..  -I../src -I..   -g -O2 -MT tadd_si.o -MD -MP -MF .deps/tadd_si.Tpo -c -o tadd_si.o tadd_si.c
mv -f .deps/teta.Tpo .deps/teta.Po
gcc -DHAVE_CONFIG_H -I. -I..  -I../src -I..   -g -O2 -MT tadd_ui.o -MD -MP -MF .deps/tadd_ui.Tpo -c -o tadd_ui.o tadd_ui.c
mv -f .deps/tabs.Tpo .deps/tabs.Po
gcc -DHAVE_CONFIG_H -I. -I..  -I../src -I..   -g -O2 -MT tagm.o -MD -MP -MF .deps/tagm.Tpo -c -o tagm.o tagm.c
mv -f .deps/tacos.Tpo .deps/tacos.Po
gcc -DHAVE_CONFIG_H -I. -I..  -I../src -I..   -g -O2 -MT targ.o -MD -MP -MF .deps/targ.Tpo -c -o targ.o targ.c
mv -f .deps/tacosh.Tpo .deps/tacosh.Po
gcc -DHAVE_CONFIG_H -I. -I..  -I../src -I..   -g -O2 -MT tasin.o -MD -MP -MF .deps/tasin.Tpo -c -o tasin.o tasin.c
mv -f .deps/tadd.Tpo .deps/tadd.Po
gcc -DHAVE_CONFIG_H -I. -I..  -I../src -I..   -g -O2 -MT tasinh.o -MD -MP -MF .deps/tasinh.Tpo -c -o tasinh.o tasinh.c
mv -f .deps/tadd_si.Tpo .deps/tadd_si.Po
mv -f .deps/tadd_ui.Tpo .deps/tadd_ui.Po
gcc -DHAVE_CONFIG_H -I. -I..  -I../src -I..   -g -O2 -MT tatan.o -MD -MP -MF .deps/tatan.Tpo -c -o tatan.o tatan.c
mv -f .deps/tadd_fr.Tpo .deps/tadd_fr.Po
gcc -DHAVE_CONFIG_H -I. -I..  -I../src -I..   -g -O2 -MT tatanh.o -MD -MP -MF .deps/tatanh.Tpo -c -o tatanh.o tatanh.c
gcc -DHAVE_CONFIG_H -I. -I..  -I../src -I..   -g -O2 -MT tcmp_abs.o -MD -MP -MF .deps/tcmp_abs.Tpo -c -o tcmp_abs.o tcmp_abs.c
mv -f .deps/tagm.Tpo .deps/tagm.Po
gcc -DHAVE_CONFIG_H -I. -I..  -I../src -I..   -g -O2 -MT tconj.o -MD -MP -MF .deps/tconj.Tpo -c -o tconj.o tconj.c
mv -f .deps/targ.Tpo .deps/targ.Po
gcc -DHAVE_CONFIG_H -I. -I..  -I../src -I..   -g -O2 -MT tcos.o -MD -MP -MF .deps/tcos.Tpo -c -o tcos.o tcos.c
mv -f .deps/tasin.Tpo .deps/tasin.Po
mv -f .deps/tcmp_abs.Tpo .deps/tcmp_abs.Po
gcc -DHAVE_CONFIG_H -I. -I..  -I../src -I..   -g -O2 -MT tcosh.o -MD -MP -MF .deps/tcosh.Tpo -c -o tcosh.o tcosh.c
gcc -DHAVE_CONFIG_H -I. -I..  -I../src -I..   -g -O2 -MT tdiv.o -MD -MP -MF .deps/tdiv.Tpo -c -o tdiv.o tdiv.c
mv -f .deps/tasinh.Tpo .deps/tasinh.Po
gcc -DHAVE_CONFIG_H -I. -I..  -I../src -I..   -g -O2 -MT tdiv_2si.o -MD -MP -MF .deps/tdiv_2si.Tpo -c -o tdiv_2si.o tdiv_2si.c
mv -f .deps/tatan.Tpo .deps/tatan.Po
mv -f .deps/tatanh.Tpo .deps/tatanh.Po
gcc -DHAVE_CONFIG_H -I. -I..  -I../src -I..   -g -O2 -MT tdiv_2ui.o -MD -MP -MF .deps/tdiv_2ui.Tpo -c -o tdiv_2ui.o tdiv_2ui.c
gcc -DHAVE_CONFIG_H -I. -I..  -I../src -I..   -g -O2 -MT tdiv_fr.o -MD -MP -MF .deps/tdiv_fr.Tpo -c -o tdiv_fr.o tdiv_fr.c
mv -f .deps/tconj.Tpo .deps/tconj.Po
gcc -DHAVE_CONFIG_H -I. -I..  -I../src -I..   -g -O2 -MT tdiv_ui.o -MD -MP -MF .deps/tdiv_ui.Tpo -c -o tdiv_ui.o tdiv_ui.c
mv -f .deps/tcos.Tpo .deps/tcos.Po
gcc -DHAVE_CONFIG_H -I. -I..  -I../src -I..   -g -O2 -MT tdot.o -MD -MP -MF .deps/tdot.Tpo -c -o tdot.o tdot.c
mv -f .deps/tdiv.Tpo .deps/tdiv.Po
gcc -DHAVE_CONFIG_H -I. -I..  -I../src -I..   -g -O2 -MT texp.o -MD -MP -MF .deps/texp.Tpo -c -o texp.o texp.c
mv -f .deps/tdiv_2si.Tpo .deps/tdiv_2si.Po
mv -f .deps/tcosh.Tpo .deps/tcosh.Po
gcc -DHAVE_CONFIG_H -I. -I..  -I../src -I..   -g -O2 -MT tfma.o -MD -MP -MF .deps/tfma.Tpo -c -o tfma.o tfma.c
gcc -DHAVE_CONFIG_H -I. -I..  -I../src -I..   -g -O2 -MT tfr_div.o -MD -MP -MF .deps/tfr_div.Tpo -c -o tfr_div.o tfr_div.c
mv -f .deps/tdiv_2ui.Tpo .deps/tdiv_2ui.Po
gcc -DHAVE_CONFIG_H -I. -I..  -I../src -I..   -g -O2 -MT tfr_sub.o -MD -MP -MF .deps/tfr_sub.Tpo -c -o tfr_sub.o tfr_sub.c
mv -f .deps/tdiv_fr.Tpo .deps/tdiv_fr.Po
gcc -DHAVE_CONFIG_H -I. -I..  -I../src -I..   -g -O2 -MT timag.o -MD -MP -MF .deps/timag.Tpo -c -o timag.o timag.c
mv -f .deps/tdot.Tpo .deps/tdot.Po
gcc -DHAVE_CONFIG_H -I. -I..  -I../src -I..   -g -O2 -MT tio_str.o -MD -MP -MF .deps/tio_str.Tpo -c -o tio_str.o tio_str.c
mv -f .deps/tdiv_ui.Tpo .deps/tdiv_ui.Po
gcc -DHAVE_CONFIG_H -I. -I..  -I../src -I..   -g -O2 -MT tlog.o -MD -MP -MF .deps/tlog.Tpo -c -o tlog.o tlog.c
mv -f .deps/texp.Tpo .deps/texp.Po
gcc -DHAVE_CONFIG_H -I. -I..  -I../src -I..   -g -O2 -MT tlog10.o -MD -MP -MF .deps/tlog10.Tpo -c -o tlog10.o tlog10.c
mv -f .deps/tfr_div.Tpo .deps/tfr_div.Po
gcc -DHAVE_CONFIG_H -I. -I..  -I../src -I..   -g -O2 -MT tmul.o -MD -MP -MF .deps/tmul.Tpo -c -o tmul.o tmul.c
mv -f .deps/timag.Tpo .deps/timag.Po
gcc -DHAVE_CONFIG_H -I. -I..  -I../src -I..   -g -O2 -MT tmul_2si.o -MD -MP -MF .deps/tmul_2si.Tpo -c -o tmul_2si.o tmul_2si.c
mv -f .deps/tio_str.Tpo .deps/tio_str.Po
gcc -DHAVE_CONFIG_H -I. -I..  -I../src -I..   -g -O2 -MT tmul_2ui.o -MD -MP -MF .deps/tmul_2ui.Tpo -c -o tmul_2ui.o tmul_2ui.c
mv -f .deps/tfr_sub.Tpo .deps/tfr_sub.Po
gcc -DHAVE_CONFIG_H -I. -I..  -I../src -I..   -g -O2 -MT tmul_fr.o -MD -MP -MF .deps/tmul_fr.Tpo -c -o tmul_fr.o tmul_fr.c
mv -f .deps/tfma.Tpo .deps/tfma.Po
gcc -DHAVE_CONFIG_H -I. -I..  -I../src -I..   -g -O2 -MT tmul_i.o -MD -MP -MF .deps/tmul_i.Tpo -c -o tmul_i.o tmul_i.c
mv -f .deps/tlog.Tpo .deps/tlog.Po
gcc -DHAVE_CONFIG_H -I. -I..  -I../src -I..   -g -O2 -MT tmul_si.o -MD -MP -MF .deps/tmul_si.Tpo -c -o tmul_si.o tmul_si.c
mv -f .deps/tlog10.Tpo .deps/tlog10.Po
gcc -DHAVE_CONFIG_H -I. -I..  -I../src -I..   -g -O2 -MT tmul_ui.o -MD -MP -MF .deps/tmul_ui.Tpo -c -o tmul_ui.o tmul_ui.c
mv -f .deps/tmul_2si.Tpo .deps/tmul_2si.Po
gcc -DHAVE_CONFIG_H -I. -I..  -I../src -I..   -g -O2 -MT tneg.o -MD -MP -MF .deps/tneg.Tpo -c -o tneg.o tneg.c
mv -f .deps/tmul_2ui.Tpo .deps/tmul_2ui.Po
gcc -DHAVE_CONFIG_H -I. -I..  -I../src -I..   -g -O2 -MT tnorm.o -MD -MP -MF .deps/tnorm.Tpo -c -o tnorm.o tnorm.c
mv -f .deps/tmul_fr.Tpo .deps/tmul_fr.Po
gcc -DHAVE_CONFIG_H -I. -I..  -I../src -I..   -g -O2 -MT tpow.o -MD -MP -MF .deps/tpow.Tpo -c -o tpow.o tpow.c
mv -f .deps/tmul_si.Tpo .deps/tmul_si.Po
mv -f .deps/tmul_i.Tpo .deps/tmul_i.Po
gcc -DHAVE_CONFIG_H -I. -I..  -I../src -I..   -g -O2 -MT tpow_d.o -MD -MP -MF .deps/tpow_d.Tpo -c -o tpow_d.o tpow_d.c
gcc -DHAVE_CONFIG_H -I. -I..  -I../src -I..   -g -O2 -MT tpow_fr.o -MD -MP -MF .deps/tpow_fr.Tpo -c -o tpow_fr.o tpow_fr.c
mv -f .deps/tmul.Tpo .deps/tmul.Po
gcc -DHAVE_CONFIG_H -I. -I..  -I../src -I..   -g -O2 -MT tpow_ld.o -MD -MP -MF .deps/tpow_ld.Tpo -c -o tpow_ld.o tpow_ld.c
mv -f .deps/tmul_ui.Tpo .deps/tmul_ui.Po
gcc -DHAVE_CONFIG_H -I. -I..  -I../src -I..   -g -O2 -MT tpow_si.o -MD -MP -MF .deps/tpow_si.Tpo -c -o tpow_si.o tpow_si.c
mv -f .deps/tpow_ld.Tpo .deps/tpow_ld.Po
mv -f .deps/tneg.Tpo .deps/tneg.Po
gcc -DHAVE_CONFIG_H -I. -I..  -I../src -I..   -g -O2 -MT tpow_ui.o -MD -MP -MF .deps/tpow_ui.Tpo -c -o tpow_ui.o tpow_ui.c
gcc -DHAVE_CONFIG_H -I. -I..  -I../src -I..   -g -O2 -MT tpow_z.o -MD -MP -MF .deps/tpow_z.Tpo -c -o tpow_z.o tpow_z.c
mv -f .deps/tnorm.Tpo .deps/tnorm.Po
gcc -DHAVE_CONFIG_H -I. -I..  -I../src -I..   -g -O2 -MT tprec.o -MD -MP -MF .deps/tprec.Tpo -c -o tprec.o tprec.c
mv -f .deps/tpow_d.Tpo .deps/tpow_d.Po
gcc -DHAVE_CONFIG_H -I. -I..  -I../src -I..   -g -O2 -MT tproj.o -MD -MP -MF .deps/tproj.Tpo -c -o tproj.o tproj.c
mv -f .deps/tpow.Tpo .deps/tpow.Po
gcc -DHAVE_CONFIG_H -I. -I..  -I../src -I..   -g -O2 -MT treal.o -MD -MP -MF .deps/treal.Tpo -c -o treal.o treal.c
mv -f .deps/tpow_si.Tpo .deps/tpow_si.Po
mv -f .deps/tpow_fr.Tpo .deps/tpow_fr.Po
gcc -DHAVE_CONFIG_H -I. -I..  -I../src -I..   -g -O2 -MT treimref.o -MD -MP -MF .deps/treimref.Tpo -c -o treimref.o treimref.c
mv -f .deps/tpow_z.Tpo .deps/tpow_z.Po
gcc -DHAVE_CONFIG_H -I. -I..  -I../src -I..   -g -O2 -MT trootofunity.o -MD -MP -MF .deps/trootofunity.Tpo -c -o trootofunity.o trootofunity.c
gcc -DHAVE_CONFIG_H -I. -I..  -I../src -I..   -g -O2 -MT tset.o -MD -MP -MF .deps/tset.Tpo -c -o tset.o tset.c
mv -f .deps/tpow_ui.Tpo .deps/tpow_ui.Po
gcc -DHAVE_CONFIG_H -I. -I..  -I../src -I..   -g -O2 -MT tsin.o -MD -MP -MF .deps/tsin.Tpo -c -o tsin.o tsin.c
mv -f .deps/tprec.Tpo .deps/tprec.Po
gcc -DHAVE_CONFIG_H -I. -I..  -I../src -I..   -g -O2 -MT tsin_cos.o -MD -MP -MF .deps/tsin_cos.Tpo -c -o tsin_cos.o tsin_cos.c
mv -f .deps/treimref.Tpo .deps/treimref.Po
gcc -DHAVE_CONFIG_H -I. -I..  -I../src -I..   -g -O2 -MT tsinh.o -MD -MP -MF .deps/tsinh.Tpo -c -o tsinh.o tsinh.c
mv -f .deps/treal.Tpo .deps/treal.Po
gcc -DHAVE_CONFIG_H -I. -I..  -I../src -I..   -g -O2 -MT tsqr.o -MD -MP -MF .deps/tsqr.Tpo -c -o tsqr.o tsqr.c
mv -f .deps/tproj.Tpo .deps/tproj.Po
gcc -DHAVE_CONFIG_H -I. -I..  -I../src -I..   -g -O2 -MT tsqrt.o -MD -MP -MF .deps/tsqrt.Tpo -c -o tsqrt.o tsqrt.c
mv -f .deps/trootofunity.Tpo .deps/trootofunity.Po
gcc -DHAVE_CONFIG_H -I. -I..  -I../src -I..   -g -O2 -MT tstrtoc.o -MD -MP -MF .deps/tstrtoc.Tpo -c -o tstrtoc.o tstrtoc.c
mv -f .deps/tsin_cos.Tpo .deps/tsin_cos.Po
gcc -DHAVE_CONFIG_H -I. -I..  -I../src -I..   -g -O2 -MT tsub.o -MD -MP -MF .deps/tsub.Tpo -c -o tsub.o tsub.c
mv -f .deps/tsin.Tpo .deps/tsin.Po
gcc -DHAVE_CONFIG_H -I. -I..  -I../src -I..   -g -O2 -MT tsub_fr.o -MD -MP -MF .deps/tsub_fr.Tpo -c -o tsub_fr.o tsub_fr.c
mv -f .deps/tsinh.Tpo .deps/tsinh.Po
gcc -DHAVE_CONFIG_H -I. -I..  -I../src -I..   -g -O2 -MT tsub_ui.o -MD -MP -MF .deps/tsub_ui.Tpo -c -o tsub_ui.o tsub_ui.c
mv -f .deps/tset.Tpo .deps/tset.Po
gcc -DHAVE_CONFIG_H -I. -I..  -I../src -I..   -g -O2 -MT tsum.o -MD -MP -MF .deps/tsum.Tpo -c -o tsum.o tsum.c
mv -f .deps/tstrtoc.Tpo .deps/tstrtoc.Po
gcc -DHAVE_CONFIG_H -I. -I..  -I../src -I..   -g -O2 -MT tswap.o -MD -MP -MF .deps/tswap.Tpo -c -o tswap.o tswap.c
mv -f .deps/tsqrt.Tpo .deps/tsqrt.Po
mv -f .deps/tsqr.Tpo .deps/tsqr.Po
gcc -DHAVE_CONFIG_H -I. -I..  -I../src -I..   -g -O2 -MT ttan.o -MD -MP -MF .deps/ttan.Tpo -c -o ttan.o ttan.c
gcc -DHAVE_CONFIG_H -I. -I..  -I../src -I..   -g -O2 -MT ttanh.o -MD -MP -MF .deps/ttanh.Tpo -c -o ttanh.o ttanh.c
mv -f .deps/tsub.Tpo .deps/tsub.Po
gcc -DHAVE_CONFIG_H -I. -I..  -I../src -I..   -g -O2 -MT tui_div.o -MD -MP -MF .deps/tui_div.Tpo -c -o tui_div.o tui_div.c
mv -f .deps/tsub_fr.Tpo .deps/tsub_fr.Po
mv -f .deps/tsub_ui.Tpo .deps/tsub_ui.Po
gcc -DHAVE_CONFIG_H -I. -I..  -I../src -I..   -g -O2 -MT tui_ui_sub.o -MD -MP -MF .deps/tui_ui_sub.Tpo -c -o tui_ui_sub.o tui_ui_sub.c
gcc -DHAVE_CONFIG_H -I. -I..  -I../src -I..   -g -O2 -MT tget_version.o -MD -MP -MF .deps/tget_version.Tpo -c -o tget_version.o tget_version.c
mv -f .deps/tsum.Tpo .deps/tsum.Po
gcc -DHAVE_CONFIG_H -I. -I..  -I../src -I..   -g -O2 -MT texceptions.o -MD -MP -MF .deps/texceptions.Tpo -c -o texceptions.o texceptions.c
mv -f .deps/tswap.Tpo .deps/tswap.Po
gcc -DHAVE_CONFIG_H -I. -I..  -I../src -I..   -g -O2 -MT tdummy.o -MD -MP -MF .deps/tdummy.Tpo -c -o tdummy.o tdummy.c
mv -f .deps/tdummy.Tpo .deps/tdummy.Po
/bin/sh ../libtool  --tag=CC   --mode=link gcc  -g -O2 -no-install -L../src/.libs  -o libmpc-tests.la  check_data.lo clear_parameters.lo close_datafile.lo comparisons.lo copy_parameter.lo double_rounding.lo init_parameters.lo mpfr_flags.lo open_datafile.lo print_parameter.lo random.lo read_data.lo read_description.lo read_line.lo rounding.lo setprec_parameters.lo tpl_gmp.lo tpl_mpc.lo tpl_mpfr.lo tpl_native.lo  -lmpfr -lgmp -lm -lm 
mv -f .deps/tget_version.Tpo .deps/tget_version.Po
mv -f .deps/ttanh.Tpo .deps/ttanh.Po
mv -f .deps/tui_div.Tpo .deps/tui_div.Po
mv -f .deps/tui_ui_sub.Tpo .deps/tui_ui_sub.Po
mv -f .deps/texceptions.Tpo .deps/texceptions.Po
mv -f .deps/ttan.Tpo .deps/ttan.Po
libtool: link: ar cr .libs/libmpc-tests.a .libs/check_data.o .libs/clear_parameters.o .libs/close_datafile.o .libs/comparisons.o .libs/copy_parameter.o .libs/double_rounding.o .libs/init_parameters.o .libs/mpfr_flags.o .libs/open_datafile.o .libs/print_parameter.o .libs/random.o .libs/read_data.o .libs/read_description.o .libs/read_line.o .libs/rounding.o .libs/setprec_parameters.o .libs/tpl_gmp.o .libs/tpl_mpc.o .libs/tpl_mpfr.o .libs/tpl_native.o 
libtool: link: ranlib .libs/libmpc-tests.a
libtool: link: ( cd ".libs" && rm -f "libmpc-tests.la" && ln -s "../libmpc-tests.la" "libmpc-tests.la" )
/bin/sh ../libtool  --tag=CC   --mode=link gcc  -g -O2 -no-install -L../src/.libs  -o tradius tradius.o libmpc-tests.la ../src/libmpc.la -lmpfr -lgmp -lm -lm 
/bin/sh ../libtool  --tag=CC   --mode=link gcc  -g -O2 -no-install -L../src/.libs  -o tballs tballs.o libmpc-tests.la ../src/libmpc.la -lmpfr -lgmp -lm -lm 
/bin/sh ../libtool  --tag=CC   --mode=link gcc  -g -O2 -no-install -L../src/.libs  -o teta teta.o libmpc-tests.la ../src/libmpc.la -lmpfr -lgmp -lm -lm 
/bin/sh ../libtool  --tag=CC   --mode=link gcc  -g -O2 -no-install -L../src/.libs  -o tabs tabs.o libmpc-tests.la ../src/libmpc.la -lmpfr -lgmp -lm -lm 
/bin/sh ../libtool  --tag=CC   --mode=link gcc  -g -O2 -no-install -L../src/.libs  -o tacos tacos.o libmpc-tests.la ../src/libmpc.la -lmpfr -lgmp -lm -lm 
/bin/sh ../libtool  --tag=CC   --mode=link gcc  -g -O2 -no-install -L../src/.libs  -o tadd tadd.o libmpc-tests.la ../src/libmpc.la -lmpfr -lgmp -lm -lm 
/bin/sh ../libtool  --tag=CC   --mode=link gcc  -g -O2 -no-install -L../src/.libs  -o tacosh tacosh.o libmpc-tests.la ../src/libmpc.la -lmpfr -lgmp -lm -lm 
libtool: link: gcc -g -O2 -o teta teta.o  -L../src/.libs ./.libs/libmpc-tests.a ../src/.libs/libmpc.so /usr/lib/libmpfr.so /usr/lib/libgmp.so -lm -Wl,-rpath -Wl,/sources/mpc-1.3.1/src/.libs
libtool: link: gcc -g -O2 -o tabs tabs.o  -L../src/.libs ./.libs/libmpc-tests.a ../src/.libs/libmpc.so /usr/lib/libmpfr.so /usr/lib/libgmp.so -lm -Wl,-rpath -Wl,/sources/mpc-1.3.1/src/.libs
libtool: link: gcc -g -O2 -o tballs tballs.o  -L../src/.libs ./.libs/libmpc-tests.a ../src/.libs/libmpc.so /usr/lib/libmpfr.so /usr/lib/libgmp.so -lm -Wl,-rpath -Wl,/sources/mpc-1.3.1/src/.libs
libtool: link: gcc -g -O2 -o tadd tadd.o  -L../src/.libs ./.libs/libmpc-tests.a ../src/.libs/libmpc.so /usr/lib/libmpfr.so /usr/lib/libgmp.so -lm -Wl,-rpath -Wl,/sources/mpc-1.3.1/src/.libs
libtool: link: gcc -g -O2 -o tacos tacos.o  -L../src/.libs ./.libs/libmpc-tests.a ../src/.libs/libmpc.so /usr/lib/libmpfr.so /usr/lib/libgmp.so -lm -Wl,-rpath -Wl,/sources/mpc-1.3.1/src/.libs
libtool: link: gcc -g -O2 -o tacosh tacosh.o  -L../src/.libs ./.libs/libmpc-tests.a ../src/.libs/libmpc.so /usr/lib/libmpfr.so /usr/lib/libgmp.so -lm -Wl,-rpath -Wl,/sources/mpc-1.3.1/src/.libs
libtool: link: gcc -g -O2 -o tradius tradius.o  -L../src/.libs ./.libs/libmpc-tests.a ../src/.libs/libmpc.so /usr/lib/libmpfr.so /usr/lib/libgmp.so -lm -Wl,-rpath -Wl,/sources/mpc-1.3.1/src/.libs
/bin/sh ../libtool  --tag=CC   --mode=link gcc  -g -O2 -no-install -L../src/.libs  -o tadd_fr tadd_fr.o libmpc-tests.la ../src/libmpc.la -lmpfr -lgmp -lm -lm 
/bin/sh ../libtool  --tag=CC   --mode=link gcc  -g -O2 -no-install -L../src/.libs  -o tadd_ui tadd_ui.o libmpc-tests.la ../src/libmpc.la -lmpfr -lgmp -lm -lm 
/bin/sh ../libtool  --tag=CC   --mode=link gcc  -g -O2 -no-install -L../src/.libs  -o tadd_si tadd_si.o libmpc-tests.la ../src/libmpc.la -lmpfr -lgmp -lm -lm 
/bin/sh ../libtool  --tag=CC   --mode=link gcc  -g -O2 -no-install -L../src/.libs  -o tagm tagm.o libmpc-tests.la ../src/libmpc.la -lmpfr -lgmp -lm -lm 
/bin/sh ../libtool  --tag=CC   --mode=link gcc  -g -O2 -no-install -L../src/.libs  -o targ targ.o libmpc-tests.la ../src/libmpc.la -lmpfr -lgmp -lm -lm 
/bin/sh ../libtool  --tag=CC   --mode=link gcc  -g -O2 -no-install -L../src/.libs  -o tasin tasin.o libmpc-tests.la ../src/libmpc.la -lmpfr -lgmp -lm -lm 
/bin/sh ../libtool  --tag=CC   --mode=link gcc  -g -O2 -no-install -L../src/.libs  -o tasinh tasinh.o libmpc-tests.la ../src/libmpc.la -lmpfr -lgmp -lm -lm 
libtool: link: gcc -g -O2 -o tagm tagm.o  -L../src/.libs ./.libs/libmpc-tests.a ../src/.libs/libmpc.so /usr/lib/libmpfr.so /usr/lib/libgmp.so -lm -Wl,-rpath -Wl,/sources/mpc-1.3.1/src/.libs
libtool: link: gcc -g -O2 -o tadd_ui tadd_ui.o  -L../src/.libs ./.libs/libmpc-tests.a ../src/.libs/libmpc.so /usr/lib/libmpfr.so /usr/lib/libgmp.so -lm -Wl,-rpath -Wl,/sources/mpc-1.3.1/src/.libs
libtool: link: gcc -g -O2 -o tadd_fr tadd_fr.o  -L../src/.libs ./.libs/libmpc-tests.a ../src/.libs/libmpc.so /usr/lib/libmpfr.so /usr/lib/libgmp.so -lm -Wl,-rpath -Wl,/sources/mpc-1.3.1/src/.libs
libtool: link: gcc -g -O2 -o targ targ.o  -L../src/.libs ./.libs/libmpc-tests.a ../src/.libs/libmpc.so /usr/lib/libmpfr.so /usr/lib/libgmp.so -lm -Wl,-rpath -Wl,/sources/mpc-1.3.1/src/.libs
libtool: link: gcc -g -O2 -o tadd_si tadd_si.o  -L../src/.libs ./.libs/libmpc-tests.a ../src/.libs/libmpc.so /usr/lib/libmpfr.so /usr/lib/libgmp.so -lm -Wl,-rpath -Wl,/sources/mpc-1.3.1/src/.libs
libtool: link: gcc -g -O2 -o tasin tasin.o  -L../src/.libs ./.libs/libmpc-tests.a ../src/.libs/libmpc.so /usr/lib/libmpfr.so /usr/lib/libgmp.so -lm -Wl,-rpath -Wl,/sources/mpc-1.3.1/src/.libs
libtool: link: gcc -g -O2 -o tasinh tasinh.o  -L../src/.libs ./.libs/libmpc-tests.a ../src/.libs/libmpc.so /usr/lib/libmpfr.so /usr/lib/libgmp.so -lm -Wl,-rpath -Wl,/sources/mpc-1.3.1/src/.libs
/bin/sh ../libtool  --tag=CC   --mode=link gcc  -g -O2 -no-install -L../src/.libs  -o tatan tatan.o libmpc-tests.la ../src/libmpc.la -lmpfr -lgmp -lm -lm 
/bin/sh ../libtool  --tag=CC   --mode=link gcc  -g -O2 -no-install -L../src/.libs  -o tatanh tatanh.o libmpc-tests.la ../src/libmpc.la -lmpfr -lgmp -lm -lm 
/bin/sh ../libtool  --tag=CC   --mode=link gcc  -g -O2 -no-install -L../src/.libs  -o tcmp_abs tcmp_abs.o libmpc-tests.la ../src/libmpc.la -lmpfr -lgmp -lm -lm 
/bin/sh ../libtool  --tag=CC   --mode=link gcc  -g -O2 -no-install -L../src/.libs  -o tconj tconj.o libmpc-tests.la ../src/libmpc.la -lmpfr -lgmp -lm -lm 
/bin/sh ../libtool  --tag=CC   --mode=link gcc  -g -O2 -no-install -L../src/.libs  -o tcosh tcosh.o libmpc-tests.la ../src/libmpc.la -lmpfr -lgmp -lm -lm 
/bin/sh ../libtool  --tag=CC   --mode=link gcc  -g -O2 -no-install -L../src/.libs  -o tcos tcos.o libmpc-tests.la ../src/libmpc.la -lmpfr -lgmp -lm -lm 
/bin/sh ../libtool  --tag=CC   --mode=link gcc  -g -O2 -no-install -L../src/.libs  -o tdiv tdiv.o libmpc-tests.la ../src/libmpc.la -lmpfr -lgmp -lm -lm 
libtool: link: gcc -g -O2 -o tcmp_abs tcmp_abs.o  -L../src/.libs ./.libs/libmpc-tests.a ../src/.libs/libmpc.so /usr/lib/libmpfr.so /usr/lib/libgmp.so -lm -Wl,-rpath -Wl,/sources/mpc-1.3.1/src/.libs
libtool: link: gcc -g -O2 -o tatanh tatanh.o  -L../src/.libs ./.libs/libmpc-tests.a ../src/.libs/libmpc.so /usr/lib/libmpfr.so /usr/lib/libgmp.so -lm -Wl,-rpath -Wl,/sources/mpc-1.3.1/src/.libs
libtool: link: gcc -g -O2 -o tatan tatan.o  -L../src/.libs ./.libs/libmpc-tests.a ../src/.libs/libmpc.so /usr/lib/libmpfr.so /usr/lib/libgmp.so -lm -Wl,-rpath -Wl,/sources/mpc-1.3.1/src/.libs
libtool: link: gcc -g -O2 -o tcos tcos.o  -L../src/.libs ./.libs/libmpc-tests.a ../src/.libs/libmpc.so /usr/lib/libmpfr.so /usr/lib/libgmp.so -lm -Wl,-rpath -Wl,/sources/mpc-1.3.1/src/.libs
libtool: link: gcc -g -O2 -o tdiv tdiv.o  -L../src/.libs ./.libs/libmpc-tests.a ../src/.libs/libmpc.so /usr/lib/libmpfr.so /usr/lib/libgmp.so -lm -Wl,-rpath -Wl,/sources/mpc-1.3.1/src/.libs
libtool: link: gcc -g -O2 -o tcosh tcosh.o  -L../src/.libs ./.libs/libmpc-tests.a ../src/.libs/libmpc.so /usr/lib/libmpfr.so /usr/lib/libgmp.so -lm -Wl,-rpath -Wl,/sources/mpc-1.3.1/src/.libs
libtool: link: gcc -g -O2 -o tconj tconj.o  -L../src/.libs ./.libs/libmpc-tests.a ../src/.libs/libmpc.so /usr/lib/libmpfr.so /usr/lib/libgmp.so -lm -Wl,-rpath -Wl,/sources/mpc-1.3.1/src/.libs
/bin/sh ../libtool  --tag=CC   --mode=link gcc  -g -O2 -no-install -L../src/.libs  -o tdiv_2si tdiv_2si.o libmpc-tests.la ../src/libmpc.la -lmpfr -lgmp -lm -lm 
/bin/sh ../libtool  --tag=CC   --mode=link gcc  -g -O2 -no-install -L../src/.libs  -o tdiv_2ui tdiv_2ui.o libmpc-tests.la ../src/libmpc.la -lmpfr -lgmp -lm -lm 
/bin/sh ../libtool  --tag=CC   --mode=link gcc  -g -O2 -no-install -L../src/.libs  -o tdiv_fr tdiv_fr.o libmpc-tests.la ../src/libmpc.la -lmpfr -lgmp -lm -lm 
/bin/sh ../libtool  --tag=CC   --mode=link gcc  -g -O2 -no-install -L../src/.libs  -o tdiv_ui tdiv_ui.o libmpc-tests.la ../src/libmpc.la -lmpfr -lgmp -lm -lm 
/bin/sh ../libtool  --tag=CC   --mode=link gcc  -g -O2 -no-install -L../src/.libs  -o tdot tdot.o libmpc-tests.la ../src/libmpc.la -lmpfr -lgmp -lm -lm 
/bin/sh ../libtool  --tag=CC   --mode=link gcc  -g -O2 -no-install -L../src/.libs  -o texp texp.o libmpc-tests.la ../src/libmpc.la -lmpfr -lgmp -lm -lm 
/bin/sh ../libtool  --tag=CC   --mode=link gcc  -g -O2 -no-install -L../src/.libs  -o tfma tfma.o libmpc-tests.la ../src/libmpc.la -lmpfr -lgmp -lm -lm 
libtool: link: gcc -g -O2 -o tdiv_2si tdiv_2si.o  -L../src/.libs ./.libs/libmpc-tests.a ../src/.libs/libmpc.so /usr/lib/libmpfr.so /usr/lib/libgmp.so -lm -Wl,-rpath -Wl,/sources/mpc-1.3.1/src/.libs
libtool: link: gcc -g -O2 -o tdiv_fr tdiv_fr.o  -L../src/.libs ./.libs/libmpc-tests.a ../src/.libs/libmpc.so /usr/lib/libmpfr.so /usr/lib/libgmp.so -lm -Wl,-rpath -Wl,/sources/mpc-1.3.1/src/.libs
libtool: link: gcc -g -O2 -o tdiv_2ui tdiv_2ui.o  -L../src/.libs ./.libs/libmpc-tests.a ../src/.libs/libmpc.so /usr/lib/libmpfr.so /usr/lib/libgmp.so -lm -Wl,-rpath -Wl,/sources/mpc-1.3.1/src/.libs
libtool: link: gcc -g -O2 -o tdot tdot.o  -L../src/.libs ./.libs/libmpc-tests.a ../src/.libs/libmpc.so /usr/lib/libmpfr.so /usr/lib/libgmp.so -lm -Wl,-rpath -Wl,/sources/mpc-1.3.1/src/.libs
libtool: link: gcc -g -O2 -o tdiv_ui tdiv_ui.o  -L../src/.libs ./.libs/libmpc-tests.a ../src/.libs/libmpc.so /usr/lib/libmpfr.so /usr/lib/libgmp.so -lm -Wl,-rpath -Wl,/sources/mpc-1.3.1/src/.libs
libtool: link: gcc -g -O2 -o texp texp.o  -L../src/.libs ./.libs/libmpc-tests.a ../src/.libs/libmpc.so /usr/lib/libmpfr.so /usr/lib/libgmp.so -lm -Wl,-rpath -Wl,/sources/mpc-1.3.1/src/.libs
libtool: link: gcc -g -O2 -o tfma tfma.o  -L../src/.libs ./.libs/libmpc-tests.a ../src/.libs/libmpc.so /usr/lib/libmpfr.so /usr/lib/libgmp.so -lm -Wl,-rpath -Wl,/sources/mpc-1.3.1/src/.libs
/bin/sh ../libtool  --tag=CC   --mode=link gcc  -g -O2 -no-install -L../src/.libs  -o tfr_div tfr_div.o libmpc-tests.la ../src/libmpc.la -lmpfr -lgmp -lm -lm 
/bin/sh ../libtool  --tag=CC   --mode=link gcc  -g -O2 -no-install -L../src/.libs  -o tfr_sub tfr_sub.o libmpc-tests.la ../src/libmpc.la -lmpfr -lgmp -lm -lm 
/bin/sh ../libtool  --tag=CC   --mode=link gcc  -g -O2 -no-install -L../src/.libs  -o timag timag.o libmpc-tests.la ../src/libmpc.la -lmpfr -lgmp -lm -lm 
/bin/sh ../libtool  --tag=CC   --mode=link gcc  -g -O2 -no-install -L../src/.libs  -o tio_str tio_str.o libmpc-tests.la ../src/libmpc.la -lmpfr -lgmp -lm -lm 
/bin/sh ../libtool  --tag=CC   --mode=link gcc  -g -O2 -no-install -L../src/.libs  -o tlog tlog.o libmpc-tests.la ../src/libmpc.la -lmpfr -lgmp -lm -lm 
/bin/sh ../libtool  --tag=CC   --mode=link gcc  -g -O2 -no-install -L../src/.libs  -o tlog10 tlog10.o libmpc-tests.la ../src/libmpc.la -lmpfr -lgmp -lm -lm 
/bin/sh ../libtool  --tag=CC   --mode=link gcc  -g -O2 -no-install -L../src/.libs  -o tmul tmul.o libmpc-tests.la ../src/libmpc.la -lmpfr -lgmp -lm -lm 
libtool: link: gcc -g -O2 -o tfr_sub tfr_sub.o  -L../src/.libs ./.libs/libmpc-tests.a ../src/.libs/libmpc.so /usr/lib/libmpfr.so /usr/lib/libgmp.so -lm -Wl,-rpath -Wl,/sources/mpc-1.3.1/src/.libs
libtool: link: gcc -g -O2 -o tfr_div tfr_div.o  -L../src/.libs ./.libs/libmpc-tests.a ../src/.libs/libmpc.so /usr/lib/libmpfr.so /usr/lib/libgmp.so -lm -Wl,-rpath -Wl,/sources/mpc-1.3.1/src/.libs
libtool: link: gcc -g -O2 -o timag timag.o  -L../src/.libs ./.libs/libmpc-tests.a ../src/.libs/libmpc.so /usr/lib/libmpfr.so /usr/lib/libgmp.so -lm -Wl,-rpath -Wl,/sources/mpc-1.3.1/src/.libs
libtool: link: gcc -g -O2 -o tio_str tio_str.o  -L../src/.libs ./.libs/libmpc-tests.a ../src/.libs/libmpc.so /usr/lib/libmpfr.so /usr/lib/libgmp.so -lm -Wl,-rpath -Wl,/sources/mpc-1.3.1/src/.libs
libtool: link: gcc -g -O2 -o tlog tlog.o  -L../src/.libs ./.libs/libmpc-tests.a ../src/.libs/libmpc.so /usr/lib/libmpfr.so /usr/lib/libgmp.so -lm -Wl,-rpath -Wl,/sources/mpc-1.3.1/src/.libs
libtool: link: gcc -g -O2 -o tlog10 tlog10.o  -L../src/.libs ./.libs/libmpc-tests.a ../src/.libs/libmpc.so /usr/lib/libmpfr.so /usr/lib/libgmp.so -lm -Wl,-rpath -Wl,/sources/mpc-1.3.1/src/.libs
libtool: link: gcc -g -O2 -o tmul tmul.o  -L../src/.libs ./.libs/libmpc-tests.a ../src/.libs/libmpc.so /usr/lib/libmpfr.so /usr/lib/libgmp.so -lm -Wl,-rpath -Wl,/sources/mpc-1.3.1/src/.libs
/bin/sh ../libtool  --tag=CC   --mode=link gcc  -g -O2 -no-install -L../src/.libs  -o tmul_2si tmul_2si.o libmpc-tests.la ../src/libmpc.la -lmpfr -lgmp -lm -lm 
/bin/sh ../libtool  --tag=CC   --mode=link gcc  -g -O2 -no-install -L../src/.libs  -o tmul_2ui tmul_2ui.o libmpc-tests.la ../src/libmpc.la -lmpfr -lgmp -lm -lm 
/bin/sh ../libtool  --tag=CC   --mode=link gcc  -g -O2 -no-install -L../src/.libs  -o tmul_fr tmul_fr.o libmpc-tests.la ../src/libmpc.la -lmpfr -lgmp -lm -lm 
/bin/sh ../libtool  --tag=CC   --mode=link gcc  -g -O2 -no-install -L../src/.libs  -o tmul_i tmul_i.o libmpc-tests.la ../src/libmpc.la -lmpfr -lgmp -lm -lm 
/bin/sh ../libtool  --tag=CC   --mode=link gcc  -g -O2 -no-install -L../src/.libs  -o tmul_si tmul_si.o libmpc-tests.la ../src/libmpc.la -lmpfr -lgmp -lm -lm 
/bin/sh ../libtool  --tag=CC   --mode=link gcc  -g -O2 -no-install -L../src/.libs  -o tmul_ui tmul_ui.o libmpc-tests.la ../src/libmpc.la -lmpfr -lgmp -lm -lm 
/bin/sh ../libtool  --tag=CC   --mode=link gcc  -g -O2 -no-install -L../src/.libs  -o tneg tneg.o libmpc-tests.la ../src/libmpc.la -lmpfr -lgmp -lm -lm 
libtool: link: gcc -g -O2 -o tmul_2ui tmul_2ui.o  -L../src/.libs ./.libs/libmpc-tests.a ../src/.libs/libmpc.so /usr/lib/libmpfr.so /usr/lib/libgmp.so -lm -Wl,-rpath -Wl,/sources/mpc-1.3.1/src/.libs
libtool: link: gcc -g -O2 -o tmul_2si tmul_2si.o  -L../src/.libs ./.libs/libmpc-tests.a ../src/.libs/libmpc.so /usr/lib/libmpfr.so /usr/lib/libgmp.so -lm -Wl,-rpath -Wl,/sources/mpc-1.3.1/src/.libs
libtool: link: gcc -g -O2 -o tmul_i tmul_i.o  -L../src/.libs ./.libs/libmpc-tests.a ../src/.libs/libmpc.so /usr/lib/libmpfr.so /usr/lib/libgmp.so -lm -Wl,-rpath -Wl,/sources/mpc-1.3.1/src/.libs
libtool: link: gcc -g -O2 -o tmul_fr tmul_fr.o  -L../src/.libs ./.libs/libmpc-tests.a ../src/.libs/libmpc.so /usr/lib/libmpfr.so /usr/lib/libgmp.so -lm -Wl,-rpath -Wl,/sources/mpc-1.3.1/src/.libs
libtool: link: gcc -g -O2 -o tmul_ui tmul_ui.o  -L../src/.libs ./.libs/libmpc-tests.a ../src/.libs/libmpc.so /usr/lib/libmpfr.so /usr/lib/libgmp.so -lm -Wl,-rpath -Wl,/sources/mpc-1.3.1/src/.libs
libtool: link: gcc -g -O2 -o tmul_si tmul_si.o  -L../src/.libs ./.libs/libmpc-tests.a ../src/.libs/libmpc.so /usr/lib/libmpfr.so /usr/lib/libgmp.so -lm -Wl,-rpath -Wl,/sources/mpc-1.3.1/src/.libs
libtool: link: gcc -g -O2 -o tneg tneg.o  -L../src/.libs ./.libs/libmpc-tests.a ../src/.libs/libmpc.so /usr/lib/libmpfr.so /usr/lib/libgmp.so -lm -Wl,-rpath -Wl,/sources/mpc-1.3.1/src/.libs
/bin/sh ../libtool  --tag=CC   --mode=link gcc  -g -O2 -no-install -L../src/.libs  -o tnorm tnorm.o libmpc-tests.la ../src/libmpc.la -lmpfr -lgmp -lm -lm 
/bin/sh ../libtool  --tag=CC   --mode=link gcc  -g -O2 -no-install -L../src/.libs  -o tpow tpow.o libmpc-tests.la ../src/libmpc.la -lmpfr -lgmp -lm -lm 
/bin/sh ../libtool  --tag=CC   --mode=link gcc  -g -O2 -no-install -L../src/.libs  -o tpow_d tpow_d.o libmpc-tests.la ../src/libmpc.la -lmpfr -lgmp -lm -lm 
/bin/sh ../libtool  --tag=CC   --mode=link gcc  -g -O2 -no-install -L../src/.libs  -o tpow_fr tpow_fr.o libmpc-tests.la ../src/libmpc.la -lmpfr -lgmp -lm -lm 
/bin/sh ../libtool  --tag=CC   --mode=link gcc  -g -O2 -no-install -L../src/.libs  -o tpow_ld tpow_ld.o libmpc-tests.la ../src/libmpc.la -lmpfr -lgmp -lm -lm 
/bin/sh ../libtool  --tag=CC   --mode=link gcc  -g -O2 -no-install -L../src/.libs  -o tpow_si tpow_si.o libmpc-tests.la ../src/libmpc.la -lmpfr -lgmp -lm -lm 
/bin/sh ../libtool  --tag=CC   --mode=link gcc  -g -O2 -no-install -L../src/.libs  -o tpow_ui tpow_ui.o libmpc-tests.la ../src/libmpc.la -lmpfr -lgmp -lm -lm 
libtool: link: gcc -g -O2 -o tnorm tnorm.o  -L../src/.libs ./.libs/libmpc-tests.a ../src/.libs/libmpc.so /usr/lib/libmpfr.so /usr/lib/libgmp.so -lm -Wl,-rpath -Wl,/sources/mpc-1.3.1/src/.libs
libtool: link: gcc -g -O2 -o tpow_d tpow_d.o  -L../src/.libs ./.libs/libmpc-tests.a ../src/.libs/libmpc.so /usr/lib/libmpfr.so /usr/lib/libgmp.so -lm -Wl,-rpath -Wl,/sources/mpc-1.3.1/src/.libs
libtool: link: gcc -g -O2 -o tpow tpow.o  -L../src/.libs ./.libs/libmpc-tests.a ../src/.libs/libmpc.so /usr/lib/libmpfr.so /usr/lib/libgmp.so -lm -Wl,-rpath -Wl,/sources/mpc-1.3.1/src/.libs
libtool: link: gcc -g -O2 -o tpow_fr tpow_fr.o  -L../src/.libs ./.libs/libmpc-tests.a ../src/.libs/libmpc.so /usr/lib/libmpfr.so /usr/lib/libgmp.so -lm -Wl,-rpath -Wl,/sources/mpc-1.3.1/src/.libs
libtool: link: gcc -g -O2 -o tpow_ld tpow_ld.o  -L../src/.libs ./.libs/libmpc-tests.a ../src/.libs/libmpc.so /usr/lib/libmpfr.so /usr/lib/libgmp.so -lm -Wl,-rpath -Wl,/sources/mpc-1.3.1/src/.libs
libtool: link: gcc -g -O2 -o tpow_ui tpow_ui.o  -L../src/.libs ./.libs/libmpc-tests.a ../src/.libs/libmpc.so /usr/lib/libmpfr.so /usr/lib/libgmp.so -lm -Wl,-rpath -Wl,/sources/mpc-1.3.1/src/.libs
/bin/sh ../libtool  --tag=CC   --mode=link gcc  -g -O2 -no-install -L../src/.libs  -o tpow_z tpow_z.o libmpc-tests.la ../src/libmpc.la -lmpfr -lgmp -lm -lm 
libtool: link: gcc -g -O2 -o tpow_si tpow_si.o  -L../src/.libs ./.libs/libmpc-tests.a ../src/.libs/libmpc.so /usr/lib/libmpfr.so /usr/lib/libgmp.so -lm -Wl,-rpath -Wl,/sources/mpc-1.3.1/src/.libs
/bin/sh ../libtool  --tag=CC   --mode=link gcc  -g -O2 -no-install -L../src/.libs  -o tprec tprec.o libmpc-tests.la ../src/libmpc.la -lmpfr -lgmp -lm -lm 
/bin/sh ../libtool  --tag=CC   --mode=link gcc  -g -O2 -no-install -L../src/.libs  -o tproj tproj.o libmpc-tests.la ../src/libmpc.la -lmpfr -lgmp -lm -lm 
/bin/sh ../libtool  --tag=CC   --mode=link gcc  -g -O2 -no-install -L../src/.libs  -o treal treal.o libmpc-tests.la ../src/libmpc.la -lmpfr -lgmp -lm -lm 
/bin/sh ../libtool  --tag=CC   --mode=link gcc  -g -O2 -no-install -L../src/.libs  -o treimref treimref.o libmpc-tests.la ../src/libmpc.la -lmpfr -lgmp -lm -lm 
/bin/sh ../libtool  --tag=CC   --mode=link gcc  -g -O2 -no-install -L../src/.libs  -o trootofunity trootofunity.o libmpc-tests.la ../src/libmpc.la -lmpfr -lgmp -lm -lm 
/bin/sh ../libtool  --tag=CC   --mode=link gcc  -g -O2 -no-install -L../src/.libs  -o tset tset.o libmpc-tests.la ../src/libmpc.la -lmpfr -lgmp -lm -lm 
libtool: link: gcc -g -O2 -o tprec tprec.o  -L../src/.libs ./.libs/libmpc-tests.a ../src/.libs/libmpc.so /usr/lib/libmpfr.so /usr/lib/libgmp.so -lm -Wl,-rpath -Wl,/sources/mpc-1.3.1/src/.libs
libtool: link: gcc -g -O2 -o tproj tproj.o  -L../src/.libs ./.libs/libmpc-tests.a ../src/.libs/libmpc.so /usr/lib/libmpfr.so /usr/lib/libgmp.so -lm -Wl,-rpath -Wl,/sources/mpc-1.3.1/src/.libs
libtool: link: gcc -g -O2 -o tpow_z tpow_z.o  -L../src/.libs ./.libs/libmpc-tests.a ../src/.libs/libmpc.so /usr/lib/libmpfr.so /usr/lib/libgmp.so -lm -Wl,-rpath -Wl,/sources/mpc-1.3.1/src/.libs
libtool: link: gcc -g -O2 -o treal treal.o  -L../src/.libs ./.libs/libmpc-tests.a ../src/.libs/libmpc.so /usr/lib/libmpfr.so /usr/lib/libgmp.so -lm -Wl,-rpath -Wl,/sources/mpc-1.3.1/src/.libs
/bin/sh ../libtool  --tag=CC   --mode=link gcc  -g -O2 -no-install -L../src/.libs  -o tsin tsin.o libmpc-tests.la ../src/libmpc.la -lmpfr -lgmp -lm -lm 
libtool: link: gcc -g -O2 -o treimref treimref.o  -L../src/.libs ./.libs/libmpc-tests.a ../src/.libs/libmpc.so /usr/lib/libmpfr.so /usr/lib/libgmp.so -lm -Wl,-rpath -Wl,/sources/mpc-1.3.1/src/.libs
/bin/sh ../libtool  --tag=CC   --mode=link gcc  -g -O2 -no-install -L../src/.libs  -o tsin_cos tsin_cos.o libmpc-tests.la ../src/libmpc.la -lmpfr -lgmp -lm -lm 
/bin/sh ../libtool  --tag=CC   --mode=link gcc  -g -O2 -no-install -L../src/.libs  -o tsinh tsinh.o libmpc-tests.la ../src/libmpc.la -lmpfr -lgmp -lm -lm 
libtool: link: gcc -g -O2 -o tset tset.o  -L../src/.libs ./.libs/libmpc-tests.a ../src/.libs/libmpc.so /usr/lib/libmpfr.so /usr/lib/libgmp.so -lm -Wl,-rpath -Wl,/sources/mpc-1.3.1/src/.libs
libtool: link: gcc -g -O2 -o trootofunity trootofunity.o  -L../src/.libs ./.libs/libmpc-tests.a ../src/.libs/libmpc.so /usr/lib/libmpfr.so /usr/lib/libgmp.so -lm -Wl,-rpath -Wl,/sources/mpc-1.3.1/src/.libs
/bin/sh ../libtool  --tag=CC   --mode=link gcc  -g -O2 -no-install -L../src/.libs  -o tsqr tsqr.o libmpc-tests.la ../src/libmpc.la -lmpfr -lgmp -lm -lm 
/bin/sh ../libtool  --tag=CC   --mode=link gcc  -g -O2 -no-install -L../src/.libs  -o tsqrt tsqrt.o libmpc-tests.la ../src/libmpc.la -lmpfr -lgmp -lm -lm 
/bin/sh ../libtool  --tag=CC   --mode=link gcc  -g -O2 -no-install -L../src/.libs  -o tstrtoc tstrtoc.o libmpc-tests.la ../src/libmpc.la -lmpfr -lgmp -lm -lm 
/bin/sh ../libtool  --tag=CC   --mode=link gcc  -g -O2 -no-install -L../src/.libs  -o tsub tsub.o libmpc-tests.la ../src/libmpc.la -lmpfr -lgmp -lm -lm 
libtool: link: gcc -g -O2 -o tsinh tsinh.o  -L../src/.libs ./.libs/libmpc-tests.a ../src/.libs/libmpc.so /usr/lib/libmpfr.so /usr/lib/libgmp.so -lm -Wl,-rpath -Wl,/sources/mpc-1.3.1/src/.libs
libtool: link: gcc -g -O2 -o tsin tsin.o  -L../src/.libs ./.libs/libmpc-tests.a ../src/.libs/libmpc.so /usr/lib/libmpfr.so /usr/lib/libgmp.so -lm -Wl,-rpath -Wl,/sources/mpc-1.3.1/src/.libs
libtool: link: gcc -g -O2 -o tsin_cos tsin_cos.o  -L../src/.libs ./.libs/libmpc-tests.a ../src/.libs/libmpc.so /usr/lib/libmpfr.so /usr/lib/libgmp.so -lm -Wl,-rpath -Wl,/sources/mpc-1.3.1/src/.libs
libtool: link: gcc -g -O2 -o tsqr tsqr.o  -L../src/.libs ./.libs/libmpc-tests.a ../src/.libs/libmpc.so /usr/lib/libmpfr.so /usr/lib/libgmp.so -lm -Wl,-rpath -Wl,/sources/mpc-1.3.1/src/.libs
libtool: link: gcc -g -O2 -o tstrtoc tstrtoc.o  -L../src/.libs ./.libs/libmpc-tests.a ../src/.libs/libmpc.so /usr/lib/libmpfr.so /usr/lib/libgmp.so -lm -Wl,-rpath -Wl,/sources/mpc-1.3.1/src/.libs
libtool: link: gcc -g -O2 -o tsqrt tsqrt.o  -L../src/.libs ./.libs/libmpc-tests.a ../src/.libs/libmpc.so /usr/lib/libmpfr.so /usr/lib/libgmp.so -lm -Wl,-rpath -Wl,/sources/mpc-1.3.1/src/.libs
/bin/sh ../libtool  --tag=CC   --mode=link gcc  -g -O2 -no-install -L../src/.libs  -o tsub_fr tsub_fr.o libmpc-tests.la ../src/libmpc.la -lmpfr -lgmp -lm -lm 
/bin/sh ../libtool  --tag=CC   --mode=link gcc  -g -O2 -no-install -L../src/.libs  -o tsub_ui tsub_ui.o libmpc-tests.la ../src/libmpc.la -lmpfr -lgmp -lm -lm 
/bin/sh ../libtool  --tag=CC   --mode=link gcc  -g -O2 -no-install -L../src/.libs  -o tsum tsum.o libmpc-tests.la ../src/libmpc.la -lmpfr -lgmp -lm -lm 
libtool: link: gcc -g -O2 -o tsub tsub.o  -L../src/.libs ./.libs/libmpc-tests.a ../src/.libs/libmpc.so /usr/lib/libmpfr.so /usr/lib/libgmp.so -lm -Wl,-rpath -Wl,/sources/mpc-1.3.1/src/.libs
/bin/sh ../libtool  --tag=CC   --mode=link gcc  -g -O2 -no-install -L../src/.libs  -o tswap tswap.o libmpc-tests.la ../src/libmpc.la -lmpfr -lgmp -lm -lm 
/bin/sh ../libtool  --tag=CC   --mode=link gcc  -g -O2 -no-install -L../src/.libs  -o ttan ttan.o libmpc-tests.la ../src/libmpc.la -lmpfr -lgmp -lm -lm 
/bin/sh ../libtool  --tag=CC   --mode=link gcc  -g -O2 -no-install -L../src/.libs  -o ttanh ttanh.o libmpc-tests.la ../src/libmpc.la -lmpfr -lgmp -lm -lm 
/bin/sh ../libtool  --tag=CC   --mode=link gcc  -g -O2 -no-install -L../src/.libs  -o tui_div tui_div.o libmpc-tests.la ../src/libmpc.la -lmpfr -lgmp -lm -lm 
libtool: link: gcc -g -O2 -o tsub_fr tsub_fr.o  -L../src/.libs ./.libs/libmpc-tests.a ../src/.libs/libmpc.so /usr/lib/libmpfr.so /usr/lib/libgmp.so -lm -Wl,-rpath -Wl,/sources/mpc-1.3.1/src/.libs
libtool: link: gcc -g -O2 -o tsub_ui tsub_ui.o  -L../src/.libs ./.libs/libmpc-tests.a ../src/.libs/libmpc.so /usr/lib/libmpfr.so /usr/lib/libgmp.so -lm -Wl,-rpath -Wl,/sources/mpc-1.3.1/src/.libs
libtool: link: gcc -g -O2 -o tsum tsum.o  -L../src/.libs ./.libs/libmpc-tests.a ../src/.libs/libmpc.so /usr/lib/libmpfr.so /usr/lib/libgmp.so -lm -Wl,-rpath -Wl,/sources/mpc-1.3.1/src/.libs
libtool: link: gcc -g -O2 -o tswap tswap.o  -L../src/.libs ./.libs/libmpc-tests.a ../src/.libs/libmpc.so /usr/lib/libmpfr.so /usr/lib/libgmp.so -lm -Wl,-rpath -Wl,/sources/mpc-1.3.1/src/.libs
/bin/sh ../libtool  --tag=CC   --mode=link gcc  -g -O2 -no-install -L../src/.libs  -o tui_ui_sub tui_ui_sub.o libmpc-tests.la ../src/libmpc.la -lmpfr -lgmp -lm -lm 
/bin/sh ../libtool  --tag=CC   --mode=link gcc  -g -O2 -no-install -L../src/.libs  -o tget_version tget_version.o libmpc-tests.la ../src/libmpc.la -lmpfr -lgmp -lm -lm 
/bin/sh ../libtool  --tag=CC   --mode=link gcc  -g -O2 -no-install -L../src/.libs  -o texceptions texceptions.o libmpc-tests.la ../src/libmpc.la -lmpfr -lgmp -lm -lm 
libtool: link: gcc -g -O2 -o ttan ttan.o  -L../src/.libs ./.libs/libmpc-tests.a ../src/.libs/libmpc.so /usr/lib/libmpfr.so /usr/lib/libgmp.so -lm -Wl,-rpath -Wl,/sources/mpc-1.3.1/src/.libs
libtool: link: gcc -g -O2 -o ttanh ttanh.o  -L../src/.libs ./.libs/libmpc-tests.a ../src/.libs/libmpc.so /usr/lib/libmpfr.so /usr/lib/libgmp.so -lm -Wl,-rpath -Wl,/sources/mpc-1.3.1/src/.libs
libtool: link: gcc -g -O2 -o tui_div tui_div.o  -L../src/.libs ./.libs/libmpc-tests.a ../src/.libs/libmpc.so /usr/lib/libmpfr.so /usr/lib/libgmp.so -lm -Wl,-rpath -Wl,/sources/mpc-1.3.1/src/.libs
make[2]: 'libmpc-tests.la' is up to date.
/bin/sh ../libtool  --tag=CC   --mode=link gcc  -g -O2 -no-install -L../src/.libs  -o tdummy tdummy.o libmpc-tests.la ../src/libmpc.la -lmpfr -lgmp -lm -lm 
libtool: link: gcc -g -O2 -o tget_version tget_version.o  -L../src/.libs ./.libs/libmpc-tests.a ../src/.libs/libmpc.so /usr/lib/libmpfr.so /usr/lib/libgmp.so -lm -Wl,-rpath -Wl,/sources/mpc-1.3.1/src/.libs
libtool: link: gcc -g -O2 -o tui_ui_sub tui_ui_sub.o  -L../src/.libs ./.libs/libmpc-tests.a ../src/.libs/libmpc.so /usr/lib/libmpfr.so /usr/lib/libgmp.so -lm -Wl,-rpath -Wl,/sources/mpc-1.3.1/src/.libs
libtool: link: gcc -g -O2 -o texceptions texceptions.o  -L../src/.libs ./.libs/libmpc-tests.a ../src/.libs/libmpc.so /usr/lib/libmpfr.so /usr/lib/libgmp.so -lm -Wl,-rpath -Wl,/sources/mpc-1.3.1/src/.libs
libtool: link: gcc -g -O2 -o tdummy tdummy.o  -L../src/.libs ./.libs/libmpc-tests.a ../src/.libs/libmpc.so /usr/lib/libmpfr.so /usr/lib/libgmp.so -lm -Wl,-rpath -Wl,/sources/mpc-1.3.1/src/.libs
make[2]: Leaving directory '/sources/mpc-1.3.1/tests'
make  check-TESTS
make[2]: Entering directory '/sources/mpc-1.3.1/tests'
make[3]: Entering directory '/sources/mpc-1.3.1/tests'
PASS: tballs
PASS: teta
PASS: tadd
PASS: tadd_fr
PASS: tabs
PASS: tadd_si
PASS: tadd_ui
PASS: tradius
PASS: targ
PASS: tacosh
PASS: tacos
PASS: tcmp_abs
PASS: tconj
PASS: tasinh
PASS: tdiv
PASS: tcos
PASS: tasin
PASS: tcosh
PASS: tdiv_ui
PASS: tdot
PASS: tdiv_fr
PASS: tatan
PASS: tdiv_2si
PASS: tfr_sub
PASS: tatanh
PASS: timag
PASS: tfr_div
PASS: tfma
PASS: texp
PASS: tio_str
PASS: tmul
PASS: tmul_fr
PASS: tlog
PASS: tmul_i
PASS: tmul_si
PASS: tmul_ui
PASS: tdiv_2ui
PASS: tneg
PASS: tnorm
PASS: tlog10
PASS: tmul_2si
PASS: tpow_ld
PASS: tmul_2ui
PASS: tpow_z
PASS: tprec
PASS: tproj
PASS: treal
PASS: treimref
PASS: tpow_si
PASS: tpow_ui
PASS: tset
PASS: tsin
PASS: tsinh
PASS: tsqr
PASS: tsqrt
PASS: tstrtoc
PASS: tsub
PASS: tsub_fr
PASS: tsub_ui
PASS: tsum
PASS: tswap
PASS: trootofunity
PASS: ttan
PASS: tui_div
PASS: tui_ui_sub
PASS: tget_version
PASS: ttanh
PASS: tdummy
PASS: texceptions
PASS: tsin_cos
PASS: tpow_d
PASS: tpow_fr
PASS: tpow
PASS: tagm
============================================================================
Testsuite summary for mpc 1.3.1
============================================================================
# TOTAL: 74
# PASS:  74
# SKIP:  0
# XFAIL: 0
# FAIL:  0
# XPASS: 0
# ERROR: 0
============================================================================
make[3]: Leaving directory '/sources/mpc-1.3.1/tests'
make[2]: Leaving directory '/sources/mpc-1.3.1/tests'
make[1]: Leaving directory '/sources/mpc-1.3.1/tests'
Making check in doc
make[1]: Entering directory '/sources/mpc-1.3.1/doc'
make[1]: Nothing to be done for 'check'.
make[1]: Leaving directory '/sources/mpc-1.3.1/doc'
Making check in tools
make[1]: Entering directory '/sources/mpc-1.3.1/tools'
Making check in bench
make[2]: Entering directory '/sources/mpc-1.3.1/tools/bench'
make[2]: Nothing to be done for 'check'.
make[2]: Leaving directory '/sources/mpc-1.3.1/tools/bench'
Making check in mpcheck
make[2]: Entering directory '/sources/mpc-1.3.1/tools/mpcheck'
make[2]: Nothing to be done for 'check'.
make[2]: Leaving directory '/sources/mpc-1.3.1/tools/mpcheck'
make[2]: Entering directory '/sources/mpc-1.3.1/tools'
make[2]: Nothing to be done for 'check-am'.
make[2]: Leaving directory '/sources/mpc-1.3.1/tools'
make[1]: Leaving directory '/sources/mpc-1.3.1/tools'
make[1]: Entering directory '/sources/mpc-1.3.1'
make[1]: Leaving directory '/sources/mpc-1.3.1'
