  GEN      lib/alloca.h
  GEN      lib/inttypes.h
  GEN      lib/limits.h
  GEN      lib/math.h
  GEN      lib/stdlib.h
  GEN      lib/stdio.h
  GEN      lib/string.h
  GEN      lib/sys/types.h
  GEN      lib/unistd.h
  GEN      lib/unitypes.h
  GEN      lib/uniwidth.h
  GEN      lib/wchar.h
  GEN      lib/wctype.h
  GEN      contrib/chem/README
  GEN      font/devpdf/DESC
  GEN      font/devpdf/Foundry
  GEN      shdeps.sed
  GEN      afmtodit
  GEN      charset.alias
  GEN      ref-add.sed
  GEN      ref-del.sed
  GEN      font/devpdf/util/BuildFoundries
  GEN      font/devpdf/download
BuildFoundries: warning: line 33: groff font 'AB' will not be available for PDF output; unable to locate font file(s): URWGothic-Demi.t1, URWGothic-Demi, URWGothicL-Demi, a010015l.pfb
BuildFoundries: warning: line 34: groff font 'ABI' will not be available for PDF output; unable to locate font file(s): URWGothic-DemiOblique.t1, URWGothic-DemiOblique, URWGothicL-DemiObli, a010035l.pfb
BuildFoundries: warning: line 35: groff font 'AI' will not be available for PDF output; unable to locate font file(s): URWGothic-BookOblique.t1, URWGothic-BookOblique, URWGothicL-BookObli, a010033l.pfb
BuildFoundries: warning: line 36: groff font 'AR' will not be available for PDF output; unable to locate font file(s): URWGothic-Book.t1, URWGothic-Book, URWGothicL-Book, a010013l.pfb
BuildFoundries: warning: line 37: groff font 'BMB' will not be available for PDF output; unable to locate font file(s): URWBookman-Demi.t1, URWBookman-Demi, URWBookmanL-DemiBold, b018015l.pfb
BuildFoundries: warning: line 38: groff font 'BMBI' will not be available for PDF output; unable to locate font file(s): URWBookman-DemiItalic.t1, URWBookman-DemiItalic, URWBookmanL-DemiBoldItal, b018035l.pfb
BuildFoundries: warning: line 39: groff font 'BMI' will not be available for PDF output; unable to locate font file(s): URWBookman-LightItalic.t1, URWBookman-LightItalic, URWBookmanL-LighItal, b018032l.pfb
BuildFoundries: warning: line 40: groff font 'BMR' will not be available for PDF output; unable to locate font file(s): URWBookman-Light.t1, URWBookman-Light, URWBookmanL-Ligh, b018012l.pfb
BuildFoundries: notice: copied grops font CB
BuildFoundries: notice: copied grops font CBI
BuildFoundries: notice: copied grops font CI
BuildFoundries: notice: copied grops font CR
BuildFoundries: notice: copied grops font HB
BuildFoundries: notice: copied grops font HBI
BuildFoundries: notice: copied grops font HI
BuildFoundries: warning: line 48: groff font 'HNB' will not be available for PDF output; unable to locate font file(s): NimbusSansNarrow-Bold.t1, NimbusSansNarrow-Bold, NimbusSanL-BoldCond, n019044l.pfb
BuildFoundries: warning: line 49: groff font 'HNBI' will not be available for PDF output; unable to locate font file(s): NimbusSansNarrow-BoldOblique.t1, NimbusSansNarrow-BoldOblique, NimbusSansNarrow-BdOblique, NimbusSanL-BoldCondItal.t1, NimbusSanL-BoldCondItal, n019064l.pfb
BuildFoundries: warning: line 50: groff font 'HNI' will not be available for PDF output; unable to locate font file(s): NimbusSansNarrow-Oblique.t1, NimbusSansNarrow-Oblique, NimbusSanL-ReguCondItal, n019063l.pfb
BuildFoundries: warning: line 51: groff font 'HNR' will not be available for PDF output; unable to locate font file(s): NimbusSansNarrow-Regular.t1, NimbusSansNarrow-Regular, NimbusSanL-ReguCond, n019043l.pfb
BuildFoundries: notice: copied grops font HR
BuildFoundries: warning: line 53: groff font 'NB' will not be available for PDF output; unable to locate font file(s): C059-Bold.t1, C059-Bold, CenturySchL-Bold, c059016l.pfb
BuildFoundries: warning: line 54: groff font 'NBI' will not be available for PDF output; unable to locate font file(s): C059-BdIta.t1, C059-BdIta, CenturySchL-BoldItal, c059036l.pfb
BuildFoundries: warning: line 55: groff font 'NI' will not be available for PDF output; unable to locate font file(s): C059-Italic.t1, C059-Italic, CenturySchL-Ital, c059033l.pfb
BuildFoundries: warning: line 56: groff font 'NR' will not be available for PDF output; unable to locate font file(s): C059-Roman.t1, C059-Roman, CenturySchL-Roma, c059013l.pfb
BuildFoundries: warning: line 57: groff font 'PB' will not be available for PDF output; unable to locate font file(s): P052-Bold.t1, P052-Bold, URWPalladioL-Bold, p052004l.pfb
BuildFoundries: warning: line 58: groff font 'PBI' will not be available for PDF output; unable to locate font file(s): P052-BoldItalic.t1, P052-BoldItalic, URWPalladioL-BoldItal, p052024l.pfb
BuildFoundries: warning: line 59: groff font 'PI' will not be available for PDF output; unable to locate font file(s): P052-Italic.t1, P052-Italic, URWPalladioL-Ital, p052023l.pfb
BuildFoundries: warning: line 60: groff font 'PR' will not be available for PDF output; unable to locate font file(s): P052-Roman.t1, P052-Roman, URWPalladioL-Roma, p052003l.pfb
BuildFoundries: notice: copied grops font S
BuildFoundries: notice: copied grops font TB
BuildFoundries: notice: copied grops font TBI
BuildFoundries: notice: copied grops font TI
BuildFoundries: notice: copied grops font TR
BuildFoundries: warning: line 66: groff font 'ZCMI' will not be available for PDF output; unable to locate font file(s): Z003-MediumItalic.t1, Z003-MediumItalic, URWChanceryL-MediItal, z003034l.pfb
BuildFoundries: notice: copied grops font ZD
BuildFoundries: notice: copied grops font EURO
BuildFoundries: warning: line 69: 
The path(s) used for searching:
@urwfontsdir@:/usr/share/fonts/type1/gsfonts:/usr/share/fonts/default/Type1:/usr/share/fonts/default/Type1/adobestd35:/usr/share/fonts/type1/urw-base35:/opt/local/share/fonts/urw-fonts:/usr/local/share/fonts/ghostscript:/sources/groff-1.23.0/font/devps:/sources/groff-1.23.0/font/devps

make  all-am
make[1]: Entering directory '/sources/groff-1.23.0'
  CC       lib/asnprintf.o
  CC       lib/printf-args.o
  CC       lib/printf-parse.o
  CC       lib/vasnprintf.o
  GEN      src/libs/libgroff/version.cpp
  GEN      eqn2graph
  GEN      gdiffmk
  GEN      glilypond
  GEN      gperl
  GEN      gpinyin
  GEN      grap2graph
  GEN      src/roff/troff/majorminor.cpp
  GEN      mmroff
  GEN      pic2graph
  GEN      pdfroff
  GEN      gropdf
  GEN      pdfmom
  GEN      grog
  GEN      chem
  GEN      neqn
  GEN      nroff
  GEN      contrib/chem/chem.1
  GEN      contrib/eqn2graph/eqn2graph.1
  GEN      contrib/gdiffmk/gdiffmk.1
  GEN      contrib/glilypond/glilypond.1
  GEN      contrib/gperl/gperl.1
  GEN      contrib/gpinyin/gpinyin.1
  GEN      contrib/grap2graph/grap2graph.1
  GEN      contrib/mm/mmroff.1
  GEN      contrib/pdfmark/pdfroff.1
  GEN      contrib/pic2graph/pic2graph.1
  GEN      src/devices/grodvi/grodvi.1
  GEN      src/devices/grohtml/grohtml.1
  GEN      src/devices/grolbp/grolbp.1
  GEN      src/devices/grolj4/grolj4.1
  GEN      src/devices/gropdf/pdfmom.1
  GEN      src/devices/gropdf/gropdf.1
  GEN      src/devices/grops/grops.1
  GEN      src/devices/grotty/grotty.1
  GEN      src/preproc/preconv/preconv.1
  GEN      src/roff/groff/groff.1
  GEN      src/utils/addftinfo/addftinfo.1
  GEN      src/utils/afmtodit/afmtodit.1
  GEN      src/utils/grog/grog.1
  GEN      src/utils/hpftodit/hpftodit.1
  GEN      src/utils/lkbib/lkbib.1
  GEN      src/utils/pfbtops/pfbtops.1
  GEN      src/utils/tfmtodit/tfmtodit.1
  GEN      src/preproc/eqn/eqn.1
  GEN      src/preproc/eqn/neqn.1
  GEN      src/preproc/grn/grn.1
  GEN      src/preproc/pic/pic.1
  GEN      src/preproc/refer/refer.1
  GEN      src/preproc/soelim/soelim.1
  GEN      src/preproc/tbl/tbl.1
  GEN      src/roff/nroff/nroff.1
  GEN      src/roff/troff/troff.1
  GEN      src/utils/indxbib/indxbib.1
  GEN      src/utils/lookbib/lookbib.1
  GEN      man/groff_font.5
  GEN      man/groff_out.5
  GEN      man/groff_tmac.5
  GEN      contrib/hdtbl/groff_hdtbl.7
  GEN      contrib/mm/groff_mmse.7
  GEN      contrib/mm/groff_mm.7
  GEN      contrib/mom/groff_mom.7
  GEN      contrib/rfc1345/groff_rfc1345.7
  GEN      man/groff_char.7
  GEN      man/groff_diff.7
  GEN      man/groff.7
  GEN      man/roff.7
  GEN      tmac/groff_ms.7
  GEN      tmac/groff_me.7
  GEN      tmac/groff_mdoc.7
  GEN      tmac/groff_trace.7
  GEN      tmac/groff_www.7
  GEN      font/devascii/R
  GEN      font/devascii/I
  GEN      font/devascii/B
  GEN      font/devascii/BI
  GEN      font/devascii/DESC
  GEN      font/devcp1047/R
  GEN      font/devcp1047/I
  GEN      font/devcp1047/B
  GEN      font/devcp1047/BI
  GEN      font/devcp1047/DESC
  GEN      font/devdvi/DESC
  GEN      font/devhtml/R
  GEN      font/devhtml/I
  GEN      font/devhtml/B
  GEN      font/devhtml/BI
  GEN      font/devhtml/CR
  GEN      font/devhtml/CI
  GEN      font/devhtml/CB
  GEN      font/devhtml/CBI
  GEN      font/devhtml/S
  GEN      font/devhtml/DESC
  GEN      font/devlatin1/R
  GEN      font/devlatin1/I
  GEN      font/devlatin1/B
  GEN      font/devlatin1/BI
  GEN      font/devlatin1/DESC
  GEN      font/devutf8/R
  GEN      font/devlbp/DESC
  GEN      font/devutf8/I
  GEN      font/devutf8/B
  GEN      font/devutf8/BI
  GEN      font/devutf8/DESC
  GEN      contrib/chem/examples/README
  GEN      contrib/chem/examples/122/README
  GEN      font/devlj4/DESC
  GEN      font/devps/DESC
  GEN      font/devps/zapfdr.pfa
  GEN      font/devps/prologue
  GEN      font/devps/freeeuro.pfa
  GEN      font/devps/symbolsl.pfa
  GEN      tmac/www.tmac
  GEN      contrib/hdtbl/examples/fonts_n.roff
  GEN      contrib/hdtbl/examples/fonts_x.roff
  GROFF    doc/meref.me
  GROFF    doc/meintro.me
  GROFF    doc/meintro_fr.me
  CXX      src/devices/grodvi/dvi.o
  CXX      src/libs/libdriver/input.o
  CXX      src/libs/libdriver/printer.o
  CXX      src/libs/libgroff/libgroff_a-assert.o
  CXX      src/libs/libgroff/libgroff_a-change_lf.o
  CXX      src/libs/libgroff/libgroff_a-cmap.o
  GEN      contrib/sboxes/msboxes.ms
  CXX      src/libs/libgroff/libgroff_a-color.o
  CXX      src/libs/libgroff/libgroff_a-cset.o
  CXX      src/libs/libgroff/libgroff_a-curtime.o
  CXX      src/libs/libgroff/libgroff_a-device.o
  CXX      src/libs/libgroff/libgroff_a-errarg.o
  CXX      src/libs/libgroff/libgroff_a-error.o
  CXX      src/libs/libgroff/libgroff_a-fatal.o
  CXX      src/libs/libgroff/libgroff_a-filename.o
  CXX      src/libs/libgroff/libgroff_a-font.o
  CXX      src/libs/libgroff/libgroff_a-fontfile.o
  CXX      src/libs/libgroff/libgroff_a-geometry.o
  CC       src/libs/libgroff/libgroff_a-getopt.o
src/libs/libdriver/printer.cpp: In member function 'void printer::load_font(int, const char*)':
src/libs/libdriver/printer.cpp:120:23: warning: 'void* __builtin_memset(void*, int, long unsigned int)' writing between 16 and 25769803768 bytes into a region of size 0 overflows the destination [-Wstringop-overflow=]
  120 |         font_table[i] = 0;
      |         ~~~~~~~~~~~~~~^~~
src/libs/libdriver/printer.cpp:115:37: note: at offset [-8589934592, -8] into destination object of size [8, 17179869176] allocated by 'operator new []'
  115 |       font_table = new font *[nfonts];
      |                                     ^
  CC       src/libs/libgroff/libgroff_a-getopt1.o
  CXX      src/libs/libgroff/libgroff_a-glyphuni.o
  CXX      src/libs/libgroff/libgroff_a-htmlhint.o
  CXX      src/libs/libgroff/libgroff_a-hypot.o
  CC       src/libs/libgroff/libgroff_a-iftoa.o
  CXX      src/libs/libgroff/libgroff_a-invalid.o
  CC       src/libs/libgroff/libgroff_a-itoa.o
  CXX      src/libs/libgroff/libgroff_a-lf.o
  CXX      src/libs/libgroff/libgroff_a-lineno.o
  CC       src/libs/libgroff/libgroff_a-localcharset.o
  CXX      src/libs/libgroff/libgroff_a-macropath.o
  CC       src/libs/libgroff/libgroff_a-matherr.o
  CXX      src/libs/libgroff/libgroff_a-maxfilename.o
  CXX      src/libs/libgroff/libgroff_a-maxpathname.o
  CXX      src/libs/libgroff/libgroff_a-mksdir.o
  CXX      src/libs/libgroff/libgroff_a-nametoindex.o
  CXX      src/libs/libgroff/libgroff_a-paper.o
  CXX      src/libs/libgroff/libgroff_a-prime.o
  CC       src/libs/libgroff/libgroff_a-progname.o
  CXX      src/libs/libgroff/libgroff_a-ptable.o
  CC       src/libs/libgroff/libgroff_a-quotearg.o
  CXX      src/libs/libgroff/libgroff_a-relocate.o
  CXX      src/libs/libgroff/libgroff_a-searchpath.o
  CC       src/libs/libgroff/libgroff_a-spawnvp.o
  CXX      src/libs/libgroff/libgroff_a-string.o
  CXX      src/libs/libgroff/libgroff_a-strsave.o
  CXX      src/libs/libgroff/libgroff_a-symbol.o
  CXX      src/libs/libgroff/libgroff_a-tmpfile.o
  CXX      src/libs/libgroff/libgroff_a-tmpname.o
  CXX      src/libs/libgroff/libgroff_a-unicode.o
  CXX      src/libs/libgroff/libgroff_a-uniglyph.o
  CXX      src/libs/libgroff/libgroff_a-uniuni.o
  CXX      src/libs/libgroff/libgroff_a-version.o
  CC       lib/libgnu_a-fseterr.o
  CC       lib/libgnu_a-localcharset.o
  CC       lib/libgnu_a-math.o
  CC       lib/libgnu_a-printf-frexp.o
  CC       lib/libgnu_a-printf-frexpl.o
  CC       lib/libgnu_a-unistd.o
  CC       lib/uniwidth/libgnu_a-width.o
  CC       lib/libgnu_a-wctype-h.o
  CC       lib/libgnu_a-xsize.o
  CXX      src/devices/grohtml/post-html.o
  CXX      src/devices/grohtml/html-table.o
  CXX      src/devices/grohtml/html-text.o
  CXX      src/devices/grohtml/output.o
  CXX      src/devices/grolbp/lbp.o
  CXX      src/devices/grolj4/lj4.o
  CXX      src/devices/grops/ps.o
  CXX      src/devices/grops/psrm.o
  CXX      src/devices/grotty/tty.o
  CXX      src/preproc/html/pre-html.o
  CXX      src/preproc/html/pushback.o
  CXX      src/preproc/preconv/preconv-preconv.o
  CXX      src/roff/groff/groff.o
  CC       src/roff/groff/pipeline.o
  CXX      src/utils/addftinfo/addftinfo.o
  CXX      src/utils/addftinfo/guess.o
  CXX      src/utils/hpftodit/hpftodit.o
  CXX      src/utils/hpftodit/hpuni.o
  CXX      src/utils/lkbib/lkbib.o
  CXX      src/libs/libbib/common.o
  CXX      src/libs/libbib/index.o
  CXX      src/libs/libbib/linear.o
  CXX      src/libs/libbib/search.o
  CC       src/libs/libbib/map.o
  CC       src/utils/pfbtops/pfbtops.o
  CXX      src/utils/tfmtodit/tfmtodit.o
  CXX      src/preproc/eqn/eqn-main.o
  CXX      src/preproc/eqn/eqn-lex.o
  CXX      src/preproc/eqn/eqn-box.o
  CXX      src/preproc/eqn/eqn-limit.o
  CXX      src/preproc/eqn/eqn-list.o
  CXX      src/preproc/eqn/eqn-over.o
  CXX      src/preproc/eqn/eqn-text.o
  CXX      src/preproc/eqn/eqn-script.o
  CXX      src/preproc/eqn/eqn-mark.o
  CXX      src/preproc/eqn/eqn-other.o
  CXX      src/preproc/eqn/eqn-delim.o
  CXX      src/preproc/eqn/eqn-sqrt.o
  CXX      src/preproc/eqn/eqn-pile.o
  CXX      src/preproc/eqn/eqn-special.o
  CXX      src/preproc/eqn/eqn-eqn.o
  CXX      src/preproc/grn/hdb.o
  CXX      src/preproc/grn/hpoint.o
  CXX      src/preproc/grn/hgraph.o
  CXX      src/preproc/grn/main.o
  CXX      src/preproc/pic/pic-pic.o
  CXX      src/preproc/pic/pic-lex.o
  CXX      src/preproc/pic/pic-main.o
  CXX      src/preproc/pic/pic-object.o
  CXX      src/preproc/pic/pic-common.o
  CXX      src/preproc/pic/pic-troff.o
  CXX      src/preproc/pic/pic-tex.o
  CXX      src/preproc/refer/refer-command.o
  CXX      src/preproc/refer/refer-ref.o
  CXX      src/preproc/refer/refer-refer.o
  CXX      src/preproc/refer/refer-token.o
  CXX      src/preproc/refer/refer-label.o
  CXX      src/preproc/soelim/soelim.o
  CXX      src/preproc/tbl/main.o
  CXX      src/preproc/tbl/table.o
  CXX      src/roff/troff/dictionary.o
  CXX      src/roff/troff/div.o
  CXX      src/roff/troff/env.o
  CXX      src/roff/troff/input.o
  CXX      src/roff/troff/mtsm.o
  CXX      src/roff/troff/node.o
  CXX      src/roff/troff/number.o
  CXX      src/roff/troff/reg.o
  CXX      src/roff/troff/majorminor.o
  CXX      src/utils/indxbib/indxbib.o
  CC       src/utils/indxbib/signal.o
  CXX      src/utils/lookbib/lookbib.o
  GEN      tmac/groff_man.7.man
  GEN      tmac/groff_man_style.7.man
  AR       libdriver.a
  AR       libgroff.a
  AR       lib/libgnu.a
  AR       libbib.a
  GEN      tmac/groff_man.7
  GEN      tmac/groff_man_style.7
  CXXLD    grodvi
  CXXLD    post-grohtml
  CXXLD    grolbp
  CXXLD    grolj4
  CXXLD    grops
  CXXLD    grotty
  CXXLD    pre-grohtml
  CXXLD    preconv
  CXXLD    groff
  CXXLD    addftinfo
  CXXLD    hpftodit
  CXXLD    lkbib
  CXXLD    pfbtops
  CXXLD    tfmtodit
  CXXLD    eqn
  CXXLD    grn
  CXXLD    pic
  CXXLD    refer
  CXXLD    soelim
  CXXLD    tbl
  CXXLD    indxbib
  CXXLD    lookbib
  CXXLD    troff
  GROFF    doc/webpage.ps
  GROFF    doc/grnexmpl.ps
  GROFF    contrib/hdtbl/examples/chess_board.ps
  GROFF    contrib/hdtbl/examples/color_boxes.ps
  GROFF    contrib/hdtbl/examples/color_nested_tables.ps
  GROFF    contrib/hdtbl/examples/color_table_cells.ps
  GROFF    contrib/hdtbl/examples/color_transitions.ps
  GROFF    contrib/hdtbl/examples/col_rowspan_colors.ps
  GROFF    contrib/hdtbl/examples/fonts_n.ps
  GROFF    contrib/hdtbl/examples/fonts_x.ps
  GROFF    contrib/hdtbl/examples/mixed_pickles.ps
  GROFF    contrib/hdtbl/examples/rainbow.ps
fonts_n.roff: listing fonts in ./font/devps
fonts_x.roff: listing fonts in ./font/devps
  GROFF    contrib/hdtbl/examples/short_reference.ps
fonts_n.roff: listing font 'AB'...
fonts_x.roff: listing font 'AB'...
  GROFF    doc/meref.ps
  GROFF    doc/meintro.ps
  GROFF    doc/meintro_fr.ps
  GROFF    doc/ms.ps
fonts_n.roff: listing font 'ABI'...
  GROFF    doc/pic.ps
fonts_x.roff: listing font 'ABI'...
  GROFF    doc/groff-man-pages.utf8.txt
fonts_n.roff: listing font 'AI'...
fonts_x.roff: listing font 'AI'...
fonts_n.roff: listing font 'AR'...
fonts_x.roff: listing font 'AR'...
fonts_x.roff: listing font 'BMB'...
fonts_n.roff: listing font 'BMB'...
fonts_x.roff: listing font 'BMBI'...
fonts_n.roff: listing font 'BMBI'...
fonts_x.roff: listing font 'BMI'...
fonts_n.roff: listing font 'BMI'...
fonts_x.roff: listing font 'BMR'...
fonts_n.roff: listing font 'BMR'...
fonts_x.roff: listing font 'CB'...
fonts_n.roff: listing font 'CB'...
fonts_x.roff: listing font 'CBI'...
fonts_n.roff: listing font 'CBI'...
fonts_x.roff: listing font 'CI'...
fonts_n.roff: listing font 'CI'...
fonts_x.roff: listing font 'CR'...
fonts_n.roff: listing font 'CR'...
fonts_x.roff: listing font 'EURO'...
fonts_n.roff: listing font 'EURO'...
fonts_x.roff: listing font 'HB'...
fonts_n.roff: listing font 'HB'...
fonts_x.roff: listing font 'HBI'...
fonts_n.roff: listing font 'HBI'...
fonts_x.roff: listing font 'HI'...
fonts_x.roff: listing font 'HNB'...
fonts_n.roff: listing font 'HI'...
fonts_x.roff: listing font 'HNBI'...
fonts_n.roff: listing font 'HNB'...
fonts_x.roff: listing font 'HNI'...
fonts_n.roff: listing font 'HNBI'...
fonts_x.roff: listing font 'HNR'...
fonts_n.roff: listing font 'HNI'...
fonts_x.roff: listing font 'HR'...
fonts_n.roff: listing font 'HNR'...
fonts_x.roff: listing font 'NB'...
fonts_n.roff: listing font 'HR'...
fonts_x.roff: listing font 'NBI'...
fonts_n.roff: listing font 'NB'...
fonts_x.roff: listing font 'NI'...
fonts_n.roff: listing font 'NBI'...
fonts_x.roff: listing font 'NR'...
fonts_n.roff: listing font 'NI'...
fonts_x.roff: listing font 'PB'...
fonts_n.roff: listing font 'NR'...
fonts_x.roff: listing font 'PBI'...
fonts_n.roff: listing font 'PB'...
fonts_x.roff: listing font 'PI'...
fonts_n.roff: listing font 'PBI'...
fonts_x.roff: listing font 'PR'...
fonts_x.roff: listing font 'S'...
fonts_n.roff: listing font 'PI'...
fonts_x.roff: listing font 'SS'...
fonts_n.roff: listing font 'PR'...
fonts_x.roff: listing font 'TB'...
fonts_n.roff: listing font 'S'...
fonts_x.roff: listing font 'TBI'...
fonts_n.roff: listing font 'SS'...
fonts_x.roff: listing font 'TI'...
fonts_n.roff: listing font 'TB'...
fonts_x.roff: listing font 'TR'...
fonts_n.roff: listing font 'TBI'...
fonts_x.roff: listing font 'ZCMI'...
fonts_n.roff: listing font 'TI'...
fonts_x.roff: listing font 'ZD'...
fonts_n.roff: listing font 'TR'...
fonts_x.roff: listing font 'ZDR'...
fonts_n.roff: listing font 'ZCMI'...
fonts_n.roff: listing font 'ZD'...
fonts_n.roff: listing font 'ZDR'...
make[1]: Leaving directory '/sources/groff-1.23.0'
