Making install in po
make[1]: Entering directory '/sources/attr-2.5.2/po'
installing cs.gmo as /usr/share/locale/cs/LC_MESSAGES/attr.mo
installing de.gmo as /usr/share/locale/de/LC_MESSAGES/attr.mo
installing es.gmo as /usr/share/locale/es/LC_MESSAGES/attr.mo
installing fr.gmo as /usr/share/locale/fr/LC_MESSAGES/attr.mo
installing gl.gmo as /usr/share/locale/gl/LC_MESSAGES/attr.mo
installing ka.gmo as /usr/share/locale/ka/LC_MESSAGES/attr.mo
installing nl.gmo as /usr/share/locale/nl/LC_MESSAGES/attr.mo
installing pl.gmo as /usr/share/locale/pl/LC_MESSAGES/attr.mo
installing sv.gmo as /usr/share/locale/sv/LC_MESSAGES/attr.mo
installing en@boldquot.gmo as /usr/share/locale/en@boldquot/LC_MESSAGES/attr.mo
installing en@quot.gmo as /usr/share/locale/en@quot/LC_MESSAGES/attr.mo
if test "attr" = "gettext-tools"; then \
  /usr/bin/mkdir -p /usr/share/gettext/po; \
  for file in Makefile.in.in remove-potcdate.sin quot.sed boldquot.sed en@quot.header en@boldquot.header insert-header.sin Rules-quot   Makevars.template; do \
    /usr/bin/install -c -m 644 ./$file \
		    /usr/share/gettext/po/$file; \
  done; \
  for file in Makevars; do \
    rm -f /usr/share/gettext/po/$file; \
  done; \
else \
  : ; \
fi
make[1]: Leaving directory '/sources/attr-2.5.2/po'
make[1]: Entering directory '/sources/attr-2.5.2'
make[2]: Entering directory '/sources/attr-2.5.2'
subst_install_header() { file=`echo "$1" | sed -e 's,^.*/,,'`; /usr/bin/sed -e "s/\<EXPORT\>/extern/" < "$1" > "include/$file.t" || exit 1; /usr/bin/mkdir -p "$2" || exit 1; /usr/bin/install -c -m 644 "include/$file.t" "$2/$file" || exit 1; rm -f "include/$file.t"; }; subst_install_header "include/attributes.h" "/usr/include/attr"
subst_install_header() { file=`echo "$1" | sed -e 's,^.*/,,'`; /usr/bin/sed -e "s/\<EXPORT\>/extern/" < "$1" > "include/$file.t" || exit 1; /usr/bin/mkdir -p "$2" || exit 1; /usr/bin/install -c -m 644 "include/$file.t" "$2/$file" || exit 1; rm -f "include/$file.t"; }; subst_install_header "include/error_context.h" "/usr/include/attr"
subst_install_header() { file=`echo "$1" | sed -e 's,^.*/,,'`; /usr/bin/sed -e "s/\<EXPORT\>/extern/" < "$1" > "include/$file.t" || exit 1; /usr/bin/mkdir -p "$2" || exit 1; /usr/bin/install -c -m 644 "include/$file.t" "$2/$file" || exit 1; rm -f "include/$file.t"; }; subst_install_header "include/libattr.h" "/usr/include/attr"
 /usr/bin/mkdir -p '/etc'
 /usr/bin/mkdir -p '/usr/share/doc/attr-2.5.2'
 /usr/bin/mkdir -p '/usr/share/man/man1'
 /usr/bin/install -c -m 644 xattr.conf '/etc'
 /usr/bin/mkdir -p '/usr/share/man/man3'
 /usr/bin/install -c -m 644 doc/CHANGES doc/COPYING doc/COPYING.LGPL '/usr/share/doc/attr-2.5.2'
 /usr/bin/mkdir -p '/usr/lib/pkgconfig'
 /usr/bin/install -c -m 644 man/man1/attr.1 man/man1/getfattr.1 man/man1/setfattr.1 '/usr/share/man/man1'
 /usr/bin/mkdir -p '/usr/lib'
 /bin/sh ./libtool   --mode=install /usr/bin/install -c   libattr.la '/usr/lib'
 /usr/bin/install -c -m 644 man/man3/attr_get.3 man/man3/attr_list.3 man/man3/attr_multi.3 man/man3/attr_remove.3 man/man3/attr_set.3 '/usr/share/man/man3'
 /usr/bin/install -c -m 644 libattr.pc '/usr/lib/pkgconfig'
make  install-data-hook
make[3]: Entering directory '/sources/attr-2.5.2'
set -e; \
cd "/usr/share/man"; \
for d in man/man1/attr.1 man/man1/getfattr.1 man/man1/setfattr.1 man/man3/attr_get.3 man/man3/attr_list.3 man/man3/attr_multi.3 man/man3/attr_remove.3 man/man3/attr_set.3; do \
	man_section=${d##*.}; \
	d=${d#man/}; \
	dst=${d##*/}; \
	for m in `gawk \
		'/^\.S[h|H] NAME/ {ok=1; next} ok {print; exit}' $d \
		| /usr/bin/sed \
			-e 's/^\.Nm //' -e 's/,/ /g' -e 's/\\-.*//' \
			-e 's/\\\f[0-9]//g' -e 's/  / /g;q'`; \
	do \
		[ "$m" = "\\" ] && continue; \
		ln="man$man_section/$m.$man_section"; \
		[ -e "$ln" ] && continue; \
		echo ln -s $dst $ln; \
		ln -s $dst $ln; \
	done; \
done
ln -s attr_get.3 man3/attr_getf.3
ln -s attr_list.3 man3/attr_listf.3
ln -s attr_multi.3 man3/attr_multif.3
ln -s attr_remove.3 man3/attr_removef.3
ln -s attr_set.3 man3/attr_setf.3
make[3]: Leaving directory '/sources/attr-2.5.2'
libtool: install: /usr/bin/install -c .libs/libattr.so.1.1.2502 /usr/lib/libattr.so.1.1.2502
libtool: install: (cd /usr/lib && { ln -s -f libattr.so.1.1.2502 libattr.so.1 || { rm -f libattr.so.1 && ln -s libattr.so.1.1.2502 libattr.so.1; }; })
libtool: install: (cd /usr/lib && { ln -s -f libattr.so.1.1.2502 libattr.so || { rm -f libattr.so && ln -s libattr.so.1.1.2502 libattr.so; }; })
libtool: install: /usr/bin/install -c .libs/libattr.lai /usr/lib/libattr.la
libtool: finish: PATH="/usr/bin:/usr/sbin:/sbin" ldconfig -n /usr/lib
----------------------------------------------------------------------
Libraries have been installed in:
   /usr/lib

If you ever happen to want to link against installed libraries
in a given directory, LIBDIR, you must either use libtool, and
specify the full pathname of the library, or use the '-LLIBDIR'
flag during linking and do at least one of the following:
   - add LIBDIR to the 'LD_LIBRARY_PATH' environment variable
     during execution
   - add LIBDIR to the 'LD_RUN_PATH' environment variable
     during linking
   - use the '-Wl,-rpath -Wl,LIBDIR' linker flag
   - have your system administrator add LIBDIR to '/etc/ld.so.conf'

See any operating system documentation about shared libraries for
more information, such as the ld(1) and ld.so(8) manual pages.
----------------------------------------------------------------------
 /usr/bin/mkdir -p '/usr/bin'
  /bin/sh ./libtool   --mode=install /usr/bin/install -c attr getfattr setfattr '/usr/bin'
libtool: install: /usr/bin/install -c .libs/attr /usr/bin/attr
libtool: install: /usr/bin/install -c .libs/getfattr /usr/bin/getfattr
libtool: install: /usr/bin/install -c .libs/setfattr /usr/bin/setfattr
make[2]: Leaving directory '/sources/attr-2.5.2'
make[1]: Leaving directory '/sources/attr-2.5.2'
