if [ -x less ] && ./less -V | grep -q LESSTEST; then :; else make clean; make LESSTEST=1; fi
make[1]: Entering directory '/sources/less-679'
rm -f *.o core less lesskey lessecho
make[1]: Leaving directory '/sources/less-679'
make[1]: Entering directory '/sources/less-679'
gcc -I. -c -DBINDIR=\"/usr/bin\" -DSYSDIR=\"/etc\" -DLESSTEST -g -O2 main.c
gcc -I. -c -DBINDIR=\"/usr/bin\" -DSYSDIR=\"/etc\" -DLESSTEST -g -O2 screen.c
gcc -I. -c -DBINDIR=\"/usr/bin\" -DSYSDIR=\"/etc\" -DLESSTEST -g -O2 brac.c
gcc -I. -c -DBINDIR=\"/usr/bin\" -DSYSDIR=\"/etc\" -DLESSTEST -g -O2 ch.c
gcc -I. -c -DBINDIR=\"/usr/bin\" -DSYSDIR=\"/etc\" -DLESSTEST -g -O2 charset.c
gcc -I. -c -DBINDIR=\"/usr/bin\" -DSYSDIR=\"/etc\" -DLESSTEST -g -O2 cmdbuf.c
gcc -I. -c -DBINDIR=\"/usr/bin\" -DSYSDIR=\"/etc\" -DLESSTEST -g -O2 command.c
gcc -I. -c -DBINDIR=\"/usr/bin\" -DSYSDIR=\"/etc\" -DLESSTEST -g -O2 cvt.c
gcc -I. -c -DBINDIR=\"/usr/bin\" -DSYSDIR=\"/etc\" -DLESSTEST -g -O2 decode.c
gcc -I. -c -DBINDIR=\"/usr/bin\" -DSYSDIR=\"/etc\" -DLESSTEST -g -O2 edit.c
gcc -I. -c -DBINDIR=\"/usr/bin\" -DSYSDIR=\"/etc\" -DLESSTEST -g -O2 evar.c
gcc -I. -c -DBINDIR=\"/usr/bin\" -DSYSDIR=\"/etc\" -DLESSTEST -g -O2 filename.c
gcc -I. -c -DBINDIR=\"/usr/bin\" -DSYSDIR=\"/etc\" -DLESSTEST -g -O2 forwback.c
gcc -I. -c -DBINDIR=\"/usr/bin\" -DSYSDIR=\"/etc\" -DLESSTEST -g -O2 help.c
gcc -I. -c -DBINDIR=\"/usr/bin\" -DSYSDIR=\"/etc\" -DLESSTEST -g -O2 ifile.c
gcc -I. -c -DBINDIR=\"/usr/bin\" -DSYSDIR=\"/etc\" -DLESSTEST -g -O2 input.c
gcc -I. -c -DBINDIR=\"/usr/bin\" -DSYSDIR=\"/etc\" -DLESSTEST -g -O2 jump.c
gcc -I. -c -DBINDIR=\"/usr/bin\" -DSYSDIR=\"/etc\" -DLESSTEST -g -O2 line.c
gcc -I. -c -DBINDIR=\"/usr/bin\" -DSYSDIR=\"/etc\" -DLESSTEST -g -O2 linenum.c
gcc -I. -c -DBINDIR=\"/usr/bin\" -DSYSDIR=\"/etc\" -DLESSTEST -g -O2 lsystem.c
gcc -I. -c -DBINDIR=\"/usr/bin\" -DSYSDIR=\"/etc\" -DLESSTEST -g -O2 mark.c
gcc -I. -c -DBINDIR=\"/usr/bin\" -DSYSDIR=\"/etc\" -DLESSTEST -g -O2 optfunc.c
gcc -I. -c -DBINDIR=\"/usr/bin\" -DSYSDIR=\"/etc\" -DLESSTEST -g -O2 option.c
gcc -I. -c -DBINDIR=\"/usr/bin\" -DSYSDIR=\"/etc\" -DLESSTEST -g -O2 opttbl.c
gcc -I. -c -DBINDIR=\"/usr/bin\" -DSYSDIR=\"/etc\" -DLESSTEST -g -O2 os.c
gcc -I. -c -DBINDIR=\"/usr/bin\" -DSYSDIR=\"/etc\" -DLESSTEST -g -O2 output.c
gcc -I. -c -DBINDIR=\"/usr/bin\" -DSYSDIR=\"/etc\" -DLESSTEST -g -O2 pattern.c
gcc -I. -c -DBINDIR=\"/usr/bin\" -DSYSDIR=\"/etc\" -DLESSTEST -g -O2 position.c
gcc -I. -c -DBINDIR=\"/usr/bin\" -DSYSDIR=\"/etc\" -DLESSTEST -g -O2 prompt.c
gcc -I. -c -DBINDIR=\"/usr/bin\" -DSYSDIR=\"/etc\" -DLESSTEST -g -O2 search.c
gcc -I. -c -DBINDIR=\"/usr/bin\" -DSYSDIR=\"/etc\" -DLESSTEST -g -O2 signal.c
gcc -I. -c -DBINDIR=\"/usr/bin\" -DSYSDIR=\"/etc\" -DLESSTEST -g -O2 tags.c
gcc -I. -c -DBINDIR=\"/usr/bin\" -DSYSDIR=\"/etc\" -DLESSTEST -g -O2 ttyin.c
gcc -I. -c -DBINDIR=\"/usr/bin\" -DSYSDIR=\"/etc\" -DLESSTEST -g -O2 version.c
gcc -I. -c -DBINDIR=\"/usr/bin\" -DSYSDIR=\"/etc\" -DLESSTEST -g -O2 xbuf.c
gcc -I. -c -DBINDIR=\"/usr/bin\" -DSYSDIR=\"/etc\" -DLESSTEST -g -O2 lesskey_parse.c
gcc -I. -c -DBINDIR=\"/usr/bin\" -DSYSDIR=\"/etc\" -DLESSTEST -g -O2 lesskey.c
gcc -I. -c -DBINDIR=\"/usr/bin\" -DSYSDIR=\"/etc\" -DLESSTEST -g -O2 lessecho.c
gcc  -o lessecho lessecho.o version.o   -lncursesw
gcc  -o lesskey lesskey.o lesskey_parse.o xbuf.o version.o   -lncursesw
gcc  -o less main.o screen.o brac.o ch.o charset.o cmdbuf.o command.o cvt.o decode.o edit.o evar.o filename.o forwback.o help.o ifile.o input.o jump.o line.o linenum.o lsystem.o mark.o optfunc.o option.o opttbl.o os.o output.o pattern.o position.o prompt.o search.o signal.o tags.o ttyin.o version.o xbuf.o   lesskey_parse.o   -lncursesw
make[1]: Leaving directory '/sources/less-679'
objdir=$(pwd); rflags=""; if [ -z "" ]; then rflags=-e; fi; cd ./lesstest && make && ./runtest $rflags -l "$objdir/less" lt
make[1]: Entering directory '/sources/less-679/lesstest'
cc -Wall -O2   -c -o display.o display.c
cc -Wall -O2   -c -o env.o env.c
cc -Wall -O2   -c -o lesstest.o lesstest.c
cc -Wall -O2   -c -o parse.o parse.c
cc -Wall -O2   -c -o pipeline.o pipeline.c
cc -Wall -O2   -c -o log.o log.c
cc -Wall -O2   -c -o run.o run.c
cc -Wall -O2   -c -o term.o term.c
cc -Wall -O2   -c -o wchar.o wchar.c
cc -Wall -O2   -c -o lt_screen.o lt_screen.c
cc -Wall -O2   -c -o unicode.o unicode.c
cc -Wall -O2  -o lesstest display.o env.o lesstest.o parse.o pipeline.o log.o run.o term.o wchar.o -lncurses 
cc -Wall -O2  -o lt_screen lt_screen.o unicode.o wchar.o 
make[1]: Leaving directory '/sources/less-679/lesstest'
RAN  17 tests with 0 errors
