
lib
    CC       libgenl.o
    CC       libnetlink.o
    CC       utils.o
    CC       rt_names.o
    CC       utils_math.o
    CC       ll_map.o
    CC       ll_types.o
libnetlink.c:152:2: warning: #warning "libmnl required for error support" [-Wcpp]
  152 | #warning "libmnl required for error support"
      |  ^~~~~~~
    CC       ll_proto.o
    CC       ll_addr.o
    CC       inet_proto.o
    CC       namespace.o
    CC       json_writer.o
    CC       json_print.o
    CC       json_print_math.o
    CC       names.o
    CC       color.o
    CC       bpf_legacy.o
    CC       bpf_glue.o
    CC       exec.o
    CC       fs.o
    CC       cg_map.o
    CC       ppp_proto.o
    CC       selinux.o
    CC       ax25_ntop.o
    CC       rose_ntop.o
    CC       mpls_ntop.o
    CC       mpls_pton.o
    CC       netrom_ntop.o
    AR       libnetlink.a
    AR       libutil.a

ip
    CC       ip.o
    CC       ipaddress.o
    CC       ipaddrlabel.o
    CC       iproute.o
    CC       iprule.o
    CC       ipnetns.o
    CC       rtm_map.o
    CC       iptunnel.o
    CC       ip6tunnel.o
    CC       tunnel.o
    CC       ipneigh.o
    CC       ipntable.o
    CC       iplink.o
    CC       ipmaddr.o
    CC       ipmonitor.o
    CC       ipmroute.o
    CC       ipprefix.o
    CC       iptuntap.o
    CC       iptoken.o
    CC       ipxfrm.o
    CC       xfrm_state.o
    CC       xfrm_policy.o
    CC       xfrm_monitor.o
    CC       iplink_dummy.o
    CC       iplink_ifb.o
    CC       iplink_nlmon.o
    CC       iplink_team.o
    CC       iplink_vcan.o
    CC       iplink_vxcan.o
    CC       iplink_vlan.o
    CC       link_veth.o
    CC       link_gre.o
    CC       iplink_can.o
    CC       iplink_xdp.o
    CC       iplink_macvlan.o
    CC       ipl2tp.o
    CC       link_vti.o
    CC       link_vti6.o
    CC       link_xfrm.o
    CC       iplink_vxlan.o
    CC       tcp_metrics.o
    CC       iplink_ipoib.o
    CC       ipnetconf.o
    CC       link_ip6tnl.o
    CC       link_iptnl.o
    CC       link_gre6.o
    CC       iplink_bond.o
    CC       iplink_bond_slave.o
    CC       iplink_hsr.o
    CC       iplink_bridge.o
    CC       iplink_bridge_slave.o
    CC       iplink_dsa.o
    CC       ipfou.o
    CC       iplink_ipvlan.o
    CC       iplink_geneve.o
    CC       iplink_vrf.o
    CC       iproute_lwtunnel.o
    CC       ipmacsec.o
    CC       ipila.o
    CC       ipvrf.o
    CC       iplink_xstats.o
    CC       ipseg6.o
    CC       iplink_netdevsim.o
    CC       iplink_rmnet.o
    CC       ipnexthop.o
    CC       ipmptcp.o
    CC       iplink_bareudp.o
    CC       iplink_wwan.o
    CC       ipioam6.o
    CC       iplink_amt.o
    CC       iplink_batadv.o
    CC       iplink_gtp.o
    CC       iplink_virt_wifi.o
    CC       iplink_netkit.o
    CC       ipstats.o
    CC       rtmon.o
    LINK     rtmon
    LINK     ip

tc
    CC       tc.o
    CC       tc_qdisc.o
    CC       tc_class.o
    CC       tc_filter.o
    CC       tc_util.o
    CC       tc_monitor.o
    CC       tc_exec.o
    CC       m_police.o
    CC       m_estimator.o
    CC       m_action.o
    CC       m_ematch.o
    YACC     emp_ematch.tab.c
    LEX      emp_ematch.lex.c
    CC       q_fifo.o
    CC       q_sfq.o
    CC       q_red.o
    CC       q_prio.o
    CC       q_skbprio.o
    CC       q_tbf.o
    CC       q_multiq.o
    CC       q_netem.o
    CC       q_choke.o
    CC       q_sfb.o
    CC       f_u32.o
    CC       f_route.o
    CC       f_fw.o
    CC       f_basic.o
    CC       f_bpf.o
    CC       f_flow.o
    CC       f_cgroup.o
    CC       f_flower.o
    CC       q_gred.o
    CC       q_ingress.o
    CC       q_hfsc.o
    CC       q_htb.o
    CC       q_drr.o
    CC       q_qfq.o
    CC       m_gact.o
    CC       m_mirred.o
    CC       m_mpls.o
    CC       m_nat.o
    CC       m_pedit.o
    CC       m_ife.o
    CC       m_skbedit.o
    CC       m_skbmod.o
    CC       m_csum.o
    CC       m_simple.o
    CC       m_vlan.o
    CC       m_connmark.o
    CC       m_ctinfo.o
    CC       m_bpf.o
    CC       m_tunnel_key.o
    CC       m_sample.o
    CC       m_ct.o
    CC       m_gate.o
    CC       p_ip.o
    CC       p_ip6.o
    CC       p_icmp.o
    CC       p_eth.o
    CC       p_tcp.o
    CC       p_udp.o
    CC       em_nbyte.o
    CC       em_cmp.o
    CC       em_u32.o
    CC       em_canid.o
    CC       em_meta.o
    CC       q_mqprio.o
    CC       q_codel.o
    CC       q_fq_codel.o
    CC       q_fq.o
    CC       q_pie.o
    CC       q_fq_pie.o
    CC       q_cake.o
    CC       q_hhf.o
    CC       q_clsact.o
    CC       e_bpf.o
    CC       f_matchall.o
    CC       q_cbs.o
    CC       q_etf.o
    CC       q_taprio.o
    CC       q_plug.o
    CC       q_ets.o
    CC       tc_core.o
    CC       tc_red.o
    CC       tc_estimator.o
    CC       tc_stab.o
    CC       tc_qevent.o
    CC       emp_ematch.tab.o
    CC       emp_ematch.lex.o
    AR       libtc.a
    LINK     tc
rm emp_ematch.lex.c

bridge
    CC       bridge.o
    CC       fdb.o
    CC       monitor.o
    CC       link.o
    CC       mdb.o
    CC       mst.o
    CC       vlan.o
    CC       vni.o
    LINK     bridge

misc
    CC       ss.o
    CC       ssfilter_check.o
    YACC     ssfilter.tab.c
    CC       nstat
    CC       ifstat
    CC       rtacct
    CC       lnstat.o
    CC       lnstat_util.o
    CC       ssfilter.tab.o
    LINK     lnstat
    LINK     ss

netem
gcc  -I../include -o maketable maketable.c -lm
gcc  -I../include -o normal normal.c -lm
gcc  -I../include -o pareto pareto.c -lm
gcc  -I../include -o paretonormal paretonormal.c -lm
./pareto > pareto.dist
./normal > normal.dist
./paretonormal > paretonormal.dist
./maketable experimental.dat > experimental.dist

genl
    CC       genl.o
    CC       ctrl.o
    LINK     genl

man
make[2]: Nothing to be done for 'all'.
make[2]: Nothing to be done for 'all'.
sed \
	-e "s|@NETNS_ETC_DIR@|/etc/netns|g" \
	-e "s|@NETNS_RUN_DIR@|/run/netns|g" \
	-e "s|@SYSCONF_ETC_DIR@|/etc/iproute2|g" \
	-e "s|@SYSCONF_USR_DIR@|/usr/share/iproute2|g" \
	ip-address.8.in > ip-address.8
sed \
	-e "s|@NETNS_ETC_DIR@|/etc/netns|g" \
	-e "s|@NETNS_RUN_DIR@|/run/netns|g" \
	-e "s|@SYSCONF_ETC_DIR@|/etc/iproute2|g" \
	-e "s|@SYSCONF_USR_DIR@|/usr/share/iproute2|g" \
	ip-link.8.in > ip-link.8
sed \
	-e "s|@NETNS_ETC_DIR@|/etc/netns|g" \
	-e "s|@NETNS_RUN_DIR@|/run/netns|g" \
	-e "s|@SYSCONF_ETC_DIR@|/etc/iproute2|g" \
	-e "s|@SYSCONF_USR_DIR@|/usr/share/iproute2|g" \
	ip-netns.8.in > ip-netns.8
sed \
	-e "s|@NETNS_ETC_DIR@|/etc/netns|g" \
	-e "s|@NETNS_RUN_DIR@|/run/netns|g" \
	-e "s|@SYSCONF_ETC_DIR@|/etc/iproute2|g" \
	-e "s|@SYSCONF_USR_DIR@|/usr/share/iproute2|g" \
	ip-route.8.in > ip-route.8
sed \
	-e "s|@NETNS_ETC_DIR@|/etc/netns|g" \
	-e "s|@NETNS_RUN_DIR@|/run/netns|g" \
	-e "s|@SYSCONF_ETC_DIR@|/etc/iproute2|g" \
	-e "s|@SYSCONF_USR_DIR@|/usr/share/iproute2|g" \
	ip-rule.8.in > ip-rule.8
