make[1]: Entering directory '/sources/XML-Parser-2.47/Expat'
"/usr/bin/perl" -MExtUtils::Command::MM -e 'cp_nonempty' -- Expat.bs ../blib/arch/auto/XML/Parser/Expat/Expat.bs 644
Manifying 1 pod document
make[1]: Leaving directory '/sources/XML-Parser-2.47/Expat'
PERL_DL_NONLAZY=1 "/usr/bin/perl" "-MExtUtils::Command::MM" "-MTest::Harness" "-e" "undef *Test::Harness::Switches; test_harness(0, 'blib/lib', 'blib/arch')" t/*.t
t/astress.t ........... ok
t/cdata.t ............. ok
t/decl.t .............. ok
t/defaulted.t ......... ok
t/encoding.t .......... ok
Couldn't load LWP based external entity handler
Switching to file-based external entity handler
 (To avoid this message, use NoLWP option to XML::Parser)
t/external_ent.t ...... ok
t/file.t .............. ok
t/file_open_scalar.t .. ok
t/finish.t ............ ok
t/namespaces.t ........ ok
Couldn't load LWP based external entity handler
Switching to file-based external entity handler
 (To avoid this message, use NoLWP option to XML::Parser)
t/parament.t .......... ok
t/partial.t ........... ok
t/skip.t .............. ok
t/stream.t ............ ok
t/styles.t ............ ok
All tests successful.
Files=15, Tests=140,  8 wallclock secs ( 0.35 usr  0.57 sys +  5.12 cusr  2.02 csys =  8.06 CPU)
Result: PASS
